[0.092s] Invoking command in '/home/neural/Neural-Knights/build/diffdrive_arduino': CMAKE_PREFIX_PATH=/home/neural/Neural-Knights/install/serial:/home/neural/Neural-Knights/install/diffdrive_arduino:/home/neural/Neural-Knights/install/gazebo_ros2_control_demos:/home/neural/Neural-Knights/install/gazebo_ros2_control:/home/neural/Neural-Knights/install/articubot_one:/opt/ros/humble /usr/bin/cmake --build /home/neural/Neural-Knights/build/diffdrive_arduino -- -j4 -l4
[0.715s] [ 42%] Built target fake_robot
[0.734s] [100%] Built target diffdrive_arduino
[0.803s] Invoked command in '/home/neural/Neural-Knights/build/diffdrive_arduino' returned '0': CMAKE_PREFIX_PATH=/home/neural/Neural-Knights/install/serial:/home/neural/Neural-Knights/install/diffdrive_arduino:/home/neural/Neural-Knights/install/gazebo_ros2_control_demos:/home/neural/Neural-Knights/install/gazebo_ros2_control:/home/neural/Neural-Knights/install/articubot_one:/opt/ros/humble /usr/bin/cmake --build /home/neural/Neural-Knights/build/diffdrive_arduino -- -j4 -l4
[0.825s] Invoking command in '/home/neural/Neural-Knights/build/diffdrive_arduino': CMAKE_PREFIX_PATH=/home/neural/Neural-Knights/install/serial:/home/neural/Neural-Knights/install/diffdrive_arduino:/home/neural/Neural-Knights/install/gazebo_ros2_control_demos:/home/neural/Neural-Knights/install/gazebo_ros2_control:/home/neural/Neural-Knights/install/articubot_one:/opt/ros/humble /usr/bin/cmake --install /home/neural/Neural-Knights/build/diffdrive_arduino
[0.880s] -- Install configuration: ""
[0.893s] -- Execute custom install script
[0.896s] -- Up-to-date symlink: /home/neural/Neural-Knights/install/diffdrive_arduino/share/diffdrive_arduino//robot_hardware.xml
[0.899s] -- Up-to-date symlink: /home/neural/Neural-Knights/install/diffdrive_arduino/share/diffdrive_arduino//fake_robot_hardware.xml
[0.902s] -- Up-to-date symlink: /home/neural/Neural-Knights/install/diffdrive_arduino/lib/libdiffdrive_arduino.so
[0.905s] -- Up-to-date symlink: /home/neural/Neural-Knights/install/diffdrive_arduino/lib/libfake_robot.so
[0.908s] -- Up-to-date symlink: /home/neural/Neural-Knights/install/diffdrive_arduino/share/diffdrive_arduino/controllers/robot_controller_example.yaml
[0.911s] -- Up-to-date symlink: /home/neural/Neural-Knights/install/diffdrive_arduino/share/diffdrive_arduino/__pycache__/test_robot.launch.cpython-310.pyc
[0.913s] -- Up-to-date symlink: /home/neural/Neural-Knights/install/diffdrive_arduino/share/diffdrive_arduino/fake_robot.launch.py
[0.915s] -- Up-to-date symlink: /home/neural/Neural-Knights/install/diffdrive_arduino/share/diffdrive_arduino/test_robot.launch.py
[0.917s] -- Up-to-date symlink: /home/neural/Neural-Knights/install/diffdrive_arduino/share/diffdrive_arduino/environment/library_path.sh
[0.921s] -- Up-to-date symlink: /home/neural/Neural-Knights/install/diffdrive_arduino/share/diffdrive_arduino/environment/library_path.dsv
[0.923s] -- Up-to-date symlink: /home/neural/Neural-Knights/install/diffdrive_arduino/share/ament_index/resource_index/package_run_dependencies/diffdrive_arduino
[0.925s] -- Up-to-date symlink: /home/neural/Neural-Knights/install/diffdrive_arduino/share/ament_index/resource_index/parent_prefix_path/diffdrive_arduino
[0.927s] -- Up-to-date symlink: /home/neural/Neural-Knights/install/diffdrive_arduino/share/diffdrive_arduino/environment/ament_prefix_path.sh
[0.930s] -- Up-to-date symlink: /home/neural/Neural-Knights/install/diffdrive_arduino/share/diffdrive_arduino/environment/ament_prefix_path.dsv
[0.933s] -- Up-to-date symlink: /home/neural/Neural-Knights/install/diffdrive_arduino/share/diffdrive_arduino/environment/path.sh
[0.935s] -- Up-to-date symlink: /home/neural/Neural-Knights/install/diffdrive_arduino/share/diffdrive_arduino/environment/path.dsv
[0.937s] -- Up-to-date symlink: /home/neural/Neural-Knights/install/diffdrive_arduino/share/diffdrive_arduino/local_setup.bash
[0.940s] -- Up-to-date symlink: /home/neural/Neural-Knights/install/diffdrive_arduino/share/diffdrive_arduino/local_setup.sh
[0.943s] -- Up-to-date symlink: /home/neural/Neural-Knights/install/diffdrive_arduino/share/diffdrive_arduino/local_setup.zsh
[0.946s] -- Up-to-date symlink: /home/neural/Neural-Knights/install/diffdrive_arduino/share/diffdrive_arduino/local_setup.dsv
[0.947s] -- Symlinking: /home/neural/Neural-Knights/install/diffdrive_arduino/share/diffdrive_arduino/package.dsv
[0.999s] -- Up-to-date symlink: /home/neural/Neural-Knights/install/diffdrive_arduino/share/ament_index/resource_index/packages/diffdrive_arduino
[1.000s] -- Up-to-date symlink: /home/neural/Neural-Knights/install/diffdrive_arduino/share/ament_index/resource_index/hardware_interface__pluginlib__plugin/diffdrive_arduino
[1.000s] -- Up-to-date symlink: /home/neural/Neural-Knights/install/diffdrive_arduino/share/diffdrive_arduino/cmake/ament_cmake_export_libraries-extras.cmake
[1.014s] -- Up-to-date symlink: /home/neural/Neural-Knights/install/diffdrive_arduino/share/diffdrive_arduino/cmake/ament_cmake_export_dependencies-extras.cmake
[1.022s] -- Up-to-date symlink: /home/neural/Neural-Knights/install/diffdrive_arduino/share/diffdrive_arduino/cmake/diffdrive_arduinoConfig.cmake
[1.023s] -- Up-to-date symlink: /home/neural/Neural-Knights/install/diffdrive_arduino/share/diffdrive_arduino/cmake/diffdrive_arduinoConfig-version.cmake
[1.023s] -- Up-to-date symlink: /home/neural/Neural-Knights/install/diffdrive_arduino/share/diffdrive_arduino/package.xml
[1.033s] Invoked command in '/home/neural/Neural-Knights/build/diffdrive_arduino' returned '0': CMAKE_PREFIX_PATH=/home/neural/Neural-Knights/install/serial:/home/neural/Neural-Knights/install/diffdrive_arduino:/home/neural/Neural-Knights/install/gazebo_ros2_control_demos:/home/neural/Neural-Knights/install/gazebo_ros2_control:/home/neural/Neural-Knights/install/articubot_one:/opt/ros/humble /usr/bin/cmake --install /home/neural/Neural-Knights/build/diffdrive_arduino
