[0.023s] Invoking command in '/home/neural/Neural-Knights/build/articubot_one': CMAKE_PREFIX_PATH=${CMAKE_PREFIX_PATH}:/opt/ros/humble /usr/bin/cmake /home/neural/Neural-Knights/src/articubot_one -DAMENT_CMAKE_SYMLINK_INSTALL=1 -DCMAKE_INSTALL_PREFIX=/home/neural/Neural-Knights/install/articubot_one
[0.108s] -- The C compiler identification is GNU 11.4.0
[0.205s] -- The CXX compiler identification is GNU 11.4.0
[0.225s] -- Detecting C compiler ABI info
[0.327s] -- Detecting C compiler ABI info - done
[0.341s] -- Check for working C compiler: /usr/bin/cc - skipped
[0.342s] -- Detecting C compile features
[0.343s] -- Detecting C compile features - done
[0.348s] -- Detecting CXX compiler ABI info
[0.457s] -- Detecting CXX compiler ABI info - done
[0.467s] -- Check for working CXX compiler: /usr/bin/c++ - skipped
[0.467s] -- Detecting CXX compile features
[0.467s] -- Detecting CXX compile features - done
[0.472s] -- Found ament_cmake: 1.3.12 (/opt/ros/humble/share/ament_cmake/cmake)
[0.724s] -- Found Python3: /usr/bin/python3 (found version "3.10.12") found components: Interpreter 
[0.830s] -- Override CMake install command with custom implementation using symlinks instead of copying resources
[0.868s] -- Found ament_lint_auto: 0.12.14 (/opt/ros/humble/share/ament_lint_auto/cmake)
[0.992s] -- Added test 'copyright' to check source files copyright and LICENSE
[0.999s] -- Added test 'flake8' to check Python code syntax and style conventions
[1.000s] -- Added test 'lint_cmake' to check CMake code style
[1.002s] -- Added test 'pep257' to check Python code against some of the docstring style conventions in PEP 257
[1.005s] -- Added test 'xmllint' to check XML markup files
[1.009s] -- Configuring done
[1.020s] -- Generating done
[1.020s] -- Build files have been written to: /home/neural/Neural-Knights/build/articubot_one
[1.024s] Invoked command in '/home/neural/Neural-Knights/build/articubot_one' returned '0': CMAKE_PREFIX_PATH=${CMAKE_PREFIX_PATH}:/opt/ros/humble /usr/bin/cmake /home/neural/Neural-Knights/src/articubot_one -DAMENT_CMAKE_SYMLINK_INSTALL=1 -DCMAKE_INSTALL_PREFIX=/home/neural/Neural-Knights/install/articubot_one
[1.025s] Invoking command in '/home/neural/Neural-Knights/build/articubot_one': CMAKE_PREFIX_PATH=${CMAKE_PREFIX_PATH}:/opt/ros/humble /usr/bin/cmake --build /home/neural/Neural-Knights/build/articubot_one -- -j4 -l4
[1.064s] Invoked command in '/home/neural/Neural-Knights/build/articubot_one' returned '0': CMAKE_PREFIX_PATH=${CMAKE_PREFIX_PATH}:/opt/ros/humble /usr/bin/cmake --build /home/neural/Neural-Knights/build/articubot_one -- -j4 -l4
[1.074s] Invoking command in '/home/neural/Neural-Knights/build/articubot_one': CMAKE_PREFIX_PATH=${CMAKE_PREFIX_PATH}:/opt/ros/humble /usr/bin/cmake --install /home/neural/Neural-Knights/build/articubot_one
[1.082s] -- Install configuration: ""
[1.082s] -- Execute custom install script
[1.083s] -- Symlinking: /home/neural/Neural-Knights/install/articubot_one/share/articubot_one/config/empty.yaml
[1.092s] -- Symlinking: /home/neural/Neural-Knights/install/articubot_one/share/articubot_one/config/gaz_ros2_ctl_use_sim.yaml
[1.105s] -- Symlinking: /home/neural/Neural-Knights/install/articubot_one/share/articubot_one/config/gazebo_params.yaml
[1.115s] -- Symlinking: /home/neural/Neural-Knights/install/articubot_one/share/articubot_one/config/joystick.yaml
[1.128s] -- Symlinking: /home/neural/Neural-Knights/install/articubot_one/share/articubot_one/config/map_navigation.rviz
[1.140s] -- Symlinking: /home/neural/Neural-Knights/install/articubot_one/share/articubot_one/config/mapper_params_online_async.yaml
[1.154s] -- Symlinking: /home/neural/Neural-Knights/install/articubot_one/share/articubot_one/config/my_controllers.yaml
[1.166s] -- Symlinking: /home/neural/Neural-Knights/install/articubot_one/share/articubot_one/config/nav2_params.yaml
[1.184s] -- Symlinking: /home/neural/Neural-Knights/install/articubot_one/share/articubot_one/config/twist_mux.yaml
[1.204s] -- Symlinking: /home/neural/Neural-Knights/install/articubot_one/share/articubot_one/config/view_bot.rviz
[1.213s] -- Symlinking: /home/neural/Neural-Knights/install/articubot_one/share/articubot_one/description/gazebo_control.xacro
[1.222s] -- Symlinking: /home/neural/Neural-Knights/install/articubot_one/share/articubot_one/description/inertial_macros.xacro
[1.232s] -- Symlinking: /home/neural/Neural-Knights/install/articubot_one/share/articubot_one/description/robot.urdf.xacro
[1.240s] -- Symlinking: /home/neural/Neural-Knights/install/articubot_one/share/articubot_one/description/robot_all.xacro
[1.249s] -- Symlinking: /home/neural/Neural-Knights/install/articubot_one/share/articubot_one/description/ros2_control.xacro
[1.258s] -- Symlinking: /home/neural/Neural-Knights/install/articubot_one/share/articubot_one/launch/joystick.launch.py
[1.267s] -- Symlinking: /home/neural/Neural-Knights/install/articubot_one/share/articubot_one/launch/launch_robot.launch.py
[1.276s] -- Symlinking: /home/neural/Neural-Knights/install/articubot_one/share/articubot_one/launch/launch_sim.launch.py
[1.288s] -- Symlinking: /home/neural/Neural-Knights/install/articubot_one/share/articubot_one/launch/localization_launch.py
[1.299s] -- Symlinking: /home/neural/Neural-Knights/install/articubot_one/share/articubot_one/launch/navigation_launch.py
[1.310s] -- Symlinking: /home/neural/Neural-Knights/install/articubot_one/share/articubot_one/launch/online_async_launch.py
[1.322s] -- Symlinking: /home/neural/Neural-Knights/install/articubot_one/share/articubot_one/launch/rplidar.launch.py
[1.334s] -- Symlinking: /home/neural/Neural-Knights/install/articubot_one/share/articubot_one/launch/rsp.launch.py
[1.345s] -- Symlinking: /home/neural/Neural-Knights/install/articubot_one/share/articubot_one/worlds/empty.world
[1.356s] -- Symlinking: /home/neural/Neural-Knights/install/articubot_one/share/articubot_one/worlds/world1.world
[1.369s] -- Symlinking: /home/neural/Neural-Knights/install/articubot_one/share/ament_index/resource_index/package_run_dependencies/articubot_one
[1.381s] -- Symlinking: /home/neural/Neural-Knights/install/articubot_one/share/ament_index/resource_index/parent_prefix_path/articubot_one
[1.407s] -- Symlinking: /home/neural/Neural-Knights/install/articubot_one/share/articubot_one/environment/ament_prefix_path.sh
[1.440s] -- Symlinking: /home/neural/Neural-Knights/install/articubot_one/share/articubot_one/environment/ament_prefix_path.dsv
[1.471s] -- Symlinking: /home/neural/Neural-Knights/install/articubot_one/share/articubot_one/environment/path.sh
[1.505s] -- Symlinking: /home/neural/Neural-Knights/install/articubot_one/share/articubot_one/environment/path.dsv
[1.546s] -- Symlinking: /home/neural/Neural-Knights/install/articubot_one/share/articubot_one/local_setup.bash
[1.583s] -- Symlinking: /home/neural/Neural-Knights/install/articubot_one/share/articubot_one/local_setup.sh
[1.616s] -- Symlinking: /home/neural/Neural-Knights/install/articubot_one/share/articubot_one/local_setup.zsh
[1.650s] -- Symlinking: /home/neural/Neural-Knights/install/articubot_one/share/articubot_one/local_setup.dsv
[1.687s] -- Symlinking: /home/neural/Neural-Knights/install/articubot_one/share/articubot_one/package.dsv
[1.722s] -- Symlinking: /home/neural/Neural-Knights/install/articubot_one/share/ament_index/resource_index/packages/articubot_one
[1.740s] -- Symlinking: /home/neural/Neural-Knights/install/articubot_one/share/articubot_one/cmake/articubot_oneConfig.cmake
[1.765s] -- Symlinking: /home/neural/Neural-Knights/install/articubot_one/share/articubot_one/cmake/articubot_oneConfig-version.cmake
[1.789s] -- Symlinking: /home/neural/Neural-Knights/install/articubot_one/share/articubot_one/package.xml
[1.833s] Invoked command in '/home/neural/Neural-Knights/build/articubot_one' returned '0': CMAKE_PREFIX_PATH=${CMAKE_PREFIX_PATH}:/opt/ros/humble /usr/bin/cmake --install /home/neural/Neural-Knights/build/articubot_one
