[0.142s] Invoking command in '/home/neural/Neural-Knights/build/diffdrive_arduino': AMENT_PREFIX_PATH=/home/neural/Neural-Knights/install/serial:${AMENT_PREFIX_PATH} CMAKE_PREFIX_PATH=/home/neural/Neural-Knights/install/serial:/opt/ros/humble LD_LIBRARY_PATH=/home/neural/Neural-Knights/install/serial/lib:${LD_LIBRARY_PATH} /usr/bin/cmake --build /home/neural/Neural-Knights/build/diffdrive_arduino -- -j4 -l4
[0.470s] [ 42%] Built target fake_robot
[0.538s] [100%] Built target diffdrive_arduino
[0.626s] Invoked command in '/home/neural/Neural-Knights/build/diffdrive_arduino' returned '0': AMENT_PREFIX_PATH=/home/neural/Neural-Knights/install/serial:${AMENT_PREFIX_PATH} CMAKE_PREFIX_PATH=/home/neural/Neural-Knights/install/serial:/opt/ros/humble LD_LIBRARY_PATH=/home/neural/Neural-Knights/install/serial/lib:${LD_LIBRARY_PATH} /usr/bin/cmake --build /home/neural/Neural-Knights/build/diffdrive_arduino -- -j4 -l4
[0.629s] Invoking command in '/home/neural/Neural-Knights/build/diffdrive_arduino': AMENT_PREFIX_PATH=/home/neural/Neural-Knights/install/serial:${AMENT_PREFIX_PATH} CMAKE_PREFIX_PATH=/home/neural/Neural-Knights/install/serial:/opt/ros/humble LD_LIBRARY_PATH=/home/neural/Neural-Knights/install/serial/lib:${LD_LIBRARY_PATH} /usr/bin/cmake --install /home/neural/Neural-Knights/build/diffdrive_arduino
[0.679s] -- Install configuration: ""
[0.684s] -- Execute custom install script
[0.685s] -- Up-to-date symlink: /home/neural/Neural-Knights/install/diffdrive_arduino/share/diffdrive_arduino//robot_hardware.xml
[0.686s] -- Up-to-date symlink: /home/neural/Neural-Knights/install/diffdrive_arduino/share/diffdrive_arduino//fake_robot_hardware.xml
[0.688s] -- Up-to-date symlink: /home/neural/Neural-Knights/install/diffdrive_arduino/lib/libdiffdrive_arduino.so
[0.689s] -- Up-to-date symlink: /home/neural/Neural-Knights/install/diffdrive_arduino/lib/libfake_robot.so
[0.704s] -- Up-to-date symlink: /home/neural/Neural-Knights/install/diffdrive_arduino/share/diffdrive_arduino/controllers/robot_controller_example.yaml
[0.714s] -- Up-to-date symlink: /home/neural/Neural-Knights/install/diffdrive_arduino/share/diffdrive_arduino/__pycache__/test_robot.launch.cpython-310.pyc
[0.714s] -- Up-to-date symlink: /home/neural/Neural-Knights/install/diffdrive_arduino/share/diffdrive_arduino/fake_robot.launch.py
[0.717s] -- Up-to-date symlink: /home/neural/Neural-Knights/install/diffdrive_arduino/share/diffdrive_arduino/test_robot.launch.py
[0.723s] -- Up-to-date symlink: /home/neural/Neural-Knights/install/diffdrive_arduino/share/diffdrive_arduino/environment/library_path.sh
[0.723s] -- Up-to-date symlink: /home/neural/Neural-Knights/install/diffdrive_arduino/share/diffdrive_arduino/environment/library_path.dsv
[0.726s] -- Up-to-date symlink: /home/neural/Neural-Knights/install/diffdrive_arduino/share/ament_index/resource_index/package_run_dependencies/diffdrive_arduino
[0.727s] -- Up-to-date symlink: /home/neural/Neural-Knights/install/diffdrive_arduino/share/ament_index/resource_index/parent_prefix_path/diffdrive_arduino
[0.727s] -- Up-to-date symlink: /home/neural/Neural-Knights/install/diffdrive_arduino/share/diffdrive_arduino/environment/ament_prefix_path.sh
[0.728s] -- Up-to-date symlink: /home/neural/Neural-Knights/install/diffdrive_arduino/share/diffdrive_arduino/environment/ament_prefix_path.dsv
[0.728s] -- Up-to-date symlink: /home/neural/Neural-Knights/install/diffdrive_arduino/share/diffdrive_arduino/environment/path.sh
[0.729s] -- Up-to-date symlink: /home/neural/Neural-Knights/install/diffdrive_arduino/share/diffdrive_arduino/environment/path.dsv
[0.729s] -- Up-to-date symlink: /home/neural/Neural-Knights/install/diffdrive_arduino/share/diffdrive_arduino/local_setup.bash
[0.729s] -- Up-to-date symlink: /home/neural/Neural-Knights/install/diffdrive_arduino/share/diffdrive_arduino/local_setup.sh
[0.730s] -- Up-to-date symlink: /home/neural/Neural-Knights/install/diffdrive_arduino/share/diffdrive_arduino/local_setup.zsh
[0.730s] -- Up-to-date symlink: /home/neural/Neural-Knights/install/diffdrive_arduino/share/diffdrive_arduino/local_setup.dsv
[0.731s] -- Symlinking: /home/neural/Neural-Knights/install/diffdrive_arduino/share/diffdrive_arduino/package.dsv
[0.776s] -- Up-to-date symlink: /home/neural/Neural-Knights/install/diffdrive_arduino/share/ament_index/resource_index/packages/diffdrive_arduino
[0.777s] -- Up-to-date symlink: /home/neural/Neural-Knights/install/diffdrive_arduino/share/ament_index/resource_index/hardware_interface__pluginlib__plugin/diffdrive_arduino
[0.778s] -- Up-to-date symlink: /home/neural/Neural-Knights/install/diffdrive_arduino/share/diffdrive_arduino/cmake/ament_cmake_export_libraries-extras.cmake
[0.779s] -- Up-to-date symlink: /home/neural/Neural-Knights/install/diffdrive_arduino/share/diffdrive_arduino/cmake/ament_cmake_export_dependencies-extras.cmake
[0.780s] -- Up-to-date symlink: /home/neural/Neural-Knights/install/diffdrive_arduino/share/diffdrive_arduino/cmake/diffdrive_arduinoConfig.cmake
[0.781s] -- Up-to-date symlink: /home/neural/Neural-Knights/install/diffdrive_arduino/share/diffdrive_arduino/cmake/diffdrive_arduinoConfig-version.cmake
[0.782s] -- Up-to-date symlink: /home/neural/Neural-Knights/install/diffdrive_arduino/share/diffdrive_arduino/package.xml
[0.804s] Invoked command in '/home/neural/Neural-Knights/build/diffdrive_arduino' returned '0': AMENT_PREFIX_PATH=/home/neural/Neural-Knights/install/serial:${AMENT_PREFIX_PATH} CMAKE_PREFIX_PATH=/home/neural/Neural-Knights/install/serial:/opt/ros/humble LD_LIBRARY_PATH=/home/neural/Neural-Knights/install/serial/lib:${LD_LIBRARY_PATH} /usr/bin/cmake --install /home/neural/Neural-Knights/build/diffdrive_arduino
