[0.023s] Invoking command in '/home/chemweno/Neural-Knights/build/serial': CMAKE_PREFIX_PATH=/opt/ros/humble /usr/bin/cmake --build /home/chemweno/Neural-Knights/build/serial -- -j4 -l4
[0.117s] [ 14%] Built target gtest_main
[0.118s] [ 28%] Built target gtest
[0.125s] [ 57%] Built target serial
[0.172s] [ 71%] Built target serial_example
[0.179s] [ 85%] Built target serial-test-timer
[0.180s] [100%] Built target serial-test
[0.193s] Invoked command in '/home/chemweno/Neural-Knights/build/serial' returned '0': CMAKE_PREFIX_PATH=/opt/ros/humble /usr/bin/cmake --build /home/chemweno/Neural-Knights/build/serial -- -j4 -l4
[0.195s] Invoking command in '/home/chemweno/Neural-Knights/build/serial': CMAKE_PREFIX_PATH=/opt/ros/humble /usr/bin/cmake --install /home/chemweno/Neural-Knights/build/serial
[0.202s] -- Install configuration: ""
[0.204s] -- Execute custom install script
[0.204s] -- Up-to-date symlink: /home/chemweno/Neural-Knights/install/serial/lib/libserial.a
[0.205s] -- Up-to-date symlink: /home/chemweno/Neural-Knights/install/serial/include/serial/serial.h
[0.205s] -- Up-to-date symlink: /home/chemweno/Neural-Knights/install/serial/include/serial/v8stdint.h
[0.206s] -- Up-to-date symlink: /home/chemweno/Neural-Knights/install/serial/share/serial/environment/library_path.sh
[0.207s] -- Up-to-date symlink: /home/chemweno/Neural-Knights/install/serial/share/serial/environment/library_path.dsv
[0.208s] -- Up-to-date symlink: /home/chemweno/Neural-Knights/install/serial/share/ament_index/resource_index/package_run_dependencies/serial
[0.209s] -- Up-to-date symlink: /home/chemweno/Neural-Knights/install/serial/share/ament_index/resource_index/parent_prefix_path/serial
[0.209s] -- Up-to-date symlink: /home/chemweno/Neural-Knights/install/serial/share/serial/environment/ament_prefix_path.sh
[0.209s] -- Up-to-date symlink: /home/chemweno/Neural-Knights/install/serial/share/serial/environment/ament_prefix_path.dsv
[0.210s] -- Up-to-date symlink: /home/chemweno/Neural-Knights/install/serial/share/serial/environment/path.sh
[0.210s] -- Up-to-date symlink: /home/chemweno/Neural-Knights/install/serial/share/serial/environment/path.dsv
[0.211s] -- Up-to-date symlink: /home/chemweno/Neural-Knights/install/serial/share/serial/local_setup.bash
[0.211s] -- Up-to-date symlink: /home/chemweno/Neural-Knights/install/serial/share/serial/local_setup.sh
[0.211s] -- Up-to-date symlink: /home/chemweno/Neural-Knights/install/serial/share/serial/local_setup.zsh
[0.212s] -- Up-to-date symlink: /home/chemweno/Neural-Knights/install/serial/share/serial/local_setup.dsv
[0.212s] -- Symlinking: /home/chemweno/Neural-Knights/install/serial/share/serial/package.dsv
[0.220s] -- Up-to-date symlink: /home/chemweno/Neural-Knights/install/serial/share/ament_index/resource_index/packages/serial
[0.223s] -- Up-to-date symlink: /home/chemweno/Neural-Knights/install/serial/share/serial/cmake/ament_cmake_export_include_directories-extras.cmake
[0.223s] -- Up-to-date symlink: /home/chemweno/Neural-Knights/install/serial/share/serial/cmake/ament_cmake_export_libraries-extras.cmake
[0.223s] -- Up-to-date symlink: /home/chemweno/Neural-Knights/install/serial/share/serial/cmake/serialConfig.cmake
[0.223s] -- Up-to-date symlink: /home/chemweno/Neural-Knights/install/serial/share/serial/cmake/serialConfig-version.cmake
[0.223s] -- Up-to-date symlink: /home/chemweno/Neural-Knights/install/serial/share/serial/package.xml
[0.225s] Invoked command in '/home/chemweno/Neural-Knights/build/serial' returned '0': CMAKE_PREFIX_PATH=/opt/ros/humble /usr/bin/cmake --install /home/chemweno/Neural-Knights/build/serial
