[0.053s] Invoking command in '/home/chemweno/Neural-Knights/build/diffdrive_arduino': CMAKE_PREFIX_PATH=/home/chemweno/Neural-Knights/install/serial:/home/chemweno/Neural-Knights/install/diffdrive_arduino:/home/chemweno/Neural-Knights/install/gazebo_ros2_control_demos:/home/chemweno/Neural-Knights/install/gazebo_ros2_control:/home/chemweno/Neural-Knights/install/articubot_one:/opt/ros/humble /usr/bin/cmake --build /home/chemweno/Neural-Knights/build/diffdrive_arduino -- -j4 -l4
[0.326s] [ 57%] Built target diffdrive_arduino
[0.447s] [100%] Built target fake_robot
[0.501s] Invoked command in '/home/chemweno/Neural-Knights/build/diffdrive_arduino' returned '0': CMAKE_PREFIX_PATH=/home/chemweno/Neural-Knights/install/serial:/home/chemweno/Neural-Knights/install/diffdrive_arduino:/home/chemweno/Neural-Knights/install/gazebo_ros2_control_demos:/home/chemweno/Neural-Knights/install/gazebo_ros2_control:/home/chemweno/Neural-Knights/install/articubot_one:/opt/ros/humble /usr/bin/cmake --build /home/chemweno/Neural-Knights/build/diffdrive_arduino -- -j4 -l4
[0.506s] Invoking command in '/home/chemweno/Neural-Knights/build/diffdrive_arduino': CMAKE_PREFIX_PATH=/home/chemweno/Neural-Knights/install/serial:/home/chemweno/Neural-Knights/install/diffdrive_arduino:/home/chemweno/Neural-Knights/install/gazebo_ros2_control_demos:/home/chemweno/Neural-Knights/install/gazebo_ros2_control:/home/chemweno/Neural-Knights/install/articubot_one:/opt/ros/humble /usr/bin/cmake --install /home/chemweno/Neural-Knights/build/diffdrive_arduino
[0.540s] -- Install configuration: ""
[0.543s] -- Execute custom install script
[0.544s] -- Up-to-date symlink: /home/chemweno/Neural-Knights/install/diffdrive_arduino/share/diffdrive_arduino//robot_hardware.xml
[0.545s] -- Up-to-date symlink: /home/chemweno/Neural-Knights/install/diffdrive_arduino/share/diffdrive_arduino//fake_robot_hardware.xml
[0.548s] -- Up-to-date symlink: /home/chemweno/Neural-Knights/install/diffdrive_arduino/lib/libdiffdrive_arduino.so
[0.549s] -- Up-to-date symlink: /home/chemweno/Neural-Knights/install/diffdrive_arduino/lib/libfake_robot.so
[0.549s] -- Up-to-date symlink: /home/chemweno/Neural-Knights/install/diffdrive_arduino/share/diffdrive_arduino/controllers/robot_controller_example.yaml
[0.550s] -- Up-to-date symlink: /home/chemweno/Neural-Knights/install/diffdrive_arduino/share/diffdrive_arduino/__pycache__/test_robot.launch.cpython-310.pyc
[0.551s] -- Up-to-date symlink: /home/chemweno/Neural-Knights/install/diffdrive_arduino/share/diffdrive_arduino/fake_robot.launch.py
[0.552s] -- Up-to-date symlink: /home/chemweno/Neural-Knights/install/diffdrive_arduino/share/diffdrive_arduino/test_robot.launch.py
[0.553s] -- Up-to-date symlink: /home/chemweno/Neural-Knights/install/diffdrive_arduino/share/diffdrive_arduino/environment/library_path.sh
[0.554s] -- Up-to-date symlink: /home/chemweno/Neural-Knights/install/diffdrive_arduino/share/diffdrive_arduino/environment/library_path.dsv
[0.555s] -- Up-to-date symlink: /home/chemweno/Neural-Knights/install/diffdrive_arduino/share/ament_index/resource_index/package_run_dependencies/diffdrive_arduino
[0.556s] -- Up-to-date symlink: /home/chemweno/Neural-Knights/install/diffdrive_arduino/share/ament_index/resource_index/parent_prefix_path/diffdrive_arduino
[0.560s] -- Up-to-date symlink: /home/chemweno/Neural-Knights/install/diffdrive_arduino/share/diffdrive_arduino/environment/ament_prefix_path.sh
[0.561s] -- Up-to-date symlink: /home/chemweno/Neural-Knights/install/diffdrive_arduino/share/diffdrive_arduino/environment/ament_prefix_path.dsv
[0.561s] -- Up-to-date symlink: /home/chemweno/Neural-Knights/install/diffdrive_arduino/share/diffdrive_arduino/environment/path.sh
[0.562s] -- Up-to-date symlink: /home/chemweno/Neural-Knights/install/diffdrive_arduino/share/diffdrive_arduino/environment/path.dsv
[0.562s] -- Up-to-date symlink: /home/chemweno/Neural-Knights/install/diffdrive_arduino/share/diffdrive_arduino/local_setup.bash
[0.563s] -- Up-to-date symlink: /home/chemweno/Neural-Knights/install/diffdrive_arduino/share/diffdrive_arduino/local_setup.sh
[0.564s] -- Up-to-date symlink: /home/chemweno/Neural-Knights/install/diffdrive_arduino/share/diffdrive_arduino/local_setup.zsh
[0.564s] -- Up-to-date symlink: /home/chemweno/Neural-Knights/install/diffdrive_arduino/share/diffdrive_arduino/local_setup.dsv
[0.564s] -- Symlinking: /home/chemweno/Neural-Knights/install/diffdrive_arduino/share/diffdrive_arduino/package.dsv
[0.608s] -- Up-to-date symlink: /home/chemweno/Neural-Knights/install/diffdrive_arduino/share/ament_index/resource_index/packages/diffdrive_arduino
[0.609s] -- Up-to-date symlink: /home/chemweno/Neural-Knights/install/diffdrive_arduino/share/ament_index/resource_index/hardware_interface__pluginlib__plugin/diffdrive_arduino
[0.610s] -- Up-to-date symlink: /home/chemweno/Neural-Knights/install/diffdrive_arduino/share/diffdrive_arduino/cmake/ament_cmake_export_libraries-extras.cmake
[0.611s] -- Up-to-date symlink: /home/chemweno/Neural-Knights/install/diffdrive_arduino/share/diffdrive_arduino/cmake/ament_cmake_export_dependencies-extras.cmake
[0.612s] -- Up-to-date symlink: /home/chemweno/Neural-Knights/install/diffdrive_arduino/share/diffdrive_arduino/cmake/diffdrive_arduinoConfig.cmake
[0.613s] -- Up-to-date symlink: /home/chemweno/Neural-Knights/install/diffdrive_arduino/share/diffdrive_arduino/cmake/diffdrive_arduinoConfig-version.cmake
[0.614s] -- Up-to-date symlink: /home/chemweno/Neural-Knights/install/diffdrive_arduino/share/diffdrive_arduino/package.xml
[0.626s] Invoked command in '/home/chemweno/Neural-Knights/build/diffdrive_arduino' returned '0': CMAKE_PREFIX_PATH=/home/chemweno/Neural-Knights/install/serial:/home/chemweno/Neural-Knights/install/diffdrive_arduino:/home/chemweno/Neural-Knights/install/gazebo_ros2_control_demos:/home/chemweno/Neural-Knights/install/gazebo_ros2_control:/home/chemweno/Neural-Knights/install/articubot_one:/opt/ros/humble /usr/bin/cmake --install /home/chemweno/Neural-Knights/build/diffdrive_arduino
