[0.021s] Invoking command in '/home/neural/Neural-Knights/build/gazebo_ros2_control': CMAKE_PREFIX_PATH=/opt/ros/humble /usr/bin/cmake --build /home/neural/Neural-Knights/build/gazebo_ros2_control -- -j4 -l4
[0.174s] [ 50%] Built target gazebo_hardware_plugins
[0.175s] [100%] Built target gazebo_ros2_control
[0.194s] Invoked command in '/home/neural/Neural-Knights/build/gazebo_ros2_control' returned '0': CMAKE_PREFIX_PATH=/opt/ros/humble /usr/bin/cmake --build /home/neural/Neural-Knights/build/gazebo_ros2_control -- -j4 -l4
[0.196s] Invoking command in '/home/neural/Neural-Knights/build/gazebo_ros2_control': CMAKE_PREFIX_PATH=/opt/ros/humble /usr/bin/cmake --install /home/neural/Neural-Knights/build/gazebo_ros2_control
[0.205s] -- Install configuration: ""
[0.205s] -- Execute custom install script
[0.206s] -- Up-to-date symlink: /home/neural/Neural-Knights/install/gazebo_ros2_control/lib/libgazebo_ros2_control.so
[0.206s] -- Up-to-date symlink: /home/neural/Neural-Knights/install/gazebo_ros2_control/lib/libgazebo_hardware_plugins.so
[0.206s] -- Up-to-date symlink: /home/neural/Neural-Knights/install/gazebo_ros2_control/share/gazebo_ros2_control/environment/library_path.sh
[0.206s] -- Up-to-date symlink: /home/neural/Neural-Knights/install/gazebo_ros2_control/share/gazebo_ros2_control/environment/library_path.dsv
[0.207s] -- Up-to-date symlink: /home/neural/Neural-Knights/install/gazebo_ros2_control/include/gazebo_ros2_control/gazebo_ros2_control_plugin.hpp
[0.207s] -- Up-to-date symlink: /home/neural/Neural-Knights/install/gazebo_ros2_control/include/gazebo_ros2_control/gazebo_system.hpp
[0.207s] -- Up-to-date symlink: /home/neural/Neural-Knights/install/gazebo_ros2_control/include/gazebo_ros2_control/gazebo_system_interface.hpp
[0.208s] -- Up-to-date symlink: /home/neural/Neural-Knights/install/gazebo_ros2_control/share/gazebo_ros2_control//gazebo_hardware_plugins.xml
[0.208s] -- Up-to-date symlink: /home/neural/Neural-Knights/install/gazebo_ros2_control/share/ament_index/resource_index/package_run_dependencies/gazebo_ros2_control
[0.209s] -- Up-to-date symlink: /home/neural/Neural-Knights/install/gazebo_ros2_control/share/ament_index/resource_index/parent_prefix_path/gazebo_ros2_control
[0.209s] -- Up-to-date symlink: /home/neural/Neural-Knights/install/gazebo_ros2_control/share/gazebo_ros2_control/environment/ament_prefix_path.sh
[0.209s] -- Up-to-date symlink: /home/neural/Neural-Knights/install/gazebo_ros2_control/share/gazebo_ros2_control/environment/ament_prefix_path.dsv
[0.209s] -- Up-to-date symlink: /home/neural/Neural-Knights/install/gazebo_ros2_control/share/gazebo_ros2_control/environment/path.sh
[0.210s] -- Up-to-date symlink: /home/neural/Neural-Knights/install/gazebo_ros2_control/share/gazebo_ros2_control/environment/path.dsv
[0.211s] -- Up-to-date symlink: /home/neural/Neural-Knights/install/gazebo_ros2_control/share/gazebo_ros2_control/local_setup.bash
[0.211s] -- Up-to-date symlink: /home/neural/Neural-Knights/install/gazebo_ros2_control/share/gazebo_ros2_control/local_setup.sh
[0.211s] -- Up-to-date symlink: /home/neural/Neural-Knights/install/gazebo_ros2_control/share/gazebo_ros2_control/local_setup.zsh
[0.211s] -- Up-to-date symlink: /home/neural/Neural-Knights/install/gazebo_ros2_control/share/gazebo_ros2_control/local_setup.dsv
[0.211s] -- Symlinking: /home/neural/Neural-Knights/install/gazebo_ros2_control/share/gazebo_ros2_control/package.dsv
[0.224s] -- Up-to-date symlink: /home/neural/Neural-Knights/install/gazebo_ros2_control/share/ament_index/resource_index/packages/gazebo_ros2_control
[0.224s] -- Up-to-date symlink: /home/neural/Neural-Knights/install/gazebo_ros2_control/share/ament_index/resource_index/gazebo_ros2_control__pluginlib__plugin/gazebo_ros2_control
[0.224s] -- Up-to-date symlink: /home/neural/Neural-Knights/install/gazebo_ros2_control/share/gazebo_ros2_control/cmake/ament_cmake_export_include_directories-extras.cmake
[0.224s] -- Up-to-date symlink: /home/neural/Neural-Knights/install/gazebo_ros2_control/share/gazebo_ros2_control/cmake/ament_cmake_export_dependencies-extras.cmake
[0.225s] -- Up-to-date symlink: /home/neural/Neural-Knights/install/gazebo_ros2_control/share/gazebo_ros2_control/cmake/ament_cmake_export_libraries-extras.cmake
[0.225s] -- Up-to-date symlink: /home/neural/Neural-Knights/install/gazebo_ros2_control/share/gazebo_ros2_control/cmake/gazebo_ros2_controlConfig.cmake
[0.225s] -- Up-to-date symlink: /home/neural/Neural-Knights/install/gazebo_ros2_control/share/gazebo_ros2_control/cmake/gazebo_ros2_controlConfig-version.cmake
[0.225s] -- Up-to-date symlink: /home/neural/Neural-Knights/install/gazebo_ros2_control/share/gazebo_ros2_control/package.xml
[0.243s] Invoked command in '/home/neural/Neural-Knights/build/gazebo_ros2_control' returned '0': CMAKE_PREFIX_PATH=/opt/ros/humble /usr/bin/cmake --install /home/neural/Neural-Knights/build/gazebo_ros2_control
