[0.213s] Invoking command in '/home/chemweno/Neural-Knights/build/gazebo_ros2_control': CMAKE_PREFIX_PATH=${CMAKE_PREFIX_PATH}:/opt/ros/humble /usr/bin/cmake --build /home/chemweno/Neural-Knights/build/gazebo_ros2_control -- -j4 -l4
[1.341s] [ 50%] Built target gazebo_ros2_control
[1.412s] [100%] Built target gazebo_hardware_plugins
[1.764s] Invoked command in '/home/chemweno/Neural-Knights/build/gazebo_ros2_control' returned '0': CMAKE_PREFIX_PATH=${CMAKE_PREFIX_PATH}:/opt/ros/humble /usr/bin/cmake --build /home/chemweno/Neural-Knights/build/gazebo_ros2_control -- -j4 -l4
[1.776s] Invoking command in '/home/chemweno/Neural-Knights/build/gazebo_ros2_control': CMAKE_PREFIX_PATH=${CMAKE_PREFIX_PATH}:/opt/ros/humble /usr/bin/cmake --install /home/chemweno/Neural-Knights/build/gazebo_ros2_control
[1.849s] -- Install configuration: ""
[1.852s] -- Execute custom install script
[1.855s] -- Up-to-date symlink: /home/chemweno/Neural-Knights/install/gazebo_ros2_control/lib/libgazebo_ros2_control.so
[1.857s] -- Up-to-date symlink: /home/chemweno/Neural-Knights/install/gazebo_ros2_control/lib/libgazebo_hardware_plugins.so
[1.857s] -- Up-to-date symlink: /home/chemweno/Neural-Knights/install/gazebo_ros2_control/share/gazebo_ros2_control/environment/library_path.sh
[1.860s] -- Up-to-date symlink: /home/chemweno/Neural-Knights/install/gazebo_ros2_control/share/gazebo_ros2_control/environment/library_path.dsv
[1.915s] -- Up-to-date symlink: /home/chemweno/Neural-Knights/install/gazebo_ros2_control/include/gazebo_ros2_control/gazebo_ros2_control_plugin.hpp
[1.923s] -- Up-to-date symlink: /home/chemweno/Neural-Knights/install/gazebo_ros2_control/include/gazebo_ros2_control/gazebo_system.hpp
[1.924s] -- Up-to-date symlink: /home/chemweno/Neural-Knights/install/gazebo_ros2_control/include/gazebo_ros2_control/gazebo_system_interface.hpp
[1.925s] -- Up-to-date symlink: /home/chemweno/Neural-Knights/install/gazebo_ros2_control/share/gazebo_ros2_control//gazebo_hardware_plugins.xml
[1.933s] -- Up-to-date symlink: /home/chemweno/Neural-Knights/install/gazebo_ros2_control/share/ament_index/resource_index/package_run_dependencies/gazebo_ros2_control
[1.945s] -- Up-to-date symlink: /home/chemweno/Neural-Knights/install/gazebo_ros2_control/share/ament_index/resource_index/parent_prefix_path/gazebo_ros2_control
[1.947s] -- Up-to-date symlink: /home/chemweno/Neural-Knights/install/gazebo_ros2_control/share/gazebo_ros2_control/environment/ament_prefix_path.sh
[1.948s] -- Up-to-date symlink: /home/chemweno/Neural-Knights/install/gazebo_ros2_control/share/gazebo_ros2_control/environment/ament_prefix_path.dsv
[1.956s] -- Up-to-date symlink: /home/chemweno/Neural-Knights/install/gazebo_ros2_control/share/gazebo_ros2_control/environment/path.sh
[1.957s] -- Up-to-date symlink: /home/chemweno/Neural-Knights/install/gazebo_ros2_control/share/gazebo_ros2_control/environment/path.dsv
[1.968s] -- Up-to-date symlink: /home/chemweno/Neural-Knights/install/gazebo_ros2_control/share/gazebo_ros2_control/local_setup.bash
[1.971s] -- Up-to-date symlink: /home/chemweno/Neural-Knights/install/gazebo_ros2_control/share/gazebo_ros2_control/local_setup.sh
[1.971s] -- Up-to-date symlink: /home/chemweno/Neural-Knights/install/gazebo_ros2_control/share/gazebo_ros2_control/local_setup.zsh
[1.975s] -- Up-to-date symlink: /home/chemweno/Neural-Knights/install/gazebo_ros2_control/share/gazebo_ros2_control/local_setup.dsv
[1.976s] -- Symlinking: /home/chemweno/Neural-Knights/install/gazebo_ros2_control/share/gazebo_ros2_control/package.dsv
[2.041s] -- Up-to-date symlink: /home/chemweno/Neural-Knights/install/gazebo_ros2_control/share/ament_index/resource_index/packages/gazebo_ros2_control
[2.045s] -- Up-to-date symlink: /home/chemweno/Neural-Knights/install/gazebo_ros2_control/share/ament_index/resource_index/gazebo_ros2_control__pluginlib__plugin/gazebo_ros2_control
[2.053s] -- Up-to-date symlink: /home/chemweno/Neural-Knights/install/gazebo_ros2_control/share/gazebo_ros2_control/cmake/ament_cmake_export_include_directories-extras.cmake
[2.059s] -- Up-to-date symlink: /home/chemweno/Neural-Knights/install/gazebo_ros2_control/share/gazebo_ros2_control/cmake/ament_cmake_export_dependencies-extras.cmake
[2.066s] -- Up-to-date symlink: /home/chemweno/Neural-Knights/install/gazebo_ros2_control/share/gazebo_ros2_control/cmake/ament_cmake_export_libraries-extras.cmake
[2.066s] -- Up-to-date symlink: /home/chemweno/Neural-Knights/install/gazebo_ros2_control/share/gazebo_ros2_control/cmake/gazebo_ros2_controlConfig.cmake
[2.067s] -- Up-to-date symlink: /home/chemweno/Neural-Knights/install/gazebo_ros2_control/share/gazebo_ros2_control/cmake/gazebo_ros2_controlConfig-version.cmake
[2.070s] -- Up-to-date symlink: /home/chemweno/Neural-Knights/install/gazebo_ros2_control/share/gazebo_ros2_control/package.xml
[2.249s] Invoked command in '/home/chemweno/Neural-Knights/build/gazebo_ros2_control' returned '0': CMAKE_PREFIX_PATH=${CMAKE_PREFIX_PATH}:/opt/ros/humble /usr/bin/cmake --install /home/chemweno/Neural-Knights/build/gazebo_ros2_control
