[0.094s] Invoking command in '/home/chemweno/Neural-Knights/build/gazebo_ros2_control': CMAKE_PREFIX_PATH=/opt/ros/humble /usr/bin/cmake /home/chemweno/Neural-Knights/src/gazebo_ros2_control/gazebo_ros2_control -DAMENT_CMAKE_SYMLINK_INSTALL=1 -DCMAKE_INSTALL_PREFIX=/home/chemweno/Neural-Knights/install/gazebo_ros2_control
[0.450s] -- The C compiler identification is GNU 11.4.0
[0.820s] -- The CXX compiler identification is GNU 11.4.0
[0.885s] -- Detecting C compiler ABI info
[1.280s] -- Detecting C compiler ABI info - done
[1.367s] -- Check for working C compiler: /usr/bin/cc - skipped
[1.368s] -- Detecting C compile features
[1.383s] -- Detecting C compile features - done
[1.393s] -- Detecting CXX compiler ABI info
[1.969s] -- Detecting CXX compiler ABI info - done
[2.039s] -- Check for working CXX compiler: /usr/bin/c++ - skipped
[2.041s] -- Detecting CXX compile features
[2.043s] -- Detecting CXX compile features - done
[2.059s] -- Found ament_cmake: 1.3.12 (/opt/ros/humble/share/ament_cmake/cmake)
[2.817s] -- Found Python3: /usr/bin/python3 (found version "3.10.12") found components: Interpreter 
[3.222s] -- Override CMake install command with custom implementation using symlinks instead of copying resources
[3.408s] -- Found angles: 1.15.0 (/opt/ros/humble/share/angles/cmake)
[3.419s] -- Found controller_manager: 2.52.0 (/opt/ros/humble/share/controller_manager/cmake)
[3.753s] -- Found rosidl_generator_c: 3.1.7 (/opt/ros/humble/share/rosidl_generator_c/cmake)
[3.785s] -- Found rosidl_adapter: 3.1.7 (/opt/ros/humble/share/rosidl_adapter/cmake)
[3.847s] -- Found rosidl_generator_cpp: 3.1.7 (/opt/ros/humble/share/rosidl_generator_cpp/cmake)
[3.946s] -- Using all available rosidl_typesupport_c: rosidl_typesupport_fastrtps_c;rosidl_typesupport_introspection_c
[4.103s] -- Using all available rosidl_typesupport_cpp: rosidl_typesupport_fastrtps_cpp;rosidl_typesupport_introspection_cpp
[6.401s] -- Found rmw_implementation_cmake: 6.1.2 (/opt/ros/humble/share/rmw_implementation_cmake/cmake)
[6.440s] -- Found rmw_fastrtps_cpp: 6.2.8 (/opt/ros/humble/share/rmw_fastrtps_cpp/cmake)
[6.855s] -- Found TinyXML2 via Config file: TinyXML2_DIR-NOTFOUND
[7.660s] -- Found OpenSSL: /usr/lib/x86_64-linux-gnu/libcrypto.so (found version "3.0.2")  
[7.702s] -- Found TinyXML2 via Config file: TinyXML2_DIR-NOTFOUND
[7.973s] -- Found FastRTPS: /opt/ros/humble/include  
[8.018s] -- Found TinyXML2 via Config file: TinyXML2_DIR-NOTFOUND
[8.130s] -- Found TinyXML2 via Config file: TinyXML2_DIR-NOTFOUND
[8.270s] -- Using RMW implementation 'rmw_fastrtps_cpp' as default
[8.405s] -- Looking for pthread.h
[9.392s] -- Looking for pthread.h - found
[9.393s] -- Performing Test CMAKE_HAVE_LIBC_PTHREAD
[9.957s] -- Performing Test CMAKE_HAVE_LIBC_PTHREAD - Success
[9.996s] -- Found Threads: TRUE  
[11.042s] -- Found control_toolbox: 3.6.1 (/opt/ros/humble/share/control_toolbox/cmake)
[11.696s] -- Found gazebo_dev: 3.9.0 (/opt/ros/humble/share/gazebo_dev/cmake)
[11.749s] -- Found PkgConfig: /usr/bin/pkg-config (found version "0.29.2") 
[11.762s] -- Checking for module 'bullet>=2.82'
[11.926s] --   Found bullet, version 3.05
[12.576s] -- Found fcl: /usr/include (found suitable version "0.7.0", minimum required is "0.5.0") 
[12.862s] -- Found assimp: /usr/include (found version "5.2.0") 
[13.020s] -- Found DART: /usr/include (Required is at least version "6.6") found components: dart 
[13.342s] -- Found Boost: /usr/lib/x86_64-linux-gnu/cmake/Boost-1.74.0/BoostConfig.cmake (found suitable version "1.74.0", minimum required is "1.40.0") found components: thread system filesystem program_options regex iostreams date_time 
[13.458s] -- Found Protobuf: /usr/lib/x86_64-linux-gnu/libprotobuf.so (found version "3.12.4") 
[13.502s] -- Looking for ignition-math6 -- found version 6.15.1
[13.564s] -- Searching for dependencies of ignition-math6
[13.575s] -- Looking for OGRE...
[13.586s] -- OGRE_PREFIX_WATCH changed.
[13.621s] -- Checking for module 'OGRE'
[13.718s] --   Found OGRE, version 1.9.0
[13.937s] -- Found Ogre Ghadamon (1.9.0)
[13.993s] -- Found OGRE: optimized;/usr/lib/x86_64-linux-gnu/libOgreMain.so;debug;/usr/lib/x86_64-linux-gnu/libOgreMain.so
[14.067s] -- Looking for OGRE_Paging...
[14.114s] -- Found OGRE_Paging: optimized;/usr/lib/x86_64-linux-gnu/libOgrePaging.so;debug;/usr/lib/x86_64-linux-gnu/libOgrePaging.so
[14.115s] -- Looking for OGRE_Terrain...
[14.152s] -- Found OGRE_Terrain: optimized;/usr/lib/x86_64-linux-gnu/libOgreTerrain.so;debug;/usr/lib/x86_64-linux-gnu/libOgreTerrain.so
[14.152s] -- Looking for OGRE_Property...
[14.190s] -- Found OGRE_Property: optimized;/usr/lib/x86_64-linux-gnu/libOgreProperty.so;debug;/usr/lib/x86_64-linux-gnu/libOgreProperty.so
[14.193s] -- Looking for OGRE_RTShaderSystem...
[14.228s] -- Found OGRE_RTShaderSystem: optimized;/usr/lib/x86_64-linux-gnu/libOgreRTShaderSystem.so;debug;/usr/lib/x86_64-linux-gnu/libOgreRTShaderSystem.so
[14.229s] -- Looking for OGRE_Volume...
[14.266s] -- Found OGRE_Volume: optimized;/usr/lib/x86_64-linux-gnu/libOgreVolume.so;debug;/usr/lib/x86_64-linux-gnu/libOgreVolume.so
[14.267s] -- Looking for OGRE_Overlay...
[14.303s] -- Found OGRE_Overlay: optimized;/usr/lib/x86_64-linux-gnu/libOgreOverlay.so;debug;/usr/lib/x86_64-linux-gnu/libOgreOverlay.so
[15.186s] -- Looking for ignition-math6 -- found version 6.15.1
[15.202s] -- Looking for ignition-transport8 -- found version 8.2.1
[15.210s] -- Searching for dependencies of ignition-transport8
[15.327s] -- Found Protobuf: /usr/lib/x86_64-linux-gnu/libprotobuf.so (found suitable version "3.12.4", minimum required is "3") 
[15.406s] -- Config-file not installed for ZeroMQ -- checking for pkg-config
[15.445s] -- Checking for module 'libzmq >= 4'
[15.512s] --   Found libzmq , version 4.3.4
[15.807s] -- Found ZeroMQ: TRUE (Required is at least version "4") 
[15.846s] -- Checking for module 'uuid'
[15.917s] --   Found uuid, version 2.37.2
[16.121s] -- Found UUID: TRUE  
[16.126s] -- Looking for ignition-msgs5 -- found version 5.8.1
[16.134s] -- Searching for dependencies of ignition-msgs5
[16.260s] -- Looking for ignition-math6 -- found version 6.15.1
[16.301s] -- Checking for module 'tinyxml2'
[16.381s] --   Found tinyxml2, version 9.0.0
[16.573s] -- Looking for ignition-msgs5 -- found version 5.8.1
[16.587s] -- Looking for ignition-common3 -- found version 3.14.0
[16.592s] -- Searching for dependencies of ignition-common3
[16.601s] -- Looking for dlfcn.h - found
[16.605s] -- Looking for libdl - found
[16.614s] -- Found DL: TRUE  
[16.684s] -- Found tinyobjloader: /usr/lib/x86_64-linux-gnu/cmake/tinyobjloader/tinyobjloader-config.cmake (found version "2.0.0") 
[16.686s] -- Searching for <ignition-common3> component [graphics]
[16.702s] -- Looking for ignition-common3-graphics -- found version 3.14.0
[16.707s] -- Searching for dependencies of ignition-common3-graphics
[16.710s] -- Looking for ignition-math6 -- found version 6.15.1
[16.730s] -- Looking for ignition-fuel_tools4 -- found version 4.4.0
[16.735s] -- Searching for dependencies of ignition-fuel_tools4
[17.302s] -- Found CURL: /usr/lib/x86_64-linux-gnu/libcurl.so (found version "7.81.0")  
[17.398s] -- Checking for module 'jsoncpp'
[17.462s] --   Found jsoncpp, version 1.9.5
[17.625s] -- Found JSONCPP: TRUE  
[17.663s] -- Checking for module 'libzip'
[17.730s] --   Found libzip, version 1.7.3
[17.880s] -- Found ZIP: TRUE  
[17.883s] -- Looking for ignition-common3 -- found version 3.14.0
[17.886s] -- Looking for ignition-math6 -- found version 6.15.1
[17.889s] -- Looking for ignition-msgs5 -- found version 5.8.1
[17.908s] -- Gazebo version: 11.10
[17.909s] -- Checking for module 'tbb'
[17.965s] --   Found tbb, version 2021.5.0
[18.139s] -- Found gazebo_ros: 3.9.0 (/opt/ros/humble/share/gazebo_ros/cmake)
[18.172s] -- Found yaml_cpp_vendor: 8.0.2 (/opt/ros/humble/share/yaml_cpp_vendor/cmake)
[18.235s] -- Found ament_cmake_gtest: 1.3.12 (/opt/ros/humble/share/ament_cmake_gtest/cmake)
[18.244s] -- Found ament_lint_auto: 0.12.14 (/opt/ros/humble/share/ament_lint_auto/cmake)
[18.713s] -- Added test 'copyright' to check source files copyright and LICENSE
[18.719s] -- Added test 'cppcheck' to perform static code analysis on C / C++ code
[18.722s] -- Configured cppcheck include dirs: /home/chemweno/Neural-Knights/src/gazebo_ros2_control/gazebo_ros2_control/include
[18.722s] -- Configured cppcheck exclude dirs and/or files: 
[18.727s] -- Added test 'cpplint' to check C / C++ code against the Google style
[18.727s] -- Configured cpplint exclude dirs and/or files: 
[18.731s] -- Added test 'lint_cmake' to check CMake code style
[18.737s] -- Added test 'uncrustify' to check C / C++ code style
[18.738s] -- Configured uncrustify additional arguments: 
[18.740s] -- Added test 'xmllint' to check XML markup files
[18.751s] -- Configuring done
[18.965s] -- Generating done
[19.022s] -- Build files have been written to: /home/chemweno/Neural-Knights/build/gazebo_ros2_control
[19.113s] Invoked command in '/home/chemweno/Neural-Knights/build/gazebo_ros2_control' returned '0': CMAKE_PREFIX_PATH=/opt/ros/humble /usr/bin/cmake /home/chemweno/Neural-Knights/src/gazebo_ros2_control/gazebo_ros2_control -DAMENT_CMAKE_SYMLINK_INSTALL=1 -DCMAKE_INSTALL_PREFIX=/home/chemweno/Neural-Knights/install/gazebo_ros2_control
[19.116s] Invoking command in '/home/chemweno/Neural-Knights/build/gazebo_ros2_control': CMAKE_PREFIX_PATH=/opt/ros/humble /usr/bin/cmake --build /home/chemweno/Neural-Knights/build/gazebo_ros2_control -- -j4 -l4
[19.342s] [ 25%] [32mBuilding CXX object CMakeFiles/gazebo_ros2_control.dir/src/gazebo_ros2_control_plugin.cpp.o[0m
[19.358s] [ 50%] [32mBuilding CXX object CMakeFiles/gazebo_hardware_plugins.dir/src/gazebo_system.cpp.o[0m
[105.244s] [ 75%] [32m[1mLinking CXX shared library libgazebo_hardware_plugins.so[0m
[107.967s] [ 75%] Built target gazebo_hardware_plugins
[110.717s] [100%] [32m[1mLinking CXX shared library libgazebo_ros2_control.so[0m
[113.493s] [100%] Built target gazebo_ros2_control
[113.532s] Invoked command in '/home/chemweno/Neural-Knights/build/gazebo_ros2_control' returned '0': CMAKE_PREFIX_PATH=/opt/ros/humble /usr/bin/cmake --build /home/chemweno/Neural-Knights/build/gazebo_ros2_control -- -j4 -l4
[113.539s] Invoking command in '/home/chemweno/Neural-Knights/build/gazebo_ros2_control': CMAKE_PREFIX_PATH=/opt/ros/humble /usr/bin/cmake --install /home/chemweno/Neural-Knights/build/gazebo_ros2_control
[113.565s] -- Install configuration: ""
[113.568s] -- Execute custom install script
[113.570s] -- Symlinking: /home/chemweno/Neural-Knights/install/gazebo_ros2_control/lib/libgazebo_ros2_control.so
[113.600s] -- Symlinking: /home/chemweno/Neural-Knights/install/gazebo_ros2_control/lib/libgazebo_hardware_plugins.so
[113.630s] -- Symlinking: /home/chemweno/Neural-Knights/install/gazebo_ros2_control/share/gazebo_ros2_control/environment/library_path.sh
[113.661s] -- Symlinking: /home/chemweno/Neural-Knights/install/gazebo_ros2_control/share/gazebo_ros2_control/environment/library_path.dsv
[113.693s] -- Symlinking: /home/chemweno/Neural-Knights/install/gazebo_ros2_control/include/gazebo_ros2_control/gazebo_ros2_control_plugin.hpp
[113.723s] -- Symlinking: /home/chemweno/Neural-Knights/install/gazebo_ros2_control/include/gazebo_ros2_control/gazebo_system.hpp
[113.752s] -- Symlinking: /home/chemweno/Neural-Knights/install/gazebo_ros2_control/include/gazebo_ros2_control/gazebo_system_interface.hpp
[113.783s] -- Symlinking: /home/chemweno/Neural-Knights/install/gazebo_ros2_control/share/gazebo_ros2_control//gazebo_hardware_plugins.xml
[113.813s] -- Symlinking: /home/chemweno/Neural-Knights/install/gazebo_ros2_control/share/ament_index/resource_index/package_run_dependencies/gazebo_ros2_control
[113.842s] -- Symlinking: /home/chemweno/Neural-Knights/install/gazebo_ros2_control/share/ament_index/resource_index/parent_prefix_path/gazebo_ros2_control
[113.873s] -- Symlinking: /home/chemweno/Neural-Knights/install/gazebo_ros2_control/share/gazebo_ros2_control/environment/ament_prefix_path.sh
[113.904s] -- Symlinking: /home/chemweno/Neural-Knights/install/gazebo_ros2_control/share/gazebo_ros2_control/environment/ament_prefix_path.dsv
[113.932s] -- Symlinking: /home/chemweno/Neural-Knights/install/gazebo_ros2_control/share/gazebo_ros2_control/environment/path.sh
[113.962s] -- Symlinking: /home/chemweno/Neural-Knights/install/gazebo_ros2_control/share/gazebo_ros2_control/environment/path.dsv
[113.993s] -- Symlinking: /home/chemweno/Neural-Knights/install/gazebo_ros2_control/share/gazebo_ros2_control/local_setup.bash
[114.023s] -- Symlinking: /home/chemweno/Neural-Knights/install/gazebo_ros2_control/share/gazebo_ros2_control/local_setup.sh
[114.053s] -- Symlinking: /home/chemweno/Neural-Knights/install/gazebo_ros2_control/share/gazebo_ros2_control/local_setup.zsh
[114.087s] -- Symlinking: /home/chemweno/Neural-Knights/install/gazebo_ros2_control/share/gazebo_ros2_control/local_setup.dsv
[114.131s] -- Symlinking: /home/chemweno/Neural-Knights/install/gazebo_ros2_control/share/gazebo_ros2_control/package.dsv
[114.160s] -- Symlinking: /home/chemweno/Neural-Knights/install/gazebo_ros2_control/share/ament_index/resource_index/packages/gazebo_ros2_control
[114.191s] -- Symlinking: /home/chemweno/Neural-Knights/install/gazebo_ros2_control/share/ament_index/resource_index/gazebo_ros2_control__pluginlib__plugin/gazebo_ros2_control
[114.232s] -- Symlinking: /home/chemweno/Neural-Knights/install/gazebo_ros2_control/share/gazebo_ros2_control/cmake/ament_cmake_export_include_directories-extras.cmake
[114.261s] -- Symlinking: /home/chemweno/Neural-Knights/install/gazebo_ros2_control/share/gazebo_ros2_control/cmake/ament_cmake_export_dependencies-extras.cmake
[114.291s] -- Symlinking: /home/chemweno/Neural-Knights/install/gazebo_ros2_control/share/gazebo_ros2_control/cmake/ament_cmake_export_libraries-extras.cmake
[114.320s] -- Symlinking: /home/chemweno/Neural-Knights/install/gazebo_ros2_control/share/gazebo_ros2_control/cmake/gazebo_ros2_controlConfig.cmake
[114.349s] -- Symlinking: /home/chemweno/Neural-Knights/install/gazebo_ros2_control/share/gazebo_ros2_control/cmake/gazebo_ros2_controlConfig-version.cmake
[114.389s] -- Symlinking: /home/chemweno/Neural-Knights/install/gazebo_ros2_control/share/gazebo_ros2_control/package.xml
[114.450s] Invoked command in '/home/chemweno/Neural-Knights/build/gazebo_ros2_control' returned '0': CMAKE_PREFIX_PATH=/opt/ros/humble /usr/bin/cmake --install /home/chemweno/Neural-Knights/build/gazebo_ros2_control
