[0.021s] Invoking command in '/home/neural/Neural-Knights/build/serial': CMAKE_PREFIX_PATH=/opt/ros/humble /usr/bin/cmake --build /home/neural/Neural-Knights/build/serial -- -j4 -l4
[0.073s] [35m[1mConsolidate compiler generated dependencies of target gtest_main[0m
[0.073s] [35m[1mConsolidate compiler generated dependencies of target serial[0m
[0.077s] [35m[1mConsolidate compiler generated dependencies of target gtest[0m
[0.108s] [ 14%] Built target gtest_main
[0.133s] [ 28%] Built target gtest
[0.145s] [ 57%] Built target serial
[0.160s] [35m[1mConsolidate compiler generated dependencies of target serial_example[0m
[0.180s] [35m[1mConsolidate compiler generated dependencies of target serial-test-timer[0m
[0.200s] [ 71%] Built target serial_example
[0.204s] [ 85%] Built target serial-test-timer
[0.226s] [35m[1mConsolidate compiler generated dependencies of target serial-test[0m
[0.251s] [100%] Built target serial-test
[0.266s] Invoked command in '/home/neural/Neural-Knights/build/serial' returned '0': CMAKE_PREFIX_PATH=/opt/ros/humble /usr/bin/cmake --build /home/neural/Neural-Knights/build/serial -- -j4 -l4
[0.270s] Invoking command in '/home/neural/Neural-Knights/build/serial': CMAKE_PREFIX_PATH=/opt/ros/humble /usr/bin/cmake --install /home/neural/Neural-Knights/build/serial
[0.278s] -- Install configuration: ""
[0.278s] -- Execute custom install script
[0.279s] -- Up-to-date symlink: /home/neural/Neural-Knights/install/serial/lib/libserial.a
[0.279s] -- Up-to-date symlink: /home/neural/Neural-Knights/install/serial/include/serial/serial.h
[0.279s] -- Up-to-date symlink: /home/neural/Neural-Knights/install/serial/include/serial/v8stdint.h
[0.279s] -- Up-to-date symlink: /home/neural/Neural-Knights/install/serial/share/serial/environment/library_path.sh
[0.280s] -- Up-to-date symlink: /home/neural/Neural-Knights/install/serial/share/serial/environment/library_path.dsv
[0.280s] -- Up-to-date symlink: /home/neural/Neural-Knights/install/serial/share/ament_index/resource_index/package_run_dependencies/serial
[0.281s] -- Up-to-date symlink: /home/neural/Neural-Knights/install/serial/share/ament_index/resource_index/parent_prefix_path/serial
[0.281s] -- Up-to-date symlink: /home/neural/Neural-Knights/install/serial/share/serial/environment/ament_prefix_path.sh
[0.281s] -- Up-to-date symlink: /home/neural/Neural-Knights/install/serial/share/serial/environment/ament_prefix_path.dsv
[0.281s] -- Up-to-date symlink: /home/neural/Neural-Knights/install/serial/share/serial/environment/path.sh
[0.283s] -- Up-to-date symlink: /home/neural/Neural-Knights/install/serial/share/serial/environment/path.dsv
[0.284s] -- Up-to-date symlink: /home/neural/Neural-Knights/install/serial/share/serial/local_setup.bash
[0.286s] -- Up-to-date symlink: /home/neural/Neural-Knights/install/serial/share/serial/local_setup.sh
[0.287s] -- Up-to-date symlink: /home/neural/Neural-Knights/install/serial/share/serial/local_setup.zsh
[0.287s] -- Up-to-date symlink: /home/neural/Neural-Knights/install/serial/share/serial/local_setup.dsv
[0.287s] -- Symlinking: /home/neural/Neural-Knights/install/serial/share/serial/package.dsv
[0.296s] -- Up-to-date symlink: /home/neural/Neural-Knights/install/serial/share/ament_index/resource_index/packages/serial
[0.296s] -- Up-to-date symlink: /home/neural/Neural-Knights/install/serial/share/serial/cmake/ament_cmake_export_include_directories-extras.cmake
[0.297s] -- Up-to-date symlink: /home/neural/Neural-Knights/install/serial/share/serial/cmake/ament_cmake_export_libraries-extras.cmake
[0.297s] -- Up-to-date symlink: /home/neural/Neural-Knights/install/serial/share/serial/cmake/serialConfig.cmake
[0.298s] -- Up-to-date symlink: /home/neural/Neural-Knights/install/serial/share/serial/cmake/serialConfig-version.cmake
[0.298s] -- Up-to-date symlink: /home/neural/Neural-Knights/install/serial/share/serial/package.xml
[0.309s] Invoked command in '/home/neural/Neural-Knights/build/serial' returned '0': CMAKE_PREFIX_PATH=/opt/ros/humble /usr/bin/cmake --install /home/neural/Neural-Knights/build/serial
