[0.129s] Invoking command in '/home/chemweno/Neural-Knights/build/gazebo_ros2_control_demos': CMAKE_PREFIX_PATH=/home/chemweno/Neural-Knights/install/gazebo_ros2_control:/home/chemweno/Neural-Knights/install/diffdrive_arduino:/home/chemweno/Neural-Knights/install/serial:/home/chemweno/Neural-Knights/install/gazebo_ros2_control_demos:/home/chemweno/Neural-Knights/install/articubot_one:/opt/ros/humble LD_LIBRARY_PATH=/home/chemweno/Neural-Knights/install/gazebo_ros2_control/lib:/home/chemweno/Neural-Knights/install/diffdrive_arduino/lib:/home/chemweno/Neural-Knights/install/serial/lib:/usr/lib/x86_64-linux-gnu/gazebo-11/plugins:/opt/ros/humble/opt/rviz_ogre_vendor/lib:/opt/ros/humble/lib/x86_64-linux-gnu:/opt/ros/humble/lib /usr/bin/cmake --build /home/chemweno/Neural-Knights/build/gazebo_ros2_control_demos -- -j4 -l4
[0.670s] [ 14%] Built target example_position
[0.901s] [ 28%] Built target example_gripper
[1.153s] [ 42%] Built target example_position_pid
[1.388s] [ 57%] Built target example_diff_drive
[1.649s] [ 71%] Built target example_tricycle_drive
[1.855s] [ 85%] Built target example_effort
[2.012s] [100%] Built target example_velocity
[2.109s] Invoked command in '/home/chemweno/Neural-Knights/build/gazebo_ros2_control_demos' returned '0': CMAKE_PREFIX_PATH=/home/chemweno/Neural-Knights/install/gazebo_ros2_control:/home/chemweno/Neural-Knights/install/diffdrive_arduino:/home/chemweno/Neural-Knights/install/serial:/home/chemweno/Neural-Knights/install/gazebo_ros2_control_demos:/home/chemweno/Neural-Knights/install/articubot_one:/opt/ros/humble LD_LIBRARY_PATH=/home/chemweno/Neural-Knights/install/gazebo_ros2_control/lib:/home/chemweno/Neural-Knights/install/diffdrive_arduino/lib:/home/chemweno/Neural-Knights/install/serial/lib:/usr/lib/x86_64-linux-gnu/gazebo-11/plugins:/opt/ros/humble/opt/rviz_ogre_vendor/lib:/opt/ros/humble/lib/x86_64-linux-gnu:/opt/ros/humble/lib /usr/bin/cmake --build /home/chemweno/Neural-Knights/build/gazebo_ros2_control_demos -- -j4 -l4
[2.126s] Invoking command in '/home/chemweno/Neural-Knights/build/gazebo_ros2_control_demos': CMAKE_PREFIX_PATH=/home/chemweno/Neural-Knights/install/gazebo_ros2_control:/home/chemweno/Neural-Knights/install/diffdrive_arduino:/home/chemweno/Neural-Knights/install/serial:/home/chemweno/Neural-Knights/install/gazebo_ros2_control_demos:/home/chemweno/Neural-Knights/install/articubot_one:/opt/ros/humble LD_LIBRARY_PATH=/home/chemweno/Neural-Knights/install/gazebo_ros2_control/lib:/home/chemweno/Neural-Knights/install/diffdrive_arduino/lib:/home/chemweno/Neural-Knights/install/serial/lib:/usr/lib/x86_64-linux-gnu/gazebo-11/plugins:/opt/ros/humble/opt/rviz_ogre_vendor/lib:/opt/ros/humble/lib/x86_64-linux-gnu:/opt/ros/humble/lib /usr/bin/cmake --install /home/chemweno/Neural-Knights/build/gazebo_ros2_control_demos
[2.161s] -- Install configuration: ""
[2.175s] -- Execute custom install script
[2.177s] -- Up-to-date symlink: /home/chemweno/Neural-Knights/install/gazebo_ros2_control_demos/share/gazebo_ros2_control_demos//launch/cart_example_effort.launch.py
[2.177s] -- Up-to-date symlink: /home/chemweno/Neural-Knights/install/gazebo_ros2_control_demos/share/gazebo_ros2_control_demos//launch/cart_example_position.launch.py
[2.183s] -- Up-to-date symlink: /home/chemweno/Neural-Knights/install/gazebo_ros2_control_demos/share/gazebo_ros2_control_demos//launch/cart_example_velocity.launch.py
[2.184s] -- Up-to-date symlink: /home/chemweno/Neural-Knights/install/gazebo_ros2_control_demos/share/gazebo_ros2_control_demos//launch/diff_drive.launch.py
[2.185s] -- Up-to-date symlink: /home/chemweno/Neural-Knights/install/gazebo_ros2_control_demos/share/gazebo_ros2_control_demos//launch/diff_drive_namespaced.launch.py
[2.186s] -- Up-to-date symlink: /home/chemweno/Neural-Knights/install/gazebo_ros2_control_demos/share/gazebo_ros2_control_demos//launch/diff_drive_pair_namespaced.launch.py
[2.207s] -- Up-to-date symlink: /home/chemweno/Neural-Knights/install/gazebo_ros2_control_demos/share/gazebo_ros2_control_demos//launch/gripper_mimic_joint_example.launch.py
[2.209s] -- Up-to-date symlink: /home/chemweno/Neural-Knights/install/gazebo_ros2_control_demos/share/gazebo_ros2_control_demos//launch/pendulum_example_effort.launch.py
[2.209s] -- Up-to-date symlink: /home/chemweno/Neural-Knights/install/gazebo_ros2_control_demos/share/gazebo_ros2_control_demos//launch/pendulum_example_position.launch.py
[2.210s] -- Up-to-date symlink: /home/chemweno/Neural-Knights/install/gazebo_ros2_control_demos/share/gazebo_ros2_control_demos//launch/tricycle_drive.launch.py
[2.210s] -- Up-to-date symlink: /home/chemweno/Neural-Knights/install/gazebo_ros2_control_demos/share/gazebo_ros2_control_demos//launch/vertical_cart_example_position_pid.launch.py
[2.216s] -- Up-to-date symlink: /home/chemweno/Neural-Knights/install/gazebo_ros2_control_demos/share/gazebo_ros2_control_demos//launch/vertical_cart_example_position_pids_in_yaml.launch.py
[2.218s] -- Up-to-date symlink: /home/chemweno/Neural-Knights/install/gazebo_ros2_control_demos/share/gazebo_ros2_control_demos//launch/vertical_cart_example_velocity_pid.launch.py
[2.223s] -- Up-to-date symlink: /home/chemweno/Neural-Knights/install/gazebo_ros2_control_demos/share/gazebo_ros2_control_demos//config/cart_controller.yaml
[2.224s] -- Up-to-date symlink: /home/chemweno/Neural-Knights/install/gazebo_ros2_control_demos/share/gazebo_ros2_control_demos//config/cart_controller_effort.yaml
[2.224s] -- Up-to-date symlink: /home/chemweno/Neural-Knights/install/gazebo_ros2_control_demos/share/gazebo_ros2_control_demos//config/cart_controller_position.yaml
[2.229s] -- Up-to-date symlink: /home/chemweno/Neural-Knights/install/gazebo_ros2_control_demos/share/gazebo_ros2_control_demos//config/cart_controller_position_with_pids.yaml
[2.235s] -- Up-to-date symlink: /home/chemweno/Neural-Knights/install/gazebo_ros2_control_demos/share/gazebo_ros2_control_demos//config/cart_controller_velocity.yaml
[2.236s] -- Up-to-date symlink: /home/chemweno/Neural-Knights/install/gazebo_ros2_control_demos/share/gazebo_ros2_control_demos//config/config.rviz
[2.236s] -- Up-to-date symlink: /home/chemweno/Neural-Knights/install/gazebo_ros2_control_demos/share/gazebo_ros2_control_demos//config/diff_drive_controller.yaml
[2.237s] -- Up-to-date symlink: /home/chemweno/Neural-Knights/install/gazebo_ros2_control_demos/share/gazebo_ros2_control_demos//config/diff_drive_controller_namespaced.yaml
[2.238s] -- Up-to-date symlink: /home/chemweno/Neural-Knights/install/gazebo_ros2_control_demos/share/gazebo_ros2_control_demos//config/gripper_controller.yaml
[2.239s] -- Up-to-date symlink: /home/chemweno/Neural-Knights/install/gazebo_ros2_control_demos/share/gazebo_ros2_control_demos//config/tricycle_drive_controller.yaml
[2.241s] -- Up-to-date symlink: /home/chemweno/Neural-Knights/install/gazebo_ros2_control_demos/share/gazebo_ros2_control_demos//urdf/test_cart_effort.xacro.urdf
[2.244s] -- Up-to-date symlink: /home/chemweno/Neural-Knights/install/gazebo_ros2_control_demos/share/gazebo_ros2_control_demos//urdf/test_cart_position.xacro.urdf
[2.245s] -- Up-to-date symlink: /home/chemweno/Neural-Knights/install/gazebo_ros2_control_demos/share/gazebo_ros2_control_demos//urdf/test_cart_velocity.xacro.urdf
[2.247s] -- Up-to-date symlink: /home/chemweno/Neural-Knights/install/gazebo_ros2_control_demos/share/gazebo_ros2_control_demos//urdf/test_diff_drive.xacro.urdf
[2.248s] -- Up-to-date symlink: /home/chemweno/Neural-Knights/install/gazebo_ros2_control_demos/share/gazebo_ros2_control_demos//urdf/test_diff_drive_namespaced.xacro.urdf
[2.267s] -- Up-to-date symlink: /home/chemweno/Neural-Knights/install/gazebo_ros2_control_demos/share/gazebo_ros2_control_demos//urdf/test_gripper_mimic_joint.xacro.urdf
[2.268s] -- Up-to-date symlink: /home/chemweno/Neural-Knights/install/gazebo_ros2_control_demos/share/gazebo_ros2_control_demos//urdf/test_pendulum_effort.xacro.urdf
[2.269s] -- Up-to-date symlink: /home/chemweno/Neural-Knights/install/gazebo_ros2_control_demos/share/gazebo_ros2_control_demos//urdf/test_pendulum_position.xacro.urdf
[2.270s] -- Up-to-date symlink: /home/chemweno/Neural-Knights/install/gazebo_ros2_control_demos/share/gazebo_ros2_control_demos//urdf/test_tricycle_drive.xacro.urdf
[2.270s] -- Up-to-date symlink: /home/chemweno/Neural-Knights/install/gazebo_ros2_control_demos/share/gazebo_ros2_control_demos//urdf/test_vertical_cart_position_pid.xacro.urdf
[2.271s] -- Up-to-date symlink: /home/chemweno/Neural-Knights/install/gazebo_ros2_control_demos/share/gazebo_ros2_control_demos//urdf/test_vertical_cart_position_pids_in_yaml.xacro.urdf
[2.271s] -- Up-to-date symlink: /home/chemweno/Neural-Knights/install/gazebo_ros2_control_demos/share/gazebo_ros2_control_demos//urdf/test_vertical_cart_velocity_pid.xacro.urdf
[2.272s] -- Up-to-date symlink: /home/chemweno/Neural-Knights/install/gazebo_ros2_control_demos/lib/gazebo_ros2_control_demos/example_position
[2.272s] -- Up-to-date symlink: /home/chemweno/Neural-Knights/install/gazebo_ros2_control_demos/lib/gazebo_ros2_control_demos/example_position_pid
[2.275s] -- Up-to-date symlink: /home/chemweno/Neural-Knights/install/gazebo_ros2_control_demos/lib/gazebo_ros2_control_demos/example_velocity
[2.277s] -- Up-to-date symlink: /home/chemweno/Neural-Knights/install/gazebo_ros2_control_demos/lib/gazebo_ros2_control_demos/example_effort
[2.278s] -- Up-to-date symlink: /home/chemweno/Neural-Knights/install/gazebo_ros2_control_demos/lib/gazebo_ros2_control_demos/example_diff_drive
[2.279s] -- Up-to-date symlink: /home/chemweno/Neural-Knights/install/gazebo_ros2_control_demos/lib/gazebo_ros2_control_demos/example_tricycle_drive
[2.281s] -- Up-to-date symlink: /home/chemweno/Neural-Knights/install/gazebo_ros2_control_demos/lib/gazebo_ros2_control_demos/example_gripper
[2.282s] -- Up-to-date symlink: /home/chemweno/Neural-Knights/install/gazebo_ros2_control_demos/share/ament_index/resource_index/package_run_dependencies/gazebo_ros2_control_demos
[2.283s] -- Up-to-date symlink: /home/chemweno/Neural-Knights/install/gazebo_ros2_control_demos/share/ament_index/resource_index/parent_prefix_path/gazebo_ros2_control_demos
[2.284s] -- Up-to-date symlink: /home/chemweno/Neural-Knights/install/gazebo_ros2_control_demos/share/gazebo_ros2_control_demos/environment/ament_prefix_path.sh
[2.284s] -- Up-to-date symlink: /home/chemweno/Neural-Knights/install/gazebo_ros2_control_demos/share/gazebo_ros2_control_demos/environment/ament_prefix_path.dsv
[2.285s] -- Up-to-date symlink: /home/chemweno/Neural-Knights/install/gazebo_ros2_control_demos/share/gazebo_ros2_control_demos/environment/path.sh
[2.285s] -- Up-to-date symlink: /home/chemweno/Neural-Knights/install/gazebo_ros2_control_demos/share/gazebo_ros2_control_demos/environment/path.dsv
[2.286s] -- Up-to-date symlink: /home/chemweno/Neural-Knights/install/gazebo_ros2_control_demos/share/gazebo_ros2_control_demos/local_setup.bash
[2.286s] -- Up-to-date symlink: /home/chemweno/Neural-Knights/install/gazebo_ros2_control_demos/share/gazebo_ros2_control_demos/local_setup.sh
[2.287s] -- Up-to-date symlink: /home/chemweno/Neural-Knights/install/gazebo_ros2_control_demos/share/gazebo_ros2_control_demos/local_setup.zsh
[2.287s] -- Up-to-date symlink: /home/chemweno/Neural-Knights/install/gazebo_ros2_control_demos/share/gazebo_ros2_control_demos/local_setup.dsv
[2.289s] -- Symlinking: /home/chemweno/Neural-Knights/install/gazebo_ros2_control_demos/share/gazebo_ros2_control_demos/package.dsv
[2.307s] -- Up-to-date symlink: /home/chemweno/Neural-Knights/install/gazebo_ros2_control_demos/share/ament_index/resource_index/packages/gazebo_ros2_control_demos
[2.308s] -- Up-to-date symlink: /home/chemweno/Neural-Knights/install/gazebo_ros2_control_demos/share/gazebo_ros2_control_demos/cmake/gazebo_ros2_control_demosConfig.cmake
[2.310s] -- Up-to-date symlink: /home/chemweno/Neural-Knights/install/gazebo_ros2_control_demos/share/gazebo_ros2_control_demos/cmake/gazebo_ros2_control_demosConfig-version.cmake
[2.330s] -- Up-to-date symlink: /home/chemweno/Neural-Knights/install/gazebo_ros2_control_demos/share/gazebo_ros2_control_demos/package.xml
[2.332s] Invoked command in '/home/chemweno/Neural-Knights/build/gazebo_ros2_control_demos' returned '0': CMAKE_PREFIX_PATH=/home/chemweno/Neural-Knights/install/gazebo_ros2_control:/home/chemweno/Neural-Knights/install/diffdrive_arduino:/home/chemweno/Neural-Knights/install/serial:/home/chemweno/Neural-Knights/install/gazebo_ros2_control_demos:/home/chemweno/Neural-Knights/install/articubot_one:/opt/ros/humble LD_LIBRARY_PATH=/home/chemweno/Neural-Knights/install/gazebo_ros2_control/lib:/home/chemweno/Neural-Knights/install/diffdrive_arduino/lib:/home/chemweno/Neural-Knights/install/serial/lib:/usr/lib/x86_64-linux-gnu/gazebo-11/plugins:/opt/ros/humble/opt/rviz_ogre_vendor/lib:/opt/ros/humble/lib/x86_64-linux-gnu:/opt/ros/humble/lib /usr/bin/cmake --install /home/chemweno/Neural-Knights/build/gazebo_ros2_control_demos
