[0.081s] Invoking command in '/home/neural/Neural-Knights/build/serial': CMAKE_PREFIX_PATH=${CMAKE_PREFIX_PATH}:/opt/ros/humble /usr/bin/cmake /home/neural/Neural-Knights/src/serial -DAMENT_CMAKE_SYMLINK_INSTALL=1 -DCMAKE_INSTALL_PREFIX=/home/neural/Neural-Knights/install/serial
[0.355s] -- The C compiler identification is GNU 11.4.0
[0.694s] -- The CXX compiler identification is GNU 11.4.0
[0.760s] -- Detecting C compiler ABI info
[1.157s] -- Detecting C compiler ABI info - done
[1.220s] -- Check for working C compiler: /usr/bin/cc - skipped
[1.222s] -- Detecting C compile features
[1.225s] -- Detecting C compile features - done
[1.241s] -- Detecting CXX compiler ABI info
[1.681s] -- Detecting CXX compiler ABI info - done
[1.748s] -- Check for working CXX compiler: /usr/bin/c++ - skipped
[1.750s] -- Detecting CXX compile features
[1.758s] -- Detecting CXX compile features - done
[1.765s] -- Found ament_cmake: 1.3.12 (/opt/ros/humble/share/ament_cmake/cmake)
[2.829s] -- Found Python3: /usr/bin/python3 (found version "3.10.12") found components: Interpreter 
[3.222s] -- Override CMake install command with custom implementation using symlinks instead of copying resources
[3.402s] -- Found ament_cmake_gtest: 1.3.12 (/opt/ros/humble/share/ament_cmake_gtest/cmake)
[3.445s] -- Found Boost: /usr/lib/x86_64-linux-gnu/cmake/Boost-1.74.0/BoostConfig.cmake (found version "1.74.0")  
[3.462s] -- Found gtest sources under '/opt/ros/humble/src/gtest_vendor': C++ tests using 'Google Test' will be built
[3.474s] -- Looking for pthread.h
[3.989s] -- Looking for pthread.h - found
[3.991s] -- Performing Test CMAKE_HAVE_LIBC_PTHREAD
[4.707s] -- Performing Test CMAKE_HAVE_LIBC_PTHREAD - Success
[4.708s] -- Found Threads: TRUE  
[5.396s] -- Configuring done
[5.611s] -- Generating done
[5.664s] -- Build files have been written to: /home/neural/Neural-Knights/build/serial
[5.696s] Invoked command in '/home/neural/Neural-Knights/build/serial' returned '0': CMAKE_PREFIX_PATH=${CMAKE_PREFIX_PATH}:/opt/ros/humble /usr/bin/cmake /home/neural/Neural-Knights/src/serial -DAMENT_CMAKE_SYMLINK_INSTALL=1 -DCMAKE_INSTALL_PREFIX=/home/neural/Neural-Knights/install/serial
[5.698s] Invoking command in '/home/neural/Neural-Knights/build/serial': CMAKE_PREFIX_PATH=${CMAKE_PREFIX_PATH}:/opt/ros/humble /usr/bin/cmake --build /home/neural/Neural-Knights/build/serial -- -j4 -l4
[6.072s] [  7%] [32mBuilding CXX object CMakeFiles/serial.dir/src/serial.cc.o[0m
[6.090s] [ 14%] [32mBuilding CXX object CMakeFiles/serial.dir/src/impl/unix.cc.o[0m
[6.101s] [ 21%] [32mBuilding CXX object gtest/CMakeFiles/gtest.dir/src/gtest-all.cc.o[0m
[6.156s] [ 28%] [32mBuilding CXX object gtest/CMakeFiles/gtest_main.dir/src/gtest_main.cc.o[0m
[10.552s] [ 35%] [32mBuilding CXX object CMakeFiles/serial.dir/src/impl/list_ports/list_ports_linux.cc.o[0m
[13.943s] [ 42%] [32m[1mLinking CXX static library libserial.a[0m
[14.184s] [ 42%] Built target serial
[14.314s] [ 50%] [32mBuilding CXX object CMakeFiles/serial_example.dir/examples/serial_example.cc.o[0m
[15.312s] [ 57%] [32m[1mLinking CXX static library libgtest_main.a[0m
[15.480s] [ 57%] Built target gtest_main
[16.563s] [ 64%] [32m[1mLinking CXX executable serial_example[0m
[17.026s] [ 64%] Built target serial_example
[27.751s] [ 71%] [32m[1mLinking CXX static library libgtest.a[0m
[28.030s] [ 71%] Built target gtest
[28.177s] [ 78%] [32mBuilding CXX object tests/CMakeFiles/serial-test.dir/unix_serial_tests.cc.o[0m
[28.178s] [ 85%] [32mBuilding CXX object tests/CMakeFiles/serial-test-timer.dir/unit/unix_timer_tests.cc.o[0m
[36.005s] [ 92%] [32m[1mLinking CXX executable serial-test-timer[0m
[36.856s] [ 92%] Built target serial-test-timer
[37.042s] [100%] [32m[1mLinking CXX executable serial-test[0m
[37.716s] [100%] Built target serial-test
[37.783s] Invoked command in '/home/neural/Neural-Knights/build/serial' returned '0': CMAKE_PREFIX_PATH=${CMAKE_PREFIX_PATH}:/opt/ros/humble /usr/bin/cmake --build /home/neural/Neural-Knights/build/serial -- -j4 -l4
[37.792s] Invoking command in '/home/neural/Neural-Knights/build/serial': CMAKE_PREFIX_PATH=${CMAKE_PREFIX_PATH}:/opt/ros/humble /usr/bin/cmake --install /home/neural/Neural-Knights/build/serial
[37.837s] -- Install configuration: ""
[37.839s] -- Execute custom install script
[37.841s] -- Symlinking: /home/neural/Neural-Knights/install/serial/lib/libserial.a
[37.892s] -- Symlinking: /home/neural/Neural-Knights/install/serial/include/serial/serial.h
[37.943s] -- Symlinking: /home/neural/Neural-Knights/install/serial/include/serial/v8stdint.h
[37.998s] -- Symlinking: /home/neural/Neural-Knights/install/serial/share/serial/environment/library_path.sh
[38.048s] -- Symlinking: /home/neural/Neural-Knights/install/serial/share/serial/environment/library_path.dsv
[38.102s] -- Symlinking: /home/neural/Neural-Knights/install/serial/share/ament_index/resource_index/package_run_dependencies/serial
[38.135s] -- Symlinking: /home/neural/Neural-Knights/install/serial/share/ament_index/resource_index/parent_prefix_path/serial
[38.173s] -- Symlinking: /home/neural/Neural-Knights/install/serial/share/serial/environment/ament_prefix_path.sh
[38.213s] -- Symlinking: /home/neural/Neural-Knights/install/serial/share/serial/environment/ament_prefix_path.dsv
[38.248s] -- Symlinking: /home/neural/Neural-Knights/install/serial/share/serial/environment/path.sh
[38.281s] -- Symlinking: /home/neural/Neural-Knights/install/serial/share/serial/environment/path.dsv
[38.320s] -- Symlinking: /home/neural/Neural-Knights/install/serial/share/serial/local_setup.bash
[38.356s] -- Symlinking: /home/neural/Neural-Knights/install/serial/share/serial/local_setup.sh
[38.392s] -- Symlinking: /home/neural/Neural-Knights/install/serial/share/serial/local_setup.zsh
[38.433s] -- Symlinking: /home/neural/Neural-Knights/install/serial/share/serial/local_setup.dsv
[38.485s] -- Symlinking: /home/neural/Neural-Knights/install/serial/share/serial/package.dsv
[38.537s] -- Symlinking: /home/neural/Neural-Knights/install/serial/share/ament_index/resource_index/packages/serial
[38.573s] -- Symlinking: /home/neural/Neural-Knights/install/serial/share/serial/cmake/ament_cmake_export_include_directories-extras.cmake
[38.612s] -- Symlinking: /home/neural/Neural-Knights/install/serial/share/serial/cmake/ament_cmake_export_libraries-extras.cmake
[38.650s] -- Symlinking: /home/neural/Neural-Knights/install/serial/share/serial/cmake/serialConfig.cmake
[38.685s] -- Symlinking: /home/neural/Neural-Knights/install/serial/share/serial/cmake/serialConfig-version.cmake
[38.728s] -- Symlinking: /home/neural/Neural-Knights/install/serial/share/serial/package.xml
[38.771s] Invoked command in '/home/neural/Neural-Knights/build/serial' returned '0': CMAKE_PREFIX_PATH=${CMAKE_PREFIX_PATH}:/opt/ros/humble /usr/bin/cmake --install /home/neural/Neural-Knights/build/serial
