[0.560s] DEBUG:colcon:Command line arguments: ['/usr/bin/colcon', 'build', '--symlink-install']
[0.560s] DEBUG:colcon:Parsed command line arguments: Namespace(log_base=None, log_level=None, verb_name='build', build_base='build', install_base='install', merge_install=False, symlink_install=True, test_result_base=None, continue_on_error=False, executor='parallel', parallel_workers=4, event_handlers=None, ignore_user_meta=False, metas=['./colcon.meta'], base_paths=['.'], packages_ignore=None, packages_ignore_regex=None, paths=None, packages_up_to=None, packages_up_to_regex=None, packages_above=None, packages_above_and_dependencies=None, packages_above_depth=None, packages_select_by_dep=None, packages_skip_by_dep=None, packages_skip_up_to=None, packages_select_build_failed=False, packages_skip_build_finished=False, packages_select_test_failures=False, packages_skip_test_passed=False, packages_select=None, packages_skip=None, packages_select_regex=None, packages_skip_regex=None, packages_start=None, packages_end=None, allow_overriding=[], cmake_args=None, cmake_target=None, cmake_target_skip_unavailable=False, cmake_clean_cache=False, cmake_clean_first=False, cmake_force_configure=False, ament_cmake_args=None, catkin_cmake_args=None, catkin_skip_building_tests=False, mixin_files=None, mixin=None, verb_parser=<colcon_mixin.mixin.mixin_argument.MixinArgumentDecorator object at 0x7efcdc1fe9b0>, verb_extension=<colcon_core.verb.build.BuildVerb object at 0x7efcdc1fe230>, main=<bound method BuildVerb.main of <colcon_core.verb.build.BuildVerb object at 0x7efcdc1fe230>>, mixin_verb=('build',))
[1.450s] Level 1:colcon.colcon_core.package_discovery:discover_packages(colcon_meta) check parameters
[1.451s] Level 1:colcon.colcon_core.package_discovery:discover_packages(recursive) check parameters
[1.451s] Level 1:colcon.colcon_core.package_discovery:discover_packages(ignore) check parameters
[1.451s] Level 1:colcon.colcon_core.package_discovery:discover_packages(path) check parameters
[1.451s] Level 1:colcon.colcon_core.package_discovery:discover_packages(colcon_meta) discover
[1.452s] Level 1:colcon.colcon_core.package_discovery:discover_packages(recursive) discover
[1.452s] INFO:colcon.colcon_core.package_discovery:Crawling recursively for packages in '/home/neural/Neural-Knights'
[1.452s] Level 1:colcon.colcon_core.package_identification:_identify(.) by extensions ['ignore', 'ignore_ament_install']
[1.453s] Level 1:colcon.colcon_core.package_identification:_identify(.) by extension 'ignore'
[1.453s] Level 1:colcon.colcon_core.package_identification:_identify(.) by extension 'ignore_ament_install'
[1.454s] Level 1:colcon.colcon_core.package_identification:_identify(.) by extensions ['colcon_pkg']
[1.454s] Level 1:colcon.colcon_core.package_identification:_identify(.) by extension 'colcon_pkg'
[1.454s] Level 1:colcon.colcon_core.package_identification:_identify(.) by extensions ['colcon_meta']
[1.455s] Level 1:colcon.colcon_core.package_identification:_identify(.) by extension 'colcon_meta'
[1.455s] Level 1:colcon.colcon_core.package_identification:_identify(.) by extensions ['ros']
[1.455s] Level 1:colcon.colcon_core.package_identification:_identify(.) by extension 'ros'
[1.502s] Level 1:colcon.colcon_core.package_identification:_identify(.) by extensions ['cmake', 'python']
[1.503s] Level 1:colcon.colcon_core.package_identification:_identify(.) by extension 'cmake'
[1.503s] Level 1:colcon.colcon_core.package_identification:_identify(.) by extension 'python'
[1.503s] Level 1:colcon.colcon_core.package_identification:_identify(.) by extensions ['python_setup_py']
[1.503s] Level 1:colcon.colcon_core.package_identification:_identify(.) by extension 'python_setup_py'
[1.504s] Level 1:colcon.colcon_core.package_identification:_identify(build) by extensions ['ignore', 'ignore_ament_install']
[1.505s] Level 1:colcon.colcon_core.package_identification:_identify(build) by extension 'ignore'
[1.505s] Level 1:colcon.colcon_core.package_identification:_identify(build) ignored
[1.505s] Level 1:colcon.colcon_core.package_identification:_identify(install) by extensions ['ignore', 'ignore_ament_install']
[1.506s] Level 1:colcon.colcon_core.package_identification:_identify(install) by extension 'ignore'
[1.506s] Level 1:colcon.colcon_core.package_identification:_identify(install) ignored
[1.507s] Level 1:colcon.colcon_core.package_identification:_identify(log) by extensions ['ignore', 'ignore_ament_install']
[1.508s] Level 1:colcon.colcon_core.package_identification:_identify(log) by extension 'ignore'
[1.508s] Level 1:colcon.colcon_core.package_identification:_identify(log) ignored
[1.509s] Level 1:colcon.colcon_core.package_identification:_identify(src) by extensions ['ignore', 'ignore_ament_install']
[1.510s] Level 1:colcon.colcon_core.package_identification:_identify(src) by extension 'ignore'
[1.511s] Level 1:colcon.colcon_core.package_identification:_identify(src) by extension 'ignore_ament_install'
[1.511s] Level 1:colcon.colcon_core.package_identification:_identify(src) by extensions ['colcon_pkg']
[1.511s] Level 1:colcon.colcon_core.package_identification:_identify(src) by extension 'colcon_pkg'
[1.512s] Level 1:colcon.colcon_core.package_identification:_identify(src) by extensions ['colcon_meta']
[1.512s] Level 1:colcon.colcon_core.package_identification:_identify(src) by extension 'colcon_meta'
[1.512s] Level 1:colcon.colcon_core.package_identification:_identify(src) by extensions ['ros']
[1.512s] Level 1:colcon.colcon_core.package_identification:_identify(src) by extension 'ros'
[1.513s] Level 1:colcon.colcon_core.package_identification:_identify(src) by extensions ['cmake', 'python']
[1.513s] Level 1:colcon.colcon_core.package_identification:_identify(src) by extension 'cmake'
[1.513s] Level 1:colcon.colcon_core.package_identification:_identify(src) by extension 'python'
[1.513s] Level 1:colcon.colcon_core.package_identification:_identify(src) by extensions ['python_setup_py']
[1.514s] Level 1:colcon.colcon_core.package_identification:_identify(src) by extension 'python_setup_py'
[1.514s] Level 1:colcon.colcon_core.package_identification:_identify(src/articubot_one) by extensions ['ignore', 'ignore_ament_install']
[1.515s] Level 1:colcon.colcon_core.package_identification:_identify(src/articubot_one) by extension 'ignore'
[1.516s] Level 1:colcon.colcon_core.package_identification:_identify(src/articubot_one) by extension 'ignore_ament_install'
[1.517s] Level 1:colcon.colcon_core.package_identification:_identify(src/articubot_one) by extensions ['colcon_pkg']
[1.517s] Level 1:colcon.colcon_core.package_identification:_identify(src/articubot_one) by extension 'colcon_pkg'
[1.517s] Level 1:colcon.colcon_core.package_identification:_identify(src/articubot_one) by extensions ['colcon_meta']
[1.517s] Level 1:colcon.colcon_core.package_identification:_identify(src/articubot_one) by extension 'colcon_meta'
[1.518s] Level 1:colcon.colcon_core.package_identification:_identify(src/articubot_one) by extensions ['ros']
[1.518s] Level 1:colcon.colcon_core.package_identification:_identify(src/articubot_one) by extension 'ros'
[1.528s] DEBUG:colcon.colcon_core.package_identification:Package 'src/articubot_one' with type 'ros.ament_cmake' and name 'articubot_one'
[1.529s] Level 1:colcon.colcon_core.package_identification:_identify(src/diffdrive_arduino) by extensions ['ignore', 'ignore_ament_install']
[1.530s] Level 1:colcon.colcon_core.package_identification:_identify(src/diffdrive_arduino) by extension 'ignore'
[1.530s] Level 1:colcon.colcon_core.package_identification:_identify(src/diffdrive_arduino) by extension 'ignore_ament_install'
[1.531s] Level 1:colcon.colcon_core.package_identification:_identify(src/diffdrive_arduino) by extensions ['colcon_pkg']
[1.531s] Level 1:colcon.colcon_core.package_identification:_identify(src/diffdrive_arduino) by extension 'colcon_pkg'
[1.531s] Level 1:colcon.colcon_core.package_identification:_identify(src/diffdrive_arduino) by extensions ['colcon_meta']
[1.532s] Level 1:colcon.colcon_core.package_identification:_identify(src/diffdrive_arduino) by extension 'colcon_meta'
[1.532s] Level 1:colcon.colcon_core.package_identification:_identify(src/diffdrive_arduino) by extensions ['ros']
[1.532s] Level 1:colcon.colcon_core.package_identification:_identify(src/diffdrive_arduino) by extension 'ros'
[1.539s] DEBUG:colcon.colcon_core.package_identification:Package 'src/diffdrive_arduino' with type 'ros.ament_cmake' and name 'diffdrive_arduino'
[1.539s] Level 1:colcon.colcon_core.package_identification:_identify(src/gazebo_ros2_control) by extensions ['ignore', 'ignore_ament_install']
[1.540s] Level 1:colcon.colcon_core.package_identification:_identify(src/gazebo_ros2_control) by extension 'ignore'
[1.540s] Level 1:colcon.colcon_core.package_identification:_identify(src/gazebo_ros2_control) by extension 'ignore_ament_install'
[1.541s] Level 1:colcon.colcon_core.package_identification:_identify(src/gazebo_ros2_control) by extensions ['colcon_pkg']
[1.541s] Level 1:colcon.colcon_core.package_identification:_identify(src/gazebo_ros2_control) by extension 'colcon_pkg'
[1.541s] Level 1:colcon.colcon_core.package_identification:_identify(src/gazebo_ros2_control) by extensions ['colcon_meta']
[1.541s] Level 1:colcon.colcon_core.package_identification:_identify(src/gazebo_ros2_control) by extension 'colcon_meta'
[1.542s] Level 1:colcon.colcon_core.package_identification:_identify(src/gazebo_ros2_control) by extensions ['ros']
[1.542s] Level 1:colcon.colcon_core.package_identification:_identify(src/gazebo_ros2_control) by extension 'ros'
[1.542s] Level 1:colcon.colcon_core.package_identification:_identify(src/gazebo_ros2_control) by extensions ['cmake', 'python']
[1.543s] Level 1:colcon.colcon_core.package_identification:_identify(src/gazebo_ros2_control) by extension 'cmake'
[1.543s] Level 1:colcon.colcon_core.package_identification:_identify(src/gazebo_ros2_control) by extension 'python'
[1.543s] Level 1:colcon.colcon_core.package_identification:_identify(src/gazebo_ros2_control) by extensions ['python_setup_py']
[1.543s] Level 1:colcon.colcon_core.package_identification:_identify(src/gazebo_ros2_control) by extension 'python_setup_py'
[1.544s] Level 1:colcon.colcon_core.package_identification:_identify(src/gazebo_ros2_control/Docker) by extensions ['ignore', 'ignore_ament_install']
[1.545s] Level 1:colcon.colcon_core.package_identification:_identify(src/gazebo_ros2_control/Docker) by extension 'ignore'
[1.545s] Level 1:colcon.colcon_core.package_identification:_identify(src/gazebo_ros2_control/Docker) by extension 'ignore_ament_install'
[1.545s] Level 1:colcon.colcon_core.package_identification:_identify(src/gazebo_ros2_control/Docker) by extensions ['colcon_pkg']
[1.546s] Level 1:colcon.colcon_core.package_identification:_identify(src/gazebo_ros2_control/Docker) by extension 'colcon_pkg'
[1.546s] Level 1:colcon.colcon_core.package_identification:_identify(src/gazebo_ros2_control/Docker) by extensions ['colcon_meta']
[1.546s] Level 1:colcon.colcon_core.package_identification:_identify(src/gazebo_ros2_control/Docker) by extension 'colcon_meta'
[1.546s] Level 1:colcon.colcon_core.package_identification:_identify(src/gazebo_ros2_control/Docker) by extensions ['ros']
[1.547s] Level 1:colcon.colcon_core.package_identification:_identify(src/gazebo_ros2_control/Docker) by extension 'ros'
[1.547s] Level 1:colcon.colcon_core.package_identification:_identify(src/gazebo_ros2_control/Docker) by extensions ['cmake', 'python']
[1.547s] Level 1:colcon.colcon_core.package_identification:_identify(src/gazebo_ros2_control/Docker) by extension 'cmake'
[1.548s] Level 1:colcon.colcon_core.package_identification:_identify(src/gazebo_ros2_control/Docker) by extension 'python'
[1.548s] Level 1:colcon.colcon_core.package_identification:_identify(src/gazebo_ros2_control/Docker) by extensions ['python_setup_py']
[1.548s] Level 1:colcon.colcon_core.package_identification:_identify(src/gazebo_ros2_control/Docker) by extension 'python_setup_py'
[1.549s] Level 1:colcon.colcon_core.package_identification:_identify(src/gazebo_ros2_control/doc) by extensions ['ignore', 'ignore_ament_install']
[1.549s] Level 1:colcon.colcon_core.package_identification:_identify(src/gazebo_ros2_control/doc) by extension 'ignore'
[1.549s] Level 1:colcon.colcon_core.package_identification:_identify(src/gazebo_ros2_control/doc) by extension 'ignore_ament_install'
[1.550s] Level 1:colcon.colcon_core.package_identification:_identify(src/gazebo_ros2_control/doc) by extensions ['colcon_pkg']
[1.550s] Level 1:colcon.colcon_core.package_identification:_identify(src/gazebo_ros2_control/doc) by extension 'colcon_pkg'
[1.550s] Level 1:colcon.colcon_core.package_identification:_identify(src/gazebo_ros2_control/doc) by extensions ['colcon_meta']
[1.550s] Level 1:colcon.colcon_core.package_identification:_identify(src/gazebo_ros2_control/doc) by extension 'colcon_meta'
[1.551s] Level 1:colcon.colcon_core.package_identification:_identify(src/gazebo_ros2_control/doc) by extensions ['ros']
[1.551s] Level 1:colcon.colcon_core.package_identification:_identify(src/gazebo_ros2_control/doc) by extension 'ros'
[1.552s] Level 1:colcon.colcon_core.package_identification:_identify(src/gazebo_ros2_control/doc) by extensions ['cmake', 'python']
[1.552s] Level 1:colcon.colcon_core.package_identification:_identify(src/gazebo_ros2_control/doc) by extension 'cmake'
[1.552s] Level 1:colcon.colcon_core.package_identification:_identify(src/gazebo_ros2_control/doc) by extension 'python'
[1.552s] Level 1:colcon.colcon_core.package_identification:_identify(src/gazebo_ros2_control/doc) by extensions ['python_setup_py']
[1.553s] Level 1:colcon.colcon_core.package_identification:_identify(src/gazebo_ros2_control/doc) by extension 'python_setup_py'
[1.553s] Level 1:colcon.colcon_core.package_identification:_identify(src/gazebo_ros2_control/doc/img) by extensions ['ignore', 'ignore_ament_install']
[1.554s] Level 1:colcon.colcon_core.package_identification:_identify(src/gazebo_ros2_control/doc/img) by extension 'ignore'
[1.554s] Level 1:colcon.colcon_core.package_identification:_identify(src/gazebo_ros2_control/doc/img) by extension 'ignore_ament_install'
[1.554s] Level 1:colcon.colcon_core.package_identification:_identify(src/gazebo_ros2_control/doc/img) by extensions ['colcon_pkg']
[1.555s] Level 1:colcon.colcon_core.package_identification:_identify(src/gazebo_ros2_control/doc/img) by extension 'colcon_pkg'
[1.555s] Level 1:colcon.colcon_core.package_identification:_identify(src/gazebo_ros2_control/doc/img) by extensions ['colcon_meta']
[1.555s] Level 1:colcon.colcon_core.package_identification:_identify(src/gazebo_ros2_control/doc/img) by extension 'colcon_meta'
[1.555s] Level 1:colcon.colcon_core.package_identification:_identify(src/gazebo_ros2_control/doc/img) by extensions ['ros']
[1.556s] Level 1:colcon.colcon_core.package_identification:_identify(src/gazebo_ros2_control/doc/img) by extension 'ros'
[1.556s] Level 1:colcon.colcon_core.package_identification:_identify(src/gazebo_ros2_control/doc/img) by extensions ['cmake', 'python']
[1.556s] Level 1:colcon.colcon_core.package_identification:_identify(src/gazebo_ros2_control/doc/img) by extension 'cmake'
[1.557s] Level 1:colcon.colcon_core.package_identification:_identify(src/gazebo_ros2_control/doc/img) by extension 'python'
[1.557s] Level 1:colcon.colcon_core.package_identification:_identify(src/gazebo_ros2_control/doc/img) by extensions ['python_setup_py']
[1.557s] Level 1:colcon.colcon_core.package_identification:_identify(src/gazebo_ros2_control/doc/img) by extension 'python_setup_py'
[1.558s] Level 1:colcon.colcon_core.package_identification:_identify(src/gazebo_ros2_control/gazebo_ros2_control) by extensions ['ignore', 'ignore_ament_install']
[1.558s] Level 1:colcon.colcon_core.package_identification:_identify(src/gazebo_ros2_control/gazebo_ros2_control) by extension 'ignore'
[1.559s] Level 1:colcon.colcon_core.package_identification:_identify(src/gazebo_ros2_control/gazebo_ros2_control) by extension 'ignore_ament_install'
[1.559s] Level 1:colcon.colcon_core.package_identification:_identify(src/gazebo_ros2_control/gazebo_ros2_control) by extensions ['colcon_pkg']
[1.559s] Level 1:colcon.colcon_core.package_identification:_identify(src/gazebo_ros2_control/gazebo_ros2_control) by extension 'colcon_pkg'
[1.559s] Level 1:colcon.colcon_core.package_identification:_identify(src/gazebo_ros2_control/gazebo_ros2_control) by extensions ['colcon_meta']
[1.560s] Level 1:colcon.colcon_core.package_identification:_identify(src/gazebo_ros2_control/gazebo_ros2_control) by extension 'colcon_meta'
[1.560s] Level 1:colcon.colcon_core.package_identification:_identify(src/gazebo_ros2_control/gazebo_ros2_control) by extensions ['ros']
[1.560s] Level 1:colcon.colcon_core.package_identification:_identify(src/gazebo_ros2_control/gazebo_ros2_control) by extension 'ros'
[1.570s] DEBUG:colcon.colcon_core.package_identification:Package 'src/gazebo_ros2_control/gazebo_ros2_control' with type 'ros.ament_cmake' and name 'gazebo_ros2_control'
[1.570s] Level 1:colcon.colcon_core.package_identification:_identify(src/gazebo_ros2_control/gazebo_ros2_control_demos) by extensions ['ignore', 'ignore_ament_install']
[1.571s] Level 1:colcon.colcon_core.package_identification:_identify(src/gazebo_ros2_control/gazebo_ros2_control_demos) by extension 'ignore'
[1.571s] Level 1:colcon.colcon_core.package_identification:_identify(src/gazebo_ros2_control/gazebo_ros2_control_demos) by extension 'ignore_ament_install'
[1.571s] Level 1:colcon.colcon_core.package_identification:_identify(src/gazebo_ros2_control/gazebo_ros2_control_demos) by extensions ['colcon_pkg']
[1.571s] Level 1:colcon.colcon_core.package_identification:_identify(src/gazebo_ros2_control/gazebo_ros2_control_demos) by extension 'colcon_pkg'
[1.572s] Level 1:colcon.colcon_core.package_identification:_identify(src/gazebo_ros2_control/gazebo_ros2_control_demos) by extensions ['colcon_meta']
[1.572s] Level 1:colcon.colcon_core.package_identification:_identify(src/gazebo_ros2_control/gazebo_ros2_control_demos) by extension 'colcon_meta'
[1.572s] Level 1:colcon.colcon_core.package_identification:_identify(src/gazebo_ros2_control/gazebo_ros2_control_demos) by extensions ['ros']
[1.572s] Level 1:colcon.colcon_core.package_identification:_identify(src/gazebo_ros2_control/gazebo_ros2_control_demos) by extension 'ros'
[1.577s] DEBUG:colcon.colcon_core.package_identification:Package 'src/gazebo_ros2_control/gazebo_ros2_control_demos' with type 'ros.ament_cmake' and name 'gazebo_ros2_control_demos'
[1.578s] Level 1:colcon.colcon_core.package_identification:_identify(src/serial) by extensions ['ignore', 'ignore_ament_install']
[1.578s] Level 1:colcon.colcon_core.package_identification:_identify(src/serial) by extension 'ignore'
[1.579s] Level 1:colcon.colcon_core.package_identification:_identify(src/serial) by extension 'ignore_ament_install'
[1.579s] Level 1:colcon.colcon_core.package_identification:_identify(src/serial) by extensions ['colcon_pkg']
[1.579s] Level 1:colcon.colcon_core.package_identification:_identify(src/serial) by extension 'colcon_pkg'
[1.579s] Level 1:colcon.colcon_core.package_identification:_identify(src/serial) by extensions ['colcon_meta']
[1.580s] Level 1:colcon.colcon_core.package_identification:_identify(src/serial) by extension 'colcon_meta'
[1.580s] Level 1:colcon.colcon_core.package_identification:_identify(src/serial) by extensions ['ros']
[1.580s] Level 1:colcon.colcon_core.package_identification:_identify(src/serial) by extension 'ros'
[1.583s] DEBUG:colcon.colcon_core.package_identification:Package 'src/serial' with type 'ros.ament_cmake' and name 'serial'
[1.583s] Level 1:colcon.colcon_core.package_discovery:discover_packages(recursive) using defaults
[1.583s] Level 1:colcon.colcon_core.package_discovery:discover_packages(ignore) discover
[1.583s] Level 1:colcon.colcon_core.package_discovery:discover_packages(ignore) using defaults
[1.584s] Level 1:colcon.colcon_core.package_discovery:discover_packages(path) discover
[1.584s] Level 1:colcon.colcon_core.package_discovery:discover_packages(path) using defaults
[1.707s] Level 1:colcon.colcon_core.package_discovery:discover_packages(prefix_path) check parameters
[1.707s] Level 1:colcon.colcon_core.package_discovery:discover_packages(prefix_path) discover
[1.718s] DEBUG:colcon.colcon_installed_package_information.package_discovery:Found 5 installed packages in /home/neural/Neural-Knights/install
[1.727s] DEBUG:colcon.colcon_installed_package_information.package_discovery:Found 439 installed packages in /opt/ros/humble
[1.737s] Level 1:colcon.colcon_core.package_discovery:discover_packages(prefix_path) using defaults
[1.992s] Level 5:colcon.colcon_core.verb:set package 'articubot_one' build argument 'cmake_args' from command line to 'None'
[1.993s] Level 5:colcon.colcon_core.verb:set package 'articubot_one' build argument 'cmake_target' from command line to 'None'
[1.993s] Level 5:colcon.colcon_core.verb:set package 'articubot_one' build argument 'cmake_target_skip_unavailable' from command line to 'False'
[1.993s] Level 5:colcon.colcon_core.verb:set package 'articubot_one' build argument 'cmake_clean_cache' from command line to 'False'
[1.993s] Level 5:colcon.colcon_core.verb:set package 'articubot_one' build argument 'cmake_clean_first' from command line to 'False'
[1.993s] Level 5:colcon.colcon_core.verb:set package 'articubot_one' build argument 'cmake_force_configure' from command line to 'False'
[1.993s] Level 5:colcon.colcon_core.verb:set package 'articubot_one' build argument 'ament_cmake_args' from command line to 'None'
[1.993s] Level 5:colcon.colcon_core.verb:set package 'articubot_one' build argument 'catkin_cmake_args' from command line to 'None'
[1.994s] Level 5:colcon.colcon_core.verb:set package 'articubot_one' build argument 'catkin_skip_building_tests' from command line to 'False'
[1.994s] DEBUG:colcon.colcon_core.verb:Building package 'articubot_one' with the following arguments: {'ament_cmake_args': None, 'build_base': '/home/neural/Neural-Knights/build/articubot_one', 'catkin_cmake_args': None, 'catkin_skip_building_tests': False, 'cmake_args': None, 'cmake_clean_cache': False, 'cmake_clean_first': False, 'cmake_force_configure': False, 'cmake_target': None, 'cmake_target_skip_unavailable': False, 'install_base': '/home/neural/Neural-Knights/install/articubot_one', 'merge_install': False, 'path': '/home/neural/Neural-Knights/src/articubot_one', 'symlink_install': True, 'test_result_base': None}
[1.995s] Level 5:colcon.colcon_core.verb:set package 'gazebo_ros2_control' build argument 'cmake_args' from command line to 'None'
[1.996s] Level 5:colcon.colcon_core.verb:set package 'gazebo_ros2_control' build argument 'cmake_target' from command line to 'None'
[1.996s] Level 5:colcon.colcon_core.verb:set package 'gazebo_ros2_control' build argument 'cmake_target_skip_unavailable' from command line to 'False'
[1.996s] Level 5:colcon.colcon_core.verb:set package 'gazebo_ros2_control' build argument 'cmake_clean_cache' from command line to 'False'
[1.996s] Level 5:colcon.colcon_core.verb:set package 'gazebo_ros2_control' build argument 'cmake_clean_first' from command line to 'False'
[1.996s] Level 5:colcon.colcon_core.verb:set package 'gazebo_ros2_control' build argument 'cmake_force_configure' from command line to 'False'
[1.996s] Level 5:colcon.colcon_core.verb:set package 'gazebo_ros2_control' build argument 'ament_cmake_args' from command line to 'None'
[1.996s] Level 5:colcon.colcon_core.verb:set package 'gazebo_ros2_control' build argument 'catkin_cmake_args' from command line to 'None'
[1.996s] Level 5:colcon.colcon_core.verb:set package 'gazebo_ros2_control' build argument 'catkin_skip_building_tests' from command line to 'False'
[1.996s] DEBUG:colcon.colcon_core.verb:Building package 'gazebo_ros2_control' with the following arguments: {'ament_cmake_args': None, 'build_base': '/home/neural/Neural-Knights/build/gazebo_ros2_control', 'catkin_cmake_args': None, 'catkin_skip_building_tests': False, 'cmake_args': None, 'cmake_clean_cache': False, 'cmake_clean_first': False, 'cmake_force_configure': False, 'cmake_target': None, 'cmake_target_skip_unavailable': False, 'install_base': '/home/neural/Neural-Knights/install/gazebo_ros2_control', 'merge_install': False, 'path': '/home/neural/Neural-Knights/src/gazebo_ros2_control/gazebo_ros2_control', 'symlink_install': True, 'test_result_base': None}
[1.998s] Level 5:colcon.colcon_core.verb:set package 'serial' build argument 'cmake_args' from command line to 'None'
[1.998s] Level 5:colcon.colcon_core.verb:set package 'serial' build argument 'cmake_target' from command line to 'None'
[1.998s] Level 5:colcon.colcon_core.verb:set package 'serial' build argument 'cmake_target_skip_unavailable' from command line to 'False'
[1.999s] Level 5:colcon.colcon_core.verb:set package 'serial' build argument 'cmake_clean_cache' from command line to 'False'
[1.999s] Level 5:colcon.colcon_core.verb:set package 'serial' build argument 'cmake_clean_first' from command line to 'False'
[1.999s] Level 5:colcon.colcon_core.verb:set package 'serial' build argument 'cmake_force_configure' from command line to 'False'
[1.999s] Level 5:colcon.colcon_core.verb:set package 'serial' build argument 'ament_cmake_args' from command line to 'None'
[1.999s] Level 5:colcon.colcon_core.verb:set package 'serial' build argument 'catkin_cmake_args' from command line to 'None'
[1.999s] Level 5:colcon.colcon_core.verb:set package 'serial' build argument 'catkin_skip_building_tests' from command line to 'False'
[2.000s] DEBUG:colcon.colcon_core.verb:Building package 'serial' with the following arguments: {'ament_cmake_args': None, 'build_base': '/home/neural/Neural-Knights/build/serial', 'catkin_cmake_args': None, 'catkin_skip_building_tests': False, 'cmake_args': None, 'cmake_clean_cache': False, 'cmake_clean_first': False, 'cmake_force_configure': False, 'cmake_target': None, 'cmake_target_skip_unavailable': False, 'install_base': '/home/neural/Neural-Knights/install/serial', 'merge_install': False, 'path': '/home/neural/Neural-Knights/src/serial', 'symlink_install': True, 'test_result_base': None}
[2.002s] Level 5:colcon.colcon_core.verb:set package 'diffdrive_arduino' build argument 'cmake_args' from command line to 'None'
[2.002s] Level 5:colcon.colcon_core.verb:set package 'diffdrive_arduino' build argument 'cmake_target' from command line to 'None'
[2.002s] Level 5:colcon.colcon_core.verb:set package 'diffdrive_arduino' build argument 'cmake_target_skip_unavailable' from command line to 'False'
[2.002s] Level 5:colcon.colcon_core.verb:set package 'diffdrive_arduino' build argument 'cmake_clean_cache' from command line to 'False'
[2.003s] Level 5:colcon.colcon_core.verb:set package 'diffdrive_arduino' build argument 'cmake_clean_first' from command line to 'False'
[2.003s] Level 5:colcon.colcon_core.verb:set package 'diffdrive_arduino' build argument 'cmake_force_configure' from command line to 'False'
[2.003s] Level 5:colcon.colcon_core.verb:set package 'diffdrive_arduino' build argument 'ament_cmake_args' from command line to 'None'
[2.003s] Level 5:colcon.colcon_core.verb:set package 'diffdrive_arduino' build argument 'catkin_cmake_args' from command line to 'None'
[2.003s] Level 5:colcon.colcon_core.verb:set package 'diffdrive_arduino' build argument 'catkin_skip_building_tests' from command line to 'False'
[2.003s] DEBUG:colcon.colcon_core.verb:Building package 'diffdrive_arduino' with the following arguments: {'ament_cmake_args': None, 'build_base': '/home/neural/Neural-Knights/build/diffdrive_arduino', 'catkin_cmake_args': None, 'catkin_skip_building_tests': False, 'cmake_args': None, 'cmake_clean_cache': False, 'cmake_clean_first': False, 'cmake_force_configure': False, 'cmake_target': None, 'cmake_target_skip_unavailable': False, 'install_base': '/home/neural/Neural-Knights/install/diffdrive_arduino', 'merge_install': False, 'path': '/home/neural/Neural-Knights/src/diffdrive_arduino', 'symlink_install': True, 'test_result_base': None}
[2.005s] Level 5:colcon.colcon_core.verb:set package 'gazebo_ros2_control_demos' build argument 'cmake_args' from command line to 'None'
[2.006s] Level 5:colcon.colcon_core.verb:set package 'gazebo_ros2_control_demos' build argument 'cmake_target' from command line to 'None'
[2.006s] Level 5:colcon.colcon_core.verb:set package 'gazebo_ros2_control_demos' build argument 'cmake_target_skip_unavailable' from command line to 'False'
[2.006s] Level 5:colcon.colcon_core.verb:set package 'gazebo_ros2_control_demos' build argument 'cmake_clean_cache' from command line to 'False'
[2.006s] Level 5:colcon.colcon_core.verb:set package 'gazebo_ros2_control_demos' build argument 'cmake_clean_first' from command line to 'False'
[2.006s] Level 5:colcon.colcon_core.verb:set package 'gazebo_ros2_control_demos' build argument 'cmake_force_configure' from command line to 'False'
[2.007s] Level 5:colcon.colcon_core.verb:set package 'gazebo_ros2_control_demos' build argument 'ament_cmake_args' from command line to 'None'
[2.007s] Level 5:colcon.colcon_core.verb:set package 'gazebo_ros2_control_demos' build argument 'catkin_cmake_args' from command line to 'None'
[2.007s] Level 5:colcon.colcon_core.verb:set package 'gazebo_ros2_control_demos' build argument 'catkin_skip_building_tests' from command line to 'False'
[2.007s] DEBUG:colcon.colcon_core.verb:Building package 'gazebo_ros2_control_demos' with the following arguments: {'ament_cmake_args': None, 'build_base': '/home/neural/Neural-Knights/build/gazebo_ros2_control_demos', 'catkin_cmake_args': None, 'catkin_skip_building_tests': False, 'cmake_args': None, 'cmake_clean_cache': False, 'cmake_clean_first': False, 'cmake_force_configure': False, 'cmake_target': None, 'cmake_target_skip_unavailable': False, 'install_base': '/home/neural/Neural-Knights/install/gazebo_ros2_control_demos', 'merge_install': False, 'path': '/home/neural/Neural-Knights/src/gazebo_ros2_control/gazebo_ros2_control_demos', 'symlink_install': True, 'test_result_base': None}
[2.008s] INFO:colcon.colcon_core.executor:Executing jobs using 'parallel' executor
[2.012s] DEBUG:colcon.colcon_parallel_executor.executor.parallel:run_until_complete
[2.013s] INFO:colcon.colcon_ros.task.ament_cmake.build:Building ROS package in '/home/neural/Neural-Knights/src/gazebo_ros2_control/gazebo_ros2_control' with build type 'ament_cmake'
[2.014s] INFO:colcon.colcon_cmake.task.cmake.build:Building CMake package in '/home/neural/Neural-Knights/src/gazebo_ros2_control/gazebo_ros2_control'
[2.025s] INFO:colcon.colcon_core.plugin_system:Skipping extension 'colcon_core.shell.bat': Not used on non-Windows systems
[2.026s] INFO:colcon.colcon_core.shell:Skip shell extension 'powershell' for command environment: Not usable outside of PowerShell
[2.026s] DEBUG:colcon.colcon_core.shell:Skip shell extension 'dsv' for command environment
[2.049s] INFO:colcon.colcon_ros.task.ament_cmake.build:Building ROS package in '/home/neural/Neural-Knights/src/serial' with build type 'ament_cmake'
[2.050s] INFO:colcon.colcon_cmake.task.cmake.build:Building CMake package in '/home/neural/Neural-Knights/src/serial'
[2.052s] INFO:colcon.colcon_core.shell:Skip shell extension 'powershell' for command environment: Not usable outside of PowerShell
[2.053s] DEBUG:colcon.colcon_core.shell:Skip shell extension 'dsv' for command environment
[2.081s] INFO:colcon.colcon_ros.task.ament_cmake.build:Building ROS package in '/home/neural/Neural-Knights/src/articubot_one' with build type 'ament_cmake'
[2.082s] INFO:colcon.colcon_cmake.task.cmake.build:Building CMake package in '/home/neural/Neural-Knights/src/articubot_one'
[2.083s] INFO:colcon.colcon_core.shell:Skip shell extension 'powershell' for command environment: Not usable outside of PowerShell
[2.084s] DEBUG:colcon.colcon_core.shell:Skip shell extension 'dsv' for command environment
[2.165s] DEBUG:colcon.colcon_core.event_handler.log_command:Invoking command in '/home/neural/Neural-Knights/build/gazebo_ros2_control': CMAKE_PREFIX_PATH=${CMAKE_PREFIX_PATH}:/opt/ros/humble /usr/bin/cmake --build /home/neural/Neural-Knights/build/gazebo_ros2_control -- -j4 -l4
[2.210s] DEBUG:colcon.colcon_core.event_handler.log_command:Invoking command in '/home/neural/Neural-Knights/build/serial': CMAKE_PREFIX_PATH=${CMAKE_PREFIX_PATH}:/opt/ros/humble /usr/bin/cmake --build /home/neural/Neural-Knights/build/serial -- -j4 -l4
[2.281s] DEBUG:colcon.colcon_core.event_handler.log_command:Invoking command in '/home/neural/Neural-Knights/build/articubot_one': CMAKE_PREFIX_PATH=${CMAKE_PREFIX_PATH}:/opt/ros/humble /usr/bin/cmake --build /home/neural/Neural-Knights/build/articubot_one -- -j4 -l4
[2.696s] DEBUG:colcon.colcon_core.event_handler.log_command:Invoked command in '/home/neural/Neural-Knights/build/articubot_one' returned '0': CMAKE_PREFIX_PATH=${CMAKE_PREFIX_PATH}:/opt/ros/humble /usr/bin/cmake --build /home/neural/Neural-Knights/build/articubot_one -- -j4 -l4
[2.774s] DEBUG:colcon.colcon_core.event_handler.log_command:Invoking command in '/home/neural/Neural-Knights/build/articubot_one': CMAKE_PREFIX_PATH=${CMAKE_PREFIX_PATH}:/opt/ros/humble /usr/bin/cmake --install /home/neural/Neural-Knights/build/articubot_one
[2.950s] DEBUG:colcon.colcon_core.event_handler.log_command:Invoked command in '/home/neural/Neural-Knights/build/gazebo_ros2_control' returned '0': CMAKE_PREFIX_PATH=${CMAKE_PREFIX_PATH}:/opt/ros/humble /usr/bin/cmake --build /home/neural/Neural-Knights/build/gazebo_ros2_control -- -j4 -l4
[2.953s] DEBUG:colcon.colcon_core.event_handler.log_command:Invoking command in '/home/neural/Neural-Knights/build/gazebo_ros2_control': CMAKE_PREFIX_PATH=${CMAKE_PREFIX_PATH}:/opt/ros/humble /usr/bin/cmake --install /home/neural/Neural-Knights/build/gazebo_ros2_control
[3.107s] Level 1:colcon.colcon_core.environment:create_environment_scripts_only(articubot_one)
[3.130s] DEBUG:colcon.colcon_core.event_handler.log_command:Invoked command in '/home/neural/Neural-Knights/build/articubot_one' returned '0': CMAKE_PREFIX_PATH=${CMAKE_PREFIX_PATH}:/opt/ros/humble /usr/bin/cmake --install /home/neural/Neural-Knights/build/articubot_one
[3.153s] Level 1:colcon.colcon_core.environment:checking '/home/neural/Neural-Knights/install/articubot_one' for CMake module files
[3.157s] Level 1:colcon.colcon_core.environment:checking '/home/neural/Neural-Knights/install/articubot_one' for CMake config files
[3.159s] Level 1:colcon.colcon_core.shell:create_environment_hook('articubot_one', 'cmake_prefix_path')
[3.161s] INFO:colcon.colcon_core.shell:Creating environment hook '/home/neural/Neural-Knights/install/articubot_one/share/articubot_one/hook/cmake_prefix_path.ps1'
[3.164s] INFO:colcon.colcon_core.shell:Creating environment descriptor '/home/neural/Neural-Knights/install/articubot_one/share/articubot_one/hook/cmake_prefix_path.dsv'
[3.167s] INFO:colcon.colcon_core.shell:Creating environment hook '/home/neural/Neural-Knights/install/articubot_one/share/articubot_one/hook/cmake_prefix_path.sh'
[3.172s] Level 1:colcon.colcon_core.environment:checking '/home/neural/Neural-Knights/install/articubot_one/bin'
[3.173s] Level 1:colcon.colcon_core.environment:checking '/home/neural/Neural-Knights/install/articubot_one/lib/pkgconfig/articubot_one.pc'
[3.174s] Level 1:colcon.colcon_core.environment:checking '/home/neural/Neural-Knights/install/articubot_one/lib/python3.10/site-packages'
[3.175s] Level 1:colcon.colcon_core.environment:checking '/home/neural/Neural-Knights/install/articubot_one/bin'
[3.177s] INFO:colcon.colcon_core.shell:Creating package script '/home/neural/Neural-Knights/install/articubot_one/share/articubot_one/package.ps1'
[3.182s] INFO:colcon.colcon_core.shell:Creating package descriptor '/home/neural/Neural-Knights/install/articubot_one/share/articubot_one/package.dsv'
[3.185s] INFO:colcon.colcon_core.shell:Creating package script '/home/neural/Neural-Knights/install/articubot_one/share/articubot_one/package.sh'
[3.190s] INFO:colcon.colcon_core.shell:Creating package script '/home/neural/Neural-Knights/install/articubot_one/share/articubot_one/package.bash'
[3.195s] INFO:colcon.colcon_core.shell:Creating package script '/home/neural/Neural-Knights/install/articubot_one/share/articubot_one/package.zsh'
[3.200s] Level 1:colcon.colcon_core.environment:create_file_with_runtime_dependencies(/home/neural/Neural-Knights/install/articubot_one/share/colcon-core/packages/articubot_one)
[3.203s] Level 1:colcon.colcon_core.environment:create_environment_scripts_only(articubot_one)
[3.204s] Level 1:colcon.colcon_core.environment:checking '/home/neural/Neural-Knights/install/articubot_one' for CMake module files
[3.209s] Level 1:colcon.colcon_core.environment:checking '/home/neural/Neural-Knights/install/articubot_one' for CMake config files
[3.211s] Level 1:colcon.colcon_core.shell:create_environment_hook('articubot_one', 'cmake_prefix_path')
[3.213s] INFO:colcon.colcon_core.shell:Creating environment hook '/home/neural/Neural-Knights/install/articubot_one/share/articubot_one/hook/cmake_prefix_path.ps1'
[3.217s] INFO:colcon.colcon_core.shell:Creating environment descriptor '/home/neural/Neural-Knights/install/articubot_one/share/articubot_one/hook/cmake_prefix_path.dsv'
[3.219s] INFO:colcon.colcon_core.shell:Creating environment hook '/home/neural/Neural-Knights/install/articubot_one/share/articubot_one/hook/cmake_prefix_path.sh'
[3.222s] Level 1:colcon.colcon_core.environment:checking '/home/neural/Neural-Knights/install/articubot_one/bin'
[3.223s] Level 1:colcon.colcon_core.environment:checking '/home/neural/Neural-Knights/install/articubot_one/lib/pkgconfig/articubot_one.pc'
[3.225s] Level 1:colcon.colcon_core.environment:checking '/home/neural/Neural-Knights/install/articubot_one/lib/python3.10/site-packages'
[3.226s] Level 1:colcon.colcon_core.environment:checking '/home/neural/Neural-Knights/install/articubot_one/bin'
[3.229s] INFO:colcon.colcon_core.shell:Creating package script '/home/neural/Neural-Knights/install/articubot_one/share/articubot_one/package.ps1'
[3.233s] INFO:colcon.colcon_core.shell:Creating package descriptor '/home/neural/Neural-Knights/install/articubot_one/share/articubot_one/package.dsv'
[3.236s] INFO:colcon.colcon_core.shell:Creating package script '/home/neural/Neural-Knights/install/articubot_one/share/articubot_one/package.sh'
[3.239s] INFO:colcon.colcon_core.shell:Creating package script '/home/neural/Neural-Knights/install/articubot_one/share/articubot_one/package.bash'
[3.241s] INFO:colcon.colcon_core.shell:Creating package script '/home/neural/Neural-Knights/install/articubot_one/share/articubot_one/package.zsh'
[3.244s] Level 1:colcon.colcon_core.environment:create_file_with_runtime_dependencies(/home/neural/Neural-Knights/install/articubot_one/share/colcon-core/packages/articubot_one)
[3.250s] Level 1:colcon.colcon_core.environment:create_environment_scripts_only(gazebo_ros2_control)
[3.252s] Level 1:colcon.colcon_core.environment:checking '/home/neural/Neural-Knights/install/gazebo_ros2_control' for CMake module files
[3.256s] DEBUG:colcon.colcon_core.event_handler.log_command:Invoked command in '/home/neural/Neural-Knights/build/gazebo_ros2_control' returned '0': CMAKE_PREFIX_PATH=${CMAKE_PREFIX_PATH}:/opt/ros/humble /usr/bin/cmake --install /home/neural/Neural-Knights/build/gazebo_ros2_control
[3.257s] Level 1:colcon.colcon_core.environment:checking '/home/neural/Neural-Knights/install/gazebo_ros2_control' for CMake config files
[3.259s] Level 1:colcon.colcon_core.shell:create_environment_hook('gazebo_ros2_control', 'cmake_prefix_path')
[3.260s] INFO:colcon.colcon_core.shell:Creating environment hook '/home/neural/Neural-Knights/install/gazebo_ros2_control/share/gazebo_ros2_control/hook/cmake_prefix_path.ps1'
[3.263s] INFO:colcon.colcon_core.shell:Creating environment descriptor '/home/neural/Neural-Knights/install/gazebo_ros2_control/share/gazebo_ros2_control/hook/cmake_prefix_path.dsv'
[3.265s] INFO:colcon.colcon_core.shell:Creating environment hook '/home/neural/Neural-Knights/install/gazebo_ros2_control/share/gazebo_ros2_control/hook/cmake_prefix_path.sh'
[3.268s] Level 1:colcon.colcon_core.environment:checking '/home/neural/Neural-Knights/install/gazebo_ros2_control/lib'
[3.269s] Level 1:colcon.colcon_core.shell:create_environment_hook('gazebo_ros2_control', 'ld_library_path_lib')
[3.270s] INFO:colcon.colcon_core.shell:Creating environment hook '/home/neural/Neural-Knights/install/gazebo_ros2_control/share/gazebo_ros2_control/hook/ld_library_path_lib.ps1'
[3.273s] INFO:colcon.colcon_core.shell:Creating environment descriptor '/home/neural/Neural-Knights/install/gazebo_ros2_control/share/gazebo_ros2_control/hook/ld_library_path_lib.dsv'
[3.274s] INFO:colcon.colcon_core.shell:Creating environment hook '/home/neural/Neural-Knights/install/gazebo_ros2_control/share/gazebo_ros2_control/hook/ld_library_path_lib.sh'
[3.277s] Level 1:colcon.colcon_core.environment:checking '/home/neural/Neural-Knights/install/gazebo_ros2_control/bin'
[3.277s] Level 1:colcon.colcon_core.environment:checking '/home/neural/Neural-Knights/install/gazebo_ros2_control/lib/pkgconfig/gazebo_ros2_control.pc'
[3.278s] Level 1:colcon.colcon_core.environment:checking '/home/neural/Neural-Knights/install/gazebo_ros2_control/lib/python3.10/site-packages'
[3.280s] Level 1:colcon.colcon_core.environment:checking '/home/neural/Neural-Knights/install/gazebo_ros2_control/bin'
[3.282s] INFO:colcon.colcon_core.shell:Creating package script '/home/neural/Neural-Knights/install/gazebo_ros2_control/share/gazebo_ros2_control/package.ps1'
[3.284s] INFO:colcon.colcon_core.shell:Creating package descriptor '/home/neural/Neural-Knights/install/gazebo_ros2_control/share/gazebo_ros2_control/package.dsv'
[3.287s] INFO:colcon.colcon_core.shell:Creating package script '/home/neural/Neural-Knights/install/gazebo_ros2_control/share/gazebo_ros2_control/package.sh'
[3.290s] INFO:colcon.colcon_core.shell:Creating package script '/home/neural/Neural-Knights/install/gazebo_ros2_control/share/gazebo_ros2_control/package.bash'
[3.292s] INFO:colcon.colcon_core.shell:Creating package script '/home/neural/Neural-Knights/install/gazebo_ros2_control/share/gazebo_ros2_control/package.zsh'
[3.294s] Level 1:colcon.colcon_core.environment:create_file_with_runtime_dependencies(/home/neural/Neural-Knights/install/gazebo_ros2_control/share/colcon-core/packages/gazebo_ros2_control)
[3.297s] Level 1:colcon.colcon_core.environment:create_environment_scripts_only(gazebo_ros2_control)
[3.299s] Level 1:colcon.colcon_core.environment:checking '/home/neural/Neural-Knights/install/gazebo_ros2_control' for CMake module files
[3.302s] Level 1:colcon.colcon_core.environment:checking '/home/neural/Neural-Knights/install/gazebo_ros2_control' for CMake config files
[3.304s] Level 1:colcon.colcon_core.shell:create_environment_hook('gazebo_ros2_control', 'cmake_prefix_path')
[3.305s] INFO:colcon.colcon_core.shell:Creating environment hook '/home/neural/Neural-Knights/install/gazebo_ros2_control/share/gazebo_ros2_control/hook/cmake_prefix_path.ps1'
[3.307s] INFO:colcon.colcon_core.shell:Creating environment descriptor '/home/neural/Neural-Knights/install/gazebo_ros2_control/share/gazebo_ros2_control/hook/cmake_prefix_path.dsv'
[3.309s] INFO:colcon.colcon_core.shell:Creating environment hook '/home/neural/Neural-Knights/install/gazebo_ros2_control/share/gazebo_ros2_control/hook/cmake_prefix_path.sh'
[3.313s] Level 1:colcon.colcon_core.environment:checking '/home/neural/Neural-Knights/install/gazebo_ros2_control/lib'
[3.314s] Level 1:colcon.colcon_core.shell:create_environment_hook('gazebo_ros2_control', 'ld_library_path_lib')
[3.315s] INFO:colcon.colcon_core.shell:Creating environment hook '/home/neural/Neural-Knights/install/gazebo_ros2_control/share/gazebo_ros2_control/hook/ld_library_path_lib.ps1'
[3.317s] INFO:colcon.colcon_core.shell:Creating environment descriptor '/home/neural/Neural-Knights/install/gazebo_ros2_control/share/gazebo_ros2_control/hook/ld_library_path_lib.dsv'
[3.319s] INFO:colcon.colcon_core.shell:Creating environment hook '/home/neural/Neural-Knights/install/gazebo_ros2_control/share/gazebo_ros2_control/hook/ld_library_path_lib.sh'
[3.322s] Level 1:colcon.colcon_core.environment:checking '/home/neural/Neural-Knights/install/gazebo_ros2_control/bin'
[3.322s] Level 1:colcon.colcon_core.environment:checking '/home/neural/Neural-Knights/install/gazebo_ros2_control/lib/pkgconfig/gazebo_ros2_control.pc'
[3.324s] Level 1:colcon.colcon_core.environment:checking '/home/neural/Neural-Knights/install/gazebo_ros2_control/lib/python3.10/site-packages'
[3.325s] Level 1:colcon.colcon_core.environment:checking '/home/neural/Neural-Knights/install/gazebo_ros2_control/bin'
[3.327s] INFO:colcon.colcon_core.shell:Creating package script '/home/neural/Neural-Knights/install/gazebo_ros2_control/share/gazebo_ros2_control/package.ps1'
[3.330s] INFO:colcon.colcon_core.shell:Creating package descriptor '/home/neural/Neural-Knights/install/gazebo_ros2_control/share/gazebo_ros2_control/package.dsv'
[3.334s] INFO:colcon.colcon_core.shell:Creating package script '/home/neural/Neural-Knights/install/gazebo_ros2_control/share/gazebo_ros2_control/package.sh'
[3.337s] INFO:colcon.colcon_core.shell:Creating package script '/home/neural/Neural-Knights/install/gazebo_ros2_control/share/gazebo_ros2_control/package.bash'
[3.340s] INFO:colcon.colcon_core.shell:Creating package script '/home/neural/Neural-Knights/install/gazebo_ros2_control/share/gazebo_ros2_control/package.zsh'
[3.342s] Level 1:colcon.colcon_core.environment:create_file_with_runtime_dependencies(/home/neural/Neural-Knights/install/gazebo_ros2_control/share/colcon-core/packages/gazebo_ros2_control)
[3.369s] INFO:colcon.colcon_ros.task.ament_cmake.build:Building ROS package in '/home/neural/Neural-Knights/src/gazebo_ros2_control/gazebo_ros2_control_demos' with build type 'ament_cmake'
[3.370s] INFO:colcon.colcon_cmake.task.cmake.build:Building CMake package in '/home/neural/Neural-Knights/src/gazebo_ros2_control/gazebo_ros2_control_demos'
[3.372s] INFO:colcon.colcon_core.shell:Skip shell extension 'powershell' for command environment: Not usable outside of PowerShell
[3.372s] DEBUG:colcon.colcon_core.shell:Skip shell extension 'dsv' for command environment
[3.400s] DEBUG:colcon.colcon_core.event_handler.log_command:Invoked command in '/home/neural/Neural-Knights/build/serial' returned '0': CMAKE_PREFIX_PATH=${CMAKE_PREFIX_PATH}:/opt/ros/humble /usr/bin/cmake --build /home/neural/Neural-Knights/build/serial -- -j4 -l4
[3.415s] DEBUG:colcon.colcon_core.event_handler.log_command:Invoking command in '/home/neural/Neural-Knights/build/serial': CMAKE_PREFIX_PATH=${CMAKE_PREFIX_PATH}:/opt/ros/humble /usr/bin/cmake --install /home/neural/Neural-Knights/build/serial
[3.485s] DEBUG:colcon.colcon_core.event_handler.log_command:Invoking command in '/home/neural/Neural-Knights/build/gazebo_ros2_control_demos': CMAKE_PREFIX_PATH=/home/neural/Neural-Knights/install/gazebo_ros2_control:/home/neural/Neural-Knights/install/diffdrive_arduino:/home/neural/Neural-Knights/install/serial:/home/neural/Neural-Knights/install/gazebo_ros2_control_demos:/home/neural/Neural-Knights/install/articubot_one:/opt/ros/humble LD_LIBRARY_PATH=/home/neural/Neural-Knights/install/gazebo_ros2_control/lib:/home/neural/Neural-Knights/install/diffdrive_arduino/lib:/home/neural/Neural-Knights/install/serial/lib:/usr/lib/x86_64-linux-gnu/gazebo-11/plugins:/opt/ros/humble/opt/rviz_ogre_vendor/lib:/opt/ros/humble/lib/x86_64-linux-gnu:/opt/ros/humble/lib /usr/bin/cmake --build /home/neural/Neural-Knights/build/gazebo_ros2_control_demos -- -j4 -l4
[3.496s] Level 1:colcon.colcon_core.environment:create_environment_scripts_only(serial)
[3.499s] DEBUG:colcon.colcon_core.event_handler.log_command:Invoked command in '/home/neural/Neural-Knights/build/serial' returned '0': CMAKE_PREFIX_PATH=${CMAKE_PREFIX_PATH}:/opt/ros/humble /usr/bin/cmake --install /home/neural/Neural-Knights/build/serial
[3.501s] Level 1:colcon.colcon_core.environment:checking '/home/neural/Neural-Knights/install/serial' for CMake module files
[3.505s] Level 1:colcon.colcon_core.environment:checking '/home/neural/Neural-Knights/install/serial' for CMake config files
[3.507s] Level 1:colcon.colcon_core.shell:create_environment_hook('serial', 'cmake_prefix_path')
[3.509s] INFO:colcon.colcon_core.shell:Creating environment hook '/home/neural/Neural-Knights/install/serial/share/serial/hook/cmake_prefix_path.ps1'
[3.512s] INFO:colcon.colcon_core.shell:Creating environment descriptor '/home/neural/Neural-Knights/install/serial/share/serial/hook/cmake_prefix_path.dsv'
[3.514s] INFO:colcon.colcon_core.shell:Creating environment hook '/home/neural/Neural-Knights/install/serial/share/serial/hook/cmake_prefix_path.sh'
[3.517s] Level 1:colcon.colcon_core.environment:checking '/home/neural/Neural-Knights/install/serial/lib'
[3.518s] Level 1:colcon.colcon_core.environment:checking '/home/neural/Neural-Knights/install/serial/bin'
[3.519s] Level 1:colcon.colcon_core.environment:checking '/home/neural/Neural-Knights/install/serial/lib/pkgconfig/serial.pc'
[3.520s] Level 1:colcon.colcon_core.environment:checking '/home/neural/Neural-Knights/install/serial/lib/python3.10/site-packages'
[3.522s] Level 1:colcon.colcon_core.environment:checking '/home/neural/Neural-Knights/install/serial/bin'
[3.526s] INFO:colcon.colcon_core.shell:Creating package script '/home/neural/Neural-Knights/install/serial/share/serial/package.ps1'
[3.529s] INFO:colcon.colcon_core.shell:Creating package descriptor '/home/neural/Neural-Knights/install/serial/share/serial/package.dsv'
[3.531s] INFO:colcon.colcon_core.shell:Creating package script '/home/neural/Neural-Knights/install/serial/share/serial/package.sh'
[3.536s] INFO:colcon.colcon_core.shell:Creating package script '/home/neural/Neural-Knights/install/serial/share/serial/package.bash'
[3.538s] INFO:colcon.colcon_core.shell:Creating package script '/home/neural/Neural-Knights/install/serial/share/serial/package.zsh'
[3.541s] Level 1:colcon.colcon_core.environment:create_file_with_runtime_dependencies(/home/neural/Neural-Knights/install/serial/share/colcon-core/packages/serial)
[3.545s] Level 1:colcon.colcon_core.environment:create_environment_scripts_only(serial)
[3.547s] Level 1:colcon.colcon_core.environment:checking '/home/neural/Neural-Knights/install/serial' for CMake module files
[3.552s] Level 1:colcon.colcon_core.environment:checking '/home/neural/Neural-Knights/install/serial' for CMake config files
[3.555s] Level 1:colcon.colcon_core.shell:create_environment_hook('serial', 'cmake_prefix_path')
[3.557s] INFO:colcon.colcon_core.shell:Creating environment hook '/home/neural/Neural-Knights/install/serial/share/serial/hook/cmake_prefix_path.ps1'
[3.563s] INFO:colcon.colcon_core.shell:Creating environment descriptor '/home/neural/Neural-Knights/install/serial/share/serial/hook/cmake_prefix_path.dsv'
[3.566s] INFO:colcon.colcon_core.shell:Creating environment hook '/home/neural/Neural-Knights/install/serial/share/serial/hook/cmake_prefix_path.sh'
[3.572s] Level 1:colcon.colcon_core.environment:checking '/home/neural/Neural-Knights/install/serial/lib'
[3.573s] Level 1:colcon.colcon_core.environment:checking '/home/neural/Neural-Knights/install/serial/bin'
[3.574s] Level 1:colcon.colcon_core.environment:checking '/home/neural/Neural-Knights/install/serial/lib/pkgconfig/serial.pc'
[3.576s] Level 1:colcon.colcon_core.environment:checking '/home/neural/Neural-Knights/install/serial/lib/python3.10/site-packages'
[3.579s] Level 1:colcon.colcon_core.environment:checking '/home/neural/Neural-Knights/install/serial/bin'
[3.582s] INFO:colcon.colcon_core.shell:Creating package script '/home/neural/Neural-Knights/install/serial/share/serial/package.ps1'
[3.586s] INFO:colcon.colcon_core.shell:Creating package descriptor '/home/neural/Neural-Knights/install/serial/share/serial/package.dsv'
[3.590s] INFO:colcon.colcon_core.shell:Creating package script '/home/neural/Neural-Knights/install/serial/share/serial/package.sh'
[3.593s] INFO:colcon.colcon_core.shell:Creating package script '/home/neural/Neural-Knights/install/serial/share/serial/package.bash'
[3.597s] INFO:colcon.colcon_core.shell:Creating package script '/home/neural/Neural-Knights/install/serial/share/serial/package.zsh'
[3.599s] Level 1:colcon.colcon_core.environment:create_file_with_runtime_dependencies(/home/neural/Neural-Knights/install/serial/share/colcon-core/packages/serial)
[3.603s] INFO:colcon.colcon_ros.task.ament_cmake.build:Building ROS package in '/home/neural/Neural-Knights/src/diffdrive_arduino' with build type 'ament_cmake'
[3.604s] INFO:colcon.colcon_cmake.task.cmake.build:Building CMake package in '/home/neural/Neural-Knights/src/diffdrive_arduino'
[3.606s] INFO:colcon.colcon_core.shell:Skip shell extension 'powershell' for command environment: Not usable outside of PowerShell
[3.606s] DEBUG:colcon.colcon_core.shell:Skip shell extension 'dsv' for command environment
[3.697s] DEBUG:colcon.colcon_core.event_handler.log_command:Invoking command in '/home/neural/Neural-Knights/build/diffdrive_arduino': CMAKE_PREFIX_PATH=/home/neural/Neural-Knights/install/serial:/home/neural/Neural-Knights/install/diffdrive_arduino:/home/neural/Neural-Knights/install/gazebo_ros2_control_demos:/home/neural/Neural-Knights/install/gazebo_ros2_control:/home/neural/Neural-Knights/install/articubot_one:/opt/ros/humble /usr/bin/cmake --build /home/neural/Neural-Knights/build/diffdrive_arduino -- -j4 -l4
[4.409s] DEBUG:colcon.colcon_core.event_handler.log_command:Invoked command in '/home/neural/Neural-Knights/build/diffdrive_arduino' returned '0': CMAKE_PREFIX_PATH=/home/neural/Neural-Knights/install/serial:/home/neural/Neural-Knights/install/diffdrive_arduino:/home/neural/Neural-Knights/install/gazebo_ros2_control_demos:/home/neural/Neural-Knights/install/gazebo_ros2_control:/home/neural/Neural-Knights/install/articubot_one:/opt/ros/humble /usr/bin/cmake --build /home/neural/Neural-Knights/build/diffdrive_arduino -- -j4 -l4
[4.431s] DEBUG:colcon.colcon_core.event_handler.log_command:Invoking command in '/home/neural/Neural-Knights/build/diffdrive_arduino': CMAKE_PREFIX_PATH=/home/neural/Neural-Knights/install/serial:/home/neural/Neural-Knights/install/diffdrive_arduino:/home/neural/Neural-Knights/install/gazebo_ros2_control_demos:/home/neural/Neural-Knights/install/gazebo_ros2_control:/home/neural/Neural-Knights/install/articubot_one:/opt/ros/humble /usr/bin/cmake --install /home/neural/Neural-Knights/build/diffdrive_arduino
[4.616s] Level 1:colcon.colcon_core.environment:create_environment_scripts_only(diffdrive_arduino)
[4.618s] Level 1:colcon.colcon_core.environment:checking '/home/neural/Neural-Knights/install/diffdrive_arduino' for CMake module files
[4.623s] Level 1:colcon.colcon_core.environment:checking '/home/neural/Neural-Knights/install/diffdrive_arduino' for CMake config files
[4.638s] DEBUG:colcon.colcon_core.event_handler.log_command:Invoked command in '/home/neural/Neural-Knights/build/diffdrive_arduino' returned '0': CMAKE_PREFIX_PATH=/home/neural/Neural-Knights/install/serial:/home/neural/Neural-Knights/install/diffdrive_arduino:/home/neural/Neural-Knights/install/gazebo_ros2_control_demos:/home/neural/Neural-Knights/install/gazebo_ros2_control:/home/neural/Neural-Knights/install/articubot_one:/opt/ros/humble /usr/bin/cmake --install /home/neural/Neural-Knights/build/diffdrive_arduino
[4.639s] Level 1:colcon.colcon_core.shell:create_environment_hook('diffdrive_arduino', 'cmake_prefix_path')
[4.640s] INFO:colcon.colcon_core.shell:Creating environment hook '/home/neural/Neural-Knights/install/diffdrive_arduino/share/diffdrive_arduino/hook/cmake_prefix_path.ps1'
[4.644s] INFO:colcon.colcon_core.shell:Creating environment descriptor '/home/neural/Neural-Knights/install/diffdrive_arduino/share/diffdrive_arduino/hook/cmake_prefix_path.dsv'
[4.648s] INFO:colcon.colcon_core.shell:Creating environment hook '/home/neural/Neural-Knights/install/diffdrive_arduino/share/diffdrive_arduino/hook/cmake_prefix_path.sh'
[4.651s] Level 1:colcon.colcon_core.environment:checking '/home/neural/Neural-Knights/install/diffdrive_arduino/lib'
[4.652s] Level 1:colcon.colcon_core.shell:create_environment_hook('diffdrive_arduino', 'ld_library_path_lib')
[4.654s] INFO:colcon.colcon_core.shell:Creating environment hook '/home/neural/Neural-Knights/install/diffdrive_arduino/share/diffdrive_arduino/hook/ld_library_path_lib.ps1'
[4.657s] INFO:colcon.colcon_core.shell:Creating environment descriptor '/home/neural/Neural-Knights/install/diffdrive_arduino/share/diffdrive_arduino/hook/ld_library_path_lib.dsv'
[4.665s] INFO:colcon.colcon_core.shell:Creating environment hook '/home/neural/Neural-Knights/install/diffdrive_arduino/share/diffdrive_arduino/hook/ld_library_path_lib.sh'
[4.668s] Level 1:colcon.colcon_core.environment:checking '/home/neural/Neural-Knights/install/diffdrive_arduino/bin'
[4.668s] Level 1:colcon.colcon_core.environment:checking '/home/neural/Neural-Knights/install/diffdrive_arduino/lib/pkgconfig/diffdrive_arduino.pc'
[4.670s] Level 1:colcon.colcon_core.environment:checking '/home/neural/Neural-Knights/install/diffdrive_arduino/lib/python3.10/site-packages'
[4.671s] Level 1:colcon.colcon_core.environment:checking '/home/neural/Neural-Knights/install/diffdrive_arduino/bin'
[4.674s] INFO:colcon.colcon_core.shell:Creating package script '/home/neural/Neural-Knights/install/diffdrive_arduino/share/diffdrive_arduino/package.ps1'
[4.684s] INFO:colcon.colcon_core.shell:Creating package descriptor '/home/neural/Neural-Knights/install/diffdrive_arduino/share/diffdrive_arduino/package.dsv'
[4.688s] INFO:colcon.colcon_core.shell:Creating package script '/home/neural/Neural-Knights/install/diffdrive_arduino/share/diffdrive_arduino/package.sh'
[4.691s] INFO:colcon.colcon_core.shell:Creating package script '/home/neural/Neural-Knights/install/diffdrive_arduino/share/diffdrive_arduino/package.bash'
[4.695s] INFO:colcon.colcon_core.shell:Creating package script '/home/neural/Neural-Knights/install/diffdrive_arduino/share/diffdrive_arduino/package.zsh'
[4.698s] Level 1:colcon.colcon_core.environment:create_file_with_runtime_dependencies(/home/neural/Neural-Knights/install/diffdrive_arduino/share/colcon-core/packages/diffdrive_arduino)
[4.702s] Level 1:colcon.colcon_core.environment:create_environment_scripts_only(diffdrive_arduino)
[4.703s] Level 1:colcon.colcon_core.environment:checking '/home/neural/Neural-Knights/install/diffdrive_arduino' for CMake module files
[4.708s] Level 1:colcon.colcon_core.environment:checking '/home/neural/Neural-Knights/install/diffdrive_arduino' for CMake config files
[4.711s] Level 1:colcon.colcon_core.shell:create_environment_hook('diffdrive_arduino', 'cmake_prefix_path')
[4.712s] INFO:colcon.colcon_core.shell:Creating environment hook '/home/neural/Neural-Knights/install/diffdrive_arduino/share/diffdrive_arduino/hook/cmake_prefix_path.ps1'
[4.715s] INFO:colcon.colcon_core.shell:Creating environment descriptor '/home/neural/Neural-Knights/install/diffdrive_arduino/share/diffdrive_arduino/hook/cmake_prefix_path.dsv'
[4.717s] INFO:colcon.colcon_core.shell:Creating environment hook '/home/neural/Neural-Knights/install/diffdrive_arduino/share/diffdrive_arduino/hook/cmake_prefix_path.sh'
[4.721s] Level 1:colcon.colcon_core.environment:checking '/home/neural/Neural-Knights/install/diffdrive_arduino/lib'
[4.721s] Level 1:colcon.colcon_core.shell:create_environment_hook('diffdrive_arduino', 'ld_library_path_lib')
[4.722s] INFO:colcon.colcon_core.shell:Creating environment hook '/home/neural/Neural-Knights/install/diffdrive_arduino/share/diffdrive_arduino/hook/ld_library_path_lib.ps1'
[4.724s] INFO:colcon.colcon_core.shell:Creating environment descriptor '/home/neural/Neural-Knights/install/diffdrive_arduino/share/diffdrive_arduino/hook/ld_library_path_lib.dsv'
[4.726s] INFO:colcon.colcon_core.shell:Creating environment hook '/home/neural/Neural-Knights/install/diffdrive_arduino/share/diffdrive_arduino/hook/ld_library_path_lib.sh'
[4.729s] Level 1:colcon.colcon_core.environment:checking '/home/neural/Neural-Knights/install/diffdrive_arduino/bin'
[4.729s] Level 1:colcon.colcon_core.environment:checking '/home/neural/Neural-Knights/install/diffdrive_arduino/lib/pkgconfig/diffdrive_arduino.pc'
[4.731s] Level 1:colcon.colcon_core.environment:checking '/home/neural/Neural-Knights/install/diffdrive_arduino/lib/python3.10/site-packages'
[4.733s] Level 1:colcon.colcon_core.environment:checking '/home/neural/Neural-Knights/install/diffdrive_arduino/bin'
[4.734s] INFO:colcon.colcon_core.shell:Creating package script '/home/neural/Neural-Knights/install/diffdrive_arduino/share/diffdrive_arduino/package.ps1'
[4.738s] INFO:colcon.colcon_core.shell:Creating package descriptor '/home/neural/Neural-Knights/install/diffdrive_arduino/share/diffdrive_arduino/package.dsv'
[4.741s] INFO:colcon.colcon_core.shell:Creating package script '/home/neural/Neural-Knights/install/diffdrive_arduino/share/diffdrive_arduino/package.sh'
[4.744s] INFO:colcon.colcon_core.shell:Creating package script '/home/neural/Neural-Knights/install/diffdrive_arduino/share/diffdrive_arduino/package.bash'
[4.746s] INFO:colcon.colcon_core.shell:Creating package script '/home/neural/Neural-Knights/install/diffdrive_arduino/share/diffdrive_arduino/package.zsh'
[4.750s] Level 1:colcon.colcon_core.environment:create_file_with_runtime_dependencies(/home/neural/Neural-Knights/install/diffdrive_arduino/share/colcon-core/packages/diffdrive_arduino)
[4.758s] DEBUG:colcon.colcon_core.event_handler.log_command:Invoked command in '/home/neural/Neural-Knights/build/gazebo_ros2_control_demos' returned '0': CMAKE_PREFIX_PATH=/home/neural/Neural-Knights/install/gazebo_ros2_control:/home/neural/Neural-Knights/install/diffdrive_arduino:/home/neural/Neural-Knights/install/serial:/home/neural/Neural-Knights/install/gazebo_ros2_control_demos:/home/neural/Neural-Knights/install/articubot_one:/opt/ros/humble LD_LIBRARY_PATH=/home/neural/Neural-Knights/install/gazebo_ros2_control/lib:/home/neural/Neural-Knights/install/diffdrive_arduino/lib:/home/neural/Neural-Knights/install/serial/lib:/usr/lib/x86_64-linux-gnu/gazebo-11/plugins:/opt/ros/humble/opt/rviz_ogre_vendor/lib:/opt/ros/humble/lib/x86_64-linux-gnu:/opt/ros/humble/lib /usr/bin/cmake --build /home/neural/Neural-Knights/build/gazebo_ros2_control_demos -- -j4 -l4
[4.767s] DEBUG:colcon.colcon_core.event_handler.log_command:Invoking command in '/home/neural/Neural-Knights/build/gazebo_ros2_control_demos': CMAKE_PREFIX_PATH=/home/neural/Neural-Knights/install/gazebo_ros2_control:/home/neural/Neural-Knights/install/diffdrive_arduino:/home/neural/Neural-Knights/install/serial:/home/neural/Neural-Knights/install/gazebo_ros2_control_demos:/home/neural/Neural-Knights/install/articubot_one:/opt/ros/humble LD_LIBRARY_PATH=/home/neural/Neural-Knights/install/gazebo_ros2_control/lib:/home/neural/Neural-Knights/install/diffdrive_arduino/lib:/home/neural/Neural-Knights/install/serial/lib:/usr/lib/x86_64-linux-gnu/gazebo-11/plugins:/opt/ros/humble/opt/rviz_ogre_vendor/lib:/opt/ros/humble/lib/x86_64-linux-gnu:/opt/ros/humble/lib /usr/bin/cmake --install /home/neural/Neural-Knights/build/gazebo_ros2_control_demos
[4.924s] Level 1:colcon.colcon_core.environment:create_environment_scripts_only(gazebo_ros2_control_demos)
[4.926s] Level 1:colcon.colcon_core.environment:checking '/home/neural/Neural-Knights/install/gazebo_ros2_control_demos' for CMake module files
[4.930s] Level 1:colcon.colcon_core.environment:checking '/home/neural/Neural-Knights/install/gazebo_ros2_control_demos' for CMake config files
[4.933s] DEBUG:colcon.colcon_core.event_handler.log_command:Invoked command in '/home/neural/Neural-Knights/build/gazebo_ros2_control_demos' returned '0': CMAKE_PREFIX_PATH=/home/neural/Neural-Knights/install/gazebo_ros2_control:/home/neural/Neural-Knights/install/diffdrive_arduino:/home/neural/Neural-Knights/install/serial:/home/neural/Neural-Knights/install/gazebo_ros2_control_demos:/home/neural/Neural-Knights/install/articubot_one:/opt/ros/humble LD_LIBRARY_PATH=/home/neural/Neural-Knights/install/gazebo_ros2_control/lib:/home/neural/Neural-Knights/install/diffdrive_arduino/lib:/home/neural/Neural-Knights/install/serial/lib:/usr/lib/x86_64-linux-gnu/gazebo-11/plugins:/opt/ros/humble/opt/rviz_ogre_vendor/lib:/opt/ros/humble/lib/x86_64-linux-gnu:/opt/ros/humble/lib /usr/bin/cmake --install /home/neural/Neural-Knights/build/gazebo_ros2_control_demos
[4.936s] Level 1:colcon.colcon_core.shell:create_environment_hook('gazebo_ros2_control_demos', 'cmake_prefix_path')
[4.938s] INFO:colcon.colcon_core.shell:Creating environment hook '/home/neural/Neural-Knights/install/gazebo_ros2_control_demos/share/gazebo_ros2_control_demos/hook/cmake_prefix_path.ps1'
[4.941s] INFO:colcon.colcon_core.shell:Creating environment descriptor '/home/neural/Neural-Knights/install/gazebo_ros2_control_demos/share/gazebo_ros2_control_demos/hook/cmake_prefix_path.dsv'
[4.943s] INFO:colcon.colcon_core.shell:Creating environment hook '/home/neural/Neural-Knights/install/gazebo_ros2_control_demos/share/gazebo_ros2_control_demos/hook/cmake_prefix_path.sh'
[4.947s] Level 1:colcon.colcon_core.environment:checking '/home/neural/Neural-Knights/install/gazebo_ros2_control_demos/lib'
[4.948s] Level 1:colcon.colcon_core.environment:checking '/home/neural/Neural-Knights/install/gazebo_ros2_control_demos/bin'
[4.949s] Level 1:colcon.colcon_core.environment:checking '/home/neural/Neural-Knights/install/gazebo_ros2_control_demos/lib/pkgconfig/gazebo_ros2_control_demos.pc'
[4.951s] Level 1:colcon.colcon_core.environment:checking '/home/neural/Neural-Knights/install/gazebo_ros2_control_demos/lib/python3.10/site-packages'
[4.953s] Level 1:colcon.colcon_core.environment:checking '/home/neural/Neural-Knights/install/gazebo_ros2_control_demos/bin'
[4.956s] INFO:colcon.colcon_core.shell:Creating package script '/home/neural/Neural-Knights/install/gazebo_ros2_control_demos/share/gazebo_ros2_control_demos/package.ps1'
[4.960s] INFO:colcon.colcon_core.shell:Creating package descriptor '/home/neural/Neural-Knights/install/gazebo_ros2_control_demos/share/gazebo_ros2_control_demos/package.dsv'
[4.963s] INFO:colcon.colcon_core.shell:Creating package script '/home/neural/Neural-Knights/install/gazebo_ros2_control_demos/share/gazebo_ros2_control_demos/package.sh'
[4.966s] INFO:colcon.colcon_core.shell:Creating package script '/home/neural/Neural-Knights/install/gazebo_ros2_control_demos/share/gazebo_ros2_control_demos/package.bash'
[4.969s] INFO:colcon.colcon_core.shell:Creating package script '/home/neural/Neural-Knights/install/gazebo_ros2_control_demos/share/gazebo_ros2_control_demos/package.zsh'
[4.971s] Level 1:colcon.colcon_core.environment:create_file_with_runtime_dependencies(/home/neural/Neural-Knights/install/gazebo_ros2_control_demos/share/colcon-core/packages/gazebo_ros2_control_demos)
[4.977s] Level 1:colcon.colcon_core.environment:create_environment_scripts_only(gazebo_ros2_control_demos)
[4.979s] Level 1:colcon.colcon_core.environment:checking '/home/neural/Neural-Knights/install/gazebo_ros2_control_demos' for CMake module files
[4.983s] Level 1:colcon.colcon_core.environment:checking '/home/neural/Neural-Knights/install/gazebo_ros2_control_demos' for CMake config files
[4.986s] Level 1:colcon.colcon_core.shell:create_environment_hook('gazebo_ros2_control_demos', 'cmake_prefix_path')
[4.988s] INFO:colcon.colcon_core.shell:Creating environment hook '/home/neural/Neural-Knights/install/gazebo_ros2_control_demos/share/gazebo_ros2_control_demos/hook/cmake_prefix_path.ps1'
[4.992s] INFO:colcon.colcon_core.shell:Creating environment descriptor '/home/neural/Neural-Knights/install/gazebo_ros2_control_demos/share/gazebo_ros2_control_demos/hook/cmake_prefix_path.dsv'
[4.994s] INFO:colcon.colcon_core.shell:Creating environment hook '/home/neural/Neural-Knights/install/gazebo_ros2_control_demos/share/gazebo_ros2_control_demos/hook/cmake_prefix_path.sh'
[4.998s] Level 1:colcon.colcon_core.environment:checking '/home/neural/Neural-Knights/install/gazebo_ros2_control_demos/lib'
[4.999s] Level 1:colcon.colcon_core.environment:checking '/home/neural/Neural-Knights/install/gazebo_ros2_control_demos/bin'
[4.999s] Level 1:colcon.colcon_core.environment:checking '/home/neural/Neural-Knights/install/gazebo_ros2_control_demos/lib/pkgconfig/gazebo_ros2_control_demos.pc'
[5.001s] Level 1:colcon.colcon_core.environment:checking '/home/neural/Neural-Knights/install/gazebo_ros2_control_demos/lib/python3.10/site-packages'
[5.003s] Level 1:colcon.colcon_core.environment:checking '/home/neural/Neural-Knights/install/gazebo_ros2_control_demos/bin'
[5.005s] INFO:colcon.colcon_core.shell:Creating package script '/home/neural/Neural-Knights/install/gazebo_ros2_control_demos/share/gazebo_ros2_control_demos/package.ps1'
[5.009s] INFO:colcon.colcon_core.shell:Creating package descriptor '/home/neural/Neural-Knights/install/gazebo_ros2_control_demos/share/gazebo_ros2_control_demos/package.dsv'
[5.013s] INFO:colcon.colcon_core.shell:Creating package script '/home/neural/Neural-Knights/install/gazebo_ros2_control_demos/share/gazebo_ros2_control_demos/package.sh'
[5.016s] INFO:colcon.colcon_core.shell:Creating package script '/home/neural/Neural-Knights/install/gazebo_ros2_control_demos/share/gazebo_ros2_control_demos/package.bash'
[5.020s] INFO:colcon.colcon_core.shell:Creating package script '/home/neural/Neural-Knights/install/gazebo_ros2_control_demos/share/gazebo_ros2_control_demos/package.zsh'
[5.024s] Level 1:colcon.colcon_core.environment:create_file_with_runtime_dependencies(/home/neural/Neural-Knights/install/gazebo_ros2_control_demos/share/colcon-core/packages/gazebo_ros2_control_demos)
[5.028s] DEBUG:colcon.colcon_parallel_executor.executor.parallel:closing loop
[5.029s] DEBUG:colcon.colcon_parallel_executor.executor.parallel:loop closed
[5.031s] DEBUG:colcon.colcon_parallel_executor.executor.parallel:run_until_complete finished with '0'
[5.032s] DEBUG:colcon.colcon_core.event_reactor:joining thread
[5.066s] INFO:colcon.colcon_core.plugin_system:Skipping extension 'colcon_notification.desktop_notification.terminal_notifier': Not used on non-Darwin systems
[5.068s] INFO:colcon.colcon_core.plugin_system:Skipping extension 'colcon_notification.desktop_notification.win32': Not used on non-Windows systems
[5.069s] INFO:colcon.colcon_notification.desktop_notification:Sending desktop notification using 'notify2'
[5.149s] DEBUG:colcon.colcon_core.event_reactor:joined thread
[5.151s] INFO:colcon.colcon_core.shell:Creating prefix script '/home/neural/Neural-Knights/install/local_setup.ps1'
[5.163s] INFO:colcon.colcon_core.shell:Creating prefix util module '/home/neural/Neural-Knights/install/_local_setup_util_ps1.py'
[5.184s] INFO:colcon.colcon_core.shell:Creating prefix chain script '/home/neural/Neural-Knights/install/setup.ps1'
[5.194s] INFO:colcon.colcon_core.shell:Creating prefix script '/home/neural/Neural-Knights/install/local_setup.sh'
[5.199s] INFO:colcon.colcon_core.shell:Creating prefix util module '/home/neural/Neural-Knights/install/_local_setup_util_sh.py'
[5.203s] INFO:colcon.colcon_core.shell:Creating prefix chain script '/home/neural/Neural-Knights/install/setup.sh'
[5.215s] INFO:colcon.colcon_core.shell:Creating prefix script '/home/neural/Neural-Knights/install/local_setup.bash'
[5.220s] INFO:colcon.colcon_core.shell:Creating prefix chain script '/home/neural/Neural-Knights/install/setup.bash'
[5.229s] INFO:colcon.colcon_core.shell:Creating prefix script '/home/neural/Neural-Knights/install/local_setup.zsh'
[5.233s] INFO:colcon.colcon_core.shell:Creating prefix chain script '/home/neural/Neural-Knights/install/setup.zsh'
