[0.054s] Invoking command in '/home/chemweno/Neural-Knights/build/diffdrive_arduino': CMAKE_PREFIX_PATH=/home/chemweno/Neural-Knights/install/serial:/home/chemweno/Neural-Knights/install/diffdrive_arduino:/home/chemweno/Neural-Knights/install/gazebo_ros2_control_demos:/home/chemweno/Neural-Knights/install/gazebo_ros2_control:/home/chemweno/Neural-Knights/install/articubot_one:/opt/ros/humble /usr/bin/cmake --build /home/chemweno/Neural-Knights/build/diffdrive_arduino -- -j4 -l4
[0.488s] [ 42%] Built target fake_robot
[0.542s] [100%] Built target diffdrive_arduino
[0.586s] Invoked command in '/home/chemweno/Neural-Knights/build/diffdrive_arduino' returned '0': CMAKE_PREFIX_PATH=/home/chemweno/Neural-Knights/install/serial:/home/chemweno/Neural-Knights/install/diffdrive_arduino:/home/chemweno/Neural-Knights/install/gazebo_ros2_control_demos:/home/chemweno/Neural-Knights/install/gazebo_ros2_control:/home/chemweno/Neural-Knights/install/articubot_one:/opt/ros/humble /usr/bin/cmake --build /home/chemweno/Neural-Knights/build/diffdrive_arduino -- -j4 -l4
[0.596s] Invoking command in '/home/chemweno/Neural-Knights/build/diffdrive_arduino': CMAKE_PREFIX_PATH=/home/chemweno/Neural-Knights/install/serial:/home/chemweno/Neural-Knights/install/diffdrive_arduino:/home/chemweno/Neural-Knights/install/gazebo_ros2_control_demos:/home/chemweno/Neural-Knights/install/gazebo_ros2_control:/home/chemweno/Neural-Knights/install/articubot_one:/opt/ros/humble /usr/bin/cmake --install /home/chemweno/Neural-Knights/build/diffdrive_arduino
[0.628s] -- Install configuration: ""
[0.630s] -- Execute custom install script
[0.632s] -- Up-to-date symlink: /home/chemweno/Neural-Knights/install/diffdrive_arduino/share/diffdrive_arduino//robot_hardware.xml
[0.633s] -- Up-to-date symlink: /home/chemweno/Neural-Knights/install/diffdrive_arduino/share/diffdrive_arduino//fake_robot_hardware.xml
[0.634s] -- Up-to-date symlink: /home/chemweno/Neural-Knights/install/diffdrive_arduino/lib/libdiffdrive_arduino.so
[0.637s] -- Up-to-date symlink: /home/chemweno/Neural-Knights/install/diffdrive_arduino/lib/libfake_robot.so
[0.638s] -- Up-to-date symlink: /home/chemweno/Neural-Knights/install/diffdrive_arduino/share/diffdrive_arduino/controllers/robot_controller_example.yaml
[0.640s] -- Up-to-date symlink: /home/chemweno/Neural-Knights/install/diffdrive_arduino/share/diffdrive_arduino/__pycache__/test_robot.launch.cpython-310.pyc
[0.640s] -- Up-to-date symlink: /home/chemweno/Neural-Knights/install/diffdrive_arduino/share/diffdrive_arduino/fake_robot.launch.py
[0.642s] -- Up-to-date symlink: /home/chemweno/Neural-Knights/install/diffdrive_arduino/share/diffdrive_arduino/test_robot.launch.py
[0.643s] -- Up-to-date symlink: /home/chemweno/Neural-Knights/install/diffdrive_arduino/share/diffdrive_arduino/environment/library_path.sh
[0.645s] -- Up-to-date symlink: /home/chemweno/Neural-Knights/install/diffdrive_arduino/share/diffdrive_arduino/environment/library_path.dsv
[0.647s] -- Up-to-date symlink: /home/chemweno/Neural-Knights/install/diffdrive_arduino/share/ament_index/resource_index/package_run_dependencies/diffdrive_arduino
[0.649s] -- Up-to-date symlink: /home/chemweno/Neural-Knights/install/diffdrive_arduino/share/ament_index/resource_index/parent_prefix_path/diffdrive_arduino
[0.658s] -- Up-to-date symlink: /home/chemweno/Neural-Knights/install/diffdrive_arduino/share/diffdrive_arduino/environment/ament_prefix_path.sh
[0.659s] -- Up-to-date symlink: /home/chemweno/Neural-Knights/install/diffdrive_arduino/share/diffdrive_arduino/environment/ament_prefix_path.dsv
[0.659s] -- Up-to-date symlink: /home/chemweno/Neural-Knights/install/diffdrive_arduino/share/diffdrive_arduino/environment/path.sh
[0.664s] -- Up-to-date symlink: /home/chemweno/Neural-Knights/install/diffdrive_arduino/share/diffdrive_arduino/environment/path.dsv
[0.665s] -- Up-to-date symlink: /home/chemweno/Neural-Knights/install/diffdrive_arduino/share/diffdrive_arduino/local_setup.bash
[0.666s] -- Up-to-date symlink: /home/chemweno/Neural-Knights/install/diffdrive_arduino/share/diffdrive_arduino/local_setup.sh
[0.666s] -- Up-to-date symlink: /home/chemweno/Neural-Knights/install/diffdrive_arduino/share/diffdrive_arduino/local_setup.zsh
[0.667s] -- Up-to-date symlink: /home/chemweno/Neural-Knights/install/diffdrive_arduino/share/diffdrive_arduino/local_setup.dsv
[0.668s] -- Symlinking: /home/chemweno/Neural-Knights/install/diffdrive_arduino/share/diffdrive_arduino/package.dsv
[0.708s] -- Up-to-date symlink: /home/chemweno/Neural-Knights/install/diffdrive_arduino/share/ament_index/resource_index/packages/diffdrive_arduino
[0.710s] -- Up-to-date symlink: /home/chemweno/Neural-Knights/install/diffdrive_arduino/share/ament_index/resource_index/hardware_interface__pluginlib__plugin/diffdrive_arduino
[0.712s] -- Up-to-date symlink: /home/chemweno/Neural-Knights/install/diffdrive_arduino/share/diffdrive_arduino/cmake/ament_cmake_export_libraries-extras.cmake
[0.714s] -- Up-to-date symlink: /home/chemweno/Neural-Knights/install/diffdrive_arduino/share/diffdrive_arduino/cmake/ament_cmake_export_dependencies-extras.cmake
[0.715s] -- Up-to-date symlink: /home/chemweno/Neural-Knights/install/diffdrive_arduino/share/diffdrive_arduino/cmake/diffdrive_arduinoConfig.cmake
[0.717s] -- Up-to-date symlink: /home/chemweno/Neural-Knights/install/diffdrive_arduino/share/diffdrive_arduino/cmake/diffdrive_arduinoConfig-version.cmake
[0.719s] -- Up-to-date symlink: /home/chemweno/Neural-Knights/install/diffdrive_arduino/share/diffdrive_arduino/package.xml
[0.735s] Invoked command in '/home/chemweno/Neural-Knights/build/diffdrive_arduino' returned '0': CMAKE_PREFIX_PATH=/home/chemweno/Neural-Knights/install/serial:/home/chemweno/Neural-Knights/install/diffdrive_arduino:/home/chemweno/Neural-Knights/install/gazebo_ros2_control_demos:/home/chemweno/Neural-Knights/install/gazebo_ros2_control:/home/chemweno/Neural-Knights/install/articubot_one:/opt/ros/humble /usr/bin/cmake --install /home/chemweno/Neural-Knights/build/diffdrive_arduino
