[0.451s] DEBUG:colcon:Command line arguments: ['/usr/bin/colcon', 'build', '--symlink-install', '--packages-select', 'diffdrive_arduino']
[0.451s] DEBUG:colcon:Parsed command line arguments: Namespace(log_base=None, log_level=None, verb_name='build', build_base='build', install_base='install', merge_install=False, symlink_install=True, test_result_base=None, continue_on_error=False, executor='parallel', parallel_workers=4, event_handlers=None, ignore_user_meta=False, metas=['./colcon.meta'], base_paths=['.'], packages_ignore=None, packages_ignore_regex=None, paths=None, packages_up_to=None, packages_up_to_regex=None, packages_above=None, packages_above_and_dependencies=None, packages_above_depth=None, packages_select_by_dep=None, packages_skip_by_dep=None, packages_skip_up_to=None, packages_select_build_failed=False, packages_skip_build_finished=False, packages_select_test_failures=False, packages_skip_test_passed=False, packages_select=['diffdrive_arduino'], packages_skip=None, packages_select_regex=None, packages_skip_regex=None, packages_start=None, packages_end=None, allow_overriding=[], cmake_args=None, cmake_target=None, cmake_target_skip_unavailable=False, cmake_clean_cache=False, cmake_clean_first=False, cmake_force_configure=False, ament_cmake_args=None, catkin_cmake_args=None, catkin_skip_building_tests=False, mixin_files=None, mixin=None, verb_parser=<colcon_mixin.mixin.mixin_argument.MixinArgumentDecorator object at 0x7fcd18e0a9e0>, verb_extension=<colcon_core.verb.build.BuildVerb object at 0x7fcd18e0a260>, main=<bound method BuildVerb.main of <colcon_core.verb.build.BuildVerb object at 0x7fcd18e0a260>>, mixin_verb=('build',))
[1.162s] Level 1:colcon.colcon_core.package_discovery:discover_packages(colcon_meta) check parameters
[1.163s] Level 1:colcon.colcon_core.package_discovery:discover_packages(recursive) check parameters
[1.163s] Level 1:colcon.colcon_core.package_discovery:discover_packages(ignore) check parameters
[1.163s] Level 1:colcon.colcon_core.package_discovery:discover_packages(path) check parameters
[1.163s] Level 1:colcon.colcon_core.package_discovery:discover_packages(colcon_meta) discover
[1.163s] Level 1:colcon.colcon_core.package_discovery:discover_packages(recursive) discover
[1.164s] INFO:colcon.colcon_core.package_discovery:Crawling recursively for packages in '/home/neural/Neural-Knights'
[1.164s] Level 1:colcon.colcon_core.package_identification:_identify(.) by extensions ['ignore', 'ignore_ament_install']
[1.164s] Level 1:colcon.colcon_core.package_identification:_identify(.) by extension 'ignore'
[1.164s] Level 1:colcon.colcon_core.package_identification:_identify(.) by extension 'ignore_ament_install'
[1.165s] Level 1:colcon.colcon_core.package_identification:_identify(.) by extensions ['colcon_pkg']
[1.165s] Level 1:colcon.colcon_core.package_identification:_identify(.) by extension 'colcon_pkg'
[1.165s] Level 1:colcon.colcon_core.package_identification:_identify(.) by extensions ['colcon_meta']
[1.165s] Level 1:colcon.colcon_core.package_identification:_identify(.) by extension 'colcon_meta'
[1.165s] Level 1:colcon.colcon_core.package_identification:_identify(.) by extensions ['ros']
[1.165s] Level 1:colcon.colcon_core.package_identification:_identify(.) by extension 'ros'
[1.219s] Level 1:colcon.colcon_core.package_identification:_identify(.) by extensions ['cmake', 'python']
[1.219s] Level 1:colcon.colcon_core.package_identification:_identify(.) by extension 'cmake'
[1.219s] Level 1:colcon.colcon_core.package_identification:_identify(.) by extension 'python'
[1.220s] Level 1:colcon.colcon_core.package_identification:_identify(.) by extensions ['python_setup_py']
[1.220s] Level 1:colcon.colcon_core.package_identification:_identify(.) by extension 'python_setup_py'
[1.221s] Level 1:colcon.colcon_core.package_identification:_identify(build) by extensions ['ignore', 'ignore_ament_install']
[1.221s] Level 1:colcon.colcon_core.package_identification:_identify(build) by extension 'ignore'
[1.222s] Level 1:colcon.colcon_core.package_identification:_identify(build) ignored
[1.222s] Level 1:colcon.colcon_core.package_identification:_identify(install) by extensions ['ignore', 'ignore_ament_install']
[1.223s] Level 1:colcon.colcon_core.package_identification:_identify(install) by extension 'ignore'
[1.223s] Level 1:colcon.colcon_core.package_identification:_identify(install) ignored
[1.224s] Level 1:colcon.colcon_core.package_identification:_identify(log) by extensions ['ignore', 'ignore_ament_install']
[1.224s] Level 1:colcon.colcon_core.package_identification:_identify(log) by extension 'ignore'
[1.224s] Level 1:colcon.colcon_core.package_identification:_identify(log) ignored
[1.225s] Level 1:colcon.colcon_core.package_identification:_identify(src) by extensions ['ignore', 'ignore_ament_install']
[1.225s] Level 1:colcon.colcon_core.package_identification:_identify(src) by extension 'ignore'
[1.226s] Level 1:colcon.colcon_core.package_identification:_identify(src) by extension 'ignore_ament_install'
[1.226s] Level 1:colcon.colcon_core.package_identification:_identify(src) by extensions ['colcon_pkg']
[1.226s] Level 1:colcon.colcon_core.package_identification:_identify(src) by extension 'colcon_pkg'
[1.227s] Level 1:colcon.colcon_core.package_identification:_identify(src) by extensions ['colcon_meta']
[1.227s] Level 1:colcon.colcon_core.package_identification:_identify(src) by extension 'colcon_meta'
[1.227s] Level 1:colcon.colcon_core.package_identification:_identify(src) by extensions ['ros']
[1.227s] Level 1:colcon.colcon_core.package_identification:_identify(src) by extension 'ros'
[1.228s] Level 1:colcon.colcon_core.package_identification:_identify(src) by extensions ['cmake', 'python']
[1.228s] Level 1:colcon.colcon_core.package_identification:_identify(src) by extension 'cmake'
[1.228s] Level 1:colcon.colcon_core.package_identification:_identify(src) by extension 'python'
[1.229s] Level 1:colcon.colcon_core.package_identification:_identify(src) by extensions ['python_setup_py']
[1.229s] Level 1:colcon.colcon_core.package_identification:_identify(src) by extension 'python_setup_py'
[1.230s] Level 1:colcon.colcon_core.package_identification:_identify(src/articubot_one) by extensions ['ignore', 'ignore_ament_install']
[1.230s] Level 1:colcon.colcon_core.package_identification:_identify(src/articubot_one) by extension 'ignore'
[1.231s] Level 1:colcon.colcon_core.package_identification:_identify(src/articubot_one) by extension 'ignore_ament_install'
[1.231s] Level 1:colcon.colcon_core.package_identification:_identify(src/articubot_one) by extensions ['colcon_pkg']
[1.231s] Level 1:colcon.colcon_core.package_identification:_identify(src/articubot_one) by extension 'colcon_pkg'
[1.231s] Level 1:colcon.colcon_core.package_identification:_identify(src/articubot_one) by extensions ['colcon_meta']
[1.232s] Level 1:colcon.colcon_core.package_identification:_identify(src/articubot_one) by extension 'colcon_meta'
[1.232s] Level 1:colcon.colcon_core.package_identification:_identify(src/articubot_one) by extensions ['ros']
[1.232s] Level 1:colcon.colcon_core.package_identification:_identify(src/articubot_one) by extension 'ros'
[1.246s] DEBUG:colcon.colcon_core.package_identification:Package 'src/articubot_one' with type 'ros.ament_cmake' and name 'articubot_one'
[1.247s] Level 1:colcon.colcon_core.package_identification:_identify(src/diffdrive_arduino) by extensions ['ignore', 'ignore_ament_install']
[1.247s] Level 1:colcon.colcon_core.package_identification:_identify(src/diffdrive_arduino) by extension 'ignore'
[1.248s] Level 1:colcon.colcon_core.package_identification:_identify(src/diffdrive_arduino) by extension 'ignore_ament_install'
[1.248s] Level 1:colcon.colcon_core.package_identification:_identify(src/diffdrive_arduino) by extensions ['colcon_pkg']
[1.248s] Level 1:colcon.colcon_core.package_identification:_identify(src/diffdrive_arduino) by extension 'colcon_pkg'
[1.249s] Level 1:colcon.colcon_core.package_identification:_identify(src/diffdrive_arduino) by extensions ['colcon_meta']
[1.249s] Level 1:colcon.colcon_core.package_identification:_identify(src/diffdrive_arduino) by extension 'colcon_meta'
[1.249s] Level 1:colcon.colcon_core.package_identification:_identify(src/diffdrive_arduino) by extensions ['ros']
[1.249s] Level 1:colcon.colcon_core.package_identification:_identify(src/diffdrive_arduino) by extension 'ros'
[1.257s] DEBUG:colcon.colcon_core.package_identification:Package 'src/diffdrive_arduino' with type 'ros.ament_cmake' and name 'diffdrive_arduino'
[1.258s] Level 1:colcon.colcon_core.package_identification:_identify(src/gazebo_ros2_control) by extensions ['ignore', 'ignore_ament_install']
[1.258s] Level 1:colcon.colcon_core.package_identification:_identify(src/gazebo_ros2_control) by extension 'ignore'
[1.259s] Level 1:colcon.colcon_core.package_identification:_identify(src/gazebo_ros2_control) by extension 'ignore_ament_install'
[1.259s] Level 1:colcon.colcon_core.package_identification:_identify(src/gazebo_ros2_control) by extensions ['colcon_pkg']
[1.259s] Level 1:colcon.colcon_core.package_identification:_identify(src/gazebo_ros2_control) by extension 'colcon_pkg'
[1.260s] Level 1:colcon.colcon_core.package_identification:_identify(src/gazebo_ros2_control) by extensions ['colcon_meta']
[1.260s] Level 1:colcon.colcon_core.package_identification:_identify(src/gazebo_ros2_control) by extension 'colcon_meta'
[1.260s] Level 1:colcon.colcon_core.package_identification:_identify(src/gazebo_ros2_control) by extensions ['ros']
[1.260s] Level 1:colcon.colcon_core.package_identification:_identify(src/gazebo_ros2_control) by extension 'ros'
[1.261s] Level 1:colcon.colcon_core.package_identification:_identify(src/gazebo_ros2_control) by extensions ['cmake', 'python']
[1.261s] Level 1:colcon.colcon_core.package_identification:_identify(src/gazebo_ros2_control) by extension 'cmake'
[1.262s] Level 1:colcon.colcon_core.package_identification:_identify(src/gazebo_ros2_control) by extension 'python'
[1.262s] Level 1:colcon.colcon_core.package_identification:_identify(src/gazebo_ros2_control) by extensions ['python_setup_py']
[1.262s] Level 1:colcon.colcon_core.package_identification:_identify(src/gazebo_ros2_control) by extension 'python_setup_py'
[1.263s] Level 1:colcon.colcon_core.package_identification:_identify(src/gazebo_ros2_control/Docker) by extensions ['ignore', 'ignore_ament_install']
[1.263s] Level 1:colcon.colcon_core.package_identification:_identify(src/gazebo_ros2_control/Docker) by extension 'ignore'
[1.264s] Level 1:colcon.colcon_core.package_identification:_identify(src/gazebo_ros2_control/Docker) by extension 'ignore_ament_install'
[1.264s] Level 1:colcon.colcon_core.package_identification:_identify(src/gazebo_ros2_control/Docker) by extensions ['colcon_pkg']
[1.264s] Level 1:colcon.colcon_core.package_identification:_identify(src/gazebo_ros2_control/Docker) by extension 'colcon_pkg'
[1.265s] Level 1:colcon.colcon_core.package_identification:_identify(src/gazebo_ros2_control/Docker) by extensions ['colcon_meta']
[1.265s] Level 1:colcon.colcon_core.package_identification:_identify(src/gazebo_ros2_control/Docker) by extension 'colcon_meta'
[1.265s] Level 1:colcon.colcon_core.package_identification:_identify(src/gazebo_ros2_control/Docker) by extensions ['ros']
[1.266s] Level 1:colcon.colcon_core.package_identification:_identify(src/gazebo_ros2_control/Docker) by extension 'ros'
[1.266s] Level 1:colcon.colcon_core.package_identification:_identify(src/gazebo_ros2_control/Docker) by extensions ['cmake', 'python']
[1.266s] Level 1:colcon.colcon_core.package_identification:_identify(src/gazebo_ros2_control/Docker) by extension 'cmake'
[1.267s] Level 1:colcon.colcon_core.package_identification:_identify(src/gazebo_ros2_control/Docker) by extension 'python'
[1.267s] Level 1:colcon.colcon_core.package_identification:_identify(src/gazebo_ros2_control/Docker) by extensions ['python_setup_py']
[1.267s] Level 1:colcon.colcon_core.package_identification:_identify(src/gazebo_ros2_control/Docker) by extension 'python_setup_py'
[1.268s] Level 1:colcon.colcon_core.package_identification:_identify(src/gazebo_ros2_control/doc) by extensions ['ignore', 'ignore_ament_install']
[1.268s] Level 1:colcon.colcon_core.package_identification:_identify(src/gazebo_ros2_control/doc) by extension 'ignore'
[1.269s] Level 1:colcon.colcon_core.package_identification:_identify(src/gazebo_ros2_control/doc) by extension 'ignore_ament_install'
[1.269s] Level 1:colcon.colcon_core.package_identification:_identify(src/gazebo_ros2_control/doc) by extensions ['colcon_pkg']
[1.269s] Level 1:colcon.colcon_core.package_identification:_identify(src/gazebo_ros2_control/doc) by extension 'colcon_pkg'
[1.270s] Level 1:colcon.colcon_core.package_identification:_identify(src/gazebo_ros2_control/doc) by extensions ['colcon_meta']
[1.270s] Level 1:colcon.colcon_core.package_identification:_identify(src/gazebo_ros2_control/doc) by extension 'colcon_meta'
[1.270s] Level 1:colcon.colcon_core.package_identification:_identify(src/gazebo_ros2_control/doc) by extensions ['ros']
[1.271s] Level 1:colcon.colcon_core.package_identification:_identify(src/gazebo_ros2_control/doc) by extension 'ros'
[1.271s] Level 1:colcon.colcon_core.package_identification:_identify(src/gazebo_ros2_control/doc) by extensions ['cmake', 'python']
[1.271s] Level 1:colcon.colcon_core.package_identification:_identify(src/gazebo_ros2_control/doc) by extension 'cmake'
[1.272s] Level 1:colcon.colcon_core.package_identification:_identify(src/gazebo_ros2_control/doc) by extension 'python'
[1.272s] Level 1:colcon.colcon_core.package_identification:_identify(src/gazebo_ros2_control/doc) by extensions ['python_setup_py']
[1.272s] Level 1:colcon.colcon_core.package_identification:_identify(src/gazebo_ros2_control/doc) by extension 'python_setup_py'
[1.273s] Level 1:colcon.colcon_core.package_identification:_identify(src/gazebo_ros2_control/doc/img) by extensions ['ignore', 'ignore_ament_install']
[1.274s] Level 1:colcon.colcon_core.package_identification:_identify(src/gazebo_ros2_control/doc/img) by extension 'ignore'
[1.274s] Level 1:colcon.colcon_core.package_identification:_identify(src/gazebo_ros2_control/doc/img) by extension 'ignore_ament_install'
[1.274s] Level 1:colcon.colcon_core.package_identification:_identify(src/gazebo_ros2_control/doc/img) by extensions ['colcon_pkg']
[1.275s] Level 1:colcon.colcon_core.package_identification:_identify(src/gazebo_ros2_control/doc/img) by extension 'colcon_pkg'
[1.275s] Level 1:colcon.colcon_core.package_identification:_identify(src/gazebo_ros2_control/doc/img) by extensions ['colcon_meta']
[1.275s] Level 1:colcon.colcon_core.package_identification:_identify(src/gazebo_ros2_control/doc/img) by extension 'colcon_meta'
[1.275s] Level 1:colcon.colcon_core.package_identification:_identify(src/gazebo_ros2_control/doc/img) by extensions ['ros']
[1.276s] Level 1:colcon.colcon_core.package_identification:_identify(src/gazebo_ros2_control/doc/img) by extension 'ros'
[1.276s] Level 1:colcon.colcon_core.package_identification:_identify(src/gazebo_ros2_control/doc/img) by extensions ['cmake', 'python']
[1.276s] Level 1:colcon.colcon_core.package_identification:_identify(src/gazebo_ros2_control/doc/img) by extension 'cmake'
[1.277s] Level 1:colcon.colcon_core.package_identification:_identify(src/gazebo_ros2_control/doc/img) by extension 'python'
[1.277s] Level 1:colcon.colcon_core.package_identification:_identify(src/gazebo_ros2_control/doc/img) by extensions ['python_setup_py']
[1.277s] Level 1:colcon.colcon_core.package_identification:_identify(src/gazebo_ros2_control/doc/img) by extension 'python_setup_py'
[1.278s] Level 1:colcon.colcon_core.package_identification:_identify(src/gazebo_ros2_control/gazebo_ros2_control) by extensions ['ignore', 'ignore_ament_install']
[1.279s] Level 1:colcon.colcon_core.package_identification:_identify(src/gazebo_ros2_control/gazebo_ros2_control) by extension 'ignore'
[1.279s] Level 1:colcon.colcon_core.package_identification:_identify(src/gazebo_ros2_control/gazebo_ros2_control) by extension 'ignore_ament_install'
[1.279s] Level 1:colcon.colcon_core.package_identification:_identify(src/gazebo_ros2_control/gazebo_ros2_control) by extensions ['colcon_pkg']
[1.279s] Level 1:colcon.colcon_core.package_identification:_identify(src/gazebo_ros2_control/gazebo_ros2_control) by extension 'colcon_pkg'
[1.280s] Level 1:colcon.colcon_core.package_identification:_identify(src/gazebo_ros2_control/gazebo_ros2_control) by extensions ['colcon_meta']
[1.280s] Level 1:colcon.colcon_core.package_identification:_identify(src/gazebo_ros2_control/gazebo_ros2_control) by extension 'colcon_meta'
[1.280s] Level 1:colcon.colcon_core.package_identification:_identify(src/gazebo_ros2_control/gazebo_ros2_control) by extensions ['ros']
[1.280s] Level 1:colcon.colcon_core.package_identification:_identify(src/gazebo_ros2_control/gazebo_ros2_control) by extension 'ros'
[1.285s] DEBUG:colcon.colcon_core.package_identification:Package 'src/gazebo_ros2_control/gazebo_ros2_control' with type 'ros.ament_cmake' and name 'gazebo_ros2_control'
[1.286s] Level 1:colcon.colcon_core.package_identification:_identify(src/gazebo_ros2_control/gazebo_ros2_control_demos) by extensions ['ignore', 'ignore_ament_install']
[1.286s] Level 1:colcon.colcon_core.package_identification:_identify(src/gazebo_ros2_control/gazebo_ros2_control_demos) by extension 'ignore'
[1.286s] Level 1:colcon.colcon_core.package_identification:_identify(src/gazebo_ros2_control/gazebo_ros2_control_demos) by extension 'ignore_ament_install'
[1.286s] Level 1:colcon.colcon_core.package_identification:_identify(src/gazebo_ros2_control/gazebo_ros2_control_demos) by extensions ['colcon_pkg']
[1.287s] Level 1:colcon.colcon_core.package_identification:_identify(src/gazebo_ros2_control/gazebo_ros2_control_demos) by extension 'colcon_pkg'
[1.287s] Level 1:colcon.colcon_core.package_identification:_identify(src/gazebo_ros2_control/gazebo_ros2_control_demos) by extensions ['colcon_meta']
[1.287s] Level 1:colcon.colcon_core.package_identification:_identify(src/gazebo_ros2_control/gazebo_ros2_control_demos) by extension 'colcon_meta'
[1.287s] Level 1:colcon.colcon_core.package_identification:_identify(src/gazebo_ros2_control/gazebo_ros2_control_demos) by extensions ['ros']
[1.287s] Level 1:colcon.colcon_core.package_identification:_identify(src/gazebo_ros2_control/gazebo_ros2_control_demos) by extension 'ros'
[1.291s] DEBUG:colcon.colcon_core.package_identification:Package 'src/gazebo_ros2_control/gazebo_ros2_control_demos' with type 'ros.ament_cmake' and name 'gazebo_ros2_control_demos'
[1.291s] Level 1:colcon.colcon_core.package_identification:_identify(src/serial) by extensions ['ignore', 'ignore_ament_install']
[1.291s] Level 1:colcon.colcon_core.package_identification:_identify(src/serial) by extension 'ignore'
[1.292s] Level 1:colcon.colcon_core.package_identification:_identify(src/serial) by extension 'ignore_ament_install'
[1.292s] Level 1:colcon.colcon_core.package_identification:_identify(src/serial) by extensions ['colcon_pkg']
[1.292s] Level 1:colcon.colcon_core.package_identification:_identify(src/serial) by extension 'colcon_pkg'
[1.292s] Level 1:colcon.colcon_core.package_identification:_identify(src/serial) by extensions ['colcon_meta']
[1.292s] Level 1:colcon.colcon_core.package_identification:_identify(src/serial) by extension 'colcon_meta'
[1.293s] Level 1:colcon.colcon_core.package_identification:_identify(src/serial) by extensions ['ros']
[1.293s] Level 1:colcon.colcon_core.package_identification:_identify(src/serial) by extension 'ros'
[1.295s] DEBUG:colcon.colcon_core.package_identification:Package 'src/serial' with type 'ros.ament_cmake' and name 'serial'
[1.295s] Level 1:colcon.colcon_core.package_discovery:discover_packages(recursive) using defaults
[1.295s] Level 1:colcon.colcon_core.package_discovery:discover_packages(ignore) discover
[1.295s] Level 1:colcon.colcon_core.package_discovery:discover_packages(ignore) using defaults
[1.296s] Level 1:colcon.colcon_core.package_discovery:discover_packages(path) discover
[1.296s] Level 1:colcon.colcon_core.package_discovery:discover_packages(path) using defaults
[1.403s] INFO:colcon.colcon_core.package_selection:Skipping not selected package 'articubot_one' in 'src/articubot_one'
[1.403s] INFO:colcon.colcon_core.package_selection:Skipping not selected package 'gazebo_ros2_control' in 'src/gazebo_ros2_control/gazebo_ros2_control'
[1.403s] INFO:colcon.colcon_core.package_selection:Skipping not selected package 'serial' in 'src/serial'
[1.403s] INFO:colcon.colcon_core.package_selection:Skipping not selected package 'gazebo_ros2_control_demos' in 'src/gazebo_ros2_control/gazebo_ros2_control_demos'
[1.404s] Level 1:colcon.colcon_core.package_discovery:discover_packages(prefix_path) check parameters
[1.405s] Level 1:colcon.colcon_core.package_discovery:discover_packages(prefix_path) discover
[1.408s] WARNING:colcon.colcon_ros.prefix_path.ament:The path '/home/neural/Neural-Knights/install/diffdrive_arduino' in the environment variable AMENT_PREFIX_PATH doesn't exist
[1.409s] WARNING:colcon.colcon_ros.prefix_path.catkin:The path '/home/neural/Neural-Knights/install/diffdrive_arduino' in the environment variable CMAKE_PREFIX_PATH doesn't exist
[1.412s] DEBUG:colcon.colcon_installed_package_information.package_discovery:Found 4 installed packages in /home/neural/Neural-Knights/install
[1.419s] DEBUG:colcon.colcon_installed_package_information.package_discovery:Found 439 installed packages in /opt/ros/humble
[1.427s] Level 1:colcon.colcon_core.package_discovery:discover_packages(prefix_path) using defaults
[1.643s] Level 5:colcon.colcon_core.verb:set package 'diffdrive_arduino' build argument 'cmake_args' from command line to 'None'
[1.644s] Level 5:colcon.colcon_core.verb:set package 'diffdrive_arduino' build argument 'cmake_target' from command line to 'None'
[1.644s] Level 5:colcon.colcon_core.verb:set package 'diffdrive_arduino' build argument 'cmake_target_skip_unavailable' from command line to 'False'
[1.644s] Level 5:colcon.colcon_core.verb:set package 'diffdrive_arduino' build argument 'cmake_clean_cache' from command line to 'False'
[1.644s] Level 5:colcon.colcon_core.verb:set package 'diffdrive_arduino' build argument 'cmake_clean_first' from command line to 'False'
[1.644s] Level 5:colcon.colcon_core.verb:set package 'diffdrive_arduino' build argument 'cmake_force_configure' from command line to 'False'
[1.644s] Level 5:colcon.colcon_core.verb:set package 'diffdrive_arduino' build argument 'ament_cmake_args' from command line to 'None'
[1.644s] Level 5:colcon.colcon_core.verb:set package 'diffdrive_arduino' build argument 'catkin_cmake_args' from command line to 'None'
[1.644s] Level 5:colcon.colcon_core.verb:set package 'diffdrive_arduino' build argument 'catkin_skip_building_tests' from command line to 'False'
[1.644s] DEBUG:colcon.colcon_core.verb:Building package 'diffdrive_arduino' with the following arguments: {'ament_cmake_args': None, 'build_base': '/home/neural/Neural-Knights/build/diffdrive_arduino', 'catkin_cmake_args': None, 'catkin_skip_building_tests': False, 'cmake_args': None, 'cmake_clean_cache': False, 'cmake_clean_first': False, 'cmake_force_configure': False, 'cmake_target': None, 'cmake_target_skip_unavailable': False, 'install_base': '/home/neural/Neural-Knights/install/diffdrive_arduino', 'merge_install': False, 'path': '/home/neural/Neural-Knights/src/diffdrive_arduino', 'symlink_install': True, 'test_result_base': None}
[1.645s] INFO:colcon.colcon_core.executor:Executing jobs using 'parallel' executor
[1.648s] DEBUG:colcon.colcon_parallel_executor.executor.parallel:run_until_complete
[1.648s] INFO:colcon.colcon_ros.task.ament_cmake.build:Building ROS package in '/home/neural/Neural-Knights/src/diffdrive_arduino' with build type 'ament_cmake'
[1.648s] INFO:colcon.colcon_cmake.task.cmake.build:Building CMake package in '/home/neural/Neural-Knights/src/diffdrive_arduino'
[1.656s] INFO:colcon.colcon_core.plugin_system:Skipping extension 'colcon_core.shell.bat': Not used on non-Windows systems
[1.656s] INFO:colcon.colcon_core.shell:Skip shell extension 'powershell' for command environment: Not usable outside of PowerShell
[1.657s] DEBUG:colcon.colcon_core.shell:Skip shell extension 'dsv' for command environment
[1.700s] DEBUG:colcon.colcon_core.event_handler.log_command:Invoking command in '/home/neural/Neural-Knights/build/diffdrive_arduino': CMAKE_PREFIX_PATH=/home/neural/Neural-Knights/install/serial:/home/neural/Neural-Knights/install/diffdrive_arduino:/home/neural/Neural-Knights/install/gazebo_ros2_control_demos:/home/neural/Neural-Knights/install/gazebo_ros2_control:/home/neural/Neural-Knights/install/articubot_one:/opt/ros/humble /usr/bin/cmake /home/neural/Neural-Knights/src/diffdrive_arduino -DAMENT_CMAKE_SYMLINK_INSTALL=1 -DCMAKE_INSTALL_PREFIX=/home/neural/Neural-Knights/install/diffdrive_arduino
[7.466s] DEBUG:colcon.colcon_core.event_handler.log_command:Invoked command in '/home/neural/Neural-Knights/build/diffdrive_arduino' returned '0': CMAKE_PREFIX_PATH=/home/neural/Neural-Knights/install/serial:/home/neural/Neural-Knights/install/diffdrive_arduino:/home/neural/Neural-Knights/install/gazebo_ros2_control_demos:/home/neural/Neural-Knights/install/gazebo_ros2_control:/home/neural/Neural-Knights/install/articubot_one:/opt/ros/humble /usr/bin/cmake /home/neural/Neural-Knights/src/diffdrive_arduino -DAMENT_CMAKE_SYMLINK_INSTALL=1 -DCMAKE_INSTALL_PREFIX=/home/neural/Neural-Knights/install/diffdrive_arduino
[7.477s] DEBUG:colcon.colcon_core.event_handler.log_command:Invoking command in '/home/neural/Neural-Knights/build/diffdrive_arduino': CMAKE_PREFIX_PATH=/home/neural/Neural-Knights/install/serial:/home/neural/Neural-Knights/install/diffdrive_arduino:/home/neural/Neural-Knights/install/gazebo_ros2_control_demos:/home/neural/Neural-Knights/install/gazebo_ros2_control:/home/neural/Neural-Knights/install/articubot_one:/opt/ros/humble /usr/bin/cmake --build /home/neural/Neural-Knights/build/diffdrive_arduino -- -j4 -l4
[30.102s] DEBUG:colcon.colcon_core.event_handler.log_command:Invoked command in '/home/neural/Neural-Knights/build/diffdrive_arduino' returned '0': CMAKE_PREFIX_PATH=/home/neural/Neural-Knights/install/serial:/home/neural/Neural-Knights/install/diffdrive_arduino:/home/neural/Neural-Knights/install/gazebo_ros2_control_demos:/home/neural/Neural-Knights/install/gazebo_ros2_control:/home/neural/Neural-Knights/install/articubot_one:/opt/ros/humble /usr/bin/cmake --build /home/neural/Neural-Knights/build/diffdrive_arduino -- -j4 -l4
[30.144s] DEBUG:colcon.colcon_core.event_handler.log_command:Invoking command in '/home/neural/Neural-Knights/build/diffdrive_arduino': CMAKE_PREFIX_PATH=/home/neural/Neural-Knights/install/serial:/home/neural/Neural-Knights/install/diffdrive_arduino:/home/neural/Neural-Knights/install/gazebo_ros2_control_demos:/home/neural/Neural-Knights/install/gazebo_ros2_control:/home/neural/Neural-Knights/install/articubot_one:/opt/ros/humble /usr/bin/cmake --install /home/neural/Neural-Knights/build/diffdrive_arduino
[31.138s] Level 1:colcon.colcon_core.environment:create_environment_scripts_only(diffdrive_arduino)
[31.140s] DEBUG:colcon.colcon_core.event_handler.log_command:Invoked command in '/home/neural/Neural-Knights/build/diffdrive_arduino' returned '0': CMAKE_PREFIX_PATH=/home/neural/Neural-Knights/install/serial:/home/neural/Neural-Knights/install/diffdrive_arduino:/home/neural/Neural-Knights/install/gazebo_ros2_control_demos:/home/neural/Neural-Knights/install/gazebo_ros2_control:/home/neural/Neural-Knights/install/articubot_one:/opt/ros/humble /usr/bin/cmake --install /home/neural/Neural-Knights/build/diffdrive_arduino
[31.149s] Level 1:colcon.colcon_core.environment:checking '/home/neural/Neural-Knights/install/diffdrive_arduino' for CMake module files
[31.152s] Level 1:colcon.colcon_core.environment:checking '/home/neural/Neural-Knights/install/diffdrive_arduino' for CMake config files
[31.153s] Level 1:colcon.colcon_core.shell:create_environment_hook('diffdrive_arduino', 'cmake_prefix_path')
[31.154s] INFO:colcon.colcon_core.shell:Creating environment hook '/home/neural/Neural-Knights/install/diffdrive_arduino/share/diffdrive_arduino/hook/cmake_prefix_path.ps1'
[31.156s] INFO:colcon.colcon_core.shell:Creating environment descriptor '/home/neural/Neural-Knights/install/diffdrive_arduino/share/diffdrive_arduino/hook/cmake_prefix_path.dsv'
[31.159s] INFO:colcon.colcon_core.shell:Creating environment hook '/home/neural/Neural-Knights/install/diffdrive_arduino/share/diffdrive_arduino/hook/cmake_prefix_path.sh'
[31.162s] Level 1:colcon.colcon_core.environment:checking '/home/neural/Neural-Knights/install/diffdrive_arduino/lib'
[31.163s] Level 1:colcon.colcon_core.shell:create_environment_hook('diffdrive_arduino', 'ld_library_path_lib')
[31.164s] INFO:colcon.colcon_core.shell:Creating environment hook '/home/neural/Neural-Knights/install/diffdrive_arduino/share/diffdrive_arduino/hook/ld_library_path_lib.ps1'
[31.166s] INFO:colcon.colcon_core.shell:Creating environment descriptor '/home/neural/Neural-Knights/install/diffdrive_arduino/share/diffdrive_arduino/hook/ld_library_path_lib.dsv'
[31.167s] INFO:colcon.colcon_core.shell:Creating environment hook '/home/neural/Neural-Knights/install/diffdrive_arduino/share/diffdrive_arduino/hook/ld_library_path_lib.sh'
[31.168s] Level 1:colcon.colcon_core.environment:checking '/home/neural/Neural-Knights/install/diffdrive_arduino/bin'
[31.169s] Level 1:colcon.colcon_core.environment:checking '/home/neural/Neural-Knights/install/diffdrive_arduino/lib/pkgconfig/diffdrive_arduino.pc'
[31.170s] Level 1:colcon.colcon_core.environment:checking '/home/neural/Neural-Knights/install/diffdrive_arduino/lib/python3.10/site-packages'
[31.171s] Level 1:colcon.colcon_core.environment:checking '/home/neural/Neural-Knights/install/diffdrive_arduino/bin'
[31.172s] INFO:colcon.colcon_core.shell:Creating package script '/home/neural/Neural-Knights/install/diffdrive_arduino/share/diffdrive_arduino/package.ps1'
[31.175s] INFO:colcon.colcon_core.shell:Creating package descriptor '/home/neural/Neural-Knights/install/diffdrive_arduino/share/diffdrive_arduino/package.dsv'
[31.178s] INFO:colcon.colcon_core.shell:Creating package script '/home/neural/Neural-Knights/install/diffdrive_arduino/share/diffdrive_arduino/package.sh'
[31.181s] INFO:colcon.colcon_core.shell:Creating package script '/home/neural/Neural-Knights/install/diffdrive_arduino/share/diffdrive_arduino/package.bash'
[31.184s] INFO:colcon.colcon_core.shell:Creating package script '/home/neural/Neural-Knights/install/diffdrive_arduino/share/diffdrive_arduino/package.zsh'
[31.190s] Level 1:colcon.colcon_core.environment:create_file_with_runtime_dependencies(/home/neural/Neural-Knights/install/diffdrive_arduino/share/colcon-core/packages/diffdrive_arduino)
[31.193s] Level 1:colcon.colcon_core.environment:create_environment_scripts_only(diffdrive_arduino)
[31.194s] Level 1:colcon.colcon_core.environment:checking '/home/neural/Neural-Knights/install/diffdrive_arduino' for CMake module files
[31.197s] Level 1:colcon.colcon_core.environment:checking '/home/neural/Neural-Knights/install/diffdrive_arduino' for CMake config files
[31.200s] Level 1:colcon.colcon_core.shell:create_environment_hook('diffdrive_arduino', 'cmake_prefix_path')
[31.202s] INFO:colcon.colcon_core.shell:Creating environment hook '/home/neural/Neural-Knights/install/diffdrive_arduino/share/diffdrive_arduino/hook/cmake_prefix_path.ps1'
[31.204s] INFO:colcon.colcon_core.shell:Creating environment descriptor '/home/neural/Neural-Knights/install/diffdrive_arduino/share/diffdrive_arduino/hook/cmake_prefix_path.dsv'
[31.207s] INFO:colcon.colcon_core.shell:Creating environment hook '/home/neural/Neural-Knights/install/diffdrive_arduino/share/diffdrive_arduino/hook/cmake_prefix_path.sh'
[31.210s] Level 1:colcon.colcon_core.environment:checking '/home/neural/Neural-Knights/install/diffdrive_arduino/lib'
[31.211s] Level 1:colcon.colcon_core.shell:create_environment_hook('diffdrive_arduino', 'ld_library_path_lib')
[31.212s] INFO:colcon.colcon_core.shell:Creating environment hook '/home/neural/Neural-Knights/install/diffdrive_arduino/share/diffdrive_arduino/hook/ld_library_path_lib.ps1'
[31.214s] INFO:colcon.colcon_core.shell:Creating environment descriptor '/home/neural/Neural-Knights/install/diffdrive_arduino/share/diffdrive_arduino/hook/ld_library_path_lib.dsv'
[31.217s] INFO:colcon.colcon_core.shell:Creating environment hook '/home/neural/Neural-Knights/install/diffdrive_arduino/share/diffdrive_arduino/hook/ld_library_path_lib.sh'
[31.220s] Level 1:colcon.colcon_core.environment:checking '/home/neural/Neural-Knights/install/diffdrive_arduino/bin'
[31.220s] Level 1:colcon.colcon_core.environment:checking '/home/neural/Neural-Knights/install/diffdrive_arduino/lib/pkgconfig/diffdrive_arduino.pc'
[31.222s] Level 1:colcon.colcon_core.environment:checking '/home/neural/Neural-Knights/install/diffdrive_arduino/lib/python3.10/site-packages'
[31.223s] Level 1:colcon.colcon_core.environment:checking '/home/neural/Neural-Knights/install/diffdrive_arduino/bin'
[31.224s] INFO:colcon.colcon_core.shell:Creating package script '/home/neural/Neural-Knights/install/diffdrive_arduino/share/diffdrive_arduino/package.ps1'
[31.227s] INFO:colcon.colcon_core.shell:Creating package descriptor '/home/neural/Neural-Knights/install/diffdrive_arduino/share/diffdrive_arduino/package.dsv'
[31.230s] INFO:colcon.colcon_core.shell:Creating package script '/home/neural/Neural-Knights/install/diffdrive_arduino/share/diffdrive_arduino/package.sh'
[31.232s] INFO:colcon.colcon_core.shell:Creating package script '/home/neural/Neural-Knights/install/diffdrive_arduino/share/diffdrive_arduino/package.bash'
[31.234s] INFO:colcon.colcon_core.shell:Creating package script '/home/neural/Neural-Knights/install/diffdrive_arduino/share/diffdrive_arduino/package.zsh'
[31.235s] Level 1:colcon.colcon_core.environment:create_file_with_runtime_dependencies(/home/neural/Neural-Knights/install/diffdrive_arduino/share/colcon-core/packages/diffdrive_arduino)
[31.236s] DEBUG:colcon.colcon_parallel_executor.executor.parallel:closing loop
[31.238s] DEBUG:colcon.colcon_parallel_executor.executor.parallel:loop closed
[31.239s] DEBUG:colcon.colcon_parallel_executor.executor.parallel:run_until_complete finished with '0'
[31.240s] DEBUG:colcon.colcon_core.event_reactor:joining thread
[31.272s] INFO:colcon.colcon_core.plugin_system:Skipping extension 'colcon_notification.desktop_notification.terminal_notifier': Not used on non-Darwin systems
[31.273s] INFO:colcon.colcon_core.plugin_system:Skipping extension 'colcon_notification.desktop_notification.win32': Not used on non-Windows systems
[31.273s] INFO:colcon.colcon_notification.desktop_notification:Sending desktop notification using 'notify2'
[31.323s] DEBUG:colcon.colcon_core.event_reactor:joined thread
[31.325s] INFO:colcon.colcon_core.shell:Creating prefix script '/home/neural/Neural-Knights/install/local_setup.ps1'
[31.329s] INFO:colcon.colcon_core.shell:Creating prefix util module '/home/neural/Neural-Knights/install/_local_setup_util_ps1.py'
[31.337s] INFO:colcon.colcon_core.shell:Creating prefix chain script '/home/neural/Neural-Knights/install/setup.ps1'
[31.343s] INFO:colcon.colcon_core.shell:Creating prefix script '/home/neural/Neural-Knights/install/local_setup.sh'
[31.347s] INFO:colcon.colcon_core.shell:Creating prefix util module '/home/neural/Neural-Knights/install/_local_setup_util_sh.py'
[31.350s] INFO:colcon.colcon_core.shell:Creating prefix chain script '/home/neural/Neural-Knights/install/setup.sh'
[31.357s] INFO:colcon.colcon_core.shell:Creating prefix script '/home/neural/Neural-Knights/install/local_setup.bash'
[31.360s] INFO:colcon.colcon_core.shell:Creating prefix chain script '/home/neural/Neural-Knights/install/setup.bash'
[31.365s] INFO:colcon.colcon_core.shell:Creating prefix script '/home/neural/Neural-Knights/install/local_setup.zsh'
[31.370s] INFO:colcon.colcon_core.shell:Creating prefix chain script '/home/neural/Neural-Knights/install/setup.zsh'
