[0.244s] Invoking command in '/home/chemweno/Neural-Knights/build/articubot_one': CMAKE_PREFIX_PATH=${CMAKE_PREFIX_PATH}:/opt/ros/humble /usr/bin/cmake --build /home/chemweno/Neural-Knights/build/articubot_one -- -j4 -l4
[0.996s] Invoked command in '/home/chemweno/Neural-Knights/build/articubot_one' returned '0': CMAKE_PREFIX_PATH=${CMAKE_PREFIX_PATH}:/opt/ros/humble /usr/bin/cmake --build /home/chemweno/Neural-Knights/build/articubot_one -- -j4 -l4
[1.146s] Invoking command in '/home/chemweno/Neural-Knights/build/articubot_one': CMAKE_PREFIX_PATH=${CMAKE_PREFIX_PATH}:/opt/ros/humble /usr/bin/cmake --install /home/chemweno/Neural-Knights/build/articubot_one
[1.247s] -- Install configuration: ""
[1.267s] -- Execute custom install script
[1.271s] -- Up-to-date symlink: /home/chemweno/Neural-Knights/install/articubot_one/share/articubot_one/config/empty.yaml
[1.272s] -- Up-to-date symlink: /home/chemweno/Neural-Knights/install/articubot_one/share/articubot_one/config/gaz_ros2_ctl_use_sim.yaml
[1.273s] -- Up-to-date symlink: /home/chemweno/Neural-Knights/install/articubot_one/share/articubot_one/config/gazebo_params.yaml
[1.274s] -- Up-to-date symlink: /home/chemweno/Neural-Knights/install/articubot_one/share/articubot_one/config/joystick.yaml
[1.275s] -- Up-to-date symlink: /home/chemweno/Neural-Knights/install/articubot_one/share/articubot_one/config/map_navigation.rviz
[1.278s] -- Up-to-date symlink: /home/chemweno/Neural-Knights/install/articubot_one/share/articubot_one/config/mapper_params_online_async.yaml
[1.279s] -- Up-to-date symlink: /home/chemweno/Neural-Knights/install/articubot_one/share/articubot_one/config/my_controllers.yaml
[1.280s] -- Up-to-date symlink: /home/chemweno/Neural-Knights/install/articubot_one/share/articubot_one/config/nav2_params.yaml
[1.281s] -- Up-to-date symlink: /home/chemweno/Neural-Knights/install/articubot_one/share/articubot_one/config/twist_mux.yaml
[1.282s] -- Up-to-date symlink: /home/chemweno/Neural-Knights/install/articubot_one/share/articubot_one/config/view_bot.rviz
[1.283s] -- Up-to-date symlink: /home/chemweno/Neural-Knights/install/articubot_one/share/articubot_one/description/gazebo_control.xacro
[1.288s] -- Up-to-date symlink: /home/chemweno/Neural-Knights/install/articubot_one/share/articubot_one/description/inertial_macros.xacro
[1.288s] -- Up-to-date symlink: /home/chemweno/Neural-Knights/install/articubot_one/share/articubot_one/description/robot.urdf.xacro
[1.294s] -- Up-to-date symlink: /home/chemweno/Neural-Knights/install/articubot_one/share/articubot_one/description/robot_all.xacro
[1.295s] -- Up-to-date symlink: /home/chemweno/Neural-Knights/install/articubot_one/share/articubot_one/description/ros2_control.xacro
[1.297s] -- Up-to-date symlink: /home/chemweno/Neural-Knights/install/articubot_one/share/articubot_one/launch/joystick.launch.py
[1.302s] -- Up-to-date symlink: /home/chemweno/Neural-Knights/install/articubot_one/share/articubot_one/launch/launch_robot.launch.py
[1.303s] -- Up-to-date symlink: /home/chemweno/Neural-Knights/install/articubot_one/share/articubot_one/launch/launch_sim.launch.py
[1.304s] -- Up-to-date symlink: /home/chemweno/Neural-Knights/install/articubot_one/share/articubot_one/launch/localization_launch.py
[1.307s] -- Up-to-date symlink: /home/chemweno/Neural-Knights/install/articubot_one/share/articubot_one/launch/navigation_launch.py
[1.308s] -- Up-to-date symlink: /home/chemweno/Neural-Knights/install/articubot_one/share/articubot_one/launch/online_async_launch.py
[1.316s] -- Up-to-date symlink: /home/chemweno/Neural-Knights/install/articubot_one/share/articubot_one/launch/rplidar.launch.py
[1.317s] -- Up-to-date symlink: /home/chemweno/Neural-Knights/install/articubot_one/share/articubot_one/launch/rsp.launch.py
[1.320s] -- Up-to-date symlink: /home/chemweno/Neural-Knights/install/articubot_one/share/articubot_one/worlds/empty.world
[1.325s] -- Up-to-date symlink: /home/chemweno/Neural-Knights/install/articubot_one/share/articubot_one/worlds/world1.world
[1.330s] -- Up-to-date symlink: /home/chemweno/Neural-Knights/install/articubot_one/share/ament_index/resource_index/package_run_dependencies/articubot_one
[1.337s] -- Up-to-date symlink: /home/chemweno/Neural-Knights/install/articubot_one/share/ament_index/resource_index/parent_prefix_path/articubot_one
[1.343s] -- Up-to-date symlink: /home/chemweno/Neural-Knights/install/articubot_one/share/articubot_one/environment/ament_prefix_path.sh
[1.346s] -- Up-to-date symlink: /home/chemweno/Neural-Knights/install/articubot_one/share/articubot_one/environment/ament_prefix_path.dsv
[1.350s] -- Up-to-date symlink: /home/chemweno/Neural-Knights/install/articubot_one/share/articubot_one/environment/path.sh
[1.371s] -- Up-to-date symlink: /home/chemweno/Neural-Knights/install/articubot_one/share/articubot_one/environment/path.dsv
[1.389s] -- Up-to-date symlink: /home/chemweno/Neural-Knights/install/articubot_one/share/articubot_one/local_setup.bash
[1.395s] -- Up-to-date symlink: /home/chemweno/Neural-Knights/install/articubot_one/share/articubot_one/local_setup.sh
[1.449s] -- Up-to-date symlink: /home/chemweno/Neural-Knights/install/articubot_one/share/articubot_one/local_setup.zsh
[1.460s] -- Up-to-date symlink: /home/chemweno/Neural-Knights/install/articubot_one/share/articubot_one/local_setup.dsv
[1.467s] -- Symlinking: /home/chemweno/Neural-Knights/install/articubot_one/share/articubot_one/package.dsv
[1.631s] -- Up-to-date symlink: /home/chemweno/Neural-Knights/install/articubot_one/share/ament_index/resource_index/packages/articubot_one
[1.633s] -- Up-to-date symlink: /home/chemweno/Neural-Knights/install/articubot_one/share/articubot_one/cmake/articubot_oneConfig.cmake
[1.634s] -- Up-to-date symlink: /home/chemweno/Neural-Knights/install/articubot_one/share/articubot_one/cmake/articubot_oneConfig-version.cmake
[1.645s] -- Up-to-date symlink: /home/chemweno/Neural-Knights/install/articubot_one/share/articubot_one/package.xml
[1.678s] Invoked command in '/home/chemweno/Neural-Knights/build/articubot_one' returned '0': CMAKE_PREFIX_PATH=${CMAKE_PREFIX_PATH}:/opt/ros/humble /usr/bin/cmake --install /home/chemweno/Neural-Knights/build/articubot_one
