[0.111s] Invoking command in '/home/chemweno/Neural-Knights/build/serial': CMAKE_PREFIX_PATH=${CMAKE_PREFIX_PATH}:/opt/ros/humble /usr/bin/cmake --build /home/chemweno/Neural-Knights/build/serial -- -j4 -l4
[0.401s] [ 14%] Built target gtest
[0.424s] [ 28%] Built target gtest_main
[0.484s] [ 57%] Built target serial
[0.752s] [ 71%] Built target serial-test
[0.766s] [ 85%] Built target serial-test-timer
[0.792s] [100%] Built target serial_example
[0.839s] Invoked command in '/home/chemweno/Neural-Knights/build/serial' returned '0': CMAKE_PREFIX_PATH=${CMAKE_PREFIX_PATH}:/opt/ros/humble /usr/bin/cmake --build /home/chemweno/Neural-Knights/build/serial -- -j4 -l4
[0.846s] Invoking command in '/home/chemweno/Neural-Knights/build/serial': CMAKE_PREFIX_PATH=${CMAKE_PREFIX_PATH}:/opt/ros/humble /usr/bin/cmake --install /home/chemweno/Neural-Knights/build/serial
[0.879s] -- Install configuration: ""
[0.882s] -- Execute custom install script
[0.883s] -- Up-to-date symlink: /home/chemweno/Neural-Knights/install/serial/lib/libserial.a
[0.884s] -- Up-to-date symlink: /home/chemweno/Neural-Knights/install/serial/include/serial/serial.h
[0.886s] -- Up-to-date symlink: /home/chemweno/Neural-Knights/install/serial/include/serial/v8stdint.h
[0.887s] -- Up-to-date symlink: /home/chemweno/Neural-Knights/install/serial/share/serial/environment/library_path.sh
[0.888s] -- Up-to-date symlink: /home/chemweno/Neural-Knights/install/serial/share/serial/environment/library_path.dsv
[0.888s] -- Up-to-date symlink: /home/chemweno/Neural-Knights/install/serial/share/ament_index/resource_index/package_run_dependencies/serial
[0.889s] -- Up-to-date symlink: /home/chemweno/Neural-Knights/install/serial/share/ament_index/resource_index/parent_prefix_path/serial
[0.890s] -- Up-to-date symlink: /home/chemweno/Neural-Knights/install/serial/share/serial/environment/ament_prefix_path.sh
[0.891s] -- Up-to-date symlink: /home/chemweno/Neural-Knights/install/serial/share/serial/environment/ament_prefix_path.dsv
[0.892s] -- Up-to-date symlink: /home/chemweno/Neural-Knights/install/serial/share/serial/environment/path.sh
[0.894s] -- Up-to-date symlink: /home/chemweno/Neural-Knights/install/serial/share/serial/environment/path.dsv
[0.895s] -- Up-to-date symlink: /home/chemweno/Neural-Knights/install/serial/share/serial/local_setup.bash
[0.903s] -- Up-to-date symlink: /home/chemweno/Neural-Knights/install/serial/share/serial/local_setup.sh
[0.903s] -- Up-to-date symlink: /home/chemweno/Neural-Knights/install/serial/share/serial/local_setup.zsh
[0.904s] -- Up-to-date symlink: /home/chemweno/Neural-Knights/install/serial/share/serial/local_setup.dsv
[0.904s] -- Symlinking: /home/chemweno/Neural-Knights/install/serial/share/serial/package.dsv
[0.941s] -- Up-to-date symlink: /home/chemweno/Neural-Knights/install/serial/share/ament_index/resource_index/packages/serial
[0.943s] -- Up-to-date symlink: /home/chemweno/Neural-Knights/install/serial/share/serial/cmake/ament_cmake_export_include_directories-extras.cmake
[0.943s] -- Up-to-date symlink: /home/chemweno/Neural-Knights/install/serial/share/serial/cmake/ament_cmake_export_libraries-extras.cmake
[0.947s] -- Up-to-date symlink: /home/chemweno/Neural-Knights/install/serial/share/serial/cmake/serialConfig.cmake
[0.949s] -- Up-to-date symlink: /home/chemweno/Neural-Knights/install/serial/share/serial/cmake/serialConfig-version.cmake
[0.950s] -- Up-to-date symlink: /home/chemweno/Neural-Knights/install/serial/share/serial/package.xml
[1.041s] Invoked command in '/home/chemweno/Neural-Knights/build/serial' returned '0': CMAKE_PREFIX_PATH=${CMAKE_PREFIX_PATH}:/opt/ros/humble /usr/bin/cmake --install /home/chemweno/Neural-Knights/build/serial
