[0.024s] Invoking command in '/home/neural/Neural-Knights/build/gazebo_ros2_control': CMAKE_PREFIX_PATH=${CMAKE_PREFIX_PATH}:/opt/ros/humble /usr/bin/cmake /home/neural/Neural-Knights/src/gazebo_ros2_control/gazebo_ros2_control -DAMENT_CMAKE_SYMLINK_INSTALL=1 -DCMAKE_INSTALL_PREFIX=/home/neural/Neural-Knights/install/gazebo_ros2_control
[0.096s] -- The C compiler identification is GNU 11.4.0
[0.179s] -- The CXX compiler identification is GNU 11.4.0
[0.187s] -- Detecting C compiler ABI info
[0.292s] -- Detecting C compiler ABI info - done
[0.303s] -- Check for working C compiler: /usr/bin/cc - skipped
[0.303s] -- Detecting C compile features
[0.304s] -- Detecting C compile features - done
[0.312s] -- Detecting CXX compiler ABI info
[0.458s] -- Detecting CXX compiler ABI info - done
[0.472s] -- Check for working CXX compiler: /usr/bin/c++ - skipped
[0.473s] -- Detecting CXX compile features
[0.474s] -- Detecting CXX compile features - done
[0.478s] -- Found ament_cmake: 1.3.12 (/opt/ros/humble/share/ament_cmake/cmake)
[0.724s] -- Found Python3: /usr/bin/python3 (found version "3.10.12") found components: Interpreter 
[0.807s] -- Override CMake install command with custom implementation using symlinks instead of copying resources
[0.844s] -- Found angles: 1.15.0 (/opt/ros/humble/share/angles/cmake)
[0.849s] -- Found controller_manager: 2.52.0 (/opt/ros/humble/share/controller_manager/cmake)
[0.933s] -- Found rosidl_generator_c: 3.1.7 (/opt/ros/humble/share/rosidl_generator_c/cmake)
[0.940s] -- Found rosidl_adapter: 3.1.7 (/opt/ros/humble/share/rosidl_adapter/cmake)
[0.951s] -- Found rosidl_generator_cpp: 3.1.7 (/opt/ros/humble/share/rosidl_generator_cpp/cmake)
[0.967s] -- Using all available rosidl_typesupport_c: rosidl_typesupport_fastrtps_c;rosidl_typesupport_introspection_c
[0.997s] -- Using all available rosidl_typesupport_cpp: rosidl_typesupport_fastrtps_cpp;rosidl_typesupport_introspection_cpp
[1.413s] -- Found rmw_implementation_cmake: 6.1.2 (/opt/ros/humble/share/rmw_implementation_cmake/cmake)
[1.420s] -- Found rmw_fastrtps_cpp: 6.2.8 (/opt/ros/humble/share/rmw_fastrtps_cpp/cmake)
[1.476s] -- Found TinyXML2 via Config file: TinyXML2_DIR-NOTFOUND
[1.766s] -- Found OpenSSL: /usr/lib/x86_64-linux-gnu/libcrypto.so (found version "3.0.2")  
[1.783s] -- Found TinyXML2 via Config file: TinyXML2_DIR-NOTFOUND
[1.856s] -- Found FastRTPS: /opt/ros/humble/include  
[1.863s] -- Found TinyXML2 via Config file: TinyXML2_DIR-NOTFOUND
[1.891s] -- Found TinyXML2 via Config file: TinyXML2_DIR-NOTFOUND
[1.940s] -- Using RMW implementation 'rmw_fastrtps_cpp' as default
[1.978s] -- Looking for pthread.h
[2.370s] -- Looking for pthread.h - found
[2.370s] -- Performing Test CMAKE_HAVE_LIBC_PTHREAD
[2.671s] -- Performing Test CMAKE_HAVE_LIBC_PTHREAD - Success
[2.673s] -- Found Threads: TRUE  
[2.856s] -- Found control_toolbox: 3.6.1 (/opt/ros/humble/share/control_toolbox/cmake)
[2.955s] -- Found gazebo_dev: 3.9.0 (/opt/ros/humble/share/gazebo_dev/cmake)
[2.966s] -- Found PkgConfig: /usr/bin/pkg-config (found version "0.29.2") 
[2.968s] -- Checking for module 'bullet>=2.82'
[2.991s] --   Found bullet, version 3.05
[3.173s] -- Found fcl: /usr/include (found suitable version "0.7.0", minimum required is "0.5.0") 
[3.264s] -- Found assimp: /usr/include (found version "5.2.0") 
[3.287s] -- Found DART: /usr/include (Required is at least version "6.6") found components: dart 
[3.342s] -- Found Boost: /usr/lib/x86_64-linux-gnu/cmake/Boost-1.74.0/BoostConfig.cmake (found suitable version "1.74.0", minimum required is "1.40.0") found components: thread system filesystem program_options regex iostreams date_time 
[3.371s] -- Found Protobuf: /usr/lib/x86_64-linux-gnu/libprotobuf.so (found version "3.12.4") 
[3.378s] -- Looking for ignition-math6 -- found version 6.15.1
[3.388s] -- Searching for dependencies of ignition-math6
[3.390s] -- Looking for OGRE...
[3.391s] -- OGRE_PREFIX_WATCH changed.
[3.399s] -- Checking for module 'OGRE'
[3.420s] --   Found OGRE, version 1.9.0
[3.474s] -- Found Ogre Ghadamon (1.9.0)
[3.490s] -- Found OGRE: optimized;/usr/lib/x86_64-linux-gnu/libOgreMain.so;debug;/usr/lib/x86_64-linux-gnu/libOgreMain.so
[3.507s] -- Looking for OGRE_Paging...
[3.522s] -- Found OGRE_Paging: optimized;/usr/lib/x86_64-linux-gnu/libOgrePaging.so;debug;/usr/lib/x86_64-linux-gnu/libOgrePaging.so
[3.522s] -- Looking for OGRE_Terrain...
[3.536s] -- Found OGRE_Terrain: optimized;/usr/lib/x86_64-linux-gnu/libOgreTerrain.so;debug;/usr/lib/x86_64-linux-gnu/libOgreTerrain.so
[3.536s] -- Looking for OGRE_Property...
[3.553s] -- Found OGRE_Property: optimized;/usr/lib/x86_64-linux-gnu/libOgreProperty.so;debug;/usr/lib/x86_64-linux-gnu/libOgreProperty.so
[3.553s] -- Looking for OGRE_RTShaderSystem...
[3.567s] -- Found OGRE_RTShaderSystem: optimized;/usr/lib/x86_64-linux-gnu/libOgreRTShaderSystem.so;debug;/usr/lib/x86_64-linux-gnu/libOgreRTShaderSystem.so
[3.567s] -- Looking for OGRE_Volume...
[3.581s] -- Found OGRE_Volume: optimized;/usr/lib/x86_64-linux-gnu/libOgreVolume.so;debug;/usr/lib/x86_64-linux-gnu/libOgreVolume.so
[3.582s] -- Looking for OGRE_Overlay...
[3.596s] -- Found OGRE_Overlay: optimized;/usr/lib/x86_64-linux-gnu/libOgreOverlay.so;debug;/usr/lib/x86_64-linux-gnu/libOgreOverlay.so
[3.883s] -- Looking for ignition-math6 -- found version 6.15.1
[3.888s] -- Looking for ignition-transport8 -- found version 8.2.1
[3.888s] -- Searching for dependencies of ignition-transport8
[3.915s] -- Found Protobuf: /usr/lib/x86_64-linux-gnu/libprotobuf.so (found suitable version "3.12.4", minimum required is "3") 
[3.932s] -- Config-file not installed for ZeroMQ -- checking for pkg-config
[3.939s] -- Checking for module 'libzmq >= 4'
[3.957s] --   Found libzmq , version 4.3.4
[4.006s] -- Found ZeroMQ: TRUE (Required is at least version "4") 
[4.015s] -- Checking for module 'uuid'
[4.032s] --   Found uuid, version 2.37.2
[4.075s] -- Found UUID: TRUE  
[4.078s] -- Looking for ignition-msgs5 -- found version 5.8.1
[4.078s] -- Searching for dependencies of ignition-msgs5
[4.100s] -- Looking for ignition-math6 -- found version 6.15.1
[4.105s] -- Checking for module 'tinyxml2'
[4.122s] --   Found tinyxml2, version 9.0.0
[4.167s] -- Looking for ignition-msgs5 -- found version 5.8.1
[4.170s] -- Looking for ignition-common3 -- found version 3.14.0
[4.171s] -- Searching for dependencies of ignition-common3
[4.172s] -- Looking for dlfcn.h - found
[4.173s] -- Looking for libdl - found
[4.175s] -- Found DL: TRUE  
[4.193s] -- Found tinyobjloader: /usr/lib/x86_64-linux-gnu/cmake/tinyobjloader/tinyobjloader-config.cmake (found version "2.0.0") 
[4.194s] -- Searching for <ignition-common3> component [graphics]
[4.197s] -- Looking for ignition-common3-graphics -- found version 3.14.0
[4.198s] -- Searching for dependencies of ignition-common3-graphics
[4.199s] -- Looking for ignition-math6 -- found version 6.15.1
[4.204s] -- Looking for ignition-fuel_tools4 -- found version 4.4.0
[4.204s] -- Searching for dependencies of ignition-fuel_tools4
[4.314s] -- Found CURL: /usr/lib/x86_64-linux-gnu/libcurl.so (found version "7.81.0")  
[4.327s] -- Checking for module 'jsoncpp'
[4.346s] --   Found jsoncpp, version 1.9.5
[4.393s] -- Found JSONCPP: TRUE  
[4.401s] -- Checking for module 'libzip'
[4.419s] --   Found libzip, version 1.7.3
[4.463s] -- Found ZIP: TRUE  
[4.464s] -- Looking for ignition-common3 -- found version 3.14.0
[4.465s] -- Looking for ignition-math6 -- found version 6.15.1
[4.465s] -- Looking for ignition-msgs5 -- found version 5.8.1
[4.471s] -- Gazebo version: 11.10
[4.472s] -- Checking for module 'tbb'
[4.490s] --   Found tbb, version 2021.5.0
[4.536s] -- Found gazebo_ros: 3.9.0 (/opt/ros/humble/share/gazebo_ros/cmake)
[4.546s] -- Found yaml_cpp_vendor: 8.0.2 (/opt/ros/humble/share/yaml_cpp_vendor/cmake)
[4.575s] -- Found ament_cmake_gtest: 1.3.12 (/opt/ros/humble/share/ament_cmake_gtest/cmake)
[4.579s] -- Found ament_lint_auto: 0.12.14 (/opt/ros/humble/share/ament_lint_auto/cmake)
[4.695s] -- Added test 'copyright' to check source files copyright and LICENSE
[4.697s] -- Added test 'cppcheck' to perform static code analysis on C / C++ code
[4.698s] -- Configured cppcheck include dirs: /home/neural/Neural-Knights/src/gazebo_ros2_control/gazebo_ros2_control/include
[4.698s] -- Configured cppcheck exclude dirs and/or files: 
[4.700s] -- Added test 'cpplint' to check C / C++ code against the Google style
[4.700s] -- Configured cpplint exclude dirs and/or files: 
[4.701s] -- Added test 'lint_cmake' to check CMake code style
[4.703s] -- Added test 'uncrustify' to check C / C++ code style
[4.703s] -- Configured uncrustify additional arguments: 
[4.704s] -- Added test 'xmllint' to check XML markup files
[4.709s] -- Configuring done
[4.781s] -- Generating done
[4.798s] -- Build files have been written to: /home/neural/Neural-Knights/build/gazebo_ros2_control
[4.824s] Invoked command in '/home/neural/Neural-Knights/build/gazebo_ros2_control' returned '0': CMAKE_PREFIX_PATH=${CMAKE_PREFIX_PATH}:/opt/ros/humble /usr/bin/cmake /home/neural/Neural-Knights/src/gazebo_ros2_control/gazebo_ros2_control -DAMENT_CMAKE_SYMLINK_INSTALL=1 -DCMAKE_INSTALL_PREFIX=/home/neural/Neural-Knights/install/gazebo_ros2_control
[4.826s] Invoking command in '/home/neural/Neural-Knights/build/gazebo_ros2_control': CMAKE_PREFIX_PATH=${CMAKE_PREFIX_PATH}:/opt/ros/humble /usr/bin/cmake --build /home/neural/Neural-Knights/build/gazebo_ros2_control -- -j4 -l4
[4.885s] [ 25%] [32mBuilding CXX object CMakeFiles/gazebo_hardware_plugins.dir/src/gazebo_system.cpp.o[0m
[4.889s] [ 50%] [32mBuilding CXX object CMakeFiles/gazebo_ros2_control.dir/src/gazebo_ros2_control_plugin.cpp.o[0m
[26.850s] [ 75%] [32m[1mLinking CXX shared library libgazebo_hardware_plugins.so[0m
[27.567s] [ 75%] Built target gazebo_hardware_plugins
[28.868s] [100%] [32m[1mLinking CXX shared library libgazebo_ros2_control.so[0m
[29.649s] [100%] Built target gazebo_ros2_control
[29.660s] Invoked command in '/home/neural/Neural-Knights/build/gazebo_ros2_control' returned '0': CMAKE_PREFIX_PATH=${CMAKE_PREFIX_PATH}:/opt/ros/humble /usr/bin/cmake --build /home/neural/Neural-Knights/build/gazebo_ros2_control -- -j4 -l4
[29.662s] Invoking command in '/home/neural/Neural-Knights/build/gazebo_ros2_control': CMAKE_PREFIX_PATH=${CMAKE_PREFIX_PATH}:/opt/ros/humble /usr/bin/cmake --install /home/neural/Neural-Knights/build/gazebo_ros2_control
[29.670s] -- Install configuration: ""
[29.671s] -- Execute custom install script
[29.671s] -- Symlinking: /home/neural/Neural-Knights/install/gazebo_ros2_control/lib/libgazebo_ros2_control.so
[29.680s] -- Symlinking: /home/neural/Neural-Knights/install/gazebo_ros2_control/lib/libgazebo_hardware_plugins.so
[29.688s] -- Symlinking: /home/neural/Neural-Knights/install/gazebo_ros2_control/share/gazebo_ros2_control/environment/library_path.sh
[29.697s] -- Symlinking: /home/neural/Neural-Knights/install/gazebo_ros2_control/share/gazebo_ros2_control/environment/library_path.dsv
[29.705s] -- Symlinking: /home/neural/Neural-Knights/install/gazebo_ros2_control/include/gazebo_ros2_control/gazebo_ros2_control_plugin.hpp
[29.714s] -- Symlinking: /home/neural/Neural-Knights/install/gazebo_ros2_control/include/gazebo_ros2_control/gazebo_system.hpp
[29.722s] -- Symlinking: /home/neural/Neural-Knights/install/gazebo_ros2_control/include/gazebo_ros2_control/gazebo_system_interface.hpp
[29.731s] -- Symlinking: /home/neural/Neural-Knights/install/gazebo_ros2_control/share/gazebo_ros2_control//gazebo_hardware_plugins.xml
[29.739s] -- Symlinking: /home/neural/Neural-Knights/install/gazebo_ros2_control/share/ament_index/resource_index/package_run_dependencies/gazebo_ros2_control
[29.748s] -- Symlinking: /home/neural/Neural-Knights/install/gazebo_ros2_control/share/ament_index/resource_index/parent_prefix_path/gazebo_ros2_control
[29.756s] -- Symlinking: /home/neural/Neural-Knights/install/gazebo_ros2_control/share/gazebo_ros2_control/environment/ament_prefix_path.sh
[29.765s] -- Symlinking: /home/neural/Neural-Knights/install/gazebo_ros2_control/share/gazebo_ros2_control/environment/ament_prefix_path.dsv
[29.773s] -- Symlinking: /home/neural/Neural-Knights/install/gazebo_ros2_control/share/gazebo_ros2_control/environment/path.sh
[29.782s] -- Symlinking: /home/neural/Neural-Knights/install/gazebo_ros2_control/share/gazebo_ros2_control/environment/path.dsv
[29.790s] -- Symlinking: /home/neural/Neural-Knights/install/gazebo_ros2_control/share/gazebo_ros2_control/local_setup.bash
[29.799s] -- Symlinking: /home/neural/Neural-Knights/install/gazebo_ros2_control/share/gazebo_ros2_control/local_setup.sh
[29.807s] -- Symlinking: /home/neural/Neural-Knights/install/gazebo_ros2_control/share/gazebo_ros2_control/local_setup.zsh
[29.815s] -- Symlinking: /home/neural/Neural-Knights/install/gazebo_ros2_control/share/gazebo_ros2_control/local_setup.dsv
[29.824s] -- Symlinking: /home/neural/Neural-Knights/install/gazebo_ros2_control/share/gazebo_ros2_control/package.dsv
[29.832s] -- Symlinking: /home/neural/Neural-Knights/install/gazebo_ros2_control/share/ament_index/resource_index/packages/gazebo_ros2_control
[29.841s] -- Symlinking: /home/neural/Neural-Knights/install/gazebo_ros2_control/share/ament_index/resource_index/gazebo_ros2_control__pluginlib__plugin/gazebo_ros2_control
[29.849s] -- Symlinking: /home/neural/Neural-Knights/install/gazebo_ros2_control/share/gazebo_ros2_control/cmake/ament_cmake_export_include_directories-extras.cmake
[29.858s] -- Symlinking: /home/neural/Neural-Knights/install/gazebo_ros2_control/share/gazebo_ros2_control/cmake/ament_cmake_export_dependencies-extras.cmake
[29.866s] -- Symlinking: /home/neural/Neural-Knights/install/gazebo_ros2_control/share/gazebo_ros2_control/cmake/ament_cmake_export_libraries-extras.cmake
[29.875s] -- Symlinking: /home/neural/Neural-Knights/install/gazebo_ros2_control/share/gazebo_ros2_control/cmake/gazebo_ros2_controlConfig.cmake
[29.883s] -- Symlinking: /home/neural/Neural-Knights/install/gazebo_ros2_control/share/gazebo_ros2_control/cmake/gazebo_ros2_controlConfig-version.cmake
[29.892s] -- Symlinking: /home/neural/Neural-Knights/install/gazebo_ros2_control/share/gazebo_ros2_control/package.xml
[29.902s] Invoked command in '/home/neural/Neural-Knights/build/gazebo_ros2_control' returned '0': CMAKE_PREFIX_PATH=${CMAKE_PREFIX_PATH}:/opt/ros/humble /usr/bin/cmake --install /home/neural/Neural-Knights/build/gazebo_ros2_control
