[0.084s] Invoking command in '/home/chemweno/Neural-Knights/build/diffdrive_arduino': AMENT_PREFIX_PATH=/home/chemweno/Neural-Knights/install/serial:${AMENT_PREFIX_PATH} CMAKE_PREFIX_PATH=/home/chemweno/Neural-Knights/install/serial:/opt/ros/humble LD_LIBRARY_PATH=/home/chemweno/Neural-Knights/install/serial/lib:${LD_LIBRARY_PATH} /usr/bin/cmake --build /home/chemweno/Neural-Knights/build/diffdrive_arduino -- -j4 -l4
[0.460s] [ 57%] Built target diffdrive_arduino
[0.630s] [100%] Built target fake_robot
[0.684s] Invoked command in '/home/chemweno/Neural-Knights/build/diffdrive_arduino' returned '0': AMENT_PREFIX_PATH=/home/chemweno/Neural-Knights/install/serial:${AMENT_PREFIX_PATH} CMAKE_PREFIX_PATH=/home/chemweno/Neural-Knights/install/serial:/opt/ros/humble LD_LIBRARY_PATH=/home/chemweno/Neural-Knights/install/serial/lib:${LD_LIBRARY_PATH} /usr/bin/cmake --build /home/chemweno/Neural-Knights/build/diffdrive_arduino -- -j4 -l4
[0.694s] Invoking command in '/home/chemweno/Neural-Knights/build/diffdrive_arduino': AMENT_PREFIX_PATH=/home/chemweno/Neural-Knights/install/serial:${AMENT_PREFIX_PATH} CMAKE_PREFIX_PATH=/home/chemweno/Neural-Knights/install/serial:/opt/ros/humble LD_LIBRARY_PATH=/home/chemweno/Neural-Knights/install/serial/lib:${LD_LIBRARY_PATH} /usr/bin/cmake --install /home/chemweno/Neural-Knights/build/diffdrive_arduino
[0.731s] -- Install configuration: ""
[0.736s] -- Execute custom install script
[0.739s] -- Up-to-date symlink: /home/chemweno/Neural-Knights/install/diffdrive_arduino/share/diffdrive_arduino//robot_hardware.xml
[0.742s] -- Up-to-date symlink: /home/chemweno/Neural-Knights/install/diffdrive_arduino/share/diffdrive_arduino//fake_robot_hardware.xml
[0.746s] -- Up-to-date symlink: /home/chemweno/Neural-Knights/install/diffdrive_arduino/lib/libdiffdrive_arduino.so
[0.748s] -- Up-to-date symlink: /home/chemweno/Neural-Knights/install/diffdrive_arduino/lib/libfake_robot.so
[0.753s] -- Up-to-date symlink: /home/chemweno/Neural-Knights/install/diffdrive_arduino/share/diffdrive_arduino/controllers/robot_controller_example.yaml
[0.757s] -- Up-to-date symlink: /home/chemweno/Neural-Knights/install/diffdrive_arduino/share/diffdrive_arduino/__pycache__/test_robot.launch.cpython-310.pyc
[0.759s] -- Up-to-date symlink: /home/chemweno/Neural-Knights/install/diffdrive_arduino/share/diffdrive_arduino/fake_robot.launch.py
[0.763s] -- Up-to-date symlink: /home/chemweno/Neural-Knights/install/diffdrive_arduino/share/diffdrive_arduino/test_robot.launch.py
[0.765s] -- Up-to-date symlink: /home/chemweno/Neural-Knights/install/diffdrive_arduino/share/diffdrive_arduino/environment/library_path.sh
[0.767s] -- Up-to-date symlink: /home/chemweno/Neural-Knights/install/diffdrive_arduino/share/diffdrive_arduino/environment/library_path.dsv
[0.770s] -- Up-to-date symlink: /home/chemweno/Neural-Knights/install/diffdrive_arduino/share/ament_index/resource_index/package_run_dependencies/diffdrive_arduino
[0.773s] -- Up-to-date symlink: /home/chemweno/Neural-Knights/install/diffdrive_arduino/share/ament_index/resource_index/parent_prefix_path/diffdrive_arduino
[0.775s] -- Up-to-date symlink: /home/chemweno/Neural-Knights/install/diffdrive_arduino/share/diffdrive_arduino/environment/ament_prefix_path.sh
[0.785s] -- Up-to-date symlink: /home/chemweno/Neural-Knights/install/diffdrive_arduino/share/diffdrive_arduino/environment/ament_prefix_path.dsv
[0.787s] -- Up-to-date symlink: /home/chemweno/Neural-Knights/install/diffdrive_arduino/share/diffdrive_arduino/environment/path.sh
[0.790s] -- Up-to-date symlink: /home/chemweno/Neural-Knights/install/diffdrive_arduino/share/diffdrive_arduino/environment/path.dsv
[0.793s] -- Up-to-date symlink: /home/chemweno/Neural-Knights/install/diffdrive_arduino/share/diffdrive_arduino/local_setup.bash
[0.795s] -- Up-to-date symlink: /home/chemweno/Neural-Knights/install/diffdrive_arduino/share/diffdrive_arduino/local_setup.sh
[0.801s] -- Up-to-date symlink: /home/chemweno/Neural-Knights/install/diffdrive_arduino/share/diffdrive_arduino/local_setup.zsh
[0.804s] -- Up-to-date symlink: /home/chemweno/Neural-Knights/install/diffdrive_arduino/share/diffdrive_arduino/local_setup.dsv
[0.806s] -- Symlinking: /home/chemweno/Neural-Knights/install/diffdrive_arduino/share/diffdrive_arduino/package.dsv
[0.862s] -- Up-to-date symlink: /home/chemweno/Neural-Knights/install/diffdrive_arduino/share/ament_index/resource_index/packages/diffdrive_arduino
[0.863s] -- Up-to-date symlink: /home/chemweno/Neural-Knights/install/diffdrive_arduino/share/ament_index/resource_index/hardware_interface__pluginlib__plugin/diffdrive_arduino
[0.864s] -- Up-to-date symlink: /home/chemweno/Neural-Knights/install/diffdrive_arduino/share/diffdrive_arduino/cmake/ament_cmake_export_libraries-extras.cmake
[0.864s] -- Up-to-date symlink: /home/chemweno/Neural-Knights/install/diffdrive_arduino/share/diffdrive_arduino/cmake/ament_cmake_export_dependencies-extras.cmake
[0.866s] -- Up-to-date symlink: /home/chemweno/Neural-Knights/install/diffdrive_arduino/share/diffdrive_arduino/cmake/diffdrive_arduinoConfig.cmake
[0.869s] -- Up-to-date symlink: /home/chemweno/Neural-Knights/install/diffdrive_arduino/share/diffdrive_arduino/cmake/diffdrive_arduinoConfig-version.cmake
[0.874s] -- Up-to-date symlink: /home/chemweno/Neural-Knights/install/diffdrive_arduino/share/diffdrive_arduino/package.xml
[0.901s] Invoked command in '/home/chemweno/Neural-Knights/build/diffdrive_arduino' returned '0': AMENT_PREFIX_PATH=/home/chemweno/Neural-Knights/install/serial:${AMENT_PREFIX_PATH} CMAKE_PREFIX_PATH=/home/chemweno/Neural-Knights/install/serial:/opt/ros/humble LD_LIBRARY_PATH=/home/chemweno/Neural-Knights/install/serial/lib:${LD_LIBRARY_PATH} /usr/bin/cmake --install /home/chemweno/Neural-Knights/build/diffdrive_arduino
