[0.117s] DEBUG:colcon:Command line arguments: ['/usr/bin/colcon', 'build', '--symlink-install']
[0.117s] DEBUG:colcon:Parsed command line arguments: Namespace(log_base=None, log_level=None, verb_name='build', build_base='build', install_base='install', merge_install=False, symlink_install=True, test_result_base=None, continue_on_error=False, executor='parallel', parallel_workers=4, event_handlers=None, ignore_user_meta=False, metas=['./colcon.meta'], base_paths=['.'], packages_ignore=None, packages_ignore_regex=None, paths=None, packages_up_to=None, packages_up_to_regex=None, packages_above=None, packages_above_and_dependencies=None, packages_above_depth=None, packages_select_by_dep=None, packages_skip_by_dep=None, packages_skip_up_to=None, packages_select_build_failed=False, packages_skip_build_finished=False, packages_select_test_failures=False, packages_skip_test_passed=False, packages_select=None, packages_skip=None, packages_select_regex=None, packages_skip_regex=None, packages_start=None, packages_end=None, allow_overriding=[], cmake_args=None, cmake_target=None, cmake_target_skip_unavailable=False, cmake_clean_cache=False, cmake_clean_first=False, cmake_force_configure=False, ament_cmake_args=None, catkin_cmake_args=None, catkin_skip_building_tests=False, mixin_files=None, mixin=None, verb_parser=<colcon_mixin.mixin.mixin_argument.MixinArgumentDecorator object at 0x7fd637e0a9b0>, verb_extension=<colcon_core.verb.build.BuildVerb object at 0x7fd637e0a230>, main=<bound method BuildVerb.main of <colcon_core.verb.build.BuildVerb object at 0x7fd637e0a230>>, mixin_verb=('build',))
[0.302s] Level 1:colcon.colcon_core.package_discovery:discover_packages(colcon_meta) check parameters
[0.303s] Level 1:colcon.colcon_core.package_discovery:discover_packages(recursive) check parameters
[0.303s] Level 1:colcon.colcon_core.package_discovery:discover_packages(ignore) check parameters
[0.303s] Level 1:colcon.colcon_core.package_discovery:discover_packages(path) check parameters
[0.303s] Level 1:colcon.colcon_core.package_discovery:discover_packages(colcon_meta) discover
[0.303s] Level 1:colcon.colcon_core.package_discovery:discover_packages(recursive) discover
[0.303s] INFO:colcon.colcon_core.package_discovery:Crawling recursively for packages in '/home/neural/Neural-Knights'
[0.303s] Level 1:colcon.colcon_core.package_identification:_identify(.) by extensions ['ignore', 'ignore_ament_install']
[0.303s] Level 1:colcon.colcon_core.package_identification:_identify(.) by extension 'ignore'
[0.303s] Level 1:colcon.colcon_core.package_identification:_identify(.) by extension 'ignore_ament_install'
[0.303s] Level 1:colcon.colcon_core.package_identification:_identify(.) by extensions ['colcon_pkg']
[0.304s] Level 1:colcon.colcon_core.package_identification:_identify(.) by extension 'colcon_pkg'
[0.304s] Level 1:colcon.colcon_core.package_identification:_identify(.) by extensions ['colcon_meta']
[0.304s] Level 1:colcon.colcon_core.package_identification:_identify(.) by extension 'colcon_meta'
[0.304s] Level 1:colcon.colcon_core.package_identification:_identify(.) by extensions ['ros']
[0.304s] Level 1:colcon.colcon_core.package_identification:_identify(.) by extension 'ros'
[0.315s] Level 1:colcon.colcon_core.package_identification:_identify(.) by extensions ['cmake', 'python']
[0.315s] Level 1:colcon.colcon_core.package_identification:_identify(.) by extension 'cmake'
[0.315s] Level 1:colcon.colcon_core.package_identification:_identify(.) by extension 'python'
[0.315s] Level 1:colcon.colcon_core.package_identification:_identify(.) by extensions ['python_setup_py']
[0.315s] Level 1:colcon.colcon_core.package_identification:_identify(.) by extension 'python_setup_py'
[0.315s] Level 1:colcon.colcon_core.package_identification:_identify(build) by extensions ['ignore', 'ignore_ament_install']
[0.316s] Level 1:colcon.colcon_core.package_identification:_identify(build) by extension 'ignore'
[0.316s] Level 1:colcon.colcon_core.package_identification:_identify(build) ignored
[0.316s] Level 1:colcon.colcon_core.package_identification:_identify(install) by extensions ['ignore', 'ignore_ament_install']
[0.316s] Level 1:colcon.colcon_core.package_identification:_identify(install) by extension 'ignore'
[0.316s] Level 1:colcon.colcon_core.package_identification:_identify(install) ignored
[0.316s] Level 1:colcon.colcon_core.package_identification:_identify(log) by extensions ['ignore', 'ignore_ament_install']
[0.316s] Level 1:colcon.colcon_core.package_identification:_identify(log) by extension 'ignore'
[0.316s] Level 1:colcon.colcon_core.package_identification:_identify(log) ignored
[0.316s] Level 1:colcon.colcon_core.package_identification:_identify(src) by extensions ['ignore', 'ignore_ament_install']
[0.317s] Level 1:colcon.colcon_core.package_identification:_identify(src) by extension 'ignore'
[0.317s] Level 1:colcon.colcon_core.package_identification:_identify(src) by extension 'ignore_ament_install'
[0.317s] Level 1:colcon.colcon_core.package_identification:_identify(src) by extensions ['colcon_pkg']
[0.317s] Level 1:colcon.colcon_core.package_identification:_identify(src) by extension 'colcon_pkg'
[0.317s] Level 1:colcon.colcon_core.package_identification:_identify(src) by extensions ['colcon_meta']
[0.317s] Level 1:colcon.colcon_core.package_identification:_identify(src) by extension 'colcon_meta'
[0.317s] Level 1:colcon.colcon_core.package_identification:_identify(src) by extensions ['ros']
[0.317s] Level 1:colcon.colcon_core.package_identification:_identify(src) by extension 'ros'
[0.317s] Level 1:colcon.colcon_core.package_identification:_identify(src) by extensions ['cmake', 'python']
[0.317s] Level 1:colcon.colcon_core.package_identification:_identify(src) by extension 'cmake'
[0.317s] Level 1:colcon.colcon_core.package_identification:_identify(src) by extension 'python'
[0.317s] Level 1:colcon.colcon_core.package_identification:_identify(src) by extensions ['python_setup_py']
[0.317s] Level 1:colcon.colcon_core.package_identification:_identify(src) by extension 'python_setup_py'
[0.318s] Level 1:colcon.colcon_core.package_identification:_identify(src/articubot_one) by extensions ['ignore', 'ignore_ament_install']
[0.318s] Level 1:colcon.colcon_core.package_identification:_identify(src/articubot_one) by extension 'ignore'
[0.318s] Level 1:colcon.colcon_core.package_identification:_identify(src/articubot_one) by extension 'ignore_ament_install'
[0.318s] Level 1:colcon.colcon_core.package_identification:_identify(src/articubot_one) by extensions ['colcon_pkg']
[0.318s] Level 1:colcon.colcon_core.package_identification:_identify(src/articubot_one) by extension 'colcon_pkg'
[0.318s] Level 1:colcon.colcon_core.package_identification:_identify(src/articubot_one) by extensions ['colcon_meta']
[0.318s] Level 1:colcon.colcon_core.package_identification:_identify(src/articubot_one) by extension 'colcon_meta'
[0.318s] Level 1:colcon.colcon_core.package_identification:_identify(src/articubot_one) by extensions ['ros']
[0.318s] Level 1:colcon.colcon_core.package_identification:_identify(src/articubot_one) by extension 'ros'
[0.322s] DEBUG:colcon.colcon_core.package_identification:Package 'src/articubot_one' with type 'ros.ament_cmake' and name 'articubot_one'
[0.322s] Level 1:colcon.colcon_core.package_identification:_identify(src/diffdrive_arduino) by extensions ['ignore', 'ignore_ament_install']
[0.322s] Level 1:colcon.colcon_core.package_identification:_identify(src/diffdrive_arduino) by extension 'ignore'
[0.322s] Level 1:colcon.colcon_core.package_identification:_identify(src/diffdrive_arduino) by extension 'ignore_ament_install'
[0.322s] Level 1:colcon.colcon_core.package_identification:_identify(src/diffdrive_arduino) by extensions ['colcon_pkg']
[0.322s] Level 1:colcon.colcon_core.package_identification:_identify(src/diffdrive_arduino) by extension 'colcon_pkg'
[0.322s] Level 1:colcon.colcon_core.package_identification:_identify(src/diffdrive_arduino) by extensions ['colcon_meta']
[0.322s] Level 1:colcon.colcon_core.package_identification:_identify(src/diffdrive_arduino) by extension 'colcon_meta'
[0.322s] Level 1:colcon.colcon_core.package_identification:_identify(src/diffdrive_arduino) by extensions ['ros']
[0.322s] Level 1:colcon.colcon_core.package_identification:_identify(src/diffdrive_arduino) by extension 'ros'
[0.324s] DEBUG:colcon.colcon_core.package_identification:Package 'src/diffdrive_arduino' with type 'ros.ament_cmake' and name 'diffdrive_arduino'
[0.324s] Level 1:colcon.colcon_core.package_identification:_identify(src/gazebo_ros2_control) by extensions ['ignore', 'ignore_ament_install']
[0.324s] Level 1:colcon.colcon_core.package_identification:_identify(src/gazebo_ros2_control) by extension 'ignore'
[0.324s] Level 1:colcon.colcon_core.package_identification:_identify(src/gazebo_ros2_control) by extension 'ignore_ament_install'
[0.324s] Level 1:colcon.colcon_core.package_identification:_identify(src/gazebo_ros2_control) by extensions ['colcon_pkg']
[0.325s] Level 1:colcon.colcon_core.package_identification:_identify(src/gazebo_ros2_control) by extension 'colcon_pkg'
[0.325s] Level 1:colcon.colcon_core.package_identification:_identify(src/gazebo_ros2_control) by extensions ['colcon_meta']
[0.325s] Level 1:colcon.colcon_core.package_identification:_identify(src/gazebo_ros2_control) by extension 'colcon_meta'
[0.325s] Level 1:colcon.colcon_core.package_identification:_identify(src/gazebo_ros2_control) by extensions ['ros']
[0.325s] Level 1:colcon.colcon_core.package_identification:_identify(src/gazebo_ros2_control) by extension 'ros'
[0.325s] Level 1:colcon.colcon_core.package_identification:_identify(src/gazebo_ros2_control) by extensions ['cmake', 'python']
[0.325s] Level 1:colcon.colcon_core.package_identification:_identify(src/gazebo_ros2_control) by extension 'cmake'
[0.325s] Level 1:colcon.colcon_core.package_identification:_identify(src/gazebo_ros2_control) by extension 'python'
[0.325s] Level 1:colcon.colcon_core.package_identification:_identify(src/gazebo_ros2_control) by extensions ['python_setup_py']
[0.325s] Level 1:colcon.colcon_core.package_identification:_identify(src/gazebo_ros2_control) by extension 'python_setup_py'
[0.325s] Level 1:colcon.colcon_core.package_identification:_identify(src/gazebo_ros2_control/Docker) by extensions ['ignore', 'ignore_ament_install']
[0.325s] Level 1:colcon.colcon_core.package_identification:_identify(src/gazebo_ros2_control/Docker) by extension 'ignore'
[0.326s] Level 1:colcon.colcon_core.package_identification:_identify(src/gazebo_ros2_control/Docker) by extension 'ignore_ament_install'
[0.326s] Level 1:colcon.colcon_core.package_identification:_identify(src/gazebo_ros2_control/Docker) by extensions ['colcon_pkg']
[0.326s] Level 1:colcon.colcon_core.package_identification:_identify(src/gazebo_ros2_control/Docker) by extension 'colcon_pkg'
[0.326s] Level 1:colcon.colcon_core.package_identification:_identify(src/gazebo_ros2_control/Docker) by extensions ['colcon_meta']
[0.326s] Level 1:colcon.colcon_core.package_identification:_identify(src/gazebo_ros2_control/Docker) by extension 'colcon_meta'
[0.326s] Level 1:colcon.colcon_core.package_identification:_identify(src/gazebo_ros2_control/Docker) by extensions ['ros']
[0.326s] Level 1:colcon.colcon_core.package_identification:_identify(src/gazebo_ros2_control/Docker) by extension 'ros'
[0.326s] Level 1:colcon.colcon_core.package_identification:_identify(src/gazebo_ros2_control/Docker) by extensions ['cmake', 'python']
[0.326s] Level 1:colcon.colcon_core.package_identification:_identify(src/gazebo_ros2_control/Docker) by extension 'cmake'
[0.326s] Level 1:colcon.colcon_core.package_identification:_identify(src/gazebo_ros2_control/Docker) by extension 'python'
[0.326s] Level 1:colcon.colcon_core.package_identification:_identify(src/gazebo_ros2_control/Docker) by extensions ['python_setup_py']
[0.326s] Level 1:colcon.colcon_core.package_identification:_identify(src/gazebo_ros2_control/Docker) by extension 'python_setup_py'
[0.326s] Level 1:colcon.colcon_core.package_identification:_identify(src/gazebo_ros2_control/doc) by extensions ['ignore', 'ignore_ament_install']
[0.327s] Level 1:colcon.colcon_core.package_identification:_identify(src/gazebo_ros2_control/doc) by extension 'ignore'
[0.327s] Level 1:colcon.colcon_core.package_identification:_identify(src/gazebo_ros2_control/doc) by extension 'ignore_ament_install'
[0.327s] Level 1:colcon.colcon_core.package_identification:_identify(src/gazebo_ros2_control/doc) by extensions ['colcon_pkg']
[0.327s] Level 1:colcon.colcon_core.package_identification:_identify(src/gazebo_ros2_control/doc) by extension 'colcon_pkg'
[0.327s] Level 1:colcon.colcon_core.package_identification:_identify(src/gazebo_ros2_control/doc) by extensions ['colcon_meta']
[0.327s] Level 1:colcon.colcon_core.package_identification:_identify(src/gazebo_ros2_control/doc) by extension 'colcon_meta'
[0.327s] Level 1:colcon.colcon_core.package_identification:_identify(src/gazebo_ros2_control/doc) by extensions ['ros']
[0.327s] Level 1:colcon.colcon_core.package_identification:_identify(src/gazebo_ros2_control/doc) by extension 'ros'
[0.327s] Level 1:colcon.colcon_core.package_identification:_identify(src/gazebo_ros2_control/doc) by extensions ['cmake', 'python']
[0.327s] Level 1:colcon.colcon_core.package_identification:_identify(src/gazebo_ros2_control/doc) by extension 'cmake'
[0.327s] Level 1:colcon.colcon_core.package_identification:_identify(src/gazebo_ros2_control/doc) by extension 'python'
[0.327s] Level 1:colcon.colcon_core.package_identification:_identify(src/gazebo_ros2_control/doc) by extensions ['python_setup_py']
[0.327s] Level 1:colcon.colcon_core.package_identification:_identify(src/gazebo_ros2_control/doc) by extension 'python_setup_py'
[0.328s] Level 1:colcon.colcon_core.package_identification:_identify(src/gazebo_ros2_control/doc/img) by extensions ['ignore', 'ignore_ament_install']
[0.328s] Level 1:colcon.colcon_core.package_identification:_identify(src/gazebo_ros2_control/doc/img) by extension 'ignore'
[0.328s] Level 1:colcon.colcon_core.package_identification:_identify(src/gazebo_ros2_control/doc/img) by extension 'ignore_ament_install'
[0.328s] Level 1:colcon.colcon_core.package_identification:_identify(src/gazebo_ros2_control/doc/img) by extensions ['colcon_pkg']
[0.328s] Level 1:colcon.colcon_core.package_identification:_identify(src/gazebo_ros2_control/doc/img) by extension 'colcon_pkg'
[0.328s] Level 1:colcon.colcon_core.package_identification:_identify(src/gazebo_ros2_control/doc/img) by extensions ['colcon_meta']
[0.328s] Level 1:colcon.colcon_core.package_identification:_identify(src/gazebo_ros2_control/doc/img) by extension 'colcon_meta'
[0.328s] Level 1:colcon.colcon_core.package_identification:_identify(src/gazebo_ros2_control/doc/img) by extensions ['ros']
[0.328s] Level 1:colcon.colcon_core.package_identification:_identify(src/gazebo_ros2_control/doc/img) by extension 'ros'
[0.328s] Level 1:colcon.colcon_core.package_identification:_identify(src/gazebo_ros2_control/doc/img) by extensions ['cmake', 'python']
[0.328s] Level 1:colcon.colcon_core.package_identification:_identify(src/gazebo_ros2_control/doc/img) by extension 'cmake'
[0.328s] Level 1:colcon.colcon_core.package_identification:_identify(src/gazebo_ros2_control/doc/img) by extension 'python'
[0.328s] Level 1:colcon.colcon_core.package_identification:_identify(src/gazebo_ros2_control/doc/img) by extensions ['python_setup_py']
[0.328s] Level 1:colcon.colcon_core.package_identification:_identify(src/gazebo_ros2_control/doc/img) by extension 'python_setup_py'
[0.329s] Level 1:colcon.colcon_core.package_identification:_identify(src/gazebo_ros2_control/gazebo_ros2_control) by extensions ['ignore', 'ignore_ament_install']
[0.329s] Level 1:colcon.colcon_core.package_identification:_identify(src/gazebo_ros2_control/gazebo_ros2_control) by extension 'ignore'
[0.329s] Level 1:colcon.colcon_core.package_identification:_identify(src/gazebo_ros2_control/gazebo_ros2_control) by extension 'ignore_ament_install'
[0.329s] Level 1:colcon.colcon_core.package_identification:_identify(src/gazebo_ros2_control/gazebo_ros2_control) by extensions ['colcon_pkg']
[0.329s] Level 1:colcon.colcon_core.package_identification:_identify(src/gazebo_ros2_control/gazebo_ros2_control) by extension 'colcon_pkg'
[0.329s] Level 1:colcon.colcon_core.package_identification:_identify(src/gazebo_ros2_control/gazebo_ros2_control) by extensions ['colcon_meta']
[0.329s] Level 1:colcon.colcon_core.package_identification:_identify(src/gazebo_ros2_control/gazebo_ros2_control) by extension 'colcon_meta'
[0.329s] Level 1:colcon.colcon_core.package_identification:_identify(src/gazebo_ros2_control/gazebo_ros2_control) by extensions ['ros']
[0.329s] Level 1:colcon.colcon_core.package_identification:_identify(src/gazebo_ros2_control/gazebo_ros2_control) by extension 'ros'
[0.332s] DEBUG:colcon.colcon_core.package_identification:Package 'src/gazebo_ros2_control/gazebo_ros2_control' with type 'ros.ament_cmake' and name 'gazebo_ros2_control'
[0.332s] Level 1:colcon.colcon_core.package_identification:_identify(src/gazebo_ros2_control/gazebo_ros2_control_demos) by extensions ['ignore', 'ignore_ament_install']
[0.332s] Level 1:colcon.colcon_core.package_identification:_identify(src/gazebo_ros2_control/gazebo_ros2_control_demos) by extension 'ignore'
[0.332s] Level 1:colcon.colcon_core.package_identification:_identify(src/gazebo_ros2_control/gazebo_ros2_control_demos) by extension 'ignore_ament_install'
[0.333s] Level 1:colcon.colcon_core.package_identification:_identify(src/gazebo_ros2_control/gazebo_ros2_control_demos) by extensions ['colcon_pkg']
[0.333s] Level 1:colcon.colcon_core.package_identification:_identify(src/gazebo_ros2_control/gazebo_ros2_control_demos) by extension 'colcon_pkg'
[0.333s] Level 1:colcon.colcon_core.package_identification:_identify(src/gazebo_ros2_control/gazebo_ros2_control_demos) by extensions ['colcon_meta']
[0.333s] Level 1:colcon.colcon_core.package_identification:_identify(src/gazebo_ros2_control/gazebo_ros2_control_demos) by extension 'colcon_meta'
[0.333s] Level 1:colcon.colcon_core.package_identification:_identify(src/gazebo_ros2_control/gazebo_ros2_control_demos) by extensions ['ros']
[0.333s] Level 1:colcon.colcon_core.package_identification:_identify(src/gazebo_ros2_control/gazebo_ros2_control_demos) by extension 'ros'
[0.335s] DEBUG:colcon.colcon_core.package_identification:Package 'src/gazebo_ros2_control/gazebo_ros2_control_demos' with type 'ros.ament_cmake' and name 'gazebo_ros2_control_demos'
[0.335s] Level 1:colcon.colcon_core.package_identification:_identify(src/serial) by extensions ['ignore', 'ignore_ament_install']
[0.335s] Level 1:colcon.colcon_core.package_identification:_identify(src/serial) by extension 'ignore'
[0.335s] Level 1:colcon.colcon_core.package_identification:_identify(src/serial) by extension 'ignore_ament_install'
[0.335s] Level 1:colcon.colcon_core.package_identification:_identify(src/serial) by extensions ['colcon_pkg']
[0.335s] Level 1:colcon.colcon_core.package_identification:_identify(src/serial) by extension 'colcon_pkg'
[0.335s] Level 1:colcon.colcon_core.package_identification:_identify(src/serial) by extensions ['colcon_meta']
[0.335s] Level 1:colcon.colcon_core.package_identification:_identify(src/serial) by extension 'colcon_meta'
[0.335s] Level 1:colcon.colcon_core.package_identification:_identify(src/serial) by extensions ['ros']
[0.336s] Level 1:colcon.colcon_core.package_identification:_identify(src/serial) by extension 'ros'
[0.336s] DEBUG:colcon.colcon_core.package_identification:Package 'src/serial' with type 'ros.ament_cmake' and name 'serial'
[0.336s] Level 1:colcon.colcon_core.package_discovery:discover_packages(recursive) using defaults
[0.336s] Level 1:colcon.colcon_core.package_discovery:discover_packages(ignore) discover
[0.336s] Level 1:colcon.colcon_core.package_discovery:discover_packages(ignore) using defaults
[0.336s] Level 1:colcon.colcon_core.package_discovery:discover_packages(path) discover
[0.336s] Level 1:colcon.colcon_core.package_discovery:discover_packages(path) using defaults
[0.369s] Level 1:colcon.colcon_core.package_discovery:discover_packages(prefix_path) check parameters
[0.369s] Level 1:colcon.colcon_core.package_discovery:discover_packages(prefix_path) discover
[0.370s] WARNING:colcon.colcon_core.prefix_path.colcon:The path '/home/neural/Downloads/Neural-Knights/install' in the environment variable COLCON_PREFIX_PATH doesn't exist
[0.370s] WARNING:colcon.colcon_ros.prefix_path.ament:The path '/home/neural/Downloads/Neural-Knights/install/diffdrive_arduino' in the environment variable AMENT_PREFIX_PATH doesn't exist
[0.370s] WARNING:colcon.colcon_ros.prefix_path.ament:The path '/home/neural/Downloads/Neural-Knights/install/serial' in the environment variable AMENT_PREFIX_PATH doesn't exist
[0.371s] WARNING:colcon.colcon_ros.prefix_path.ament:The path '/home/neural/Downloads/Neural-Knights/install/gazebo_ros2_control_demos' in the environment variable AMENT_PREFIX_PATH doesn't exist
[0.371s] WARNING:colcon.colcon_ros.prefix_path.ament:The path '/home/neural/Downloads/Neural-Knights/install/gazebo_ros2_control' in the environment variable AMENT_PREFIX_PATH doesn't exist
[0.371s] WARNING:colcon.colcon_ros.prefix_path.ament:The path '/home/neural/Downloads/Neural-Knights/install/articubot_one' in the environment variable AMENT_PREFIX_PATH doesn't exist
[0.371s] WARNING:colcon.colcon_ros.prefix_path.catkin:The path '/home/neural/Downloads/Neural-Knights/install/diffdrive_arduino' in the environment variable CMAKE_PREFIX_PATH doesn't exist
[0.371s] WARNING:colcon.colcon_ros.prefix_path.catkin:The path '/home/neural/Downloads/Neural-Knights/install/serial' in the environment variable CMAKE_PREFIX_PATH doesn't exist
[0.371s] WARNING:colcon.colcon_ros.prefix_path.catkin:The path '/home/neural/Downloads/Neural-Knights/install/gazebo_ros2_control_demos' in the environment variable CMAKE_PREFIX_PATH doesn't exist
[0.371s] WARNING:colcon.colcon_ros.prefix_path.catkin:The path '/home/neural/Downloads/Neural-Knights/install/gazebo_ros2_control' in the environment variable CMAKE_PREFIX_PATH doesn't exist
[0.371s] WARNING:colcon.colcon_ros.prefix_path.catkin:The path '/home/neural/Downloads/Neural-Knights/install/articubot_one' in the environment variable CMAKE_PREFIX_PATH doesn't exist
[0.372s] DEBUG:colcon.colcon_installed_package_information.package_discovery:Found 5 installed packages in /home/neural/Neural-Knights/install
[0.374s] DEBUG:colcon.colcon_installed_package_information.package_discovery:Found 439 installed packages in /opt/ros/humble
[0.376s] Level 1:colcon.colcon_core.package_discovery:discover_packages(prefix_path) using defaults
[0.437s] Level 5:colcon.colcon_core.verb:set package 'articubot_one' build argument 'cmake_args' from command line to 'None'
[0.437s] Level 5:colcon.colcon_core.verb:set package 'articubot_one' build argument 'cmake_target' from command line to 'None'
[0.437s] Level 5:colcon.colcon_core.verb:set package 'articubot_one' build argument 'cmake_target_skip_unavailable' from command line to 'False'
[0.437s] Level 5:colcon.colcon_core.verb:set package 'articubot_one' build argument 'cmake_clean_cache' from command line to 'False'
[0.437s] Level 5:colcon.colcon_core.verb:set package 'articubot_one' build argument 'cmake_clean_first' from command line to 'False'
[0.437s] Level 5:colcon.colcon_core.verb:set package 'articubot_one' build argument 'cmake_force_configure' from command line to 'False'
[0.437s] Level 5:colcon.colcon_core.verb:set package 'articubot_one' build argument 'ament_cmake_args' from command line to 'None'
[0.437s] Level 5:colcon.colcon_core.verb:set package 'articubot_one' build argument 'catkin_cmake_args' from command line to 'None'
[0.437s] Level 5:colcon.colcon_core.verb:set package 'articubot_one' build argument 'catkin_skip_building_tests' from command line to 'False'
[0.437s] DEBUG:colcon.colcon_core.verb:Building package 'articubot_one' with the following arguments: {'ament_cmake_args': None, 'build_base': '/home/neural/Neural-Knights/build/articubot_one', 'catkin_cmake_args': None, 'catkin_skip_building_tests': False, 'cmake_args': None, 'cmake_clean_cache': False, 'cmake_clean_first': False, 'cmake_force_configure': False, 'cmake_target': None, 'cmake_target_skip_unavailable': False, 'install_base': '/home/neural/Neural-Knights/install/articubot_one', 'merge_install': False, 'path': '/home/neural/Neural-Knights/src/articubot_one', 'symlink_install': True, 'test_result_base': None}
[0.438s] Level 5:colcon.colcon_core.verb:set package 'gazebo_ros2_control' build argument 'cmake_args' from command line to 'None'
[0.438s] Level 5:colcon.colcon_core.verb:set package 'gazebo_ros2_control' build argument 'cmake_target' from command line to 'None'
[0.438s] Level 5:colcon.colcon_core.verb:set package 'gazebo_ros2_control' build argument 'cmake_target_skip_unavailable' from command line to 'False'
[0.438s] Level 5:colcon.colcon_core.verb:set package 'gazebo_ros2_control' build argument 'cmake_clean_cache' from command line to 'False'
[0.438s] Level 5:colcon.colcon_core.verb:set package 'gazebo_ros2_control' build argument 'cmake_clean_first' from command line to 'False'
[0.438s] Level 5:colcon.colcon_core.verb:set package 'gazebo_ros2_control' build argument 'cmake_force_configure' from command line to 'False'
[0.438s] Level 5:colcon.colcon_core.verb:set package 'gazebo_ros2_control' build argument 'ament_cmake_args' from command line to 'None'
[0.438s] Level 5:colcon.colcon_core.verb:set package 'gazebo_ros2_control' build argument 'catkin_cmake_args' from command line to 'None'
[0.438s] Level 5:colcon.colcon_core.verb:set package 'gazebo_ros2_control' build argument 'catkin_skip_building_tests' from command line to 'False'
[0.438s] DEBUG:colcon.colcon_core.verb:Building package 'gazebo_ros2_control' with the following arguments: {'ament_cmake_args': None, 'build_base': '/home/neural/Neural-Knights/build/gazebo_ros2_control', 'catkin_cmake_args': None, 'catkin_skip_building_tests': False, 'cmake_args': None, 'cmake_clean_cache': False, 'cmake_clean_first': False, 'cmake_force_configure': False, 'cmake_target': None, 'cmake_target_skip_unavailable': False, 'install_base': '/home/neural/Neural-Knights/install/gazebo_ros2_control', 'merge_install': False, 'path': '/home/neural/Neural-Knights/src/gazebo_ros2_control/gazebo_ros2_control', 'symlink_install': True, 'test_result_base': None}
[0.439s] Level 5:colcon.colcon_core.verb:set package 'serial' build argument 'cmake_args' from command line to 'None'
[0.439s] Level 5:colcon.colcon_core.verb:set package 'serial' build argument 'cmake_target' from command line to 'None'
[0.439s] Level 5:colcon.colcon_core.verb:set package 'serial' build argument 'cmake_target_skip_unavailable' from command line to 'False'
[0.439s] Level 5:colcon.colcon_core.verb:set package 'serial' build argument 'cmake_clean_cache' from command line to 'False'
[0.439s] Level 5:colcon.colcon_core.verb:set package 'serial' build argument 'cmake_clean_first' from command line to 'False'
[0.439s] Level 5:colcon.colcon_core.verb:set package 'serial' build argument 'cmake_force_configure' from command line to 'False'
[0.439s] Level 5:colcon.colcon_core.verb:set package 'serial' build argument 'ament_cmake_args' from command line to 'None'
[0.439s] Level 5:colcon.colcon_core.verb:set package 'serial' build argument 'catkin_cmake_args' from command line to 'None'
[0.439s] Level 5:colcon.colcon_core.verb:set package 'serial' build argument 'catkin_skip_building_tests' from command line to 'False'
[0.439s] DEBUG:colcon.colcon_core.verb:Building package 'serial' with the following arguments: {'ament_cmake_args': None, 'build_base': '/home/neural/Neural-Knights/build/serial', 'catkin_cmake_args': None, 'catkin_skip_building_tests': False, 'cmake_args': None, 'cmake_clean_cache': False, 'cmake_clean_first': False, 'cmake_force_configure': False, 'cmake_target': None, 'cmake_target_skip_unavailable': False, 'install_base': '/home/neural/Neural-Knights/install/serial', 'merge_install': False, 'path': '/home/neural/Neural-Knights/src/serial', 'symlink_install': True, 'test_result_base': None}
[0.440s] Level 5:colcon.colcon_core.verb:set package 'diffdrive_arduino' build argument 'cmake_args' from command line to 'None'
[0.440s] Level 5:colcon.colcon_core.verb:set package 'diffdrive_arduino' build argument 'cmake_target' from command line to 'None'
[0.440s] Level 5:colcon.colcon_core.verb:set package 'diffdrive_arduino' build argument 'cmake_target_skip_unavailable' from command line to 'False'
[0.440s] Level 5:colcon.colcon_core.verb:set package 'diffdrive_arduino' build argument 'cmake_clean_cache' from command line to 'False'
[0.440s] Level 5:colcon.colcon_core.verb:set package 'diffdrive_arduino' build argument 'cmake_clean_first' from command line to 'False'
[0.440s] Level 5:colcon.colcon_core.verb:set package 'diffdrive_arduino' build argument 'cmake_force_configure' from command line to 'False'
[0.440s] Level 5:colcon.colcon_core.verb:set package 'diffdrive_arduino' build argument 'ament_cmake_args' from command line to 'None'
[0.440s] Level 5:colcon.colcon_core.verb:set package 'diffdrive_arduino' build argument 'catkin_cmake_args' from command line to 'None'
[0.440s] Level 5:colcon.colcon_core.verb:set package 'diffdrive_arduino' build argument 'catkin_skip_building_tests' from command line to 'False'
[0.440s] DEBUG:colcon.colcon_core.verb:Building package 'diffdrive_arduino' with the following arguments: {'ament_cmake_args': None, 'build_base': '/home/neural/Neural-Knights/build/diffdrive_arduino', 'catkin_cmake_args': None, 'catkin_skip_building_tests': False, 'cmake_args': None, 'cmake_clean_cache': False, 'cmake_clean_first': False, 'cmake_force_configure': False, 'cmake_target': None, 'cmake_target_skip_unavailable': False, 'install_base': '/home/neural/Neural-Knights/install/diffdrive_arduino', 'merge_install': False, 'path': '/home/neural/Neural-Knights/src/diffdrive_arduino', 'symlink_install': True, 'test_result_base': None}
[0.440s] Level 5:colcon.colcon_core.verb:set package 'gazebo_ros2_control_demos' build argument 'cmake_args' from command line to 'None'
[0.440s] Level 5:colcon.colcon_core.verb:set package 'gazebo_ros2_control_demos' build argument 'cmake_target' from command line to 'None'
[0.440s] Level 5:colcon.colcon_core.verb:set package 'gazebo_ros2_control_demos' build argument 'cmake_target_skip_unavailable' from command line to 'False'
[0.441s] Level 5:colcon.colcon_core.verb:set package 'gazebo_ros2_control_demos' build argument 'cmake_clean_cache' from command line to 'False'
[0.441s] Level 5:colcon.colcon_core.verb:set package 'gazebo_ros2_control_demos' build argument 'cmake_clean_first' from command line to 'False'
[0.441s] Level 5:colcon.colcon_core.verb:set package 'gazebo_ros2_control_demos' build argument 'cmake_force_configure' from command line to 'False'
[0.441s] Level 5:colcon.colcon_core.verb:set package 'gazebo_ros2_control_demos' build argument 'ament_cmake_args' from command line to 'None'
[0.441s] Level 5:colcon.colcon_core.verb:set package 'gazebo_ros2_control_demos' build argument 'catkin_cmake_args' from command line to 'None'
[0.441s] Level 5:colcon.colcon_core.verb:set package 'gazebo_ros2_control_demos' build argument 'catkin_skip_building_tests' from command line to 'False'
[0.441s] DEBUG:colcon.colcon_core.verb:Building package 'gazebo_ros2_control_demos' with the following arguments: {'ament_cmake_args': None, 'build_base': '/home/neural/Neural-Knights/build/gazebo_ros2_control_demos', 'catkin_cmake_args': None, 'catkin_skip_building_tests': False, 'cmake_args': None, 'cmake_clean_cache': False, 'cmake_clean_first': False, 'cmake_force_configure': False, 'cmake_target': None, 'cmake_target_skip_unavailable': False, 'install_base': '/home/neural/Neural-Knights/install/gazebo_ros2_control_demos', 'merge_install': False, 'path': '/home/neural/Neural-Knights/src/gazebo_ros2_control/gazebo_ros2_control_demos', 'symlink_install': True, 'test_result_base': None}
[0.441s] INFO:colcon.colcon_core.executor:Executing jobs using 'parallel' executor
[0.442s] DEBUG:colcon.colcon_parallel_executor.executor.parallel:run_until_complete
[0.443s] INFO:colcon.colcon_ros.task.ament_cmake.build:Building ROS package in '/home/neural/Neural-Knights/src/gazebo_ros2_control/gazebo_ros2_control' with build type 'ament_cmake'
[0.443s] INFO:colcon.colcon_cmake.task.cmake.build:Building CMake package in '/home/neural/Neural-Knights/src/gazebo_ros2_control/gazebo_ros2_control'
[0.446s] INFO:colcon.colcon_core.plugin_system:Skipping extension 'colcon_core.shell.bat': Not used on non-Windows systems
[0.446s] INFO:colcon.colcon_core.shell:Skip shell extension 'powershell' for command environment: Not usable outside of PowerShell
[0.446s] DEBUG:colcon.colcon_core.shell:Skip shell extension 'dsv' for command environment
[0.453s] INFO:colcon.colcon_ros.task.ament_cmake.build:Building ROS package in '/home/neural/Neural-Knights/src/serial' with build type 'ament_cmake'
[0.453s] INFO:colcon.colcon_cmake.task.cmake.build:Building CMake package in '/home/neural/Neural-Knights/src/serial'
[0.454s] INFO:colcon.colcon_core.shell:Skip shell extension 'powershell' for command environment: Not usable outside of PowerShell
[0.454s] DEBUG:colcon.colcon_core.shell:Skip shell extension 'dsv' for command environment
[0.458s] INFO:colcon.colcon_ros.task.ament_cmake.build:Building ROS package in '/home/neural/Neural-Knights/src/articubot_one' with build type 'ament_cmake'
[0.458s] INFO:colcon.colcon_cmake.task.cmake.build:Building CMake package in '/home/neural/Neural-Knights/src/articubot_one'
[0.459s] INFO:colcon.colcon_core.shell:Skip shell extension 'powershell' for command environment: Not usable outside of PowerShell
[0.459s] DEBUG:colcon.colcon_core.shell:Skip shell extension 'dsv' for command environment
[0.474s] DEBUG:colcon.colcon_core.event_handler.log_command:Invoking command in '/home/neural/Neural-Knights/build/gazebo_ros2_control': CMAKE_PREFIX_PATH=${CMAKE_PREFIX_PATH}:/opt/ros/humble /usr/bin/cmake --build /home/neural/Neural-Knights/build/gazebo_ros2_control -- -j4 -l4
[0.477s] DEBUG:colcon.colcon_core.event_handler.log_command:Invoking command in '/home/neural/Neural-Knights/build/serial': CMAKE_PREFIX_PATH=${CMAKE_PREFIX_PATH}:/opt/ros/humble /usr/bin/cmake --build /home/neural/Neural-Knights/build/serial -- -j4 -l4
[0.484s] DEBUG:colcon.colcon_core.event_handler.log_command:Invoking command in '/home/neural/Neural-Knights/build/articubot_one': CMAKE_PREFIX_PATH=${CMAKE_PREFIX_PATH}:/opt/ros/humble /usr/bin/cmake --build /home/neural/Neural-Knights/build/articubot_one -- -j4 -l4
[0.540s] DEBUG:colcon.colcon_core.event_handler.log_command:Invoked command in '/home/neural/Neural-Knights/build/articubot_one' returned '0': CMAKE_PREFIX_PATH=${CMAKE_PREFIX_PATH}:/opt/ros/humble /usr/bin/cmake --build /home/neural/Neural-Knights/build/articubot_one -- -j4 -l4
[0.555s] DEBUG:colcon.colcon_core.event_handler.log_command:Invoking command in '/home/neural/Neural-Knights/build/articubot_one': CMAKE_PREFIX_PATH=${CMAKE_PREFIX_PATH}:/opt/ros/humble /usr/bin/cmake --install /home/neural/Neural-Knights/build/articubot_one
[0.630s] Level 1:colcon.colcon_core.environment:create_environment_scripts_only(articubot_one)
[0.633s] DEBUG:colcon.colcon_core.event_handler.log_command:Invoked command in '/home/neural/Neural-Knights/build/articubot_one' returned '0': CMAKE_PREFIX_PATH=${CMAKE_PREFIX_PATH}:/opt/ros/humble /usr/bin/cmake --install /home/neural/Neural-Knights/build/articubot_one
[0.636s] Level 1:colcon.colcon_core.environment:checking '/home/neural/Neural-Knights/install/articubot_one' for CMake module files
[0.636s] Level 1:colcon.colcon_core.environment:checking '/home/neural/Neural-Knights/install/articubot_one' for CMake config files
[0.637s] Level 1:colcon.colcon_core.shell:create_environment_hook('articubot_one', 'cmake_prefix_path')
[0.638s] INFO:colcon.colcon_core.shell:Creating environment hook '/home/neural/Neural-Knights/install/articubot_one/share/articubot_one/hook/cmake_prefix_path.ps1'
[0.639s] INFO:colcon.colcon_core.shell:Creating environment descriptor '/home/neural/Neural-Knights/install/articubot_one/share/articubot_one/hook/cmake_prefix_path.dsv'
[0.640s] INFO:colcon.colcon_core.shell:Creating environment hook '/home/neural/Neural-Knights/install/articubot_one/share/articubot_one/hook/cmake_prefix_path.sh'
[0.642s] Level 1:colcon.colcon_core.environment:checking '/home/neural/Neural-Knights/install/articubot_one/bin'
[0.642s] Level 1:colcon.colcon_core.environment:checking '/home/neural/Neural-Knights/install/articubot_one/lib/pkgconfig/articubot_one.pc'
[0.643s] Level 1:colcon.colcon_core.environment:checking '/home/neural/Neural-Knights/install/articubot_one/lib/python3.10/site-packages'
[0.644s] Level 1:colcon.colcon_core.environment:checking '/home/neural/Neural-Knights/install/articubot_one/bin'
[0.645s] INFO:colcon.colcon_core.shell:Creating package script '/home/neural/Neural-Knights/install/articubot_one/share/articubot_one/package.ps1'
[0.646s] INFO:colcon.colcon_core.shell:Creating package descriptor '/home/neural/Neural-Knights/install/articubot_one/share/articubot_one/package.dsv'
[0.648s] INFO:colcon.colcon_core.shell:Creating package script '/home/neural/Neural-Knights/install/articubot_one/share/articubot_one/package.sh'
[0.649s] INFO:colcon.colcon_core.shell:Creating package script '/home/neural/Neural-Knights/install/articubot_one/share/articubot_one/package.bash'
[0.650s] INFO:colcon.colcon_core.shell:Creating package script '/home/neural/Neural-Knights/install/articubot_one/share/articubot_one/package.zsh'
[0.650s] Level 1:colcon.colcon_core.environment:create_file_with_runtime_dependencies(/home/neural/Neural-Knights/install/articubot_one/share/colcon-core/packages/articubot_one)
[0.651s] Level 1:colcon.colcon_core.environment:create_environment_scripts_only(articubot_one)
[0.652s] Level 1:colcon.colcon_core.environment:checking '/home/neural/Neural-Knights/install/articubot_one' for CMake module files
[0.653s] Level 1:colcon.colcon_core.environment:checking '/home/neural/Neural-Knights/install/articubot_one' for CMake config files
[0.654s] Level 1:colcon.colcon_core.shell:create_environment_hook('articubot_one', 'cmake_prefix_path')
[0.654s] INFO:colcon.colcon_core.shell:Creating environment hook '/home/neural/Neural-Knights/install/articubot_one/share/articubot_one/hook/cmake_prefix_path.ps1'
[0.655s] INFO:colcon.colcon_core.shell:Creating environment descriptor '/home/neural/Neural-Knights/install/articubot_one/share/articubot_one/hook/cmake_prefix_path.dsv'
[0.655s] INFO:colcon.colcon_core.shell:Creating environment hook '/home/neural/Neural-Knights/install/articubot_one/share/articubot_one/hook/cmake_prefix_path.sh'
[0.656s] Level 1:colcon.colcon_core.environment:checking '/home/neural/Neural-Knights/install/articubot_one/bin'
[0.656s] Level 1:colcon.colcon_core.environment:checking '/home/neural/Neural-Knights/install/articubot_one/lib/pkgconfig/articubot_one.pc'
[0.657s] Level 1:colcon.colcon_core.environment:checking '/home/neural/Neural-Knights/install/articubot_one/lib/python3.10/site-packages'
[0.657s] Level 1:colcon.colcon_core.environment:checking '/home/neural/Neural-Knights/install/articubot_one/bin'
[0.657s] INFO:colcon.colcon_core.shell:Creating package script '/home/neural/Neural-Knights/install/articubot_one/share/articubot_one/package.ps1'
[0.658s] INFO:colcon.colcon_core.shell:Creating package descriptor '/home/neural/Neural-Knights/install/articubot_one/share/articubot_one/package.dsv'
[0.659s] INFO:colcon.colcon_core.shell:Creating package script '/home/neural/Neural-Knights/install/articubot_one/share/articubot_one/package.sh'
[0.659s] INFO:colcon.colcon_core.shell:Creating package script '/home/neural/Neural-Knights/install/articubot_one/share/articubot_one/package.bash'
[0.660s] INFO:colcon.colcon_core.shell:Creating package script '/home/neural/Neural-Knights/install/articubot_one/share/articubot_one/package.zsh'
[0.661s] Level 1:colcon.colcon_core.environment:create_file_with_runtime_dependencies(/home/neural/Neural-Knights/install/articubot_one/share/colcon-core/packages/articubot_one)
[0.663s] DEBUG:colcon.colcon_core.event_handler.log_command:Invoked command in '/home/neural/Neural-Knights/build/gazebo_ros2_control' returned '0': CMAKE_PREFIX_PATH=${CMAKE_PREFIX_PATH}:/opt/ros/humble /usr/bin/cmake --build /home/neural/Neural-Knights/build/gazebo_ros2_control -- -j4 -l4
[0.666s] DEBUG:colcon.colcon_core.event_handler.log_command:Invoking command in '/home/neural/Neural-Knights/build/gazebo_ros2_control': CMAKE_PREFIX_PATH=${CMAKE_PREFIX_PATH}:/opt/ros/humble /usr/bin/cmake --install /home/neural/Neural-Knights/build/gazebo_ros2_control
[0.667s] DEBUG:colcon.colcon_core.event_handler.log_command:Invoked command in '/home/neural/Neural-Knights/build/serial' returned '0': CMAKE_PREFIX_PATH=${CMAKE_PREFIX_PATH}:/opt/ros/humble /usr/bin/cmake --build /home/neural/Neural-Knights/build/serial -- -j4 -l4
[0.669s] DEBUG:colcon.colcon_core.event_handler.log_command:Invoking command in '/home/neural/Neural-Knights/build/serial': CMAKE_PREFIX_PATH=${CMAKE_PREFIX_PATH}:/opt/ros/humble /usr/bin/cmake --install /home/neural/Neural-Knights/build/serial
[0.697s] Level 1:colcon.colcon_core.environment:create_environment_scripts_only(gazebo_ros2_control)
[0.698s] Level 1:colcon.colcon_core.environment:checking '/home/neural/Neural-Knights/install/gazebo_ros2_control' for CMake module files
[0.699s] Level 1:colcon.colcon_core.environment:checking '/home/neural/Neural-Knights/install/gazebo_ros2_control' for CMake config files
[0.700s] DEBUG:colcon.colcon_core.event_handler.log_command:Invoked command in '/home/neural/Neural-Knights/build/gazebo_ros2_control' returned '0': CMAKE_PREFIX_PATH=${CMAKE_PREFIX_PATH}:/opt/ros/humble /usr/bin/cmake --install /home/neural/Neural-Knights/build/gazebo_ros2_control
[0.701s] Level 1:colcon.colcon_core.shell:create_environment_hook('gazebo_ros2_control', 'cmake_prefix_path')
[0.701s] INFO:colcon.colcon_core.shell:Creating environment hook '/home/neural/Neural-Knights/install/gazebo_ros2_control/share/gazebo_ros2_control/hook/cmake_prefix_path.ps1'
[0.702s] INFO:colcon.colcon_core.shell:Creating environment descriptor '/home/neural/Neural-Knights/install/gazebo_ros2_control/share/gazebo_ros2_control/hook/cmake_prefix_path.dsv'
[0.703s] INFO:colcon.colcon_core.shell:Creating environment hook '/home/neural/Neural-Knights/install/gazebo_ros2_control/share/gazebo_ros2_control/hook/cmake_prefix_path.sh'
[0.704s] Level 1:colcon.colcon_core.environment:checking '/home/neural/Neural-Knights/install/gazebo_ros2_control/lib'
[0.705s] Level 1:colcon.colcon_core.shell:create_environment_hook('gazebo_ros2_control', 'ld_library_path_lib')
[0.705s] INFO:colcon.colcon_core.shell:Creating environment hook '/home/neural/Neural-Knights/install/gazebo_ros2_control/share/gazebo_ros2_control/hook/ld_library_path_lib.ps1'
[0.706s] INFO:colcon.colcon_core.shell:Creating environment descriptor '/home/neural/Neural-Knights/install/gazebo_ros2_control/share/gazebo_ros2_control/hook/ld_library_path_lib.dsv'
[0.706s] INFO:colcon.colcon_core.shell:Creating environment hook '/home/neural/Neural-Knights/install/gazebo_ros2_control/share/gazebo_ros2_control/hook/ld_library_path_lib.sh'
[0.707s] Level 1:colcon.colcon_core.environment:checking '/home/neural/Neural-Knights/install/gazebo_ros2_control/bin'
[0.707s] Level 1:colcon.colcon_core.environment:checking '/home/neural/Neural-Knights/install/gazebo_ros2_control/lib/pkgconfig/gazebo_ros2_control.pc'
[0.707s] Level 1:colcon.colcon_core.environment:checking '/home/neural/Neural-Knights/install/gazebo_ros2_control/lib/python3.10/site-packages'
[0.708s] Level 1:colcon.colcon_core.environment:checking '/home/neural/Neural-Knights/install/gazebo_ros2_control/bin'
[0.708s] INFO:colcon.colcon_core.shell:Creating package script '/home/neural/Neural-Knights/install/gazebo_ros2_control/share/gazebo_ros2_control/package.ps1'
[0.708s] INFO:colcon.colcon_core.shell:Creating package descriptor '/home/neural/Neural-Knights/install/gazebo_ros2_control/share/gazebo_ros2_control/package.dsv'
[0.709s] INFO:colcon.colcon_core.shell:Creating package script '/home/neural/Neural-Knights/install/gazebo_ros2_control/share/gazebo_ros2_control/package.sh'
[0.709s] INFO:colcon.colcon_core.shell:Creating package script '/home/neural/Neural-Knights/install/gazebo_ros2_control/share/gazebo_ros2_control/package.bash'
[0.710s] INFO:colcon.colcon_core.shell:Creating package script '/home/neural/Neural-Knights/install/gazebo_ros2_control/share/gazebo_ros2_control/package.zsh'
[0.710s] Level 1:colcon.colcon_core.environment:create_file_with_runtime_dependencies(/home/neural/Neural-Knights/install/gazebo_ros2_control/share/colcon-core/packages/gazebo_ros2_control)
[0.711s] Level 1:colcon.colcon_core.environment:create_environment_scripts_only(gazebo_ros2_control)
[0.711s] Level 1:colcon.colcon_core.environment:checking '/home/neural/Neural-Knights/install/gazebo_ros2_control' for CMake module files
[0.712s] Level 1:colcon.colcon_core.environment:checking '/home/neural/Neural-Knights/install/gazebo_ros2_control' for CMake config files
[0.712s] Level 1:colcon.colcon_core.shell:create_environment_hook('gazebo_ros2_control', 'cmake_prefix_path')
[0.713s] INFO:colcon.colcon_core.shell:Creating environment hook '/home/neural/Neural-Knights/install/gazebo_ros2_control/share/gazebo_ros2_control/hook/cmake_prefix_path.ps1'
[0.713s] INFO:colcon.colcon_core.shell:Creating environment descriptor '/home/neural/Neural-Knights/install/gazebo_ros2_control/share/gazebo_ros2_control/hook/cmake_prefix_path.dsv'
[0.713s] INFO:colcon.colcon_core.shell:Creating environment hook '/home/neural/Neural-Knights/install/gazebo_ros2_control/share/gazebo_ros2_control/hook/cmake_prefix_path.sh'
[0.714s] Level 1:colcon.colcon_core.environment:checking '/home/neural/Neural-Knights/install/gazebo_ros2_control/lib'
[0.714s] Level 1:colcon.colcon_core.shell:create_environment_hook('gazebo_ros2_control', 'ld_library_path_lib')
[0.714s] INFO:colcon.colcon_core.shell:Creating environment hook '/home/neural/Neural-Knights/install/gazebo_ros2_control/share/gazebo_ros2_control/hook/ld_library_path_lib.ps1'
[0.715s] INFO:colcon.colcon_core.shell:Creating environment descriptor '/home/neural/Neural-Knights/install/gazebo_ros2_control/share/gazebo_ros2_control/hook/ld_library_path_lib.dsv'
[0.715s] INFO:colcon.colcon_core.shell:Creating environment hook '/home/neural/Neural-Knights/install/gazebo_ros2_control/share/gazebo_ros2_control/hook/ld_library_path_lib.sh'
[0.716s] Level 1:colcon.colcon_core.environment:checking '/home/neural/Neural-Knights/install/gazebo_ros2_control/bin'
[0.716s] Level 1:colcon.colcon_core.environment:checking '/home/neural/Neural-Knights/install/gazebo_ros2_control/lib/pkgconfig/gazebo_ros2_control.pc'
[0.716s] Level 1:colcon.colcon_core.environment:checking '/home/neural/Neural-Knights/install/gazebo_ros2_control/lib/python3.10/site-packages'
[0.717s] Level 1:colcon.colcon_core.environment:checking '/home/neural/Neural-Knights/install/gazebo_ros2_control/bin'
[0.717s] INFO:colcon.colcon_core.shell:Creating package script '/home/neural/Neural-Knights/install/gazebo_ros2_control/share/gazebo_ros2_control/package.ps1'
[0.717s] INFO:colcon.colcon_core.shell:Creating package descriptor '/home/neural/Neural-Knights/install/gazebo_ros2_control/share/gazebo_ros2_control/package.dsv'
[0.718s] INFO:colcon.colcon_core.shell:Creating package script '/home/neural/Neural-Knights/install/gazebo_ros2_control/share/gazebo_ros2_control/package.sh'
[0.719s] INFO:colcon.colcon_core.shell:Creating package script '/home/neural/Neural-Knights/install/gazebo_ros2_control/share/gazebo_ros2_control/package.bash'
[0.719s] INFO:colcon.colcon_core.shell:Creating package script '/home/neural/Neural-Knights/install/gazebo_ros2_control/share/gazebo_ros2_control/package.zsh'
[0.720s] Level 1:colcon.colcon_core.environment:create_file_with_runtime_dependencies(/home/neural/Neural-Knights/install/gazebo_ros2_control/share/colcon-core/packages/gazebo_ros2_control)
[0.720s] INFO:colcon.colcon_ros.task.ament_cmake.build:Building ROS package in '/home/neural/Neural-Knights/src/gazebo_ros2_control/gazebo_ros2_control_demos' with build type 'ament_cmake'
[0.720s] INFO:colcon.colcon_cmake.task.cmake.build:Building CMake package in '/home/neural/Neural-Knights/src/gazebo_ros2_control/gazebo_ros2_control_demos'
[0.721s] INFO:colcon.colcon_core.shell:Skip shell extension 'powershell' for command environment: Not usable outside of PowerShell
[0.721s] DEBUG:colcon.colcon_core.shell:Skip shell extension 'dsv' for command environment
[0.728s] Level 1:colcon.colcon_core.environment:create_environment_scripts_only(serial)
[0.729s] Level 1:colcon.colcon_core.environment:checking '/home/neural/Neural-Knights/install/serial' for CMake module files
[0.730s] DEBUG:colcon.colcon_core.event_handler.log_command:Invoked command in '/home/neural/Neural-Knights/build/serial' returned '0': CMAKE_PREFIX_PATH=${CMAKE_PREFIX_PATH}:/opt/ros/humble /usr/bin/cmake --install /home/neural/Neural-Knights/build/serial
[0.730s] Level 1:colcon.colcon_core.environment:checking '/home/neural/Neural-Knights/install/serial' for CMake config files
[0.731s] Level 1:colcon.colcon_core.shell:create_environment_hook('serial', 'cmake_prefix_path')
[0.731s] INFO:colcon.colcon_core.shell:Creating environment hook '/home/neural/Neural-Knights/install/serial/share/serial/hook/cmake_prefix_path.ps1'
[0.732s] INFO:colcon.colcon_core.shell:Creating environment descriptor '/home/neural/Neural-Knights/install/serial/share/serial/hook/cmake_prefix_path.dsv'
[0.733s] INFO:colcon.colcon_core.shell:Creating environment hook '/home/neural/Neural-Knights/install/serial/share/serial/hook/cmake_prefix_path.sh'
[0.734s] Level 1:colcon.colcon_core.environment:checking '/home/neural/Neural-Knights/install/serial/lib'
[0.734s] Level 1:colcon.colcon_core.environment:checking '/home/neural/Neural-Knights/install/serial/bin'
[0.734s] Level 1:colcon.colcon_core.environment:checking '/home/neural/Neural-Knights/install/serial/lib/pkgconfig/serial.pc'
[0.735s] Level 1:colcon.colcon_core.environment:checking '/home/neural/Neural-Knights/install/serial/lib/python3.10/site-packages'
[0.735s] Level 1:colcon.colcon_core.environment:checking '/home/neural/Neural-Knights/install/serial/bin'
[0.735s] INFO:colcon.colcon_core.shell:Creating package script '/home/neural/Neural-Knights/install/serial/share/serial/package.ps1'
[0.736s] INFO:colcon.colcon_core.shell:Creating package descriptor '/home/neural/Neural-Knights/install/serial/share/serial/package.dsv'
[0.737s] INFO:colcon.colcon_core.shell:Creating package script '/home/neural/Neural-Knights/install/serial/share/serial/package.sh'
[0.737s] INFO:colcon.colcon_core.shell:Creating package script '/home/neural/Neural-Knights/install/serial/share/serial/package.bash'
[0.738s] INFO:colcon.colcon_core.shell:Creating package script '/home/neural/Neural-Knights/install/serial/share/serial/package.zsh'
[0.738s] Level 1:colcon.colcon_core.environment:create_file_with_runtime_dependencies(/home/neural/Neural-Knights/install/serial/share/colcon-core/packages/serial)
[0.739s] Level 1:colcon.colcon_core.environment:create_environment_scripts_only(serial)
[0.739s] Level 1:colcon.colcon_core.environment:checking '/home/neural/Neural-Knights/install/serial' for CMake module files
[0.740s] Level 1:colcon.colcon_core.environment:checking '/home/neural/Neural-Knights/install/serial' for CMake config files
[0.740s] Level 1:colcon.colcon_core.shell:create_environment_hook('serial', 'cmake_prefix_path')
[0.741s] INFO:colcon.colcon_core.shell:Creating environment hook '/home/neural/Neural-Knights/install/serial/share/serial/hook/cmake_prefix_path.ps1'
[0.741s] INFO:colcon.colcon_core.shell:Creating environment descriptor '/home/neural/Neural-Knights/install/serial/share/serial/hook/cmake_prefix_path.dsv'
[0.742s] INFO:colcon.colcon_core.shell:Creating environment hook '/home/neural/Neural-Knights/install/serial/share/serial/hook/cmake_prefix_path.sh'
[0.743s] Level 1:colcon.colcon_core.environment:checking '/home/neural/Neural-Knights/install/serial/lib'
[0.743s] Level 1:colcon.colcon_core.environment:checking '/home/neural/Neural-Knights/install/serial/bin'
[0.743s] Level 1:colcon.colcon_core.environment:checking '/home/neural/Neural-Knights/install/serial/lib/pkgconfig/serial.pc'
[0.743s] Level 1:colcon.colcon_core.environment:checking '/home/neural/Neural-Knights/install/serial/lib/python3.10/site-packages'
[0.744s] Level 1:colcon.colcon_core.environment:checking '/home/neural/Neural-Knights/install/serial/bin'
[0.744s] INFO:colcon.colcon_core.shell:Creating package script '/home/neural/Neural-Knights/install/serial/share/serial/package.ps1'
[0.744s] INFO:colcon.colcon_core.shell:Creating package descriptor '/home/neural/Neural-Knights/install/serial/share/serial/package.dsv'
[0.745s] INFO:colcon.colcon_core.shell:Creating package script '/home/neural/Neural-Knights/install/serial/share/serial/package.sh'
[0.745s] INFO:colcon.colcon_core.shell:Creating package script '/home/neural/Neural-Knights/install/serial/share/serial/package.bash'
[0.746s] INFO:colcon.colcon_core.shell:Creating package script '/home/neural/Neural-Knights/install/serial/share/serial/package.zsh'
[0.746s] Level 1:colcon.colcon_core.environment:create_file_with_runtime_dependencies(/home/neural/Neural-Knights/install/serial/share/colcon-core/packages/serial)
[0.747s] INFO:colcon.colcon_ros.task.ament_cmake.build:Building ROS package in '/home/neural/Neural-Knights/src/diffdrive_arduino' with build type 'ament_cmake'
[0.747s] INFO:colcon.colcon_cmake.task.cmake.build:Building CMake package in '/home/neural/Neural-Knights/src/diffdrive_arduino'
[0.748s] INFO:colcon.colcon_core.shell:Skip shell extension 'powershell' for command environment: Not usable outside of PowerShell
[0.748s] DEBUG:colcon.colcon_core.shell:Skip shell extension 'dsv' for command environment
[0.760s] DEBUG:colcon.colcon_core.event_handler.log_command:Invoking command in '/home/neural/Neural-Knights/build/gazebo_ros2_control_demos': CMAKE_PREFIX_PATH=/home/neural/Neural-Knights/install/gazebo_ros2_control:/home/neural/Downloads/Neural-Knights/install/diffdrive_arduino:/home/neural/Downloads/Neural-Knights/install/serial:/home/neural/Downloads/Neural-Knights/install/gazebo_ros2_control_demos:/home/neural/Downloads/Neural-Knights/install/gazebo_ros2_control:/home/neural/Downloads/Neural-Knights/install/articubot_one:/home/neural/Neural-Knights/install/diffdrive_arduino:/home/neural/Neural-Knights/install/serial:/home/neural/Neural-Knights/install/gazebo_ros2_control_demos:/home/neural/Neural-Knights/install/articubot_one:/opt/ros/humble LD_LIBRARY_PATH=/home/neural/Neural-Knights/install/gazebo_ros2_control/lib:/home/neural/Downloads/Neural-Knights/install/diffdrive_arduino/lib:/home/neural/Downloads/Neural-Knights/install/serial/lib:/home/neural/Downloads/Neural-Knights/install/gazebo_ros2_control/lib:/home/neural/Neural-Knights/install/diffdrive_arduino/lib:/home/neural/Neural-Knights/install/diffdrive_arduino/lib:/home/neural/Neural-Knights/install/serial/lib:/usr/lib/x86_64-linux-gnu/gazebo-11/plugins:/opt/ros/humble/opt/rviz_ogre_vendor/lib:/opt/ros/humble/lib/x86_64-linux-gnu:/opt/ros/humble/lib /usr/bin/cmake --build /home/neural/Neural-Knights/build/gazebo_ros2_control_demos -- -j4 -l4
[0.764s] DEBUG:colcon.colcon_core.event_handler.log_command:Invoking command in '/home/neural/Neural-Knights/build/diffdrive_arduino': CMAKE_PREFIX_PATH=/home/neural/Neural-Knights/install/serial:/home/neural/Downloads/Neural-Knights/install/diffdrive_arduino:/home/neural/Downloads/Neural-Knights/install/serial:/home/neural/Downloads/Neural-Knights/install/gazebo_ros2_control_demos:/home/neural/Downloads/Neural-Knights/install/gazebo_ros2_control:/home/neural/Downloads/Neural-Knights/install/articubot_one:/home/neural/Neural-Knights/install/diffdrive_arduino:/home/neural/Neural-Knights/install/gazebo_ros2_control_demos:/home/neural/Neural-Knights/install/gazebo_ros2_control:/home/neural/Neural-Knights/install/articubot_one:/opt/ros/humble /usr/bin/cmake --build /home/neural/Neural-Knights/build/diffdrive_arduino -- -j4 -l4
[0.899s] DEBUG:colcon.colcon_core.event_handler.log_command:Invoked command in '/home/neural/Neural-Knights/build/diffdrive_arduino' returned '0': CMAKE_PREFIX_PATH=/home/neural/Neural-Knights/install/serial:/home/neural/Downloads/Neural-Knights/install/diffdrive_arduino:/home/neural/Downloads/Neural-Knights/install/serial:/home/neural/Downloads/Neural-Knights/install/gazebo_ros2_control_demos:/home/neural/Downloads/Neural-Knights/install/gazebo_ros2_control:/home/neural/Downloads/Neural-Knights/install/articubot_one:/home/neural/Neural-Knights/install/diffdrive_arduino:/home/neural/Neural-Knights/install/gazebo_ros2_control_demos:/home/neural/Neural-Knights/install/gazebo_ros2_control:/home/neural/Neural-Knights/install/articubot_one:/opt/ros/humble /usr/bin/cmake --build /home/neural/Neural-Knights/build/diffdrive_arduino -- -j4 -l4
[0.903s] DEBUG:colcon.colcon_core.event_handler.log_command:Invoking command in '/home/neural/Neural-Knights/build/diffdrive_arduino': CMAKE_PREFIX_PATH=/home/neural/Neural-Knights/install/serial:/home/neural/Downloads/Neural-Knights/install/diffdrive_arduino:/home/neural/Downloads/Neural-Knights/install/serial:/home/neural/Downloads/Neural-Knights/install/gazebo_ros2_control_demos:/home/neural/Downloads/Neural-Knights/install/gazebo_ros2_control:/home/neural/Downloads/Neural-Knights/install/articubot_one:/home/neural/Neural-Knights/install/diffdrive_arduino:/home/neural/Neural-Knights/install/gazebo_ros2_control_demos:/home/neural/Neural-Knights/install/gazebo_ros2_control:/home/neural/Neural-Knights/install/articubot_one:/opt/ros/humble /usr/bin/cmake --install /home/neural/Neural-Knights/build/diffdrive_arduino
[0.916s] DEBUG:colcon.colcon_core.event_handler.log_command:Invoked command in '/home/neural/Neural-Knights/build/gazebo_ros2_control_demos' returned '0': CMAKE_PREFIX_PATH=/home/neural/Neural-Knights/install/gazebo_ros2_control:/home/neural/Downloads/Neural-Knights/install/diffdrive_arduino:/home/neural/Downloads/Neural-Knights/install/serial:/home/neural/Downloads/Neural-Knights/install/gazebo_ros2_control_demos:/home/neural/Downloads/Neural-Knights/install/gazebo_ros2_control:/home/neural/Downloads/Neural-Knights/install/articubot_one:/home/neural/Neural-Knights/install/diffdrive_arduino:/home/neural/Neural-Knights/install/serial:/home/neural/Neural-Knights/install/gazebo_ros2_control_demos:/home/neural/Neural-Knights/install/articubot_one:/opt/ros/humble LD_LIBRARY_PATH=/home/neural/Neural-Knights/install/gazebo_ros2_control/lib:/home/neural/Downloads/Neural-Knights/install/diffdrive_arduino/lib:/home/neural/Downloads/Neural-Knights/install/serial/lib:/home/neural/Downloads/Neural-Knights/install/gazebo_ros2_control/lib:/home/neural/Neural-Knights/install/diffdrive_arduino/lib:/home/neural/Neural-Knights/install/diffdrive_arduino/lib:/home/neural/Neural-Knights/install/serial/lib:/usr/lib/x86_64-linux-gnu/gazebo-11/plugins:/opt/ros/humble/opt/rviz_ogre_vendor/lib:/opt/ros/humble/lib/x86_64-linux-gnu:/opt/ros/humble/lib /usr/bin/cmake --build /home/neural/Neural-Knights/build/gazebo_ros2_control_demos -- -j4 -l4
[0.917s] DEBUG:colcon.colcon_core.event_handler.log_command:Invoking command in '/home/neural/Neural-Knights/build/gazebo_ros2_control_demos': CMAKE_PREFIX_PATH=/home/neural/Neural-Knights/install/gazebo_ros2_control:/home/neural/Downloads/Neural-Knights/install/diffdrive_arduino:/home/neural/Downloads/Neural-Knights/install/serial:/home/neural/Downloads/Neural-Knights/install/gazebo_ros2_control_demos:/home/neural/Downloads/Neural-Knights/install/gazebo_ros2_control:/home/neural/Downloads/Neural-Knights/install/articubot_one:/home/neural/Neural-Knights/install/diffdrive_arduino:/home/neural/Neural-Knights/install/serial:/home/neural/Neural-Knights/install/gazebo_ros2_control_demos:/home/neural/Neural-Knights/install/articubot_one:/opt/ros/humble LD_LIBRARY_PATH=/home/neural/Neural-Knights/install/gazebo_ros2_control/lib:/home/neural/Downloads/Neural-Knights/install/diffdrive_arduino/lib:/home/neural/Downloads/Neural-Knights/install/serial/lib:/home/neural/Downloads/Neural-Knights/install/gazebo_ros2_control/lib:/home/neural/Neural-Knights/install/diffdrive_arduino/lib:/home/neural/Neural-Knights/install/diffdrive_arduino/lib:/home/neural/Neural-Knights/install/serial/lib:/usr/lib/x86_64-linux-gnu/gazebo-11/plugins:/opt/ros/humble/opt/rviz_ogre_vendor/lib:/opt/ros/humble/lib/x86_64-linux-gnu:/opt/ros/humble/lib /usr/bin/cmake --install /home/neural/Neural-Knights/build/gazebo_ros2_control_demos
[0.936s] Level 1:colcon.colcon_core.environment:create_environment_scripts_only(diffdrive_arduino)
[0.937s] Level 1:colcon.colcon_core.environment:checking '/home/neural/Neural-Knights/install/diffdrive_arduino' for CMake module files
[0.938s] Level 1:colcon.colcon_core.environment:checking '/home/neural/Neural-Knights/install/diffdrive_arduino' for CMake config files
[0.943s] Level 1:colcon.colcon_core.shell:create_environment_hook('diffdrive_arduino', 'cmake_prefix_path')
[0.944s] INFO:colcon.colcon_core.shell:Creating environment hook '/home/neural/Neural-Knights/install/diffdrive_arduino/share/diffdrive_arduino/hook/cmake_prefix_path.ps1'
[0.945s] INFO:colcon.colcon_core.shell:Creating environment descriptor '/home/neural/Neural-Knights/install/diffdrive_arduino/share/diffdrive_arduino/hook/cmake_prefix_path.dsv'
[0.945s] INFO:colcon.colcon_core.shell:Creating environment hook '/home/neural/Neural-Knights/install/diffdrive_arduino/share/diffdrive_arduino/hook/cmake_prefix_path.sh'
[0.946s] Level 1:colcon.colcon_core.environment:checking '/home/neural/Neural-Knights/install/diffdrive_arduino/lib'
[0.947s] Level 1:colcon.colcon_core.shell:create_environment_hook('diffdrive_arduino', 'ld_library_path_lib')
[0.947s] INFO:colcon.colcon_core.shell:Creating environment hook '/home/neural/Neural-Knights/install/diffdrive_arduino/share/diffdrive_arduino/hook/ld_library_path_lib.ps1'
[0.948s] INFO:colcon.colcon_core.shell:Creating environment descriptor '/home/neural/Neural-Knights/install/diffdrive_arduino/share/diffdrive_arduino/hook/ld_library_path_lib.dsv'
[0.948s] INFO:colcon.colcon_core.shell:Creating environment hook '/home/neural/Neural-Knights/install/diffdrive_arduino/share/diffdrive_arduino/hook/ld_library_path_lib.sh'
[0.949s] Level 1:colcon.colcon_core.environment:checking '/home/neural/Neural-Knights/install/diffdrive_arduino/bin'
[0.949s] Level 1:colcon.colcon_core.environment:checking '/home/neural/Neural-Knights/install/diffdrive_arduino/lib/pkgconfig/diffdrive_arduino.pc'
[0.950s] Level 1:colcon.colcon_core.environment:checking '/home/neural/Neural-Knights/install/diffdrive_arduino/lib/python3.10/site-packages'
[0.950s] Level 1:colcon.colcon_core.environment:checking '/home/neural/Neural-Knights/install/diffdrive_arduino/bin'
[0.951s] INFO:colcon.colcon_core.shell:Creating package script '/home/neural/Neural-Knights/install/diffdrive_arduino/share/diffdrive_arduino/package.ps1'
[0.952s] INFO:colcon.colcon_core.shell:Creating package descriptor '/home/neural/Neural-Knights/install/diffdrive_arduino/share/diffdrive_arduino/package.dsv'
[0.952s] INFO:colcon.colcon_core.shell:Creating package script '/home/neural/Neural-Knights/install/diffdrive_arduino/share/diffdrive_arduino/package.sh'
[0.957s] DEBUG:colcon.colcon_core.event_handler.log_command:Invoked command in '/home/neural/Neural-Knights/build/diffdrive_arduino' returned '0': CMAKE_PREFIX_PATH=/home/neural/Neural-Knights/install/serial:/home/neural/Downloads/Neural-Knights/install/diffdrive_arduino:/home/neural/Downloads/Neural-Knights/install/serial:/home/neural/Downloads/Neural-Knights/install/gazebo_ros2_control_demos:/home/neural/Downloads/Neural-Knights/install/gazebo_ros2_control:/home/neural/Downloads/Neural-Knights/install/articubot_one:/home/neural/Neural-Knights/install/diffdrive_arduino:/home/neural/Neural-Knights/install/gazebo_ros2_control_demos:/home/neural/Neural-Knights/install/gazebo_ros2_control:/home/neural/Neural-Knights/install/articubot_one:/opt/ros/humble /usr/bin/cmake --install /home/neural/Neural-Knights/build/diffdrive_arduino
[0.958s] INFO:colcon.colcon_core.shell:Creating package script '/home/neural/Neural-Knights/install/diffdrive_arduino/share/diffdrive_arduino/package.bash'
[0.959s] INFO:colcon.colcon_core.shell:Creating package script '/home/neural/Neural-Knights/install/diffdrive_arduino/share/diffdrive_arduino/package.zsh'
[0.960s] Level 1:colcon.colcon_core.environment:create_file_with_runtime_dependencies(/home/neural/Neural-Knights/install/diffdrive_arduino/share/colcon-core/packages/diffdrive_arduino)
[0.962s] Level 1:colcon.colcon_core.environment:create_environment_scripts_only(diffdrive_arduino)
[0.962s] Level 1:colcon.colcon_core.environment:checking '/home/neural/Neural-Knights/install/diffdrive_arduino' for CMake module files
[0.964s] Level 1:colcon.colcon_core.environment:checking '/home/neural/Neural-Knights/install/diffdrive_arduino' for CMake config files
[0.965s] Level 1:colcon.colcon_core.shell:create_environment_hook('diffdrive_arduino', 'cmake_prefix_path')
[0.965s] INFO:colcon.colcon_core.shell:Creating environment hook '/home/neural/Neural-Knights/install/diffdrive_arduino/share/diffdrive_arduino/hook/cmake_prefix_path.ps1'
[0.966s] INFO:colcon.colcon_core.shell:Creating environment descriptor '/home/neural/Neural-Knights/install/diffdrive_arduino/share/diffdrive_arduino/hook/cmake_prefix_path.dsv'
[0.967s] INFO:colcon.colcon_core.shell:Creating environment hook '/home/neural/Neural-Knights/install/diffdrive_arduino/share/diffdrive_arduino/hook/cmake_prefix_path.sh'
[0.968s] Level 1:colcon.colcon_core.environment:checking '/home/neural/Neural-Knights/install/diffdrive_arduino/lib'
[0.968s] Level 1:colcon.colcon_core.shell:create_environment_hook('diffdrive_arduino', 'ld_library_path_lib')
[0.968s] INFO:colcon.colcon_core.shell:Creating environment hook '/home/neural/Neural-Knights/install/diffdrive_arduino/share/diffdrive_arduino/hook/ld_library_path_lib.ps1'
[0.969s] INFO:colcon.colcon_core.shell:Creating environment descriptor '/home/neural/Neural-Knights/install/diffdrive_arduino/share/diffdrive_arduino/hook/ld_library_path_lib.dsv'
[0.970s] INFO:colcon.colcon_core.shell:Creating environment hook '/home/neural/Neural-Knights/install/diffdrive_arduino/share/diffdrive_arduino/hook/ld_library_path_lib.sh'
[0.971s] Level 1:colcon.colcon_core.environment:checking '/home/neural/Neural-Knights/install/diffdrive_arduino/bin'
[0.971s] Level 1:colcon.colcon_core.environment:checking '/home/neural/Neural-Knights/install/diffdrive_arduino/lib/pkgconfig/diffdrive_arduino.pc'
[0.972s] Level 1:colcon.colcon_core.environment:checking '/home/neural/Neural-Knights/install/diffdrive_arduino/lib/python3.10/site-packages'
[0.972s] Level 1:colcon.colcon_core.environment:checking '/home/neural/Neural-Knights/install/diffdrive_arduino/bin'
[0.973s] INFO:colcon.colcon_core.shell:Creating package script '/home/neural/Neural-Knights/install/diffdrive_arduino/share/diffdrive_arduino/package.ps1'
[0.974s] INFO:colcon.colcon_core.shell:Creating package descriptor '/home/neural/Neural-Knights/install/diffdrive_arduino/share/diffdrive_arduino/package.dsv'
[0.975s] INFO:colcon.colcon_core.shell:Creating package script '/home/neural/Neural-Knights/install/diffdrive_arduino/share/diffdrive_arduino/package.sh'
[0.976s] INFO:colcon.colcon_core.shell:Creating package script '/home/neural/Neural-Knights/install/diffdrive_arduino/share/diffdrive_arduino/package.bash'
[0.977s] INFO:colcon.colcon_core.shell:Creating package script '/home/neural/Neural-Knights/install/diffdrive_arduino/share/diffdrive_arduino/package.zsh'
[0.978s] Level 1:colcon.colcon_core.environment:create_file_with_runtime_dependencies(/home/neural/Neural-Knights/install/diffdrive_arduino/share/colcon-core/packages/diffdrive_arduino)
[0.980s] Level 1:colcon.colcon_core.environment:create_environment_scripts_only(gazebo_ros2_control_demos)
[0.980s] Level 1:colcon.colcon_core.environment:checking '/home/neural/Neural-Knights/install/gazebo_ros2_control_demos' for CMake module files
[0.981s] Level 1:colcon.colcon_core.environment:checking '/home/neural/Neural-Knights/install/gazebo_ros2_control_demos' for CMake config files
[0.983s] DEBUG:colcon.colcon_core.event_handler.log_command:Invoked command in '/home/neural/Neural-Knights/build/gazebo_ros2_control_demos' returned '0': CMAKE_PREFIX_PATH=/home/neural/Neural-Knights/install/gazebo_ros2_control:/home/neural/Downloads/Neural-Knights/install/diffdrive_arduino:/home/neural/Downloads/Neural-Knights/install/serial:/home/neural/Downloads/Neural-Knights/install/gazebo_ros2_control_demos:/home/neural/Downloads/Neural-Knights/install/gazebo_ros2_control:/home/neural/Downloads/Neural-Knights/install/articubot_one:/home/neural/Neural-Knights/install/diffdrive_arduino:/home/neural/Neural-Knights/install/serial:/home/neural/Neural-Knights/install/gazebo_ros2_control_demos:/home/neural/Neural-Knights/install/articubot_one:/opt/ros/humble LD_LIBRARY_PATH=/home/neural/Neural-Knights/install/gazebo_ros2_control/lib:/home/neural/Downloads/Neural-Knights/install/diffdrive_arduino/lib:/home/neural/Downloads/Neural-Knights/install/serial/lib:/home/neural/Downloads/Neural-Knights/install/gazebo_ros2_control/lib:/home/neural/Neural-Knights/install/diffdrive_arduino/lib:/home/neural/Neural-Knights/install/diffdrive_arduino/lib:/home/neural/Neural-Knights/install/serial/lib:/usr/lib/x86_64-linux-gnu/gazebo-11/plugins:/opt/ros/humble/opt/rviz_ogre_vendor/lib:/opt/ros/humble/lib/x86_64-linux-gnu:/opt/ros/humble/lib /usr/bin/cmake --install /home/neural/Neural-Knights/build/gazebo_ros2_control_demos
[0.983s] Level 1:colcon.colcon_core.shell:create_environment_hook('gazebo_ros2_control_demos', 'cmake_prefix_path')
[0.984s] INFO:colcon.colcon_core.shell:Creating environment hook '/home/neural/Neural-Knights/install/gazebo_ros2_control_demos/share/gazebo_ros2_control_demos/hook/cmake_prefix_path.ps1'
[0.985s] INFO:colcon.colcon_core.shell:Creating environment descriptor '/home/neural/Neural-Knights/install/gazebo_ros2_control_demos/share/gazebo_ros2_control_demos/hook/cmake_prefix_path.dsv'
[0.986s] INFO:colcon.colcon_core.shell:Creating environment hook '/home/neural/Neural-Knights/install/gazebo_ros2_control_demos/share/gazebo_ros2_control_demos/hook/cmake_prefix_path.sh'
[0.987s] Level 1:colcon.colcon_core.environment:checking '/home/neural/Neural-Knights/install/gazebo_ros2_control_demos/lib'
[0.987s] Level 1:colcon.colcon_core.environment:checking '/home/neural/Neural-Knights/install/gazebo_ros2_control_demos/bin'
[0.987s] Level 1:colcon.colcon_core.environment:checking '/home/neural/Neural-Knights/install/gazebo_ros2_control_demos/lib/pkgconfig/gazebo_ros2_control_demos.pc'
[0.988s] Level 1:colcon.colcon_core.environment:checking '/home/neural/Neural-Knights/install/gazebo_ros2_control_demos/lib/python3.10/site-packages'
[0.988s] Level 1:colcon.colcon_core.environment:checking '/home/neural/Neural-Knights/install/gazebo_ros2_control_demos/bin'
[0.989s] INFO:colcon.colcon_core.shell:Creating package script '/home/neural/Neural-Knights/install/gazebo_ros2_control_demos/share/gazebo_ros2_control_demos/package.ps1'
[0.990s] INFO:colcon.colcon_core.shell:Creating package descriptor '/home/neural/Neural-Knights/install/gazebo_ros2_control_demos/share/gazebo_ros2_control_demos/package.dsv'
[0.990s] INFO:colcon.colcon_core.shell:Creating package script '/home/neural/Neural-Knights/install/gazebo_ros2_control_demos/share/gazebo_ros2_control_demos/package.sh'
[0.991s] INFO:colcon.colcon_core.shell:Creating package script '/home/neural/Neural-Knights/install/gazebo_ros2_control_demos/share/gazebo_ros2_control_demos/package.bash'
[0.992s] INFO:colcon.colcon_core.shell:Creating package script '/home/neural/Neural-Knights/install/gazebo_ros2_control_demos/share/gazebo_ros2_control_demos/package.zsh'
[0.992s] Level 1:colcon.colcon_core.environment:create_file_with_runtime_dependencies(/home/neural/Neural-Knights/install/gazebo_ros2_control_demos/share/colcon-core/packages/gazebo_ros2_control_demos)
[0.993s] Level 1:colcon.colcon_core.environment:create_environment_scripts_only(gazebo_ros2_control_demos)
[0.994s] Level 1:colcon.colcon_core.environment:checking '/home/neural/Neural-Knights/install/gazebo_ros2_control_demos' for CMake module files
[0.994s] Level 1:colcon.colcon_core.environment:checking '/home/neural/Neural-Knights/install/gazebo_ros2_control_demos' for CMake config files
[0.995s] Level 1:colcon.colcon_core.shell:create_environment_hook('gazebo_ros2_control_demos', 'cmake_prefix_path')
[0.995s] INFO:colcon.colcon_core.shell:Creating environment hook '/home/neural/Neural-Knights/install/gazebo_ros2_control_demos/share/gazebo_ros2_control_demos/hook/cmake_prefix_path.ps1'
[0.995s] INFO:colcon.colcon_core.shell:Creating environment descriptor '/home/neural/Neural-Knights/install/gazebo_ros2_control_demos/share/gazebo_ros2_control_demos/hook/cmake_prefix_path.dsv'
[0.996s] INFO:colcon.colcon_core.shell:Creating environment hook '/home/neural/Neural-Knights/install/gazebo_ros2_control_demos/share/gazebo_ros2_control_demos/hook/cmake_prefix_path.sh'
[0.996s] Level 1:colcon.colcon_core.environment:checking '/home/neural/Neural-Knights/install/gazebo_ros2_control_demos/lib'
[0.997s] Level 1:colcon.colcon_core.environment:checking '/home/neural/Neural-Knights/install/gazebo_ros2_control_demos/bin'
[0.997s] Level 1:colcon.colcon_core.environment:checking '/home/neural/Neural-Knights/install/gazebo_ros2_control_demos/lib/pkgconfig/gazebo_ros2_control_demos.pc'
[0.997s] Level 1:colcon.colcon_core.environment:checking '/home/neural/Neural-Knights/install/gazebo_ros2_control_demos/lib/python3.10/site-packages'
[0.997s] Level 1:colcon.colcon_core.environment:checking '/home/neural/Neural-Knights/install/gazebo_ros2_control_demos/bin'
[0.997s] INFO:colcon.colcon_core.shell:Creating package script '/home/neural/Neural-Knights/install/gazebo_ros2_control_demos/share/gazebo_ros2_control_demos/package.ps1'
[0.998s] INFO:colcon.colcon_core.shell:Creating package descriptor '/home/neural/Neural-Knights/install/gazebo_ros2_control_demos/share/gazebo_ros2_control_demos/package.dsv'
[0.999s] INFO:colcon.colcon_core.shell:Creating package script '/home/neural/Neural-Knights/install/gazebo_ros2_control_demos/share/gazebo_ros2_control_demos/package.sh'
[0.999s] INFO:colcon.colcon_core.shell:Creating package script '/home/neural/Neural-Knights/install/gazebo_ros2_control_demos/share/gazebo_ros2_control_demos/package.bash'
[1.000s] INFO:colcon.colcon_core.shell:Creating package script '/home/neural/Neural-Knights/install/gazebo_ros2_control_demos/share/gazebo_ros2_control_demos/package.zsh'
[1.001s] Level 1:colcon.colcon_core.environment:create_file_with_runtime_dependencies(/home/neural/Neural-Knights/install/gazebo_ros2_control_demos/share/colcon-core/packages/gazebo_ros2_control_demos)
[1.002s] DEBUG:colcon.colcon_parallel_executor.executor.parallel:closing loop
[1.002s] DEBUG:colcon.colcon_parallel_executor.executor.parallel:loop closed
[1.002s] DEBUG:colcon.colcon_parallel_executor.executor.parallel:run_until_complete finished with '0'
[1.002s] DEBUG:colcon.colcon_core.event_reactor:joining thread
[1.010s] INFO:colcon.colcon_core.plugin_system:Skipping extension 'colcon_notification.desktop_notification.terminal_notifier': Not used on non-Darwin systems
[1.011s] INFO:colcon.colcon_core.plugin_system:Skipping extension 'colcon_notification.desktop_notification.win32': Not used on non-Windows systems
[1.011s] INFO:colcon.colcon_notification.desktop_notification:Sending desktop notification using 'notify2'
[1.025s] DEBUG:colcon.colcon_core.event_reactor:joined thread
[1.025s] INFO:colcon.colcon_core.shell:Creating prefix script '/home/neural/Neural-Knights/install/local_setup.ps1'
[1.027s] INFO:colcon.colcon_core.shell:Creating prefix util module '/home/neural/Neural-Knights/install/_local_setup_util_ps1.py'
[1.029s] INFO:colcon.colcon_core.shell:Creating prefix chain script '/home/neural/Neural-Knights/install/setup.ps1'
[1.030s] INFO:colcon.colcon_core.shell:Creating prefix script '/home/neural/Neural-Knights/install/local_setup.sh'
[1.031s] INFO:colcon.colcon_core.shell:Creating prefix util module '/home/neural/Neural-Knights/install/_local_setup_util_sh.py'
[1.033s] INFO:colcon.colcon_core.shell:Creating prefix chain script '/home/neural/Neural-Knights/install/setup.sh'
[1.035s] INFO:colcon.colcon_core.shell:Creating prefix script '/home/neural/Neural-Knights/install/local_setup.bash'
[1.036s] INFO:colcon.colcon_core.shell:Creating prefix chain script '/home/neural/Neural-Knights/install/setup.bash'
[1.039s] INFO:colcon.colcon_core.shell:Creating prefix script '/home/neural/Neural-Knights/install/local_setup.zsh'
[1.040s] INFO:colcon.colcon_core.shell:Creating prefix chain script '/home/neural/Neural-Knights/install/setup.zsh'
