[0.021s] Invoking command in '/home/neural/Neural-Knights/build/serial': CMAKE_PREFIX_PATH=/opt/ros/humble /usr/bin/cmake --build /home/neural/Neural-Knights/build/serial -- -j4 -l4
[0.107s] [ 14%] Built target gtest_main
[0.110s] [ 42%] Built target serial
[0.143s] [ 57%] Built target gtest
[0.182s] [ 71%] Built target serial-test-timer
[0.183s] [ 85%] Built target serial-test
[0.195s] [100%] Built target serial_example
[0.209s] Invoked command in '/home/neural/Neural-Knights/build/serial' returned '0': CMAKE_PREFIX_PATH=/opt/ros/humble /usr/bin/cmake --build /home/neural/Neural-Knights/build/serial -- -j4 -l4
[0.212s] Invoking command in '/home/neural/Neural-Knights/build/serial': CMAKE_PREFIX_PATH=/opt/ros/humble /usr/bin/cmake --install /home/neural/Neural-Knights/build/serial
[0.224s] -- Install configuration: ""
[0.225s] -- Execute custom install script
[0.226s] -- Up-to-date symlink: /home/neural/Neural-Knights/install/serial/lib/libserial.a
[0.229s] -- Up-to-date symlink: /home/neural/Neural-Knights/install/serial/include/serial/serial.h
[0.229s] -- Up-to-date symlink: /home/neural/Neural-Knights/install/serial/include/serial/v8stdint.h
[0.229s] -- Up-to-date symlink: /home/neural/Neural-Knights/install/serial/share/serial/environment/library_path.sh
[0.230s] -- Up-to-date symlink: /home/neural/Neural-Knights/install/serial/share/serial/environment/library_path.dsv
[0.230s] -- Up-to-date symlink: /home/neural/Neural-Knights/install/serial/share/ament_index/resource_index/package_run_dependencies/serial
[0.230s] -- Up-to-date symlink: /home/neural/Neural-Knights/install/serial/share/ament_index/resource_index/parent_prefix_path/serial
[0.231s] -- Up-to-date symlink: /home/neural/Neural-Knights/install/serial/share/serial/environment/ament_prefix_path.sh
[0.231s] -- Up-to-date symlink: /home/neural/Neural-Knights/install/serial/share/serial/environment/ament_prefix_path.dsv
[0.234s] -- Up-to-date symlink: /home/neural/Neural-Knights/install/serial/share/serial/environment/path.sh
[0.234s] -- Up-to-date symlink: /home/neural/Neural-Knights/install/serial/share/serial/environment/path.dsv
[0.234s] -- Up-to-date symlink: /home/neural/Neural-Knights/install/serial/share/serial/local_setup.bash
[0.235s] -- Up-to-date symlink: /home/neural/Neural-Knights/install/serial/share/serial/local_setup.sh
[0.235s] -- Up-to-date symlink: /home/neural/Neural-Knights/install/serial/share/serial/local_setup.zsh
[0.235s] -- Up-to-date symlink: /home/neural/Neural-Knights/install/serial/share/serial/local_setup.dsv
[0.235s] -- Symlinking: /home/neural/Neural-Knights/install/serial/share/serial/package.dsv
[0.248s] -- Up-to-date symlink: /home/neural/Neural-Knights/install/serial/share/ament_index/resource_index/packages/serial
[0.249s] -- Up-to-date symlink: /home/neural/Neural-Knights/install/serial/share/serial/cmake/ament_cmake_export_include_directories-extras.cmake
[0.249s] -- Up-to-date symlink: /home/neural/Neural-Knights/install/serial/share/serial/cmake/ament_cmake_export_libraries-extras.cmake
[0.249s] -- Up-to-date symlink: /home/neural/Neural-Knights/install/serial/share/serial/cmake/serialConfig.cmake
[0.250s] -- Up-to-date symlink: /home/neural/Neural-Knights/install/serial/share/serial/cmake/serialConfig-version.cmake
[0.250s] -- Up-to-date symlink: /home/neural/Neural-Knights/install/serial/share/serial/package.xml
[0.257s] Invoked command in '/home/neural/Neural-Knights/build/serial' returned '0': CMAKE_PREFIX_PATH=/opt/ros/humble /usr/bin/cmake --install /home/neural/Neural-Knights/build/serial
