[0.164s] Invoking command in '/home/chemweno/Neural-Knights/build/gazebo_ros2_control_demos': AMENT_PREFIX_PATH=/home/chemweno/Neural-Knights/install/gazebo_ros2_control:${AMENT_PREFIX_PATH} CMAKE_PREFIX_PATH=/home/chemweno/Neural-Knights/install/gazebo_ros2_control:/opt/ros/humble LD_LIBRARY_PATH=/home/chemweno/Neural-Knights/install/gazebo_ros2_control/lib:${LD_LIBRARY_PATH} /usr/bin/cmake --build /home/chemweno/Neural-Knights/build/gazebo_ros2_control_demos -- -j4 -l4
[0.474s] [ 14%] Built target example_position
[0.638s] [ 28%] Built target example_gripper
[0.779s] [ 42%] Built target example_position_pid
[0.917s] [ 57%] Built target example_diff_drive
[1.063s] [ 71%] Built target example_tricycle_drive
[1.217s] [ 85%] Built target example_effort
[1.320s] [100%] Built target example_velocity
[1.363s] Invoked command in '/home/chemweno/Neural-Knights/build/gazebo_ros2_control_demos' returned '0': AMENT_PREFIX_PATH=/home/chemweno/Neural-Knights/install/gazebo_ros2_control:${AMENT_PREFIX_PATH} CMAKE_PREFIX_PATH=/home/chemweno/Neural-Knights/install/gazebo_ros2_control:/opt/ros/humble LD_LIBRARY_PATH=/home/chemweno/Neural-Knights/install/gazebo_ros2_control/lib:${LD_LIBRARY_PATH} /usr/bin/cmake --build /home/chemweno/Neural-Knights/build/gazebo_ros2_control_demos -- -j4 -l4
[1.372s] Invoking command in '/home/chemweno/Neural-Knights/build/gazebo_ros2_control_demos': AMENT_PREFIX_PATH=/home/chemweno/Neural-Knights/install/gazebo_ros2_control:${AMENT_PREFIX_PATH} CMAKE_PREFIX_PATH=/home/chemweno/Neural-Knights/install/gazebo_ros2_control:/opt/ros/humble LD_LIBRARY_PATH=/home/chemweno/Neural-Knights/install/gazebo_ros2_control/lib:${LD_LIBRARY_PATH} /usr/bin/cmake --install /home/chemweno/Neural-Knights/build/gazebo_ros2_control_demos
[1.400s] -- Install configuration: ""
[1.402s] -- Execute custom install script
[1.406s] -- Up-to-date symlink: /home/chemweno/Neural-Knights/install/gazebo_ros2_control_demos/share/gazebo_ros2_control_demos//launch/cart_example_effort.launch.py
[1.407s] -- Up-to-date symlink: /home/chemweno/Neural-Knights/install/gazebo_ros2_control_demos/share/gazebo_ros2_control_demos//launch/cart_example_position.launch.py
[1.408s] -- Up-to-date symlink: /home/chemweno/Neural-Knights/install/gazebo_ros2_control_demos/share/gazebo_ros2_control_demos//launch/cart_example_velocity.launch.py
[1.409s] -- Up-to-date symlink: /home/chemweno/Neural-Knights/install/gazebo_ros2_control_demos/share/gazebo_ros2_control_demos//launch/diff_drive.launch.py
[1.410s] -- Up-to-date symlink: /home/chemweno/Neural-Knights/install/gazebo_ros2_control_demos/share/gazebo_ros2_control_demos//launch/diff_drive_namespaced.launch.py
[1.410s] -- Up-to-date symlink: /home/chemweno/Neural-Knights/install/gazebo_ros2_control_demos/share/gazebo_ros2_control_demos//launch/diff_drive_pair_namespaced.launch.py
[1.411s] -- Up-to-date symlink: /home/chemweno/Neural-Knights/install/gazebo_ros2_control_demos/share/gazebo_ros2_control_demos//launch/gripper_mimic_joint_example.launch.py
[1.412s] -- Up-to-date symlink: /home/chemweno/Neural-Knights/install/gazebo_ros2_control_demos/share/gazebo_ros2_control_demos//launch/pendulum_example_effort.launch.py
[1.413s] -- Up-to-date symlink: /home/chemweno/Neural-Knights/install/gazebo_ros2_control_demos/share/gazebo_ros2_control_demos//launch/pendulum_example_position.launch.py
[1.414s] -- Up-to-date symlink: /home/chemweno/Neural-Knights/install/gazebo_ros2_control_demos/share/gazebo_ros2_control_demos//launch/tricycle_drive.launch.py
[1.415s] -- Up-to-date symlink: /home/chemweno/Neural-Knights/install/gazebo_ros2_control_demos/share/gazebo_ros2_control_demos//launch/vertical_cart_example_position_pid.launch.py
[1.415s] -- Up-to-date symlink: /home/chemweno/Neural-Knights/install/gazebo_ros2_control_demos/share/gazebo_ros2_control_demos//launch/vertical_cart_example_position_pids_in_yaml.launch.py
[1.416s] -- Up-to-date symlink: /home/chemweno/Neural-Knights/install/gazebo_ros2_control_demos/share/gazebo_ros2_control_demos//launch/vertical_cart_example_velocity_pid.launch.py
[1.419s] -- Up-to-date symlink: /home/chemweno/Neural-Knights/install/gazebo_ros2_control_demos/share/gazebo_ros2_control_demos//config/cart_controller.yaml
[1.420s] -- Up-to-date symlink: /home/chemweno/Neural-Knights/install/gazebo_ros2_control_demos/share/gazebo_ros2_control_demos//config/cart_controller_effort.yaml
[1.420s] -- Up-to-date symlink: /home/chemweno/Neural-Knights/install/gazebo_ros2_control_demos/share/gazebo_ros2_control_demos//config/cart_controller_position.yaml
[1.421s] -- Up-to-date symlink: /home/chemweno/Neural-Knights/install/gazebo_ros2_control_demos/share/gazebo_ros2_control_demos//config/cart_controller_position_with_pids.yaml
[1.422s] -- Up-to-date symlink: /home/chemweno/Neural-Knights/install/gazebo_ros2_control_demos/share/gazebo_ros2_control_demos//config/cart_controller_velocity.yaml
[1.423s] -- Up-to-date symlink: /home/chemweno/Neural-Knights/install/gazebo_ros2_control_demos/share/gazebo_ros2_control_demos//config/config.rviz
[1.424s] -- Up-to-date symlink: /home/chemweno/Neural-Knights/install/gazebo_ros2_control_demos/share/gazebo_ros2_control_demos//config/diff_drive_controller.yaml
[1.425s] -- Up-to-date symlink: /home/chemweno/Neural-Knights/install/gazebo_ros2_control_demos/share/gazebo_ros2_control_demos//config/diff_drive_controller_namespaced.yaml
[1.426s] -- Up-to-date symlink: /home/chemweno/Neural-Knights/install/gazebo_ros2_control_demos/share/gazebo_ros2_control_demos//config/gripper_controller.yaml
[1.427s] -- Up-to-date symlink: /home/chemweno/Neural-Knights/install/gazebo_ros2_control_demos/share/gazebo_ros2_control_demos//config/tricycle_drive_controller.yaml
[1.430s] -- Up-to-date symlink: /home/chemweno/Neural-Knights/install/gazebo_ros2_control_demos/share/gazebo_ros2_control_demos//urdf/test_cart_effort.xacro.urdf
[1.431s] -- Up-to-date symlink: /home/chemweno/Neural-Knights/install/gazebo_ros2_control_demos/share/gazebo_ros2_control_demos//urdf/test_cart_position.xacro.urdf
[1.431s] -- Up-to-date symlink: /home/chemweno/Neural-Knights/install/gazebo_ros2_control_demos/share/gazebo_ros2_control_demos//urdf/test_cart_velocity.xacro.urdf
[1.432s] -- Up-to-date symlink: /home/chemweno/Neural-Knights/install/gazebo_ros2_control_demos/share/gazebo_ros2_control_demos//urdf/test_diff_drive.xacro.urdf
[1.433s] -- Up-to-date symlink: /home/chemweno/Neural-Knights/install/gazebo_ros2_control_demos/share/gazebo_ros2_control_demos//urdf/test_diff_drive_namespaced.xacro.urdf
[1.434s] -- Up-to-date symlink: /home/chemweno/Neural-Knights/install/gazebo_ros2_control_demos/share/gazebo_ros2_control_demos//urdf/test_gripper_mimic_joint.xacro.urdf
[1.435s] -- Up-to-date symlink: /home/chemweno/Neural-Knights/install/gazebo_ros2_control_demos/share/gazebo_ros2_control_demos//urdf/test_pendulum_effort.xacro.urdf
[1.436s] -- Up-to-date symlink: /home/chemweno/Neural-Knights/install/gazebo_ros2_control_demos/share/gazebo_ros2_control_demos//urdf/test_pendulum_position.xacro.urdf
[1.437s] -- Up-to-date symlink: /home/chemweno/Neural-Knights/install/gazebo_ros2_control_demos/share/gazebo_ros2_control_demos//urdf/test_tricycle_drive.xacro.urdf
[1.438s] -- Up-to-date symlink: /home/chemweno/Neural-Knights/install/gazebo_ros2_control_demos/share/gazebo_ros2_control_demos//urdf/test_vertical_cart_position_pid.xacro.urdf
[1.438s] -- Up-to-date symlink: /home/chemweno/Neural-Knights/install/gazebo_ros2_control_demos/share/gazebo_ros2_control_demos//urdf/test_vertical_cart_position_pids_in_yaml.xacro.urdf
[1.439s] -- Up-to-date symlink: /home/chemweno/Neural-Knights/install/gazebo_ros2_control_demos/share/gazebo_ros2_control_demos//urdf/test_vertical_cart_velocity_pid.xacro.urdf
[1.441s] -- Up-to-date symlink: /home/chemweno/Neural-Knights/install/gazebo_ros2_control_demos/lib/gazebo_ros2_control_demos/example_position
[1.442s] -- Up-to-date symlink: /home/chemweno/Neural-Knights/install/gazebo_ros2_control_demos/lib/gazebo_ros2_control_demos/example_position_pid
[1.443s] -- Up-to-date symlink: /home/chemweno/Neural-Knights/install/gazebo_ros2_control_demos/lib/gazebo_ros2_control_demos/example_velocity
[1.444s] -- Up-to-date symlink: /home/chemweno/Neural-Knights/install/gazebo_ros2_control_demos/lib/gazebo_ros2_control_demos/example_effort
[1.446s] -- Up-to-date symlink: /home/chemweno/Neural-Knights/install/gazebo_ros2_control_demos/lib/gazebo_ros2_control_demos/example_diff_drive
[1.447s] -- Up-to-date symlink: /home/chemweno/Neural-Knights/install/gazebo_ros2_control_demos/lib/gazebo_ros2_control_demos/example_tricycle_drive
[1.448s] -- Up-to-date symlink: /home/chemweno/Neural-Knights/install/gazebo_ros2_control_demos/lib/gazebo_ros2_control_demos/example_gripper
[1.450s] -- Up-to-date symlink: /home/chemweno/Neural-Knights/install/gazebo_ros2_control_demos/share/ament_index/resource_index/package_run_dependencies/gazebo_ros2_control_demos
[1.451s] -- Up-to-date symlink: /home/chemweno/Neural-Knights/install/gazebo_ros2_control_demos/share/ament_index/resource_index/parent_prefix_path/gazebo_ros2_control_demos
[1.452s] -- Up-to-date symlink: /home/chemweno/Neural-Knights/install/gazebo_ros2_control_demos/share/gazebo_ros2_control_demos/environment/ament_prefix_path.sh
[1.453s] -- Up-to-date symlink: /home/chemweno/Neural-Knights/install/gazebo_ros2_control_demos/share/gazebo_ros2_control_demos/environment/ament_prefix_path.dsv
[1.454s] -- Up-to-date symlink: /home/chemweno/Neural-Knights/install/gazebo_ros2_control_demos/share/gazebo_ros2_control_demos/environment/path.sh
[1.454s] -- Up-to-date symlink: /home/chemweno/Neural-Knights/install/gazebo_ros2_control_demos/share/gazebo_ros2_control_demos/environment/path.dsv
[1.456s] -- Up-to-date symlink: /home/chemweno/Neural-Knights/install/gazebo_ros2_control_demos/share/gazebo_ros2_control_demos/local_setup.bash
[1.457s] -- Up-to-date symlink: /home/chemweno/Neural-Knights/install/gazebo_ros2_control_demos/share/gazebo_ros2_control_demos/local_setup.sh
[1.458s] -- Up-to-date symlink: /home/chemweno/Neural-Knights/install/gazebo_ros2_control_demos/share/gazebo_ros2_control_demos/local_setup.zsh
[1.459s] -- Up-to-date symlink: /home/chemweno/Neural-Knights/install/gazebo_ros2_control_demos/share/gazebo_ros2_control_demos/local_setup.dsv
[1.460s] -- Symlinking: /home/chemweno/Neural-Knights/install/gazebo_ros2_control_demos/share/gazebo_ros2_control_demos/package.dsv
[1.494s] -- Up-to-date symlink: /home/chemweno/Neural-Knights/install/gazebo_ros2_control_demos/share/ament_index/resource_index/packages/gazebo_ros2_control_demos
[1.495s] -- Up-to-date symlink: /home/chemweno/Neural-Knights/install/gazebo_ros2_control_demos/share/gazebo_ros2_control_demos/cmake/gazebo_ros2_control_demosConfig.cmake
[1.496s] -- Up-to-date symlink: /home/chemweno/Neural-Knights/install/gazebo_ros2_control_demos/share/gazebo_ros2_control_demos/cmake/gazebo_ros2_control_demosConfig-version.cmake
[1.499s] -- Up-to-date symlink: /home/chemweno/Neural-Knights/install/gazebo_ros2_control_demos/share/gazebo_ros2_control_demos/package.xml
[1.511s] Invoked command in '/home/chemweno/Neural-Knights/build/gazebo_ros2_control_demos' returned '0': AMENT_PREFIX_PATH=/home/chemweno/Neural-Knights/install/gazebo_ros2_control:${AMENT_PREFIX_PATH} CMAKE_PREFIX_PATH=/home/chemweno/Neural-Knights/install/gazebo_ros2_control:/opt/ros/humble LD_LIBRARY_PATH=/home/chemweno/Neural-Knights/install/gazebo_ros2_control/lib:${LD_LIBRARY_PATH} /usr/bin/cmake --install /home/chemweno/Neural-Knights/build/gazebo_ros2_control_demos
