[1.403s] DEBUG:colcon:Command line arguments: ['/usr/bin/colcon', 'build', '--symlink-install']
[1.404s] DEBUG:colcon:Parsed command line arguments: Namespace(log_base=None, log_level=None, verb_name='build', build_base='build', install_base='install', merge_install=False, symlink_install=True, test_result_base=None, continue_on_error=False, executor='parallel', parallel_workers=4, event_handlers=None, ignore_user_meta=False, metas=['./colcon.meta'], base_paths=['.'], packages_ignore=None, packages_ignore_regex=None, paths=None, packages_up_to=None, packages_up_to_regex=None, packages_above=None, packages_above_and_dependencies=None, packages_above_depth=None, packages_select_by_dep=None, packages_skip_by_dep=None, packages_skip_up_to=None, packages_select_build_failed=False, packages_skip_build_finished=False, packages_select_test_failures=False, packages_skip_test_passed=False, packages_select=None, packages_skip=None, packages_select_regex=None, packages_skip_regex=None, packages_start=None, packages_end=None, allow_overriding=[], cmake_args=None, cmake_target=None, cmake_target_skip_unavailable=False, cmake_clean_cache=False, cmake_clean_first=False, cmake_force_configure=False, ament_cmake_args=None, catkin_cmake_args=None, catkin_skip_building_tests=False, mixin_files=None, mixin=None, verb_parser=<colcon_mixin.mixin.mixin_argument.MixinArgumentDecorator object at 0x7f3990b129b0>, verb_extension=<colcon_core.verb.build.BuildVerb object at 0x7f3990b12230>, main=<bound method BuildVerb.main of <colcon_core.verb.build.BuildVerb object at 0x7f3990b12230>>, mixin_verb=('build',))
[3.501s] Level 1:colcon.colcon_core.package_discovery:discover_packages(colcon_meta) check parameters
[3.502s] Level 1:colcon.colcon_core.package_discovery:discover_packages(recursive) check parameters
[3.503s] Level 1:colcon.colcon_core.package_discovery:discover_packages(ignore) check parameters
[3.504s] Level 1:colcon.colcon_core.package_discovery:discover_packages(path) check parameters
[3.504s] Level 1:colcon.colcon_core.package_discovery:discover_packages(colcon_meta) discover
[3.504s] Level 1:colcon.colcon_core.package_discovery:discover_packages(recursive) discover
[3.504s] INFO:colcon.colcon_core.package_discovery:Crawling recursively for packages in '/home/chemweno/Neural-Knights'
[3.505s] Level 1:colcon.colcon_core.package_identification:_identify(.) by extensions ['ignore', 'ignore_ament_install']
[3.506s] Level 1:colcon.colcon_core.package_identification:_identify(.) by extension 'ignore'
[3.507s] Level 1:colcon.colcon_core.package_identification:_identify(.) by extension 'ignore_ament_install'
[3.507s] Level 1:colcon.colcon_core.package_identification:_identify(.) by extensions ['colcon_pkg']
[3.507s] Level 1:colcon.colcon_core.package_identification:_identify(.) by extension 'colcon_pkg'
[3.508s] Level 1:colcon.colcon_core.package_identification:_identify(.) by extensions ['colcon_meta']
[3.508s] Level 1:colcon.colcon_core.package_identification:_identify(.) by extension 'colcon_meta'
[3.508s] Level 1:colcon.colcon_core.package_identification:_identify(.) by extensions ['ros']
[3.509s] Level 1:colcon.colcon_core.package_identification:_identify(.) by extension 'ros'
[3.584s] Level 1:colcon.colcon_core.package_identification:_identify(.) by extensions ['cmake', 'python']
[3.585s] Level 1:colcon.colcon_core.package_identification:_identify(.) by extension 'cmake'
[3.585s] Level 1:colcon.colcon_core.package_identification:_identify(.) by extension 'python'
[3.585s] Level 1:colcon.colcon_core.package_identification:_identify(.) by extensions ['python_setup_py']
[3.586s] Level 1:colcon.colcon_core.package_identification:_identify(.) by extension 'python_setup_py'
[3.586s] Level 1:colcon.colcon_core.package_identification:_identify(build) by extensions ['ignore', 'ignore_ament_install']
[3.587s] Level 1:colcon.colcon_core.package_identification:_identify(build) by extension 'ignore'
[3.588s] Level 1:colcon.colcon_core.package_identification:_identify(build) ignored
[3.588s] Level 1:colcon.colcon_core.package_identification:_identify(install) by extensions ['ignore', 'ignore_ament_install']
[3.589s] Level 1:colcon.colcon_core.package_identification:_identify(install) by extension 'ignore'
[3.589s] Level 1:colcon.colcon_core.package_identification:_identify(install) ignored
[3.590s] Level 1:colcon.colcon_core.package_identification:_identify(log) by extensions ['ignore', 'ignore_ament_install']
[3.591s] Level 1:colcon.colcon_core.package_identification:_identify(log) by extension 'ignore'
[3.591s] Level 1:colcon.colcon_core.package_identification:_identify(log) ignored
[3.592s] Level 1:colcon.colcon_core.package_identification:_identify(src) by extensions ['ignore', 'ignore_ament_install']
[3.592s] Level 1:colcon.colcon_core.package_identification:_identify(src) by extension 'ignore'
[3.593s] Level 1:colcon.colcon_core.package_identification:_identify(src) by extension 'ignore_ament_install'
[3.593s] Level 1:colcon.colcon_core.package_identification:_identify(src) by extensions ['colcon_pkg']
[3.594s] Level 1:colcon.colcon_core.package_identification:_identify(src) by extension 'colcon_pkg'
[3.594s] Level 1:colcon.colcon_core.package_identification:_identify(src) by extensions ['colcon_meta']
[3.594s] Level 1:colcon.colcon_core.package_identification:_identify(src) by extension 'colcon_meta'
[3.595s] Level 1:colcon.colcon_core.package_identification:_identify(src) by extensions ['ros']
[3.595s] Level 1:colcon.colcon_core.package_identification:_identify(src) by extension 'ros'
[3.595s] Level 1:colcon.colcon_core.package_identification:_identify(src) by extensions ['cmake', 'python']
[3.596s] Level 1:colcon.colcon_core.package_identification:_identify(src) by extension 'cmake'
[3.596s] Level 1:colcon.colcon_core.package_identification:_identify(src) by extension 'python'
[3.596s] Level 1:colcon.colcon_core.package_identification:_identify(src) by extensions ['python_setup_py']
[3.597s] Level 1:colcon.colcon_core.package_identification:_identify(src) by extension 'python_setup_py'
[3.597s] Level 1:colcon.colcon_core.package_identification:_identify(src/articubot_one) by extensions ['ignore', 'ignore_ament_install']
[3.598s] Level 1:colcon.colcon_core.package_identification:_identify(src/articubot_one) by extension 'ignore'
[3.598s] Level 1:colcon.colcon_core.package_identification:_identify(src/articubot_one) by extension 'ignore_ament_install'
[3.599s] Level 1:colcon.colcon_core.package_identification:_identify(src/articubot_one) by extensions ['colcon_pkg']
[3.599s] Level 1:colcon.colcon_core.package_identification:_identify(src/articubot_one) by extension 'colcon_pkg'
[3.600s] Level 1:colcon.colcon_core.package_identification:_identify(src/articubot_one) by extensions ['colcon_meta']
[3.600s] Level 1:colcon.colcon_core.package_identification:_identify(src/articubot_one) by extension 'colcon_meta'
[3.600s] Level 1:colcon.colcon_core.package_identification:_identify(src/articubot_one) by extensions ['ros']
[3.600s] Level 1:colcon.colcon_core.package_identification:_identify(src/articubot_one) by extension 'ros'
[3.615s] DEBUG:colcon.colcon_core.package_identification:Package 'src/articubot_one' with type 'ros.ament_cmake' and name 'articubot_one'
[3.616s] Level 1:colcon.colcon_core.package_identification:_identify(src/diffdrive_arduino) by extensions ['ignore', 'ignore_ament_install']
[3.617s] Level 1:colcon.colcon_core.package_identification:_identify(src/diffdrive_arduino) by extension 'ignore'
[3.618s] Level 1:colcon.colcon_core.package_identification:_identify(src/diffdrive_arduino) by extension 'ignore_ament_install'
[3.618s] Level 1:colcon.colcon_core.package_identification:_identify(src/diffdrive_arduino) by extensions ['colcon_pkg']
[3.618s] Level 1:colcon.colcon_core.package_identification:_identify(src/diffdrive_arduino) by extension 'colcon_pkg'
[3.619s] Level 1:colcon.colcon_core.package_identification:_identify(src/diffdrive_arduino) by extensions ['colcon_meta']
[3.619s] Level 1:colcon.colcon_core.package_identification:_identify(src/diffdrive_arduino) by extension 'colcon_meta'
[3.619s] Level 1:colcon.colcon_core.package_identification:_identify(src/diffdrive_arduino) by extensions ['ros']
[3.620s] Level 1:colcon.colcon_core.package_identification:_identify(src/diffdrive_arduino) by extension 'ros'
[3.626s] DEBUG:colcon.colcon_core.package_identification:Package 'src/diffdrive_arduino' with type 'ros.ament_cmake' and name 'diffdrive_arduino'
[3.627s] Level 1:colcon.colcon_core.package_identification:_identify(src/gazebo_ros2_control) by extensions ['ignore', 'ignore_ament_install']
[3.627s] Level 1:colcon.colcon_core.package_identification:_identify(src/gazebo_ros2_control) by extension 'ignore'
[3.628s] Level 1:colcon.colcon_core.package_identification:_identify(src/gazebo_ros2_control) by extension 'ignore_ament_install'
[3.628s] Level 1:colcon.colcon_core.package_identification:_identify(src/gazebo_ros2_control) by extensions ['colcon_pkg']
[3.628s] Level 1:colcon.colcon_core.package_identification:_identify(src/gazebo_ros2_control) by extension 'colcon_pkg'
[3.628s] Level 1:colcon.colcon_core.package_identification:_identify(src/gazebo_ros2_control) by extensions ['colcon_meta']
[3.629s] Level 1:colcon.colcon_core.package_identification:_identify(src/gazebo_ros2_control) by extension 'colcon_meta'
[3.629s] Level 1:colcon.colcon_core.package_identification:_identify(src/gazebo_ros2_control) by extensions ['ros']
[3.629s] Level 1:colcon.colcon_core.package_identification:_identify(src/gazebo_ros2_control) by extension 'ros'
[3.629s] Level 1:colcon.colcon_core.package_identification:_identify(src/gazebo_ros2_control) by extensions ['cmake', 'python']
[3.630s] Level 1:colcon.colcon_core.package_identification:_identify(src/gazebo_ros2_control) by extension 'cmake'
[3.630s] Level 1:colcon.colcon_core.package_identification:_identify(src/gazebo_ros2_control) by extension 'python'
[3.630s] Level 1:colcon.colcon_core.package_identification:_identify(src/gazebo_ros2_control) by extensions ['python_setup_py']
[3.630s] Level 1:colcon.colcon_core.package_identification:_identify(src/gazebo_ros2_control) by extension 'python_setup_py'
[3.631s] Level 1:colcon.colcon_core.package_identification:_identify(src/gazebo_ros2_control/Docker) by extensions ['ignore', 'ignore_ament_install']
[3.631s] Level 1:colcon.colcon_core.package_identification:_identify(src/gazebo_ros2_control/Docker) by extension 'ignore'
[3.632s] Level 1:colcon.colcon_core.package_identification:_identify(src/gazebo_ros2_control/Docker) by extension 'ignore_ament_install'
[3.632s] Level 1:colcon.colcon_core.package_identification:_identify(src/gazebo_ros2_control/Docker) by extensions ['colcon_pkg']
[3.632s] Level 1:colcon.colcon_core.package_identification:_identify(src/gazebo_ros2_control/Docker) by extension 'colcon_pkg'
[3.633s] Level 1:colcon.colcon_core.package_identification:_identify(src/gazebo_ros2_control/Docker) by extensions ['colcon_meta']
[3.633s] Level 1:colcon.colcon_core.package_identification:_identify(src/gazebo_ros2_control/Docker) by extension 'colcon_meta'
[3.633s] Level 1:colcon.colcon_core.package_identification:_identify(src/gazebo_ros2_control/Docker) by extensions ['ros']
[3.633s] Level 1:colcon.colcon_core.package_identification:_identify(src/gazebo_ros2_control/Docker) by extension 'ros'
[3.634s] Level 1:colcon.colcon_core.package_identification:_identify(src/gazebo_ros2_control/Docker) by extensions ['cmake', 'python']
[3.634s] Level 1:colcon.colcon_core.package_identification:_identify(src/gazebo_ros2_control/Docker) by extension 'cmake'
[3.634s] Level 1:colcon.colcon_core.package_identification:_identify(src/gazebo_ros2_control/Docker) by extension 'python'
[3.634s] Level 1:colcon.colcon_core.package_identification:_identify(src/gazebo_ros2_control/Docker) by extensions ['python_setup_py']
[3.635s] Level 1:colcon.colcon_core.package_identification:_identify(src/gazebo_ros2_control/Docker) by extension 'python_setup_py'
[3.635s] Level 1:colcon.colcon_core.package_identification:_identify(src/gazebo_ros2_control/doc) by extensions ['ignore', 'ignore_ament_install']
[3.636s] Level 1:colcon.colcon_core.package_identification:_identify(src/gazebo_ros2_control/doc) by extension 'ignore'
[3.636s] Level 1:colcon.colcon_core.package_identification:_identify(src/gazebo_ros2_control/doc) by extension 'ignore_ament_install'
[3.636s] Level 1:colcon.colcon_core.package_identification:_identify(src/gazebo_ros2_control/doc) by extensions ['colcon_pkg']
[3.636s] Level 1:colcon.colcon_core.package_identification:_identify(src/gazebo_ros2_control/doc) by extension 'colcon_pkg'
[3.637s] Level 1:colcon.colcon_core.package_identification:_identify(src/gazebo_ros2_control/doc) by extensions ['colcon_meta']
[3.637s] Level 1:colcon.colcon_core.package_identification:_identify(src/gazebo_ros2_control/doc) by extension 'colcon_meta'
[3.637s] Level 1:colcon.colcon_core.package_identification:_identify(src/gazebo_ros2_control/doc) by extensions ['ros']
[3.638s] Level 1:colcon.colcon_core.package_identification:_identify(src/gazebo_ros2_control/doc) by extension 'ros'
[3.638s] Level 1:colcon.colcon_core.package_identification:_identify(src/gazebo_ros2_control/doc) by extensions ['cmake', 'python']
[3.638s] Level 1:colcon.colcon_core.package_identification:_identify(src/gazebo_ros2_control/doc) by extension 'cmake'
[3.638s] Level 1:colcon.colcon_core.package_identification:_identify(src/gazebo_ros2_control/doc) by extension 'python'
[3.638s] Level 1:colcon.colcon_core.package_identification:_identify(src/gazebo_ros2_control/doc) by extensions ['python_setup_py']
[3.639s] Level 1:colcon.colcon_core.package_identification:_identify(src/gazebo_ros2_control/doc) by extension 'python_setup_py'
[3.639s] Level 1:colcon.colcon_core.package_identification:_identify(src/gazebo_ros2_control/doc/img) by extensions ['ignore', 'ignore_ament_install']
[3.640s] Level 1:colcon.colcon_core.package_identification:_identify(src/gazebo_ros2_control/doc/img) by extension 'ignore'
[3.640s] Level 1:colcon.colcon_core.package_identification:_identify(src/gazebo_ros2_control/doc/img) by extension 'ignore_ament_install'
[3.640s] Level 1:colcon.colcon_core.package_identification:_identify(src/gazebo_ros2_control/doc/img) by extensions ['colcon_pkg']
[3.640s] Level 1:colcon.colcon_core.package_identification:_identify(src/gazebo_ros2_control/doc/img) by extension 'colcon_pkg'
[3.640s] Level 1:colcon.colcon_core.package_identification:_identify(src/gazebo_ros2_control/doc/img) by extensions ['colcon_meta']
[3.641s] Level 1:colcon.colcon_core.package_identification:_identify(src/gazebo_ros2_control/doc/img) by extension 'colcon_meta'
[3.641s] Level 1:colcon.colcon_core.package_identification:_identify(src/gazebo_ros2_control/doc/img) by extensions ['ros']
[3.641s] Level 1:colcon.colcon_core.package_identification:_identify(src/gazebo_ros2_control/doc/img) by extension 'ros'
[3.642s] Level 1:colcon.colcon_core.package_identification:_identify(src/gazebo_ros2_control/doc/img) by extensions ['cmake', 'python']
[3.642s] Level 1:colcon.colcon_core.package_identification:_identify(src/gazebo_ros2_control/doc/img) by extension 'cmake'
[3.642s] Level 1:colcon.colcon_core.package_identification:_identify(src/gazebo_ros2_control/doc/img) by extension 'python'
[3.643s] Level 1:colcon.colcon_core.package_identification:_identify(src/gazebo_ros2_control/doc/img) by extensions ['python_setup_py']
[3.643s] Level 1:colcon.colcon_core.package_identification:_identify(src/gazebo_ros2_control/doc/img) by extension 'python_setup_py'
[3.643s] Level 1:colcon.colcon_core.package_identification:_identify(src/gazebo_ros2_control/gazebo_ros2_control) by extensions ['ignore', 'ignore_ament_install']
[3.644s] Level 1:colcon.colcon_core.package_identification:_identify(src/gazebo_ros2_control/gazebo_ros2_control) by extension 'ignore'
[3.644s] Level 1:colcon.colcon_core.package_identification:_identify(src/gazebo_ros2_control/gazebo_ros2_control) by extension 'ignore_ament_install'
[3.644s] Level 1:colcon.colcon_core.package_identification:_identify(src/gazebo_ros2_control/gazebo_ros2_control) by extensions ['colcon_pkg']
[3.644s] Level 1:colcon.colcon_core.package_identification:_identify(src/gazebo_ros2_control/gazebo_ros2_control) by extension 'colcon_pkg'
[3.645s] Level 1:colcon.colcon_core.package_identification:_identify(src/gazebo_ros2_control/gazebo_ros2_control) by extensions ['colcon_meta']
[3.645s] Level 1:colcon.colcon_core.package_identification:_identify(src/gazebo_ros2_control/gazebo_ros2_control) by extension 'colcon_meta'
[3.645s] Level 1:colcon.colcon_core.package_identification:_identify(src/gazebo_ros2_control/gazebo_ros2_control) by extensions ['ros']
[3.645s] Level 1:colcon.colcon_core.package_identification:_identify(src/gazebo_ros2_control/gazebo_ros2_control) by extension 'ros'
[3.651s] DEBUG:colcon.colcon_core.package_identification:Package 'src/gazebo_ros2_control/gazebo_ros2_control' with type 'ros.ament_cmake' and name 'gazebo_ros2_control'
[3.652s] Level 1:colcon.colcon_core.package_identification:_identify(src/gazebo_ros2_control/gazebo_ros2_control_demos) by extensions ['ignore', 'ignore_ament_install']
[3.652s] Level 1:colcon.colcon_core.package_identification:_identify(src/gazebo_ros2_control/gazebo_ros2_control_demos) by extension 'ignore'
[3.653s] Level 1:colcon.colcon_core.package_identification:_identify(src/gazebo_ros2_control/gazebo_ros2_control_demos) by extension 'ignore_ament_install'
[3.653s] Level 1:colcon.colcon_core.package_identification:_identify(src/gazebo_ros2_control/gazebo_ros2_control_demos) by extensions ['colcon_pkg']
[3.653s] Level 1:colcon.colcon_core.package_identification:_identify(src/gazebo_ros2_control/gazebo_ros2_control_demos) by extension 'colcon_pkg'
[3.653s] Level 1:colcon.colcon_core.package_identification:_identify(src/gazebo_ros2_control/gazebo_ros2_control_demos) by extensions ['colcon_meta']
[3.654s] Level 1:colcon.colcon_core.package_identification:_identify(src/gazebo_ros2_control/gazebo_ros2_control_demos) by extension 'colcon_meta'
[3.654s] Level 1:colcon.colcon_core.package_identification:_identify(src/gazebo_ros2_control/gazebo_ros2_control_demos) by extensions ['ros']
[3.654s] Level 1:colcon.colcon_core.package_identification:_identify(src/gazebo_ros2_control/gazebo_ros2_control_demos) by extension 'ros'
[3.659s] DEBUG:colcon.colcon_core.package_identification:Package 'src/gazebo_ros2_control/gazebo_ros2_control_demos' with type 'ros.ament_cmake' and name 'gazebo_ros2_control_demos'
[3.660s] Level 1:colcon.colcon_core.package_identification:_identify(src/serial) by extensions ['ignore', 'ignore_ament_install']
[3.660s] Level 1:colcon.colcon_core.package_identification:_identify(src/serial) by extension 'ignore'
[3.661s] Level 1:colcon.colcon_core.package_identification:_identify(src/serial) by extension 'ignore_ament_install'
[3.661s] Level 1:colcon.colcon_core.package_identification:_identify(src/serial) by extensions ['colcon_pkg']
[3.661s] Level 1:colcon.colcon_core.package_identification:_identify(src/serial) by extension 'colcon_pkg'
[3.661s] Level 1:colcon.colcon_core.package_identification:_identify(src/serial) by extensions ['colcon_meta']
[3.662s] Level 1:colcon.colcon_core.package_identification:_identify(src/serial) by extension 'colcon_meta'
[3.662s] Level 1:colcon.colcon_core.package_identification:_identify(src/serial) by extensions ['ros']
[3.662s] Level 1:colcon.colcon_core.package_identification:_identify(src/serial) by extension 'ros'
[3.665s] DEBUG:colcon.colcon_core.package_identification:Package 'src/serial' with type 'ros.ament_cmake' and name 'serial'
[3.665s] Level 1:colcon.colcon_core.package_discovery:discover_packages(recursive) using defaults
[3.666s] Level 1:colcon.colcon_core.package_discovery:discover_packages(ignore) discover
[3.666s] Level 1:colcon.colcon_core.package_discovery:discover_packages(ignore) using defaults
[3.666s] Level 1:colcon.colcon_core.package_discovery:discover_packages(path) discover
[3.666s] Level 1:colcon.colcon_core.package_discovery:discover_packages(path) using defaults
[3.797s] Level 1:colcon.colcon_core.package_discovery:discover_packages(prefix_path) check parameters
[3.797s] Level 1:colcon.colcon_core.package_discovery:discover_packages(prefix_path) discover
[3.806s] DEBUG:colcon.colcon_installed_package_information.package_discovery:Found 5 installed packages in /home/chemweno/Neural-Knights/install
[3.815s] DEBUG:colcon.colcon_installed_package_information.package_discovery:Found 439 installed packages in /opt/ros/humble
[3.826s] Level 1:colcon.colcon_core.package_discovery:discover_packages(prefix_path) using defaults
[4.095s] Level 5:colcon.colcon_core.verb:set package 'articubot_one' build argument 'cmake_args' from command line to 'None'
[4.096s] Level 5:colcon.colcon_core.verb:set package 'articubot_one' build argument 'cmake_target' from command line to 'None'
[4.096s] Level 5:colcon.colcon_core.verb:set package 'articubot_one' build argument 'cmake_target_skip_unavailable' from command line to 'False'
[4.096s] Level 5:colcon.colcon_core.verb:set package 'articubot_one' build argument 'cmake_clean_cache' from command line to 'False'
[4.096s] Level 5:colcon.colcon_core.verb:set package 'articubot_one' build argument 'cmake_clean_first' from command line to 'False'
[4.096s] Level 5:colcon.colcon_core.verb:set package 'articubot_one' build argument 'cmake_force_configure' from command line to 'False'
[4.097s] Level 5:colcon.colcon_core.verb:set package 'articubot_one' build argument 'ament_cmake_args' from command line to 'None'
[4.097s] Level 5:colcon.colcon_core.verb:set package 'articubot_one' build argument 'catkin_cmake_args' from command line to 'None'
[4.097s] Level 5:colcon.colcon_core.verb:set package 'articubot_one' build argument 'catkin_skip_building_tests' from command line to 'False'
[4.097s] DEBUG:colcon.colcon_core.verb:Building package 'articubot_one' with the following arguments: {'ament_cmake_args': None, 'build_base': '/home/chemweno/Neural-Knights/build/articubot_one', 'catkin_cmake_args': None, 'catkin_skip_building_tests': False, 'cmake_args': None, 'cmake_clean_cache': False, 'cmake_clean_first': False, 'cmake_force_configure': False, 'cmake_target': None, 'cmake_target_skip_unavailable': False, 'install_base': '/home/chemweno/Neural-Knights/install/articubot_one', 'merge_install': False, 'path': '/home/chemweno/Neural-Knights/src/articubot_one', 'symlink_install': True, 'test_result_base': None}
[4.099s] Level 5:colcon.colcon_core.verb:set package 'gazebo_ros2_control' build argument 'cmake_args' from command line to 'None'
[4.099s] Level 5:colcon.colcon_core.verb:set package 'gazebo_ros2_control' build argument 'cmake_target' from command line to 'None'
[4.099s] Level 5:colcon.colcon_core.verb:set package 'gazebo_ros2_control' build argument 'cmake_target_skip_unavailable' from command line to 'False'
[4.100s] Level 5:colcon.colcon_core.verb:set package 'gazebo_ros2_control' build argument 'cmake_clean_cache' from command line to 'False'
[4.100s] Level 5:colcon.colcon_core.verb:set package 'gazebo_ros2_control' build argument 'cmake_clean_first' from command line to 'False'
[4.100s] Level 5:colcon.colcon_core.verb:set package 'gazebo_ros2_control' build argument 'cmake_force_configure' from command line to 'False'
[4.100s] Level 5:colcon.colcon_core.verb:set package 'gazebo_ros2_control' build argument 'ament_cmake_args' from command line to 'None'
[4.100s] Level 5:colcon.colcon_core.verb:set package 'gazebo_ros2_control' build argument 'catkin_cmake_args' from command line to 'None'
[4.100s] Level 5:colcon.colcon_core.verb:set package 'gazebo_ros2_control' build argument 'catkin_skip_building_tests' from command line to 'False'
[4.101s] DEBUG:colcon.colcon_core.verb:Building package 'gazebo_ros2_control' with the following arguments: {'ament_cmake_args': None, 'build_base': '/home/chemweno/Neural-Knights/build/gazebo_ros2_control', 'catkin_cmake_args': None, 'catkin_skip_building_tests': False, 'cmake_args': None, 'cmake_clean_cache': False, 'cmake_clean_first': False, 'cmake_force_configure': False, 'cmake_target': None, 'cmake_target_skip_unavailable': False, 'install_base': '/home/chemweno/Neural-Knights/install/gazebo_ros2_control', 'merge_install': False, 'path': '/home/chemweno/Neural-Knights/src/gazebo_ros2_control/gazebo_ros2_control', 'symlink_install': True, 'test_result_base': None}
[4.102s] Level 5:colcon.colcon_core.verb:set package 'serial' build argument 'cmake_args' from command line to 'None'
[4.103s] Level 5:colcon.colcon_core.verb:set package 'serial' build argument 'cmake_target' from command line to 'None'
[4.103s] Level 5:colcon.colcon_core.verb:set package 'serial' build argument 'cmake_target_skip_unavailable' from command line to 'False'
[4.103s] Level 5:colcon.colcon_core.verb:set package 'serial' build argument 'cmake_clean_cache' from command line to 'False'
[4.103s] Level 5:colcon.colcon_core.verb:set package 'serial' build argument 'cmake_clean_first' from command line to 'False'
[4.103s] Level 5:colcon.colcon_core.verb:set package 'serial' build argument 'cmake_force_configure' from command line to 'False'
[4.103s] Level 5:colcon.colcon_core.verb:set package 'serial' build argument 'ament_cmake_args' from command line to 'None'
[4.104s] Level 5:colcon.colcon_core.verb:set package 'serial' build argument 'catkin_cmake_args' from command line to 'None'
[4.104s] Level 5:colcon.colcon_core.verb:set package 'serial' build argument 'catkin_skip_building_tests' from command line to 'False'
[4.104s] DEBUG:colcon.colcon_core.verb:Building package 'serial' with the following arguments: {'ament_cmake_args': None, 'build_base': '/home/chemweno/Neural-Knights/build/serial', 'catkin_cmake_args': None, 'catkin_skip_building_tests': False, 'cmake_args': None, 'cmake_clean_cache': False, 'cmake_clean_first': False, 'cmake_force_configure': False, 'cmake_target': None, 'cmake_target_skip_unavailable': False, 'install_base': '/home/chemweno/Neural-Knights/install/serial', 'merge_install': False, 'path': '/home/chemweno/Neural-Knights/src/serial', 'symlink_install': True, 'test_result_base': None}
[4.106s] Level 5:colcon.colcon_core.verb:set package 'diffdrive_arduino' build argument 'cmake_args' from command line to 'None'
[4.106s] Level 5:colcon.colcon_core.verb:set package 'diffdrive_arduino' build argument 'cmake_target' from command line to 'None'
[4.106s] Level 5:colcon.colcon_core.verb:set package 'diffdrive_arduino' build argument 'cmake_target_skip_unavailable' from command line to 'False'
[4.106s] Level 5:colcon.colcon_core.verb:set package 'diffdrive_arduino' build argument 'cmake_clean_cache' from command line to 'False'
[4.106s] Level 5:colcon.colcon_core.verb:set package 'diffdrive_arduino' build argument 'cmake_clean_first' from command line to 'False'
[4.106s] Level 5:colcon.colcon_core.verb:set package 'diffdrive_arduino' build argument 'cmake_force_configure' from command line to 'False'
[4.107s] Level 5:colcon.colcon_core.verb:set package 'diffdrive_arduino' build argument 'ament_cmake_args' from command line to 'None'
[4.107s] Level 5:colcon.colcon_core.verb:set package 'diffdrive_arduino' build argument 'catkin_cmake_args' from command line to 'None'
[4.107s] Level 5:colcon.colcon_core.verb:set package 'diffdrive_arduino' build argument 'catkin_skip_building_tests' from command line to 'False'
[4.107s] DEBUG:colcon.colcon_core.verb:Building package 'diffdrive_arduino' with the following arguments: {'ament_cmake_args': None, 'build_base': '/home/chemweno/Neural-Knights/build/diffdrive_arduino', 'catkin_cmake_args': None, 'catkin_skip_building_tests': False, 'cmake_args': None, 'cmake_clean_cache': False, 'cmake_clean_first': False, 'cmake_force_configure': False, 'cmake_target': None, 'cmake_target_skip_unavailable': False, 'install_base': '/home/chemweno/Neural-Knights/install/diffdrive_arduino', 'merge_install': False, 'path': '/home/chemweno/Neural-Knights/src/diffdrive_arduino', 'symlink_install': True, 'test_result_base': None}
[4.109s] Level 5:colcon.colcon_core.verb:set package 'gazebo_ros2_control_demos' build argument 'cmake_args' from command line to 'None'
[4.109s] Level 5:colcon.colcon_core.verb:set package 'gazebo_ros2_control_demos' build argument 'cmake_target' from command line to 'None'
[4.109s] Level 5:colcon.colcon_core.verb:set package 'gazebo_ros2_control_demos' build argument 'cmake_target_skip_unavailable' from command line to 'False'
[4.109s] Level 5:colcon.colcon_core.verb:set package 'gazebo_ros2_control_demos' build argument 'cmake_clean_cache' from command line to 'False'
[4.110s] Level 5:colcon.colcon_core.verb:set package 'gazebo_ros2_control_demos' build argument 'cmake_clean_first' from command line to 'False'
[4.110s] Level 5:colcon.colcon_core.verb:set package 'gazebo_ros2_control_demos' build argument 'cmake_force_configure' from command line to 'False'
[4.110s] Level 5:colcon.colcon_core.verb:set package 'gazebo_ros2_control_demos' build argument 'ament_cmake_args' from command line to 'None'
[4.110s] Level 5:colcon.colcon_core.verb:set package 'gazebo_ros2_control_demos' build argument 'catkin_cmake_args' from command line to 'None'
[4.110s] Level 5:colcon.colcon_core.verb:set package 'gazebo_ros2_control_demos' build argument 'catkin_skip_building_tests' from command line to 'False'
[4.110s] DEBUG:colcon.colcon_core.verb:Building package 'gazebo_ros2_control_demos' with the following arguments: {'ament_cmake_args': None, 'build_base': '/home/chemweno/Neural-Knights/build/gazebo_ros2_control_demos', 'catkin_cmake_args': None, 'catkin_skip_building_tests': False, 'cmake_args': None, 'cmake_clean_cache': False, 'cmake_clean_first': False, 'cmake_force_configure': False, 'cmake_target': None, 'cmake_target_skip_unavailable': False, 'install_base': '/home/chemweno/Neural-Knights/install/gazebo_ros2_control_demos', 'merge_install': False, 'path': '/home/chemweno/Neural-Knights/src/gazebo_ros2_control/gazebo_ros2_control_demos', 'symlink_install': True, 'test_result_base': None}
[4.111s] INFO:colcon.colcon_core.executor:Executing jobs using 'parallel' executor
[4.115s] DEBUG:colcon.colcon_parallel_executor.executor.parallel:run_until_complete
[4.116s] INFO:colcon.colcon_ros.task.ament_cmake.build:Building ROS package in '/home/chemweno/Neural-Knights/src/gazebo_ros2_control/gazebo_ros2_control' with build type 'ament_cmake'
[4.116s] INFO:colcon.colcon_cmake.task.cmake.build:Building CMake package in '/home/chemweno/Neural-Knights/src/gazebo_ros2_control/gazebo_ros2_control'
[4.126s] INFO:colcon.colcon_core.plugin_system:Skipping extension 'colcon_core.shell.bat': Not used on non-Windows systems
[4.126s] INFO:colcon.colcon_core.shell:Skip shell extension 'powershell' for command environment: Not usable outside of PowerShell
[4.126s] DEBUG:colcon.colcon_core.shell:Skip shell extension 'dsv' for command environment
[4.147s] INFO:colcon.colcon_ros.task.ament_cmake.build:Building ROS package in '/home/chemweno/Neural-Knights/src/serial' with build type 'ament_cmake'
[4.148s] INFO:colcon.colcon_cmake.task.cmake.build:Building CMake package in '/home/chemweno/Neural-Knights/src/serial'
[4.150s] INFO:colcon.colcon_core.shell:Skip shell extension 'powershell' for command environment: Not usable outside of PowerShell
[4.150s] DEBUG:colcon.colcon_core.shell:Skip shell extension 'dsv' for command environment
[4.167s] INFO:colcon.colcon_ros.task.ament_cmake.build:Building ROS package in '/home/chemweno/Neural-Knights/src/articubot_one' with build type 'ament_cmake'
[4.167s] INFO:colcon.colcon_cmake.task.cmake.build:Building CMake package in '/home/chemweno/Neural-Knights/src/articubot_one'
[4.168s] INFO:colcon.colcon_core.shell:Skip shell extension 'powershell' for command environment: Not usable outside of PowerShell
[4.169s] DEBUG:colcon.colcon_core.shell:Skip shell extension 'dsv' for command environment
[4.213s] DEBUG:colcon.colcon_core.event_handler.log_command:Invoking command in '/home/chemweno/Neural-Knights/build/gazebo_ros2_control': CMAKE_PREFIX_PATH=${CMAKE_PREFIX_PATH}:/opt/ros/humble /usr/bin/cmake --build /home/chemweno/Neural-Knights/build/gazebo_ros2_control -- -j4 -l4
[4.237s] DEBUG:colcon.colcon_core.event_handler.log_command:Invoking command in '/home/chemweno/Neural-Knights/build/serial': CMAKE_PREFIX_PATH=${CMAKE_PREFIX_PATH}:/opt/ros/humble /usr/bin/cmake --build /home/chemweno/Neural-Knights/build/serial -- -j4 -l4
[4.260s] DEBUG:colcon.colcon_core.event_handler.log_command:Invoking command in '/home/chemweno/Neural-Knights/build/articubot_one': CMAKE_PREFIX_PATH=${CMAKE_PREFIX_PATH}:/opt/ros/humble /usr/bin/cmake --build /home/chemweno/Neural-Knights/build/articubot_one -- -j4 -l4
[4.443s] DEBUG:colcon.colcon_core.event_handler.log_command:Invoked command in '/home/chemweno/Neural-Knights/build/articubot_one' returned '0': CMAKE_PREFIX_PATH=${CMAKE_PREFIX_PATH}:/opt/ros/humble /usr/bin/cmake --build /home/chemweno/Neural-Knights/build/articubot_one -- -j4 -l4
[4.497s] DEBUG:colcon.colcon_core.event_handler.log_command:Invoking command in '/home/chemweno/Neural-Knights/build/articubot_one': CMAKE_PREFIX_PATH=${CMAKE_PREFIX_PATH}:/opt/ros/humble /usr/bin/cmake --install /home/chemweno/Neural-Knights/build/articubot_one
[4.644s] Level 1:colcon.colcon_core.environment:create_environment_scripts_only(articubot_one)
[4.652s] DEBUG:colcon.colcon_core.event_handler.log_command:Invoked command in '/home/chemweno/Neural-Knights/build/articubot_one' returned '0': CMAKE_PREFIX_PATH=${CMAKE_PREFIX_PATH}:/opt/ros/humble /usr/bin/cmake --install /home/chemweno/Neural-Knights/build/articubot_one
[4.669s] Level 1:colcon.colcon_core.environment:checking '/home/chemweno/Neural-Knights/install/articubot_one' for CMake module files
[4.675s] Level 1:colcon.colcon_core.environment:checking '/home/chemweno/Neural-Knights/install/articubot_one' for CMake config files
[4.678s] Level 1:colcon.colcon_core.shell:create_environment_hook('articubot_one', 'cmake_prefix_path')
[4.680s] INFO:colcon.colcon_core.shell:Creating environment hook '/home/chemweno/Neural-Knights/install/articubot_one/share/articubot_one/hook/cmake_prefix_path.ps1'
[4.686s] INFO:colcon.colcon_core.shell:Creating environment descriptor '/home/chemweno/Neural-Knights/install/articubot_one/share/articubot_one/hook/cmake_prefix_path.dsv'
[4.691s] INFO:colcon.colcon_core.shell:Creating environment hook '/home/chemweno/Neural-Knights/install/articubot_one/share/articubot_one/hook/cmake_prefix_path.sh'
[4.699s] Level 1:colcon.colcon_core.environment:checking '/home/chemweno/Neural-Knights/install/articubot_one/bin'
[4.700s] Level 1:colcon.colcon_core.environment:checking '/home/chemweno/Neural-Knights/install/articubot_one/lib/pkgconfig/articubot_one.pc'
[4.701s] Level 1:colcon.colcon_core.environment:checking '/home/chemweno/Neural-Knights/install/articubot_one/lib/python3.10/site-packages'
[4.702s] Level 1:colcon.colcon_core.environment:checking '/home/chemweno/Neural-Knights/install/articubot_one/bin'
[4.706s] INFO:colcon.colcon_core.shell:Creating package script '/home/chemweno/Neural-Knights/install/articubot_one/share/articubot_one/package.ps1'
[4.714s] INFO:colcon.colcon_core.shell:Creating package descriptor '/home/chemweno/Neural-Knights/install/articubot_one/share/articubot_one/package.dsv'
[4.718s] INFO:colcon.colcon_core.shell:Creating package script '/home/chemweno/Neural-Knights/install/articubot_one/share/articubot_one/package.sh'
[4.723s] INFO:colcon.colcon_core.shell:Creating package script '/home/chemweno/Neural-Knights/install/articubot_one/share/articubot_one/package.bash'
[4.729s] INFO:colcon.colcon_core.shell:Creating package script '/home/chemweno/Neural-Knights/install/articubot_one/share/articubot_one/package.zsh'
[4.734s] Level 1:colcon.colcon_core.environment:create_file_with_runtime_dependencies(/home/chemweno/Neural-Knights/install/articubot_one/share/colcon-core/packages/articubot_one)
[4.738s] Level 1:colcon.colcon_core.environment:create_environment_scripts_only(articubot_one)
[4.739s] Level 1:colcon.colcon_core.environment:checking '/home/chemweno/Neural-Knights/install/articubot_one' for CMake module files
[4.742s] Level 1:colcon.colcon_core.environment:checking '/home/chemweno/Neural-Knights/install/articubot_one' for CMake config files
[4.744s] Level 1:colcon.colcon_core.shell:create_environment_hook('articubot_one', 'cmake_prefix_path')
[4.745s] INFO:colcon.colcon_core.shell:Creating environment hook '/home/chemweno/Neural-Knights/install/articubot_one/share/articubot_one/hook/cmake_prefix_path.ps1'
[4.748s] INFO:colcon.colcon_core.shell:Creating environment descriptor '/home/chemweno/Neural-Knights/install/articubot_one/share/articubot_one/hook/cmake_prefix_path.dsv'
[4.750s] INFO:colcon.colcon_core.shell:Creating environment hook '/home/chemweno/Neural-Knights/install/articubot_one/share/articubot_one/hook/cmake_prefix_path.sh'
[4.753s] Level 1:colcon.colcon_core.environment:checking '/home/chemweno/Neural-Knights/install/articubot_one/bin'
[4.754s] Level 1:colcon.colcon_core.environment:checking '/home/chemweno/Neural-Knights/install/articubot_one/lib/pkgconfig/articubot_one.pc'
[4.756s] Level 1:colcon.colcon_core.environment:checking '/home/chemweno/Neural-Knights/install/articubot_one/lib/python3.10/site-packages'
[4.757s] Level 1:colcon.colcon_core.environment:checking '/home/chemweno/Neural-Knights/install/articubot_one/bin'
[4.760s] INFO:colcon.colcon_core.shell:Creating package script '/home/chemweno/Neural-Knights/install/articubot_one/share/articubot_one/package.ps1'
[4.764s] INFO:colcon.colcon_core.shell:Creating package descriptor '/home/chemweno/Neural-Knights/install/articubot_one/share/articubot_one/package.dsv'
[4.768s] INFO:colcon.colcon_core.shell:Creating package script '/home/chemweno/Neural-Knights/install/articubot_one/share/articubot_one/package.sh'
[4.771s] INFO:colcon.colcon_core.shell:Creating package script '/home/chemweno/Neural-Knights/install/articubot_one/share/articubot_one/package.bash'
[4.774s] INFO:colcon.colcon_core.shell:Creating package script '/home/chemweno/Neural-Knights/install/articubot_one/share/articubot_one/package.zsh'
[4.777s] Level 1:colcon.colcon_core.environment:create_file_with_runtime_dependencies(/home/chemweno/Neural-Knights/install/articubot_one/share/colcon-core/packages/articubot_one)
[4.852s] DEBUG:colcon.colcon_core.event_handler.log_command:Invoked command in '/home/chemweno/Neural-Knights/build/gazebo_ros2_control' returned '0': CMAKE_PREFIX_PATH=${CMAKE_PREFIX_PATH}:/opt/ros/humble /usr/bin/cmake --build /home/chemweno/Neural-Knights/build/gazebo_ros2_control -- -j4 -l4
[4.856s] DEBUG:colcon.colcon_core.event_handler.log_command:Invoking command in '/home/chemweno/Neural-Knights/build/gazebo_ros2_control': CMAKE_PREFIX_PATH=${CMAKE_PREFIX_PATH}:/opt/ros/humble /usr/bin/cmake --install /home/chemweno/Neural-Knights/build/gazebo_ros2_control
[4.959s] Level 1:colcon.colcon_core.environment:create_environment_scripts_only(gazebo_ros2_control)
[4.961s] Level 1:colcon.colcon_core.environment:checking '/home/chemweno/Neural-Knights/install/gazebo_ros2_control' for CMake module files
[4.964s] DEBUG:colcon.colcon_core.event_handler.log_command:Invoked command in '/home/chemweno/Neural-Knights/build/gazebo_ros2_control' returned '0': CMAKE_PREFIX_PATH=${CMAKE_PREFIX_PATH}:/opt/ros/humble /usr/bin/cmake --install /home/chemweno/Neural-Knights/build/gazebo_ros2_control
[4.966s] Level 1:colcon.colcon_core.environment:checking '/home/chemweno/Neural-Knights/install/gazebo_ros2_control' for CMake config files
[4.968s] Level 1:colcon.colcon_core.shell:create_environment_hook('gazebo_ros2_control', 'cmake_prefix_path')
[4.969s] INFO:colcon.colcon_core.shell:Creating environment hook '/home/chemweno/Neural-Knights/install/gazebo_ros2_control/share/gazebo_ros2_control/hook/cmake_prefix_path.ps1'
[4.971s] INFO:colcon.colcon_core.shell:Creating environment descriptor '/home/chemweno/Neural-Knights/install/gazebo_ros2_control/share/gazebo_ros2_control/hook/cmake_prefix_path.dsv'
[4.972s] INFO:colcon.colcon_core.shell:Creating environment hook '/home/chemweno/Neural-Knights/install/gazebo_ros2_control/share/gazebo_ros2_control/hook/cmake_prefix_path.sh'
[4.974s] Level 1:colcon.colcon_core.environment:checking '/home/chemweno/Neural-Knights/install/gazebo_ros2_control/lib'
[4.975s] Level 1:colcon.colcon_core.shell:create_environment_hook('gazebo_ros2_control', 'ld_library_path_lib')
[4.976s] INFO:colcon.colcon_core.shell:Creating environment hook '/home/chemweno/Neural-Knights/install/gazebo_ros2_control/share/gazebo_ros2_control/hook/ld_library_path_lib.ps1'
[4.978s] INFO:colcon.colcon_core.shell:Creating environment descriptor '/home/chemweno/Neural-Knights/install/gazebo_ros2_control/share/gazebo_ros2_control/hook/ld_library_path_lib.dsv'
[4.980s] INFO:colcon.colcon_core.shell:Creating environment hook '/home/chemweno/Neural-Knights/install/gazebo_ros2_control/share/gazebo_ros2_control/hook/ld_library_path_lib.sh'
[4.983s] Level 1:colcon.colcon_core.environment:checking '/home/chemweno/Neural-Knights/install/gazebo_ros2_control/bin'
[4.983s] Level 1:colcon.colcon_core.environment:checking '/home/chemweno/Neural-Knights/install/gazebo_ros2_control/lib/pkgconfig/gazebo_ros2_control.pc'
[4.984s] Level 1:colcon.colcon_core.environment:checking '/home/chemweno/Neural-Knights/install/gazebo_ros2_control/lib/python3.10/site-packages'
[4.985s] Level 1:colcon.colcon_core.environment:checking '/home/chemweno/Neural-Knights/install/gazebo_ros2_control/bin'
[4.986s] INFO:colcon.colcon_core.shell:Creating package script '/home/chemweno/Neural-Knights/install/gazebo_ros2_control/share/gazebo_ros2_control/package.ps1'
[4.989s] INFO:colcon.colcon_core.shell:Creating package descriptor '/home/chemweno/Neural-Knights/install/gazebo_ros2_control/share/gazebo_ros2_control/package.dsv'
[4.993s] INFO:colcon.colcon_core.shell:Creating package script '/home/chemweno/Neural-Knights/install/gazebo_ros2_control/share/gazebo_ros2_control/package.sh'
[4.996s] INFO:colcon.colcon_core.shell:Creating package script '/home/chemweno/Neural-Knights/install/gazebo_ros2_control/share/gazebo_ros2_control/package.bash'
[4.998s] INFO:colcon.colcon_core.shell:Creating package script '/home/chemweno/Neural-Knights/install/gazebo_ros2_control/share/gazebo_ros2_control/package.zsh'
[5.001s] Level 1:colcon.colcon_core.environment:create_file_with_runtime_dependencies(/home/chemweno/Neural-Knights/install/gazebo_ros2_control/share/colcon-core/packages/gazebo_ros2_control)
[5.004s] Level 1:colcon.colcon_core.environment:create_environment_scripts_only(gazebo_ros2_control)
[5.005s] Level 1:colcon.colcon_core.environment:checking '/home/chemweno/Neural-Knights/install/gazebo_ros2_control' for CMake module files
[5.009s] Level 1:colcon.colcon_core.environment:checking '/home/chemweno/Neural-Knights/install/gazebo_ros2_control' for CMake config files
[5.011s] Level 1:colcon.colcon_core.shell:create_environment_hook('gazebo_ros2_control', 'cmake_prefix_path')
[5.012s] INFO:colcon.colcon_core.shell:Creating environment hook '/home/chemweno/Neural-Knights/install/gazebo_ros2_control/share/gazebo_ros2_control/hook/cmake_prefix_path.ps1'
[5.016s] INFO:colcon.colcon_core.shell:Creating environment descriptor '/home/chemweno/Neural-Knights/install/gazebo_ros2_control/share/gazebo_ros2_control/hook/cmake_prefix_path.dsv'
[5.019s] INFO:colcon.colcon_core.shell:Creating environment hook '/home/chemweno/Neural-Knights/install/gazebo_ros2_control/share/gazebo_ros2_control/hook/cmake_prefix_path.sh'
[5.022s] Level 1:colcon.colcon_core.environment:checking '/home/chemweno/Neural-Knights/install/gazebo_ros2_control/lib'
[5.022s] Level 1:colcon.colcon_core.shell:create_environment_hook('gazebo_ros2_control', 'ld_library_path_lib')
[5.024s] INFO:colcon.colcon_core.shell:Creating environment hook '/home/chemweno/Neural-Knights/install/gazebo_ros2_control/share/gazebo_ros2_control/hook/ld_library_path_lib.ps1'
[5.027s] INFO:colcon.colcon_core.shell:Creating environment descriptor '/home/chemweno/Neural-Knights/install/gazebo_ros2_control/share/gazebo_ros2_control/hook/ld_library_path_lib.dsv'
[5.029s] INFO:colcon.colcon_core.shell:Creating environment hook '/home/chemweno/Neural-Knights/install/gazebo_ros2_control/share/gazebo_ros2_control/hook/ld_library_path_lib.sh'
[5.031s] Level 1:colcon.colcon_core.environment:checking '/home/chemweno/Neural-Knights/install/gazebo_ros2_control/bin'
[5.032s] Level 1:colcon.colcon_core.environment:checking '/home/chemweno/Neural-Knights/install/gazebo_ros2_control/lib/pkgconfig/gazebo_ros2_control.pc'
[5.033s] Level 1:colcon.colcon_core.environment:checking '/home/chemweno/Neural-Knights/install/gazebo_ros2_control/lib/python3.10/site-packages'
[5.034s] Level 1:colcon.colcon_core.environment:checking '/home/chemweno/Neural-Knights/install/gazebo_ros2_control/bin'
[5.037s] INFO:colcon.colcon_core.shell:Creating package script '/home/chemweno/Neural-Knights/install/gazebo_ros2_control/share/gazebo_ros2_control/package.ps1'
[5.039s] INFO:colcon.colcon_core.shell:Creating package descriptor '/home/chemweno/Neural-Knights/install/gazebo_ros2_control/share/gazebo_ros2_control/package.dsv'
[5.042s] INFO:colcon.colcon_core.shell:Creating package script '/home/chemweno/Neural-Knights/install/gazebo_ros2_control/share/gazebo_ros2_control/package.sh'
[5.044s] INFO:colcon.colcon_core.shell:Creating package script '/home/chemweno/Neural-Knights/install/gazebo_ros2_control/share/gazebo_ros2_control/package.bash'
[5.047s] INFO:colcon.colcon_core.shell:Creating package script '/home/chemweno/Neural-Knights/install/gazebo_ros2_control/share/gazebo_ros2_control/package.zsh'
[5.049s] Level 1:colcon.colcon_core.environment:create_file_with_runtime_dependencies(/home/chemweno/Neural-Knights/install/gazebo_ros2_control/share/colcon-core/packages/gazebo_ros2_control)
[5.050s] INFO:colcon.colcon_ros.task.ament_cmake.build:Building ROS package in '/home/chemweno/Neural-Knights/src/gazebo_ros2_control/gazebo_ros2_control_demos' with build type 'ament_cmake'
[5.051s] INFO:colcon.colcon_cmake.task.cmake.build:Building CMake package in '/home/chemweno/Neural-Knights/src/gazebo_ros2_control/gazebo_ros2_control_demos'
[5.052s] INFO:colcon.colcon_core.shell:Skip shell extension 'powershell' for command environment: Not usable outside of PowerShell
[5.053s] DEBUG:colcon.colcon_core.shell:Skip shell extension 'dsv' for command environment
[5.111s] DEBUG:colcon.colcon_core.event_handler.log_command:Invoking command in '/home/chemweno/Neural-Knights/build/gazebo_ros2_control_demos': CMAKE_PREFIX_PATH=/home/chemweno/Neural-Knights/install/gazebo_ros2_control:/home/chemweno/Neural-Knights/install/diffdrive_arduino:/home/chemweno/Neural-Knights/install/serial:/home/chemweno/Neural-Knights/install/gazebo_ros2_control_demos:/home/chemweno/Neural-Knights/install/articubot_one:/opt/ros/humble LD_LIBRARY_PATH=/home/chemweno/Neural-Knights/install/gazebo_ros2_control/lib:/home/chemweno/Neural-Knights/install/diffdrive_arduino/lib:/home/chemweno/Neural-Knights/install/serial/lib:/usr/lib/x86_64-linux-gnu/gazebo-11/plugins:/opt/ros/humble/opt/rviz_ogre_vendor/lib:/opt/ros/humble/lib/x86_64-linux-gnu:/opt/ros/humble/lib /usr/bin/cmake --build /home/chemweno/Neural-Knights/build/gazebo_ros2_control_demos -- -j4 -l4
[5.161s] DEBUG:colcon.colcon_core.event_handler.log_command:Invoked command in '/home/chemweno/Neural-Knights/build/serial' returned '0': CMAKE_PREFIX_PATH=${CMAKE_PREFIX_PATH}:/opt/ros/humble /usr/bin/cmake --build /home/chemweno/Neural-Knights/build/serial -- -j4 -l4
[5.171s] DEBUG:colcon.colcon_core.event_handler.log_command:Invoking command in '/home/chemweno/Neural-Knights/build/serial': CMAKE_PREFIX_PATH=${CMAKE_PREFIX_PATH}:/opt/ros/humble /usr/bin/cmake --install /home/chemweno/Neural-Knights/build/serial
[5.268s] Level 1:colcon.colcon_core.environment:create_environment_scripts_only(serial)
[5.270s] Level 1:colcon.colcon_core.environment:checking '/home/chemweno/Neural-Knights/install/serial' for CMake module files
[5.273s] DEBUG:colcon.colcon_core.event_handler.log_command:Invoked command in '/home/chemweno/Neural-Knights/build/serial' returned '0': CMAKE_PREFIX_PATH=${CMAKE_PREFIX_PATH}:/opt/ros/humble /usr/bin/cmake --install /home/chemweno/Neural-Knights/build/serial
[5.274s] Level 1:colcon.colcon_core.environment:checking '/home/chemweno/Neural-Knights/install/serial' for CMake config files
[5.276s] Level 1:colcon.colcon_core.shell:create_environment_hook('serial', 'cmake_prefix_path')
[5.277s] INFO:colcon.colcon_core.shell:Creating environment hook '/home/chemweno/Neural-Knights/install/serial/share/serial/hook/cmake_prefix_path.ps1'
[5.279s] INFO:colcon.colcon_core.shell:Creating environment descriptor '/home/chemweno/Neural-Knights/install/serial/share/serial/hook/cmake_prefix_path.dsv'
[5.280s] INFO:colcon.colcon_core.shell:Creating environment hook '/home/chemweno/Neural-Knights/install/serial/share/serial/hook/cmake_prefix_path.sh'
[5.283s] Level 1:colcon.colcon_core.environment:checking '/home/chemweno/Neural-Knights/install/serial/lib'
[5.283s] Level 1:colcon.colcon_core.environment:checking '/home/chemweno/Neural-Knights/install/serial/bin'
[5.283s] Level 1:colcon.colcon_core.environment:checking '/home/chemweno/Neural-Knights/install/serial/lib/pkgconfig/serial.pc'
[5.284s] Level 1:colcon.colcon_core.environment:checking '/home/chemweno/Neural-Knights/install/serial/lib/python3.10/site-packages'
[5.285s] Level 1:colcon.colcon_core.environment:checking '/home/chemweno/Neural-Knights/install/serial/bin'
[5.286s] INFO:colcon.colcon_core.shell:Creating package script '/home/chemweno/Neural-Knights/install/serial/share/serial/package.ps1'
[5.288s] INFO:colcon.colcon_core.shell:Creating package descriptor '/home/chemweno/Neural-Knights/install/serial/share/serial/package.dsv'
[5.290s] INFO:colcon.colcon_core.shell:Creating package script '/home/chemweno/Neural-Knights/install/serial/share/serial/package.sh'
[5.292s] INFO:colcon.colcon_core.shell:Creating package script '/home/chemweno/Neural-Knights/install/serial/share/serial/package.bash'
[5.294s] INFO:colcon.colcon_core.shell:Creating package script '/home/chemweno/Neural-Knights/install/serial/share/serial/package.zsh'
[5.296s] Level 1:colcon.colcon_core.environment:create_file_with_runtime_dependencies(/home/chemweno/Neural-Knights/install/serial/share/colcon-core/packages/serial)
[5.298s] Level 1:colcon.colcon_core.environment:create_environment_scripts_only(serial)
[5.300s] Level 1:colcon.colcon_core.environment:checking '/home/chemweno/Neural-Knights/install/serial' for CMake module files
[5.302s] Level 1:colcon.colcon_core.environment:checking '/home/chemweno/Neural-Knights/install/serial' for CMake config files
[5.304s] Level 1:colcon.colcon_core.shell:create_environment_hook('serial', 'cmake_prefix_path')
[5.305s] INFO:colcon.colcon_core.shell:Creating environment hook '/home/chemweno/Neural-Knights/install/serial/share/serial/hook/cmake_prefix_path.ps1'
[5.306s] INFO:colcon.colcon_core.shell:Creating environment descriptor '/home/chemweno/Neural-Knights/install/serial/share/serial/hook/cmake_prefix_path.dsv'
[5.308s] INFO:colcon.colcon_core.shell:Creating environment hook '/home/chemweno/Neural-Knights/install/serial/share/serial/hook/cmake_prefix_path.sh'
[5.311s] Level 1:colcon.colcon_core.environment:checking '/home/chemweno/Neural-Knights/install/serial/lib'
[5.311s] Level 1:colcon.colcon_core.environment:checking '/home/chemweno/Neural-Knights/install/serial/bin'
[5.312s] Level 1:colcon.colcon_core.environment:checking '/home/chemweno/Neural-Knights/install/serial/lib/pkgconfig/serial.pc'
[5.314s] Level 1:colcon.colcon_core.environment:checking '/home/chemweno/Neural-Knights/install/serial/lib/python3.10/site-packages'
[5.316s] Level 1:colcon.colcon_core.environment:checking '/home/chemweno/Neural-Knights/install/serial/bin'
[5.318s] INFO:colcon.colcon_core.shell:Creating package script '/home/chemweno/Neural-Knights/install/serial/share/serial/package.ps1'
[5.322s] INFO:colcon.colcon_core.shell:Creating package descriptor '/home/chemweno/Neural-Knights/install/serial/share/serial/package.dsv'
[5.326s] INFO:colcon.colcon_core.shell:Creating package script '/home/chemweno/Neural-Knights/install/serial/share/serial/package.sh'
[5.328s] INFO:colcon.colcon_core.shell:Creating package script '/home/chemweno/Neural-Knights/install/serial/share/serial/package.bash'
[5.332s] INFO:colcon.colcon_core.shell:Creating package script '/home/chemweno/Neural-Knights/install/serial/share/serial/package.zsh'
[5.334s] Level 1:colcon.colcon_core.environment:create_file_with_runtime_dependencies(/home/chemweno/Neural-Knights/install/serial/share/colcon-core/packages/serial)
[5.335s] INFO:colcon.colcon_ros.task.ament_cmake.build:Building ROS package in '/home/chemweno/Neural-Knights/src/diffdrive_arduino' with build type 'ament_cmake'
[5.336s] INFO:colcon.colcon_cmake.task.cmake.build:Building CMake package in '/home/chemweno/Neural-Knights/src/diffdrive_arduino'
[5.338s] INFO:colcon.colcon_core.shell:Skip shell extension 'powershell' for command environment: Not usable outside of PowerShell
[5.338s] DEBUG:colcon.colcon_core.shell:Skip shell extension 'dsv' for command environment
[5.396s] DEBUG:colcon.colcon_core.event_handler.log_command:Invoking command in '/home/chemweno/Neural-Knights/build/diffdrive_arduino': CMAKE_PREFIX_PATH=/home/chemweno/Neural-Knights/install/serial:/home/chemweno/Neural-Knights/install/diffdrive_arduino:/home/chemweno/Neural-Knights/install/gazebo_ros2_control_demos:/home/chemweno/Neural-Knights/install/gazebo_ros2_control:/home/chemweno/Neural-Knights/install/articubot_one:/opt/ros/humble /usr/bin/cmake --build /home/chemweno/Neural-Knights/build/diffdrive_arduino -- -j4 -l4
[5.843s] DEBUG:colcon.colcon_core.event_handler.log_command:Invoked command in '/home/chemweno/Neural-Knights/build/diffdrive_arduino' returned '0': CMAKE_PREFIX_PATH=/home/chemweno/Neural-Knights/install/serial:/home/chemweno/Neural-Knights/install/diffdrive_arduino:/home/chemweno/Neural-Knights/install/gazebo_ros2_control_demos:/home/chemweno/Neural-Knights/install/gazebo_ros2_control:/home/chemweno/Neural-Knights/install/articubot_one:/opt/ros/humble /usr/bin/cmake --build /home/chemweno/Neural-Knights/build/diffdrive_arduino -- -j4 -l4
[5.848s] DEBUG:colcon.colcon_core.event_handler.log_command:Invoking command in '/home/chemweno/Neural-Knights/build/diffdrive_arduino': CMAKE_PREFIX_PATH=/home/chemweno/Neural-Knights/install/serial:/home/chemweno/Neural-Knights/install/diffdrive_arduino:/home/chemweno/Neural-Knights/install/gazebo_ros2_control_demos:/home/chemweno/Neural-Knights/install/gazebo_ros2_control:/home/chemweno/Neural-Knights/install/articubot_one:/opt/ros/humble /usr/bin/cmake --install /home/chemweno/Neural-Knights/build/diffdrive_arduino
[5.961s] Level 1:colcon.colcon_core.environment:create_environment_scripts_only(diffdrive_arduino)
[5.963s] Level 1:colcon.colcon_core.environment:checking '/home/chemweno/Neural-Knights/install/diffdrive_arduino' for CMake module files
[5.968s] DEBUG:colcon.colcon_core.event_handler.log_command:Invoked command in '/home/chemweno/Neural-Knights/build/diffdrive_arduino' returned '0': CMAKE_PREFIX_PATH=/home/chemweno/Neural-Knights/install/serial:/home/chemweno/Neural-Knights/install/diffdrive_arduino:/home/chemweno/Neural-Knights/install/gazebo_ros2_control_demos:/home/chemweno/Neural-Knights/install/gazebo_ros2_control:/home/chemweno/Neural-Knights/install/articubot_one:/opt/ros/humble /usr/bin/cmake --install /home/chemweno/Neural-Knights/build/diffdrive_arduino
[5.969s] Level 1:colcon.colcon_core.environment:checking '/home/chemweno/Neural-Knights/install/diffdrive_arduino' for CMake config files
[5.972s] Level 1:colcon.colcon_core.shell:create_environment_hook('diffdrive_arduino', 'cmake_prefix_path')
[5.973s] INFO:colcon.colcon_core.shell:Creating environment hook '/home/chemweno/Neural-Knights/install/diffdrive_arduino/share/diffdrive_arduino/hook/cmake_prefix_path.ps1'
[5.975s] INFO:colcon.colcon_core.shell:Creating environment descriptor '/home/chemweno/Neural-Knights/install/diffdrive_arduino/share/diffdrive_arduino/hook/cmake_prefix_path.dsv'
[5.977s] INFO:colcon.colcon_core.shell:Creating environment hook '/home/chemweno/Neural-Knights/install/diffdrive_arduino/share/diffdrive_arduino/hook/cmake_prefix_path.sh'
[5.980s] Level 1:colcon.colcon_core.environment:checking '/home/chemweno/Neural-Knights/install/diffdrive_arduino/lib'
[5.981s] Level 1:colcon.colcon_core.shell:create_environment_hook('diffdrive_arduino', 'ld_library_path_lib')
[5.982s] INFO:colcon.colcon_core.shell:Creating environment hook '/home/chemweno/Neural-Knights/install/diffdrive_arduino/share/diffdrive_arduino/hook/ld_library_path_lib.ps1'
[5.984s] INFO:colcon.colcon_core.shell:Creating environment descriptor '/home/chemweno/Neural-Knights/install/diffdrive_arduino/share/diffdrive_arduino/hook/ld_library_path_lib.dsv'
[5.986s] INFO:colcon.colcon_core.shell:Creating environment hook '/home/chemweno/Neural-Knights/install/diffdrive_arduino/share/diffdrive_arduino/hook/ld_library_path_lib.sh'
[5.988s] Level 1:colcon.colcon_core.environment:checking '/home/chemweno/Neural-Knights/install/diffdrive_arduino/bin'
[5.989s] Level 1:colcon.colcon_core.environment:checking '/home/chemweno/Neural-Knights/install/diffdrive_arduino/lib/pkgconfig/diffdrive_arduino.pc'
[5.990s] Level 1:colcon.colcon_core.environment:checking '/home/chemweno/Neural-Knights/install/diffdrive_arduino/lib/python3.10/site-packages'
[5.991s] Level 1:colcon.colcon_core.environment:checking '/home/chemweno/Neural-Knights/install/diffdrive_arduino/bin'
[5.993s] INFO:colcon.colcon_core.shell:Creating package script '/home/chemweno/Neural-Knights/install/diffdrive_arduino/share/diffdrive_arduino/package.ps1'
[5.995s] INFO:colcon.colcon_core.shell:Creating package descriptor '/home/chemweno/Neural-Knights/install/diffdrive_arduino/share/diffdrive_arduino/package.dsv'
[5.997s] INFO:colcon.colcon_core.shell:Creating package script '/home/chemweno/Neural-Knights/install/diffdrive_arduino/share/diffdrive_arduino/package.sh'
[6.000s] INFO:colcon.colcon_core.shell:Creating package script '/home/chemweno/Neural-Knights/install/diffdrive_arduino/share/diffdrive_arduino/package.bash'
[6.001s] INFO:colcon.colcon_core.shell:Creating package script '/home/chemweno/Neural-Knights/install/diffdrive_arduino/share/diffdrive_arduino/package.zsh'
[6.003s] Level 1:colcon.colcon_core.environment:create_file_with_runtime_dependencies(/home/chemweno/Neural-Knights/install/diffdrive_arduino/share/colcon-core/packages/diffdrive_arduino)
[6.005s] Level 1:colcon.colcon_core.environment:create_environment_scripts_only(diffdrive_arduino)
[6.006s] Level 1:colcon.colcon_core.environment:checking '/home/chemweno/Neural-Knights/install/diffdrive_arduino' for CMake module files
[6.008s] Level 1:colcon.colcon_core.environment:checking '/home/chemweno/Neural-Knights/install/diffdrive_arduino' for CMake config files
[6.010s] Level 1:colcon.colcon_core.shell:create_environment_hook('diffdrive_arduino', 'cmake_prefix_path')
[6.011s] INFO:colcon.colcon_core.shell:Creating environment hook '/home/chemweno/Neural-Knights/install/diffdrive_arduino/share/diffdrive_arduino/hook/cmake_prefix_path.ps1'
[6.013s] INFO:colcon.colcon_core.shell:Creating environment descriptor '/home/chemweno/Neural-Knights/install/diffdrive_arduino/share/diffdrive_arduino/hook/cmake_prefix_path.dsv'
[6.014s] INFO:colcon.colcon_core.shell:Creating environment hook '/home/chemweno/Neural-Knights/install/diffdrive_arduino/share/diffdrive_arduino/hook/cmake_prefix_path.sh'
[6.017s] Level 1:colcon.colcon_core.environment:checking '/home/chemweno/Neural-Knights/install/diffdrive_arduino/lib'
[6.017s] Level 1:colcon.colcon_core.shell:create_environment_hook('diffdrive_arduino', 'ld_library_path_lib')
[6.018s] INFO:colcon.colcon_core.shell:Creating environment hook '/home/chemweno/Neural-Knights/install/diffdrive_arduino/share/diffdrive_arduino/hook/ld_library_path_lib.ps1'
[6.020s] INFO:colcon.colcon_core.shell:Creating environment descriptor '/home/chemweno/Neural-Knights/install/diffdrive_arduino/share/diffdrive_arduino/hook/ld_library_path_lib.dsv'
[6.022s] INFO:colcon.colcon_core.shell:Creating environment hook '/home/chemweno/Neural-Knights/install/diffdrive_arduino/share/diffdrive_arduino/hook/ld_library_path_lib.sh'
[6.023s] Level 1:colcon.colcon_core.environment:checking '/home/chemweno/Neural-Knights/install/diffdrive_arduino/bin'
[6.023s] Level 1:colcon.colcon_core.environment:checking '/home/chemweno/Neural-Knights/install/diffdrive_arduino/lib/pkgconfig/diffdrive_arduino.pc'
[6.025s] Level 1:colcon.colcon_core.environment:checking '/home/chemweno/Neural-Knights/install/diffdrive_arduino/lib/python3.10/site-packages'
[6.026s] Level 1:colcon.colcon_core.environment:checking '/home/chemweno/Neural-Knights/install/diffdrive_arduino/bin'
[6.027s] INFO:colcon.colcon_core.shell:Creating package script '/home/chemweno/Neural-Knights/install/diffdrive_arduino/share/diffdrive_arduino/package.ps1'
[6.031s] INFO:colcon.colcon_core.shell:Creating package descriptor '/home/chemweno/Neural-Knights/install/diffdrive_arduino/share/diffdrive_arduino/package.dsv'
[6.033s] INFO:colcon.colcon_core.shell:Creating package script '/home/chemweno/Neural-Knights/install/diffdrive_arduino/share/diffdrive_arduino/package.sh'
[6.036s] INFO:colcon.colcon_core.shell:Creating package script '/home/chemweno/Neural-Knights/install/diffdrive_arduino/share/diffdrive_arduino/package.bash'
[6.038s] INFO:colcon.colcon_core.shell:Creating package script '/home/chemweno/Neural-Knights/install/diffdrive_arduino/share/diffdrive_arduino/package.zsh'
[6.040s] Level 1:colcon.colcon_core.environment:create_file_with_runtime_dependencies(/home/chemweno/Neural-Knights/install/diffdrive_arduino/share/colcon-core/packages/diffdrive_arduino)
[6.111s] DEBUG:colcon.colcon_core.event_handler.log_command:Invoked command in '/home/chemweno/Neural-Knights/build/gazebo_ros2_control_demos' returned '0': CMAKE_PREFIX_PATH=/home/chemweno/Neural-Knights/install/gazebo_ros2_control:/home/chemweno/Neural-Knights/install/diffdrive_arduino:/home/chemweno/Neural-Knights/install/serial:/home/chemweno/Neural-Knights/install/gazebo_ros2_control_demos:/home/chemweno/Neural-Knights/install/articubot_one:/opt/ros/humble LD_LIBRARY_PATH=/home/chemweno/Neural-Knights/install/gazebo_ros2_control/lib:/home/chemweno/Neural-Knights/install/diffdrive_arduino/lib:/home/chemweno/Neural-Knights/install/serial/lib:/usr/lib/x86_64-linux-gnu/gazebo-11/plugins:/opt/ros/humble/opt/rviz_ogre_vendor/lib:/opt/ros/humble/lib/x86_64-linux-gnu:/opt/ros/humble/lib /usr/bin/cmake --build /home/chemweno/Neural-Knights/build/gazebo_ros2_control_demos -- -j4 -l4
[6.121s] DEBUG:colcon.colcon_core.event_handler.log_command:Invoking command in '/home/chemweno/Neural-Knights/build/gazebo_ros2_control_demos': CMAKE_PREFIX_PATH=/home/chemweno/Neural-Knights/install/gazebo_ros2_control:/home/chemweno/Neural-Knights/install/diffdrive_arduino:/home/chemweno/Neural-Knights/install/serial:/home/chemweno/Neural-Knights/install/gazebo_ros2_control_demos:/home/chemweno/Neural-Knights/install/articubot_one:/opt/ros/humble LD_LIBRARY_PATH=/home/chemweno/Neural-Knights/install/gazebo_ros2_control/lib:/home/chemweno/Neural-Knights/install/diffdrive_arduino/lib:/home/chemweno/Neural-Knights/install/serial/lib:/usr/lib/x86_64-linux-gnu/gazebo-11/plugins:/opt/ros/humble/opt/rviz_ogre_vendor/lib:/opt/ros/humble/lib/x86_64-linux-gnu:/opt/ros/humble/lib /usr/bin/cmake --install /home/chemweno/Neural-Knights/build/gazebo_ros2_control_demos
[6.230s] Level 1:colcon.colcon_core.environment:create_environment_scripts_only(gazebo_ros2_control_demos)
[6.232s] Level 1:colcon.colcon_core.environment:checking '/home/chemweno/Neural-Knights/install/gazebo_ros2_control_demos' for CMake module files
[6.235s] DEBUG:colcon.colcon_core.event_handler.log_command:Invoked command in '/home/chemweno/Neural-Knights/build/gazebo_ros2_control_demos' returned '0': CMAKE_PREFIX_PATH=/home/chemweno/Neural-Knights/install/gazebo_ros2_control:/home/chemweno/Neural-Knights/install/diffdrive_arduino:/home/chemweno/Neural-Knights/install/serial:/home/chemweno/Neural-Knights/install/gazebo_ros2_control_demos:/home/chemweno/Neural-Knights/install/articubot_one:/opt/ros/humble LD_LIBRARY_PATH=/home/chemweno/Neural-Knights/install/gazebo_ros2_control/lib:/home/chemweno/Neural-Knights/install/diffdrive_arduino/lib:/home/chemweno/Neural-Knights/install/serial/lib:/usr/lib/x86_64-linux-gnu/gazebo-11/plugins:/opt/ros/humble/opt/rviz_ogre_vendor/lib:/opt/ros/humble/lib/x86_64-linux-gnu:/opt/ros/humble/lib /usr/bin/cmake --install /home/chemweno/Neural-Knights/build/gazebo_ros2_control_demos
[6.236s] Level 1:colcon.colcon_core.environment:checking '/home/chemweno/Neural-Knights/install/gazebo_ros2_control_demos' for CMake config files
[6.238s] Level 1:colcon.colcon_core.shell:create_environment_hook('gazebo_ros2_control_demos', 'cmake_prefix_path')
[6.239s] INFO:colcon.colcon_core.shell:Creating environment hook '/home/chemweno/Neural-Knights/install/gazebo_ros2_control_demos/share/gazebo_ros2_control_demos/hook/cmake_prefix_path.ps1'
[6.241s] INFO:colcon.colcon_core.shell:Creating environment descriptor '/home/chemweno/Neural-Knights/install/gazebo_ros2_control_demos/share/gazebo_ros2_control_demos/hook/cmake_prefix_path.dsv'
[6.242s] INFO:colcon.colcon_core.shell:Creating environment hook '/home/chemweno/Neural-Knights/install/gazebo_ros2_control_demos/share/gazebo_ros2_control_demos/hook/cmake_prefix_path.sh'
[6.244s] Level 1:colcon.colcon_core.environment:checking '/home/chemweno/Neural-Knights/install/gazebo_ros2_control_demos/lib'
[6.245s] Level 1:colcon.colcon_core.environment:checking '/home/chemweno/Neural-Knights/install/gazebo_ros2_control_demos/bin'
[6.245s] Level 1:colcon.colcon_core.environment:checking '/home/chemweno/Neural-Knights/install/gazebo_ros2_control_demos/lib/pkgconfig/gazebo_ros2_control_demos.pc'
[6.246s] Level 1:colcon.colcon_core.environment:checking '/home/chemweno/Neural-Knights/install/gazebo_ros2_control_demos/lib/python3.10/site-packages'
[6.247s] Level 1:colcon.colcon_core.environment:checking '/home/chemweno/Neural-Knights/install/gazebo_ros2_control_demos/bin'
[6.248s] INFO:colcon.colcon_core.shell:Creating package script '/home/chemweno/Neural-Knights/install/gazebo_ros2_control_demos/share/gazebo_ros2_control_demos/package.ps1'
[6.250s] INFO:colcon.colcon_core.shell:Creating package descriptor '/home/chemweno/Neural-Knights/install/gazebo_ros2_control_demos/share/gazebo_ros2_control_demos/package.dsv'
[6.252s] INFO:colcon.colcon_core.shell:Creating package script '/home/chemweno/Neural-Knights/install/gazebo_ros2_control_demos/share/gazebo_ros2_control_demos/package.sh'
[6.253s] INFO:colcon.colcon_core.shell:Creating package script '/home/chemweno/Neural-Knights/install/gazebo_ros2_control_demos/share/gazebo_ros2_control_demos/package.bash'
[6.255s] INFO:colcon.colcon_core.shell:Creating package script '/home/chemweno/Neural-Knights/install/gazebo_ros2_control_demos/share/gazebo_ros2_control_demos/package.zsh'
[6.257s] Level 1:colcon.colcon_core.environment:create_file_with_runtime_dependencies(/home/chemweno/Neural-Knights/install/gazebo_ros2_control_demos/share/colcon-core/packages/gazebo_ros2_control_demos)
[6.260s] Level 1:colcon.colcon_core.environment:create_environment_scripts_only(gazebo_ros2_control_demos)
[6.262s] Level 1:colcon.colcon_core.environment:checking '/home/chemweno/Neural-Knights/install/gazebo_ros2_control_demos' for CMake module files
[6.265s] Level 1:colcon.colcon_core.environment:checking '/home/chemweno/Neural-Knights/install/gazebo_ros2_control_demos' for CMake config files
[6.267s] Level 1:colcon.colcon_core.shell:create_environment_hook('gazebo_ros2_control_demos', 'cmake_prefix_path')
[6.268s] INFO:colcon.colcon_core.shell:Creating environment hook '/home/chemweno/Neural-Knights/install/gazebo_ros2_control_demos/share/gazebo_ros2_control_demos/hook/cmake_prefix_path.ps1'
[6.269s] INFO:colcon.colcon_core.shell:Creating environment descriptor '/home/chemweno/Neural-Knights/install/gazebo_ros2_control_demos/share/gazebo_ros2_control_demos/hook/cmake_prefix_path.dsv'
[6.270s] INFO:colcon.colcon_core.shell:Creating environment hook '/home/chemweno/Neural-Knights/install/gazebo_ros2_control_demos/share/gazebo_ros2_control_demos/hook/cmake_prefix_path.sh'
[6.272s] Level 1:colcon.colcon_core.environment:checking '/home/chemweno/Neural-Knights/install/gazebo_ros2_control_demos/lib'
[6.273s] Level 1:colcon.colcon_core.environment:checking '/home/chemweno/Neural-Knights/install/gazebo_ros2_control_demos/bin'
[6.273s] Level 1:colcon.colcon_core.environment:checking '/home/chemweno/Neural-Knights/install/gazebo_ros2_control_demos/lib/pkgconfig/gazebo_ros2_control_demos.pc'
[6.274s] Level 1:colcon.colcon_core.environment:checking '/home/chemweno/Neural-Knights/install/gazebo_ros2_control_demos/lib/python3.10/site-packages'
[6.275s] Level 1:colcon.colcon_core.environment:checking '/home/chemweno/Neural-Knights/install/gazebo_ros2_control_demos/bin'
[6.277s] INFO:colcon.colcon_core.shell:Creating package script '/home/chemweno/Neural-Knights/install/gazebo_ros2_control_demos/share/gazebo_ros2_control_demos/package.ps1'
[6.279s] INFO:colcon.colcon_core.shell:Creating package descriptor '/home/chemweno/Neural-Knights/install/gazebo_ros2_control_demos/share/gazebo_ros2_control_demos/package.dsv'
[6.282s] INFO:colcon.colcon_core.shell:Creating package script '/home/chemweno/Neural-Knights/install/gazebo_ros2_control_demos/share/gazebo_ros2_control_demos/package.sh'
[6.284s] INFO:colcon.colcon_core.shell:Creating package script '/home/chemweno/Neural-Knights/install/gazebo_ros2_control_demos/share/gazebo_ros2_control_demos/package.bash'
[6.285s] INFO:colcon.colcon_core.shell:Creating package script '/home/chemweno/Neural-Knights/install/gazebo_ros2_control_demos/share/gazebo_ros2_control_demos/package.zsh'
[6.288s] Level 1:colcon.colcon_core.environment:create_file_with_runtime_dependencies(/home/chemweno/Neural-Knights/install/gazebo_ros2_control_demos/share/colcon-core/packages/gazebo_ros2_control_demos)
[6.289s] DEBUG:colcon.colcon_parallel_executor.executor.parallel:closing loop
[6.291s] DEBUG:colcon.colcon_parallel_executor.executor.parallel:loop closed
[6.291s] DEBUG:colcon.colcon_parallel_executor.executor.parallel:run_until_complete finished with '0'
[6.292s] DEBUG:colcon.colcon_core.event_reactor:joining thread
[6.318s] INFO:colcon.colcon_core.plugin_system:Skipping extension 'colcon_notification.desktop_notification.terminal_notifier': Not used on non-Darwin systems
[6.319s] INFO:colcon.colcon_core.plugin_system:Skipping extension 'colcon_notification.desktop_notification.win32': Not used on non-Windows systems
[6.319s] INFO:colcon.colcon_notification.desktop_notification:Sending desktop notification using 'notify2'
[6.357s] DEBUG:colcon.colcon_core.event_reactor:joined thread
[6.358s] INFO:colcon.colcon_core.shell:Creating prefix script '/home/chemweno/Neural-Knights/install/local_setup.ps1'
[6.364s] INFO:colcon.colcon_core.shell:Creating prefix util module '/home/chemweno/Neural-Knights/install/_local_setup_util_ps1.py'
[6.374s] INFO:colcon.colcon_core.shell:Creating prefix chain script '/home/chemweno/Neural-Knights/install/setup.ps1'
[6.382s] INFO:colcon.colcon_core.shell:Creating prefix script '/home/chemweno/Neural-Knights/install/local_setup.sh'
[6.386s] INFO:colcon.colcon_core.shell:Creating prefix util module '/home/chemweno/Neural-Knights/install/_local_setup_util_sh.py'
[6.389s] INFO:colcon.colcon_core.shell:Creating prefix chain script '/home/chemweno/Neural-Knights/install/setup.sh'
[6.396s] INFO:colcon.colcon_core.shell:Creating prefix script '/home/chemweno/Neural-Knights/install/local_setup.bash'
[6.399s] INFO:colcon.colcon_core.shell:Creating prefix chain script '/home/chemweno/Neural-Knights/install/setup.bash'
[6.404s] INFO:colcon.colcon_core.shell:Creating prefix script '/home/chemweno/Neural-Knights/install/local_setup.zsh'
[6.406s] INFO:colcon.colcon_core.shell:Creating prefix chain script '/home/chemweno/Neural-Knights/install/setup.zsh'
