[0.148s] Invoking command in '/home/neural/Neural-Knights/build/gazebo_ros2_control': CMAKE_PREFIX_PATH=${CMAKE_PREFIX_PATH}:/opt/ros/humble /usr/bin/cmake --build /home/neural/Neural-Knights/build/gazebo_ros2_control -- -j4 -l4
[0.687s] [ 50%] Built target gazebo_hardware_plugins
[0.804s] [100%] Built target gazebo_ros2_control
[0.932s] Invoked command in '/home/neural/Neural-Knights/build/gazebo_ros2_control' returned '0': CMAKE_PREFIX_PATH=${CMAKE_PREFIX_PATH}:/opt/ros/humble /usr/bin/cmake --build /home/neural/Neural-Knights/build/gazebo_ros2_control -- -j4 -l4
[0.935s] Invoking command in '/home/neural/Neural-Knights/build/gazebo_ros2_control': CMAKE_PREFIX_PATH=${CMAKE_PREFIX_PATH}:/opt/ros/humble /usr/bin/cmake --install /home/neural/Neural-Knights/build/gazebo_ros2_control
[0.984s] -- Install configuration: ""
[1.006s] -- Execute custom install script
[1.008s] -- Up-to-date symlink: /home/neural/Neural-Knights/install/gazebo_ros2_control/lib/libgazebo_ros2_control.so
[1.009s] -- Up-to-date symlink: /home/neural/Neural-Knights/install/gazebo_ros2_control/lib/libgazebo_hardware_plugins.so
[1.010s] -- Up-to-date symlink: /home/neural/Neural-Knights/install/gazebo_ros2_control/share/gazebo_ros2_control/environment/library_path.sh
[1.014s] -- Up-to-date symlink: /home/neural/Neural-Knights/install/gazebo_ros2_control/share/gazebo_ros2_control/environment/library_path.dsv
[1.014s] -- Up-to-date symlink: /home/neural/Neural-Knights/install/gazebo_ros2_control/include/gazebo_ros2_control/gazebo_ros2_control_plugin.hpp
[1.027s] -- Up-to-date symlink: /home/neural/Neural-Knights/install/gazebo_ros2_control/include/gazebo_ros2_control/gazebo_system.hpp
[1.028s] -- Up-to-date symlink: /home/neural/Neural-Knights/install/gazebo_ros2_control/include/gazebo_ros2_control/gazebo_system_interface.hpp
[1.030s] -- Up-to-date symlink: /home/neural/Neural-Knights/install/gazebo_ros2_control/share/gazebo_ros2_control//gazebo_hardware_plugins.xml
[1.032s] -- Up-to-date symlink: /home/neural/Neural-Knights/install/gazebo_ros2_control/share/ament_index/resource_index/package_run_dependencies/gazebo_ros2_control
[1.033s] -- Up-to-date symlink: /home/neural/Neural-Knights/install/gazebo_ros2_control/share/ament_index/resource_index/parent_prefix_path/gazebo_ros2_control
[1.043s] -- Up-to-date symlink: /home/neural/Neural-Knights/install/gazebo_ros2_control/share/gazebo_ros2_control/environment/ament_prefix_path.sh
[1.043s] -- Up-to-date symlink: /home/neural/Neural-Knights/install/gazebo_ros2_control/share/gazebo_ros2_control/environment/ament_prefix_path.dsv
[1.044s] -- Up-to-date symlink: /home/neural/Neural-Knights/install/gazebo_ros2_control/share/gazebo_ros2_control/environment/path.sh
[1.044s] -- Up-to-date symlink: /home/neural/Neural-Knights/install/gazebo_ros2_control/share/gazebo_ros2_control/environment/path.dsv
[1.045s] -- Up-to-date symlink: /home/neural/Neural-Knights/install/gazebo_ros2_control/share/gazebo_ros2_control/local_setup.bash
[1.046s] -- Up-to-date symlink: /home/neural/Neural-Knights/install/gazebo_ros2_control/share/gazebo_ros2_control/local_setup.sh
[1.049s] -- Up-to-date symlink: /home/neural/Neural-Knights/install/gazebo_ros2_control/share/gazebo_ros2_control/local_setup.zsh
[1.049s] -- Up-to-date symlink: /home/neural/Neural-Knights/install/gazebo_ros2_control/share/gazebo_ros2_control/local_setup.dsv
[1.059s] -- Symlinking: /home/neural/Neural-Knights/install/gazebo_ros2_control/share/gazebo_ros2_control/package.dsv
[1.116s] -- Up-to-date symlink: /home/neural/Neural-Knights/install/gazebo_ros2_control/share/ament_index/resource_index/packages/gazebo_ros2_control
[1.120s] -- Up-to-date symlink: /home/neural/Neural-Knights/install/gazebo_ros2_control/share/ament_index/resource_index/gazebo_ros2_control__pluginlib__plugin/gazebo_ros2_control
[1.121s] -- Up-to-date symlink: /home/neural/Neural-Knights/install/gazebo_ros2_control/share/gazebo_ros2_control/cmake/ament_cmake_export_include_directories-extras.cmake
[1.121s] -- Up-to-date symlink: /home/neural/Neural-Knights/install/gazebo_ros2_control/share/gazebo_ros2_control/cmake/ament_cmake_export_dependencies-extras.cmake
[1.122s] -- Up-to-date symlink: /home/neural/Neural-Knights/install/gazebo_ros2_control/share/gazebo_ros2_control/cmake/ament_cmake_export_libraries-extras.cmake
[1.122s] -- Up-to-date symlink: /home/neural/Neural-Knights/install/gazebo_ros2_control/share/gazebo_ros2_control/cmake/gazebo_ros2_controlConfig.cmake
[1.123s] -- Up-to-date symlink: /home/neural/Neural-Knights/install/gazebo_ros2_control/share/gazebo_ros2_control/cmake/gazebo_ros2_controlConfig-version.cmake
[1.123s] -- Up-to-date symlink: /home/neural/Neural-Knights/install/gazebo_ros2_control/share/gazebo_ros2_control/package.xml
[1.238s] Invoked command in '/home/neural/Neural-Knights/build/gazebo_ros2_control' returned '0': CMAKE_PREFIX_PATH=${CMAKE_PREFIX_PATH}:/opt/ros/humble /usr/bin/cmake --install /home/neural/Neural-Knights/build/gazebo_ros2_control
