[0.092s] Invoking command in '/home/chemweno/Neural-Knights/build/articubot_one': CMAKE_PREFIX_PATH=${CMAKE_PREFIX_PATH}:/opt/ros/humble /usr/bin/cmake --build /home/chemweno/Neural-Knights/build/articubot_one -- -j4 -l4
[0.274s] Invoked command in '/home/chemweno/Neural-Knights/build/articubot_one' returned '0': CMAKE_PREFIX_PATH=${CMAKE_PREFIX_PATH}:/opt/ros/humble /usr/bin/cmake --build /home/chemweno/Neural-Knights/build/articubot_one -- -j4 -l4
[0.329s] Invoking command in '/home/chemweno/Neural-Knights/build/articubot_one': CMAKE_PREFIX_PATH=${CMAKE_PREFIX_PATH}:/opt/ros/humble /usr/bin/cmake --install /home/chemweno/Neural-Knights/build/articubot_one
[0.362s] -- Install configuration: ""
[0.374s] -- Execute custom install script
[0.375s] -- Up-to-date symlink: /home/chemweno/Neural-Knights/install/articubot_one/share/articubot_one/config/empty.yaml
[0.375s] -- Up-to-date symlink: /home/chemweno/Neural-Knights/install/articubot_one/share/articubot_one/config/gaz_ros2_ctl_use_sim.yaml
[0.386s] -- Up-to-date symlink: /home/chemweno/Neural-Knights/install/articubot_one/share/articubot_one/config/gazebo_params.yaml
[0.386s] -- Up-to-date symlink: /home/chemweno/Neural-Knights/install/articubot_one/share/articubot_one/config/joystick.yaml
[0.387s] -- Up-to-date symlink: /home/chemweno/Neural-Knights/install/articubot_one/share/articubot_one/config/map_navigation.rviz
[0.387s] -- Up-to-date symlink: /home/chemweno/Neural-Knights/install/articubot_one/share/articubot_one/config/mapper_params_online_async.yaml
[0.387s] -- Up-to-date symlink: /home/chemweno/Neural-Knights/install/articubot_one/share/articubot_one/config/my_controllers.yaml
[0.388s] -- Up-to-date symlink: /home/chemweno/Neural-Knights/install/articubot_one/share/articubot_one/config/nav2_params.yaml
[0.388s] -- Up-to-date symlink: /home/chemweno/Neural-Knights/install/articubot_one/share/articubot_one/config/twist_mux.yaml
[0.389s] -- Up-to-date symlink: /home/chemweno/Neural-Knights/install/articubot_one/share/articubot_one/config/view_bot.rviz
[0.389s] -- Up-to-date symlink: /home/chemweno/Neural-Knights/install/articubot_one/share/articubot_one/description/gazebo_control.xacro
[0.390s] -- Up-to-date symlink: /home/chemweno/Neural-Knights/install/articubot_one/share/articubot_one/description/inertial_macros.xacro
[0.391s] -- Up-to-date symlink: /home/chemweno/Neural-Knights/install/articubot_one/share/articubot_one/description/robot.urdf.xacro
[0.392s] -- Up-to-date symlink: /home/chemweno/Neural-Knights/install/articubot_one/share/articubot_one/description/robot_all.xacro
[0.392s] -- Up-to-date symlink: /home/chemweno/Neural-Knights/install/articubot_one/share/articubot_one/description/ros2_control.xacro
[0.393s] -- Up-to-date symlink: /home/chemweno/Neural-Knights/install/articubot_one/share/articubot_one/launch/joystick.launch.py
[0.393s] -- Up-to-date symlink: /home/chemweno/Neural-Knights/install/articubot_one/share/articubot_one/launch/launch_robot.launch.py
[0.394s] -- Up-to-date symlink: /home/chemweno/Neural-Knights/install/articubot_one/share/articubot_one/launch/launch_sim.launch.py
[0.394s] -- Up-to-date symlink: /home/chemweno/Neural-Knights/install/articubot_one/share/articubot_one/launch/localization_launch.py
[0.394s] -- Up-to-date symlink: /home/chemweno/Neural-Knights/install/articubot_one/share/articubot_one/launch/navigation_launch.py
[0.395s] -- Up-to-date symlink: /home/chemweno/Neural-Knights/install/articubot_one/share/articubot_one/launch/online_async_launch.py
[0.395s] -- Up-to-date symlink: /home/chemweno/Neural-Knights/install/articubot_one/share/articubot_one/launch/rplidar.launch.py
[0.396s] -- Up-to-date symlink: /home/chemweno/Neural-Knights/install/articubot_one/share/articubot_one/launch/rsp.launch.py
[0.396s] -- Up-to-date symlink: /home/chemweno/Neural-Knights/install/articubot_one/share/articubot_one/worlds/empty.world
[0.397s] -- Up-to-date symlink: /home/chemweno/Neural-Knights/install/articubot_one/share/articubot_one/worlds/world1.world
[0.397s] -- Up-to-date symlink: /home/chemweno/Neural-Knights/install/articubot_one/share/ament_index/resource_index/package_run_dependencies/articubot_one
[0.399s] -- Up-to-date symlink: /home/chemweno/Neural-Knights/install/articubot_one/share/ament_index/resource_index/parent_prefix_path/articubot_one
[0.401s] -- Up-to-date symlink: /home/chemweno/Neural-Knights/install/articubot_one/share/articubot_one/environment/ament_prefix_path.sh
[0.402s] -- Up-to-date symlink: /home/chemweno/Neural-Knights/install/articubot_one/share/articubot_one/environment/ament_prefix_path.dsv
[0.405s] -- Up-to-date symlink: /home/chemweno/Neural-Knights/install/articubot_one/share/articubot_one/environment/path.sh
[0.407s] -- Up-to-date symlink: /home/chemweno/Neural-Knights/install/articubot_one/share/articubot_one/environment/path.dsv
[0.408s] -- Up-to-date symlink: /home/chemweno/Neural-Knights/install/articubot_one/share/articubot_one/local_setup.bash
[0.411s] -- Up-to-date symlink: /home/chemweno/Neural-Knights/install/articubot_one/share/articubot_one/local_setup.sh
[0.413s] -- Up-to-date symlink: /home/chemweno/Neural-Knights/install/articubot_one/share/articubot_one/local_setup.zsh
[0.415s] -- Up-to-date symlink: /home/chemweno/Neural-Knights/install/articubot_one/share/articubot_one/local_setup.dsv
[0.417s] -- Symlinking: /home/chemweno/Neural-Knights/install/articubot_one/share/articubot_one/package.dsv
[0.464s] -- Up-to-date symlink: /home/chemweno/Neural-Knights/install/articubot_one/share/ament_index/resource_index/packages/articubot_one
[0.465s] -- Up-to-date symlink: /home/chemweno/Neural-Knights/install/articubot_one/share/articubot_one/cmake/articubot_oneConfig.cmake
[0.465s] -- Up-to-date symlink: /home/chemweno/Neural-Knights/install/articubot_one/share/articubot_one/cmake/articubot_oneConfig-version.cmake
[0.466s] -- Up-to-date symlink: /home/chemweno/Neural-Knights/install/articubot_one/share/articubot_one/package.xml
[0.483s] Invoked command in '/home/chemweno/Neural-Knights/build/articubot_one' returned '0': CMAKE_PREFIX_PATH=${CMAKE_PREFIX_PATH}:/opt/ros/humble /usr/bin/cmake --install /home/chemweno/Neural-Knights/build/articubot_one
