[0.092s] Invoking command in '/home/neural/Neural-Knights/build/articubot_one': CMAKE_PREFIX_PATH=${CMAKE_PREFIX_PATH}:/opt/ros/humble /usr/bin/cmake /home/neural/Neural-Knights/src/articubot_one -DAMENT_CMAKE_SYMLINK_INSTALL=1 -DCMAKE_INSTALL_PREFIX=/home/neural/Neural-Knights/install/articubot_one
[0.387s] -- The C compiler identification is GNU 11.4.0
[0.704s] -- The CXX compiler identification is GNU 11.4.0
[0.745s] -- Detecting C compiler ABI info
[1.121s] -- Detecting C compiler ABI info - done
[1.179s] -- Check for working C compiler: /usr/bin/cc - skipped
[1.180s] -- Detecting C compile features
[1.183s] -- Detecting C compile features - done
[1.205s] -- Detecting CXX compiler ABI info
[1.784s] -- Detecting CXX compiler ABI info - done
[1.858s] -- Check for working CXX compiler: /usr/bin/c++ - skipped
[1.861s] -- Detecting CXX compile features
[1.866s] -- Detecting CXX compile features - done
[1.885s] -- Found ament_cmake: 1.3.12 (/opt/ros/humble/share/ament_cmake/cmake)
[2.856s] -- Found Python3: /usr/bin/python3 (found version "3.10.12") found components: Interpreter 
[3.325s] -- Override CMake install command with custom implementation using symlinks instead of copying resources
[3.551s] -- Found ament_lint_auto: 0.12.14 (/opt/ros/humble/share/ament_lint_auto/cmake)
[4.211s] -- Added test 'copyright' to check source files copyright and LICENSE
[4.214s] -- Added test 'flake8' to check Python code syntax and style conventions
[4.220s] -- Added test 'lint_cmake' to check CMake code style
[4.226s] -- Added test 'pep257' to check Python code against some of the docstring style conventions in PEP 257
[4.243s] -- Added test 'xmllint' to check XML markup files
[4.256s] -- Configuring done
[4.275s] -- Generating done
[4.287s] -- Build files have been written to: /home/neural/Neural-Knights/build/articubot_one
[4.326s] Invoked command in '/home/neural/Neural-Knights/build/articubot_one' returned '0': CMAKE_PREFIX_PATH=${CMAKE_PREFIX_PATH}:/opt/ros/humble /usr/bin/cmake /home/neural/Neural-Knights/src/articubot_one -DAMENT_CMAKE_SYMLINK_INSTALL=1 -DCMAKE_INSTALL_PREFIX=/home/neural/Neural-Knights/install/articubot_one
[4.329s] Invoking command in '/home/neural/Neural-Knights/build/articubot_one': CMAKE_PREFIX_PATH=${CMAKE_PREFIX_PATH}:/opt/ros/humble /usr/bin/cmake --build /home/neural/Neural-Knights/build/articubot_one -- -j4 -l4
[4.677s] Invoked command in '/home/neural/Neural-Knights/build/articubot_one' returned '0': CMAKE_PREFIX_PATH=${CMAKE_PREFIX_PATH}:/opt/ros/humble /usr/bin/cmake --build /home/neural/Neural-Knights/build/articubot_one -- -j4 -l4
[4.713s] Invoking command in '/home/neural/Neural-Knights/build/articubot_one': CMAKE_PREFIX_PATH=${CMAKE_PREFIX_PATH}:/opt/ros/humble /usr/bin/cmake --install /home/neural/Neural-Knights/build/articubot_one
[4.751s] -- Install configuration: ""
[4.755s] -- Execute custom install script
[4.759s] -- Symlinking: /home/neural/Neural-Knights/install/articubot_one/share/articubot_one/config/empty.yaml
[4.806s] -- Symlinking: /home/neural/Neural-Knights/install/articubot_one/share/articubot_one/config/gaz_ros2_ctl_use_sim.yaml
[4.911s] -- Symlinking: /home/neural/Neural-Knights/install/articubot_one/share/articubot_one/config/gazebo_params.yaml
[4.984s] -- Symlinking: /home/neural/Neural-Knights/install/articubot_one/share/articubot_one/config/joystick.yaml
[5.030s] -- Symlinking: /home/neural/Neural-Knights/install/articubot_one/share/articubot_one/config/map_navigation.rviz
[5.077s] -- Symlinking: /home/neural/Neural-Knights/install/articubot_one/share/articubot_one/config/mapper_params_online_async.yaml
[5.129s] -- Symlinking: /home/neural/Neural-Knights/install/articubot_one/share/articubot_one/config/my_controllers.yaml
[5.175s] -- Symlinking: /home/neural/Neural-Knights/install/articubot_one/share/articubot_one/config/nav2_params.yaml
[5.243s] -- Symlinking: /home/neural/Neural-Knights/install/articubot_one/share/articubot_one/config/twist_mux.yaml
[5.289s] -- Symlinking: /home/neural/Neural-Knights/install/articubot_one/share/articubot_one/config/view_bot.rviz
[5.352s] -- Symlinking: /home/neural/Neural-Knights/install/articubot_one/share/articubot_one/description/gazebo_control.xacro
[5.401s] -- Symlinking: /home/neural/Neural-Knights/install/articubot_one/share/articubot_one/description/inertial_macros.xacro
[5.459s] -- Symlinking: /home/neural/Neural-Knights/install/articubot_one/share/articubot_one/description/robot.urdf.xacro
[5.510s] -- Symlinking: /home/neural/Neural-Knights/install/articubot_one/share/articubot_one/description/robot_all.xacro
[5.570s] -- Symlinking: /home/neural/Neural-Knights/install/articubot_one/share/articubot_one/description/ros2_control.xacro
[5.639s] -- Symlinking: /home/neural/Neural-Knights/install/articubot_one/share/articubot_one/launch/joystick.launch.py
[5.692s] -- Symlinking: /home/neural/Neural-Knights/install/articubot_one/share/articubot_one/launch/launch_robot.launch.py
[5.741s] -- Symlinking: /home/neural/Neural-Knights/install/articubot_one/share/articubot_one/launch/launch_sim.launch.py
[5.793s] -- Symlinking: /home/neural/Neural-Knights/install/articubot_one/share/articubot_one/launch/localization_launch.py
[5.841s] -- Symlinking: /home/neural/Neural-Knights/install/articubot_one/share/articubot_one/launch/navigation_launch.py
[5.890s] -- Symlinking: /home/neural/Neural-Knights/install/articubot_one/share/articubot_one/launch/online_async_launch.py
[5.974s] -- Symlinking: /home/neural/Neural-Knights/install/articubot_one/share/articubot_one/launch/rplidar.launch.py
[6.101s] -- Symlinking: /home/neural/Neural-Knights/install/articubot_one/share/articubot_one/launch/rsp.launch.py
[6.210s] -- Symlinking: /home/neural/Neural-Knights/install/articubot_one/share/articubot_one/worlds/empty.world
[6.326s] -- Symlinking: /home/neural/Neural-Knights/install/articubot_one/share/articubot_one/worlds/world1.world
[6.383s] -- Symlinking: /home/neural/Neural-Knights/install/articubot_one/share/ament_index/resource_index/package_run_dependencies/articubot_one
[6.454s] -- Symlinking: /home/neural/Neural-Knights/install/articubot_one/share/ament_index/resource_index/parent_prefix_path/articubot_one
[6.510s] -- Symlinking: /home/neural/Neural-Knights/install/articubot_one/share/articubot_one/environment/ament_prefix_path.sh
[6.572s] -- Symlinking: /home/neural/Neural-Knights/install/articubot_one/share/articubot_one/environment/ament_prefix_path.dsv
[6.637s] -- Symlinking: /home/neural/Neural-Knights/install/articubot_one/share/articubot_one/environment/path.sh
[6.693s] -- Symlinking: /home/neural/Neural-Knights/install/articubot_one/share/articubot_one/environment/path.dsv
[6.760s] -- Symlinking: /home/neural/Neural-Knights/install/articubot_one/share/articubot_one/local_setup.bash
[6.812s] -- Symlinking: /home/neural/Neural-Knights/install/articubot_one/share/articubot_one/local_setup.sh
[6.875s] -- Symlinking: /home/neural/Neural-Knights/install/articubot_one/share/articubot_one/local_setup.zsh
[6.952s] -- Symlinking: /home/neural/Neural-Knights/install/articubot_one/share/articubot_one/local_setup.dsv
[7.060s] -- Symlinking: /home/neural/Neural-Knights/install/articubot_one/share/articubot_one/package.dsv
[7.131s] -- Symlinking: /home/neural/Neural-Knights/install/articubot_one/share/ament_index/resource_index/packages/articubot_one
[7.178s] -- Symlinking: /home/neural/Neural-Knights/install/articubot_one/share/articubot_one/cmake/articubot_oneConfig.cmake
[7.227s] -- Symlinking: /home/neural/Neural-Knights/install/articubot_one/share/articubot_one/cmake/articubot_oneConfig-version.cmake
[7.278s] -- Symlinking: /home/neural/Neural-Knights/install/articubot_one/share/articubot_one/package.xml
[7.344s] Invoked command in '/home/neural/Neural-Knights/build/articubot_one' returned '0': CMAKE_PREFIX_PATH=${CMAKE_PREFIX_PATH}:/opt/ros/humble /usr/bin/cmake --install /home/neural/Neural-Knights/build/articubot_one
