[0.438s] DEBUG:colcon:Command line arguments: ['/usr/bin/colcon', 'build', '--symlink-install']
[0.439s] DEBUG:colcon:Parsed command line arguments: Namespace(log_base=None, log_level=None, verb_name='build', build_base='build', install_base='install', merge_install=False, symlink_install=True, test_result_base=None, continue_on_error=False, executor='parallel', parallel_workers=4, event_handlers=None, ignore_user_meta=False, metas=['./colcon.meta'], base_paths=['.'], packages_ignore=None, packages_ignore_regex=None, paths=None, packages_up_to=None, packages_up_to_regex=None, packages_above=None, packages_above_and_dependencies=None, packages_above_depth=None, packages_select_by_dep=None, packages_skip_by_dep=None, packages_skip_up_to=None, packages_select_build_failed=False, packages_skip_build_finished=False, packages_select_test_failures=False, packages_skip_test_passed=False, packages_select=None, packages_skip=None, packages_select_regex=None, packages_skip_regex=None, packages_start=None, packages_end=None, allow_overriding=[], cmake_args=None, cmake_target=None, cmake_target_skip_unavailable=False, cmake_clean_cache=False, cmake_clean_first=False, cmake_force_configure=False, ament_cmake_args=None, catkin_cmake_args=None, catkin_skip_building_tests=False, mixin_files=None, mixin=None, verb_parser=<colcon_mixin.mixin.mixin_argument.MixinArgumentDecorator object at 0x7f52b72aa950>, verb_extension=<colcon_core.verb.build.BuildVerb object at 0x7f52b72aa1d0>, main=<bound method BuildVerb.main of <colcon_core.verb.build.BuildVerb object at 0x7f52b72aa1d0>>, mixin_verb=('build',))
[1.131s] Level 1:colcon.colcon_core.package_discovery:discover_packages(colcon_meta) check parameters
[1.132s] Level 1:colcon.colcon_core.package_discovery:discover_packages(recursive) check parameters
[1.132s] Level 1:colcon.colcon_core.package_discovery:discover_packages(ignore) check parameters
[1.132s] Level 1:colcon.colcon_core.package_discovery:discover_packages(path) check parameters
[1.132s] Level 1:colcon.colcon_core.package_discovery:discover_packages(colcon_meta) discover
[1.133s] Level 1:colcon.colcon_core.package_discovery:discover_packages(recursive) discover
[1.133s] INFO:colcon.colcon_core.package_discovery:Crawling recursively for packages in '/home/chemweno/Neural-Knights'
[1.133s] Level 1:colcon.colcon_core.package_identification:_identify(.) by extensions ['ignore', 'ignore_ament_install']
[1.133s] Level 1:colcon.colcon_core.package_identification:_identify(.) by extension 'ignore'
[1.134s] Level 1:colcon.colcon_core.package_identification:_identify(.) by extension 'ignore_ament_install'
[1.134s] Level 1:colcon.colcon_core.package_identification:_identify(.) by extensions ['colcon_pkg']
[1.134s] Level 1:colcon.colcon_core.package_identification:_identify(.) by extension 'colcon_pkg'
[1.134s] Level 1:colcon.colcon_core.package_identification:_identify(.) by extensions ['colcon_meta']
[1.135s] Level 1:colcon.colcon_core.package_identification:_identify(.) by extension 'colcon_meta'
[1.135s] Level 1:colcon.colcon_core.package_identification:_identify(.) by extensions ['ros']
[1.135s] Level 1:colcon.colcon_core.package_identification:_identify(.) by extension 'ros'
[1.190s] Level 1:colcon.colcon_core.package_identification:_identify(.) by extensions ['cmake', 'python']
[1.190s] Level 1:colcon.colcon_core.package_identification:_identify(.) by extension 'cmake'
[1.191s] Level 1:colcon.colcon_core.package_identification:_identify(.) by extension 'python'
[1.191s] Level 1:colcon.colcon_core.package_identification:_identify(.) by extensions ['python_setup_py']
[1.191s] Level 1:colcon.colcon_core.package_identification:_identify(.) by extension 'python_setup_py'
[1.192s] Level 1:colcon.colcon_core.package_identification:_identify(build) by extensions ['ignore', 'ignore_ament_install']
[1.192s] Level 1:colcon.colcon_core.package_identification:_identify(build) by extension 'ignore'
[1.192s] Level 1:colcon.colcon_core.package_identification:_identify(build) ignored
[1.193s] Level 1:colcon.colcon_core.package_identification:_identify(install) by extensions ['ignore', 'ignore_ament_install']
[1.194s] Level 1:colcon.colcon_core.package_identification:_identify(install) by extension 'ignore'
[1.194s] Level 1:colcon.colcon_core.package_identification:_identify(install) ignored
[1.194s] Level 1:colcon.colcon_core.package_identification:_identify(log) by extensions ['ignore', 'ignore_ament_install']
[1.195s] Level 1:colcon.colcon_core.package_identification:_identify(log) by extension 'ignore'
[1.195s] Level 1:colcon.colcon_core.package_identification:_identify(log) ignored
[1.196s] Level 1:colcon.colcon_core.package_identification:_identify(src) by extensions ['ignore', 'ignore_ament_install']
[1.197s] Level 1:colcon.colcon_core.package_identification:_identify(src) by extension 'ignore'
[1.197s] Level 1:colcon.colcon_core.package_identification:_identify(src) by extension 'ignore_ament_install'
[1.197s] Level 1:colcon.colcon_core.package_identification:_identify(src) by extensions ['colcon_pkg']
[1.198s] Level 1:colcon.colcon_core.package_identification:_identify(src) by extension 'colcon_pkg'
[1.198s] Level 1:colcon.colcon_core.package_identification:_identify(src) by extensions ['colcon_meta']
[1.198s] Level 1:colcon.colcon_core.package_identification:_identify(src) by extension 'colcon_meta'
[1.198s] Level 1:colcon.colcon_core.package_identification:_identify(src) by extensions ['ros']
[1.198s] Level 1:colcon.colcon_core.package_identification:_identify(src) by extension 'ros'
[1.199s] Level 1:colcon.colcon_core.package_identification:_identify(src) by extensions ['cmake', 'python']
[1.199s] Level 1:colcon.colcon_core.package_identification:_identify(src) by extension 'cmake'
[1.199s] Level 1:colcon.colcon_core.package_identification:_identify(src) by extension 'python'
[1.199s] Level 1:colcon.colcon_core.package_identification:_identify(src) by extensions ['python_setup_py']
[1.199s] Level 1:colcon.colcon_core.package_identification:_identify(src) by extension 'python_setup_py'
[1.200s] Level 1:colcon.colcon_core.package_identification:_identify(src/articubot_one) by extensions ['ignore', 'ignore_ament_install']
[1.200s] Level 1:colcon.colcon_core.package_identification:_identify(src/articubot_one) by extension 'ignore'
[1.200s] Level 1:colcon.colcon_core.package_identification:_identify(src/articubot_one) by extension 'ignore_ament_install'
[1.201s] Level 1:colcon.colcon_core.package_identification:_identify(src/articubot_one) by extensions ['colcon_pkg']
[1.201s] Level 1:colcon.colcon_core.package_identification:_identify(src/articubot_one) by extension 'colcon_pkg'
[1.201s] Level 1:colcon.colcon_core.package_identification:_identify(src/articubot_one) by extensions ['colcon_meta']
[1.201s] Level 1:colcon.colcon_core.package_identification:_identify(src/articubot_one) by extension 'colcon_meta'
[1.201s] Level 1:colcon.colcon_core.package_identification:_identify(src/articubot_one) by extensions ['ros']
[1.201s] Level 1:colcon.colcon_core.package_identification:_identify(src/articubot_one) by extension 'ros'
[1.212s] DEBUG:colcon.colcon_core.package_identification:Package 'src/articubot_one' with type 'ros.ament_cmake' and name 'articubot_one'
[1.212s] Level 1:colcon.colcon_core.package_identification:_identify(src/diffdrive_arduino) by extensions ['ignore', 'ignore_ament_install']
[1.213s] Level 1:colcon.colcon_core.package_identification:_identify(src/diffdrive_arduino) by extension 'ignore'
[1.213s] Level 1:colcon.colcon_core.package_identification:_identify(src/diffdrive_arduino) by extension 'ignore_ament_install'
[1.213s] Level 1:colcon.colcon_core.package_identification:_identify(src/diffdrive_arduino) by extensions ['colcon_pkg']
[1.214s] Level 1:colcon.colcon_core.package_identification:_identify(src/diffdrive_arduino) by extension 'colcon_pkg'
[1.214s] Level 1:colcon.colcon_core.package_identification:_identify(src/diffdrive_arduino) by extensions ['colcon_meta']
[1.214s] Level 1:colcon.colcon_core.package_identification:_identify(src/diffdrive_arduino) by extension 'colcon_meta'
[1.214s] Level 1:colcon.colcon_core.package_identification:_identify(src/diffdrive_arduino) by extensions ['ros']
[1.214s] Level 1:colcon.colcon_core.package_identification:_identify(src/diffdrive_arduino) by extension 'ros'
[1.222s] DEBUG:colcon.colcon_core.package_identification:Package 'src/diffdrive_arduino' with type 'ros.ament_cmake' and name 'diffdrive_arduino'
[1.222s] Level 1:colcon.colcon_core.package_identification:_identify(src/gazebo_ros2_control) by extensions ['ignore', 'ignore_ament_install']
[1.223s] Level 1:colcon.colcon_core.package_identification:_identify(src/gazebo_ros2_control) by extension 'ignore'
[1.224s] Level 1:colcon.colcon_core.package_identification:_identify(src/gazebo_ros2_control) by extension 'ignore_ament_install'
[1.224s] Level 1:colcon.colcon_core.package_identification:_identify(src/gazebo_ros2_control) by extensions ['colcon_pkg']
[1.225s] Level 1:colcon.colcon_core.package_identification:_identify(src/gazebo_ros2_control) by extension 'colcon_pkg'
[1.225s] Level 1:colcon.colcon_core.package_identification:_identify(src/gazebo_ros2_control) by extensions ['colcon_meta']
[1.225s] Level 1:colcon.colcon_core.package_identification:_identify(src/gazebo_ros2_control) by extension 'colcon_meta'
[1.226s] Level 1:colcon.colcon_core.package_identification:_identify(src/gazebo_ros2_control) by extensions ['ros']
[1.226s] Level 1:colcon.colcon_core.package_identification:_identify(src/gazebo_ros2_control) by extension 'ros'
[1.226s] Level 1:colcon.colcon_core.package_identification:_identify(src/gazebo_ros2_control) by extensions ['cmake', 'python']
[1.227s] Level 1:colcon.colcon_core.package_identification:_identify(src/gazebo_ros2_control) by extension 'cmake'
[1.227s] Level 1:colcon.colcon_core.package_identification:_identify(src/gazebo_ros2_control) by extension 'python'
[1.227s] Level 1:colcon.colcon_core.package_identification:_identify(src/gazebo_ros2_control) by extensions ['python_setup_py']
[1.227s] Level 1:colcon.colcon_core.package_identification:_identify(src/gazebo_ros2_control) by extension 'python_setup_py'
[1.228s] Level 1:colcon.colcon_core.package_identification:_identify(src/gazebo_ros2_control/Docker) by extensions ['ignore', 'ignore_ament_install']
[1.229s] Level 1:colcon.colcon_core.package_identification:_identify(src/gazebo_ros2_control/Docker) by extension 'ignore'
[1.229s] Level 1:colcon.colcon_core.package_identification:_identify(src/gazebo_ros2_control/Docker) by extension 'ignore_ament_install'
[1.229s] Level 1:colcon.colcon_core.package_identification:_identify(src/gazebo_ros2_control/Docker) by extensions ['colcon_pkg']
[1.229s] Level 1:colcon.colcon_core.package_identification:_identify(src/gazebo_ros2_control/Docker) by extension 'colcon_pkg'
[1.230s] Level 1:colcon.colcon_core.package_identification:_identify(src/gazebo_ros2_control/Docker) by extensions ['colcon_meta']
[1.230s] Level 1:colcon.colcon_core.package_identification:_identify(src/gazebo_ros2_control/Docker) by extension 'colcon_meta'
[1.230s] Level 1:colcon.colcon_core.package_identification:_identify(src/gazebo_ros2_control/Docker) by extensions ['ros']
[1.231s] Level 1:colcon.colcon_core.package_identification:_identify(src/gazebo_ros2_control/Docker) by extension 'ros'
[1.231s] Level 1:colcon.colcon_core.package_identification:_identify(src/gazebo_ros2_control/Docker) by extensions ['cmake', 'python']
[1.231s] Level 1:colcon.colcon_core.package_identification:_identify(src/gazebo_ros2_control/Docker) by extension 'cmake'
[1.232s] Level 1:colcon.colcon_core.package_identification:_identify(src/gazebo_ros2_control/Docker) by extension 'python'
[1.232s] Level 1:colcon.colcon_core.package_identification:_identify(src/gazebo_ros2_control/Docker) by extensions ['python_setup_py']
[1.232s] Level 1:colcon.colcon_core.package_identification:_identify(src/gazebo_ros2_control/Docker) by extension 'python_setup_py'
[1.233s] Level 1:colcon.colcon_core.package_identification:_identify(src/gazebo_ros2_control/doc) by extensions ['ignore', 'ignore_ament_install']
[1.233s] Level 1:colcon.colcon_core.package_identification:_identify(src/gazebo_ros2_control/doc) by extension 'ignore'
[1.234s] Level 1:colcon.colcon_core.package_identification:_identify(src/gazebo_ros2_control/doc) by extension 'ignore_ament_install'
[1.234s] Level 1:colcon.colcon_core.package_identification:_identify(src/gazebo_ros2_control/doc) by extensions ['colcon_pkg']
[1.234s] Level 1:colcon.colcon_core.package_identification:_identify(src/gazebo_ros2_control/doc) by extension 'colcon_pkg'
[1.234s] Level 1:colcon.colcon_core.package_identification:_identify(src/gazebo_ros2_control/doc) by extensions ['colcon_meta']
[1.234s] Level 1:colcon.colcon_core.package_identification:_identify(src/gazebo_ros2_control/doc) by extension 'colcon_meta'
[1.235s] Level 1:colcon.colcon_core.package_identification:_identify(src/gazebo_ros2_control/doc) by extensions ['ros']
[1.235s] Level 1:colcon.colcon_core.package_identification:_identify(src/gazebo_ros2_control/doc) by extension 'ros'
[1.235s] Level 1:colcon.colcon_core.package_identification:_identify(src/gazebo_ros2_control/doc) by extensions ['cmake', 'python']
[1.235s] Level 1:colcon.colcon_core.package_identification:_identify(src/gazebo_ros2_control/doc) by extension 'cmake'
[1.235s] Level 1:colcon.colcon_core.package_identification:_identify(src/gazebo_ros2_control/doc) by extension 'python'
[1.235s] Level 1:colcon.colcon_core.package_identification:_identify(src/gazebo_ros2_control/doc) by extensions ['python_setup_py']
[1.236s] Level 1:colcon.colcon_core.package_identification:_identify(src/gazebo_ros2_control/doc) by extension 'python_setup_py'
[1.236s] Level 1:colcon.colcon_core.package_identification:_identify(src/gazebo_ros2_control/doc/img) by extensions ['ignore', 'ignore_ament_install']
[1.236s] Level 1:colcon.colcon_core.package_identification:_identify(src/gazebo_ros2_control/doc/img) by extension 'ignore'
[1.237s] Level 1:colcon.colcon_core.package_identification:_identify(src/gazebo_ros2_control/doc/img) by extension 'ignore_ament_install'
[1.237s] Level 1:colcon.colcon_core.package_identification:_identify(src/gazebo_ros2_control/doc/img) by extensions ['colcon_pkg']
[1.237s] Level 1:colcon.colcon_core.package_identification:_identify(src/gazebo_ros2_control/doc/img) by extension 'colcon_pkg'
[1.237s] Level 1:colcon.colcon_core.package_identification:_identify(src/gazebo_ros2_control/doc/img) by extensions ['colcon_meta']
[1.237s] Level 1:colcon.colcon_core.package_identification:_identify(src/gazebo_ros2_control/doc/img) by extension 'colcon_meta'
[1.238s] Level 1:colcon.colcon_core.package_identification:_identify(src/gazebo_ros2_control/doc/img) by extensions ['ros']
[1.238s] Level 1:colcon.colcon_core.package_identification:_identify(src/gazebo_ros2_control/doc/img) by extension 'ros'
[1.238s] Level 1:colcon.colcon_core.package_identification:_identify(src/gazebo_ros2_control/doc/img) by extensions ['cmake', 'python']
[1.238s] Level 1:colcon.colcon_core.package_identification:_identify(src/gazebo_ros2_control/doc/img) by extension 'cmake'
[1.239s] Level 1:colcon.colcon_core.package_identification:_identify(src/gazebo_ros2_control/doc/img) by extension 'python'
[1.239s] Level 1:colcon.colcon_core.package_identification:_identify(src/gazebo_ros2_control/doc/img) by extensions ['python_setup_py']
[1.239s] Level 1:colcon.colcon_core.package_identification:_identify(src/gazebo_ros2_control/doc/img) by extension 'python_setup_py'
[1.240s] Level 1:colcon.colcon_core.package_identification:_identify(src/gazebo_ros2_control/gazebo_ros2_control) by extensions ['ignore', 'ignore_ament_install']
[1.240s] Level 1:colcon.colcon_core.package_identification:_identify(src/gazebo_ros2_control/gazebo_ros2_control) by extension 'ignore'
[1.241s] Level 1:colcon.colcon_core.package_identification:_identify(src/gazebo_ros2_control/gazebo_ros2_control) by extension 'ignore_ament_install'
[1.241s] Level 1:colcon.colcon_core.package_identification:_identify(src/gazebo_ros2_control/gazebo_ros2_control) by extensions ['colcon_pkg']
[1.241s] Level 1:colcon.colcon_core.package_identification:_identify(src/gazebo_ros2_control/gazebo_ros2_control) by extension 'colcon_pkg'
[1.241s] Level 1:colcon.colcon_core.package_identification:_identify(src/gazebo_ros2_control/gazebo_ros2_control) by extensions ['colcon_meta']
[1.242s] Level 1:colcon.colcon_core.package_identification:_identify(src/gazebo_ros2_control/gazebo_ros2_control) by extension 'colcon_meta'
[1.242s] Level 1:colcon.colcon_core.package_identification:_identify(src/gazebo_ros2_control/gazebo_ros2_control) by extensions ['ros']
[1.242s] Level 1:colcon.colcon_core.package_identification:_identify(src/gazebo_ros2_control/gazebo_ros2_control) by extension 'ros'
[1.247s] DEBUG:colcon.colcon_core.package_identification:Package 'src/gazebo_ros2_control/gazebo_ros2_control' with type 'ros.ament_cmake' and name 'gazebo_ros2_control'
[1.248s] Level 1:colcon.colcon_core.package_identification:_identify(src/gazebo_ros2_control/gazebo_ros2_control_demos) by extensions ['ignore', 'ignore_ament_install']
[1.248s] Level 1:colcon.colcon_core.package_identification:_identify(src/gazebo_ros2_control/gazebo_ros2_control_demos) by extension 'ignore'
[1.248s] Level 1:colcon.colcon_core.package_identification:_identify(src/gazebo_ros2_control/gazebo_ros2_control_demos) by extension 'ignore_ament_install'
[1.249s] Level 1:colcon.colcon_core.package_identification:_identify(src/gazebo_ros2_control/gazebo_ros2_control_demos) by extensions ['colcon_pkg']
[1.249s] Level 1:colcon.colcon_core.package_identification:_identify(src/gazebo_ros2_control/gazebo_ros2_control_demos) by extension 'colcon_pkg'
[1.249s] Level 1:colcon.colcon_core.package_identification:_identify(src/gazebo_ros2_control/gazebo_ros2_control_demos) by extensions ['colcon_meta']
[1.249s] Level 1:colcon.colcon_core.package_identification:_identify(src/gazebo_ros2_control/gazebo_ros2_control_demos) by extension 'colcon_meta'
[1.249s] Level 1:colcon.colcon_core.package_identification:_identify(src/gazebo_ros2_control/gazebo_ros2_control_demos) by extensions ['ros']
[1.250s] Level 1:colcon.colcon_core.package_identification:_identify(src/gazebo_ros2_control/gazebo_ros2_control_demos) by extension 'ros'
[1.253s] DEBUG:colcon.colcon_core.package_identification:Package 'src/gazebo_ros2_control/gazebo_ros2_control_demos' with type 'ros.ament_cmake' and name 'gazebo_ros2_control_demos'
[1.254s] Level 1:colcon.colcon_core.package_identification:_identify(src/serial) by extensions ['ignore', 'ignore_ament_install']
[1.254s] Level 1:colcon.colcon_core.package_identification:_identify(src/serial) by extension 'ignore'
[1.254s] Level 1:colcon.colcon_core.package_identification:_identify(src/serial) by extension 'ignore_ament_install'
[1.254s] Level 1:colcon.colcon_core.package_identification:_identify(src/serial) by extensions ['colcon_pkg']
[1.255s] Level 1:colcon.colcon_core.package_identification:_identify(src/serial) by extension 'colcon_pkg'
[1.255s] Level 1:colcon.colcon_core.package_identification:_identify(src/serial) by extensions ['colcon_meta']
[1.255s] Level 1:colcon.colcon_core.package_identification:_identify(src/serial) by extension 'colcon_meta'
[1.255s] Level 1:colcon.colcon_core.package_identification:_identify(src/serial) by extensions ['ros']
[1.256s] Level 1:colcon.colcon_core.package_identification:_identify(src/serial) by extension 'ros'
[1.258s] DEBUG:colcon.colcon_core.package_identification:Package 'src/serial' with type 'ros.ament_cmake' and name 'serial'
[1.258s] Level 1:colcon.colcon_core.package_discovery:discover_packages(recursive) using defaults
[1.258s] Level 1:colcon.colcon_core.package_discovery:discover_packages(ignore) discover
[1.258s] Level 1:colcon.colcon_core.package_discovery:discover_packages(ignore) using defaults
[1.258s] Level 1:colcon.colcon_core.package_discovery:discover_packages(path) discover
[1.259s] Level 1:colcon.colcon_core.package_discovery:discover_packages(path) using defaults
[1.367s] Level 1:colcon.colcon_core.package_discovery:discover_packages(prefix_path) check parameters
[1.368s] Level 1:colcon.colcon_core.package_discovery:discover_packages(prefix_path) discover
[1.375s] DEBUG:colcon.colcon_installed_package_information.package_discovery:Found 5 installed packages in /home/chemweno/Neural-Knights/install
[1.382s] DEBUG:colcon.colcon_installed_package_information.package_discovery:Found 439 installed packages in /opt/ros/humble
[1.391s] Level 1:colcon.colcon_core.package_discovery:discover_packages(prefix_path) using defaults
[1.577s] Level 5:colcon.colcon_core.verb:set package 'articubot_one' build argument 'cmake_args' from command line to 'None'
[1.577s] Level 5:colcon.colcon_core.verb:set package 'articubot_one' build argument 'cmake_target' from command line to 'None'
[1.577s] Level 5:colcon.colcon_core.verb:set package 'articubot_one' build argument 'cmake_target_skip_unavailable' from command line to 'False'
[1.577s] Level 5:colcon.colcon_core.verb:set package 'articubot_one' build argument 'cmake_clean_cache' from command line to 'False'
[1.577s] Level 5:colcon.colcon_core.verb:set package 'articubot_one' build argument 'cmake_clean_first' from command line to 'False'
[1.577s] Level 5:colcon.colcon_core.verb:set package 'articubot_one' build argument 'cmake_force_configure' from command line to 'False'
[1.577s] Level 5:colcon.colcon_core.verb:set package 'articubot_one' build argument 'ament_cmake_args' from command line to 'None'
[1.577s] Level 5:colcon.colcon_core.verb:set package 'articubot_one' build argument 'catkin_cmake_args' from command line to 'None'
[1.577s] Level 5:colcon.colcon_core.verb:set package 'articubot_one' build argument 'catkin_skip_building_tests' from command line to 'False'
[1.578s] DEBUG:colcon.colcon_core.verb:Building package 'articubot_one' with the following arguments: {'ament_cmake_args': None, 'build_base': '/home/chemweno/Neural-Knights/build/articubot_one', 'catkin_cmake_args': None, 'catkin_skip_building_tests': False, 'cmake_args': None, 'cmake_clean_cache': False, 'cmake_clean_first': False, 'cmake_force_configure': False, 'cmake_target': None, 'cmake_target_skip_unavailable': False, 'install_base': '/home/chemweno/Neural-Knights/install/articubot_one', 'merge_install': False, 'path': '/home/chemweno/Neural-Knights/src/articubot_one', 'symlink_install': True, 'test_result_base': None}
[1.579s] Level 5:colcon.colcon_core.verb:set package 'gazebo_ros2_control' build argument 'cmake_args' from command line to 'None'
[1.579s] Level 5:colcon.colcon_core.verb:set package 'gazebo_ros2_control' build argument 'cmake_target' from command line to 'None'
[1.579s] Level 5:colcon.colcon_core.verb:set package 'gazebo_ros2_control' build argument 'cmake_target_skip_unavailable' from command line to 'False'
[1.579s] Level 5:colcon.colcon_core.verb:set package 'gazebo_ros2_control' build argument 'cmake_clean_cache' from command line to 'False'
[1.579s] Level 5:colcon.colcon_core.verb:set package 'gazebo_ros2_control' build argument 'cmake_clean_first' from command line to 'False'
[1.579s] Level 5:colcon.colcon_core.verb:set package 'gazebo_ros2_control' build argument 'cmake_force_configure' from command line to 'False'
[1.579s] Level 5:colcon.colcon_core.verb:set package 'gazebo_ros2_control' build argument 'ament_cmake_args' from command line to 'None'
[1.579s] Level 5:colcon.colcon_core.verb:set package 'gazebo_ros2_control' build argument 'catkin_cmake_args' from command line to 'None'
[1.579s] Level 5:colcon.colcon_core.verb:set package 'gazebo_ros2_control' build argument 'catkin_skip_building_tests' from command line to 'False'
[1.580s] DEBUG:colcon.colcon_core.verb:Building package 'gazebo_ros2_control' with the following arguments: {'ament_cmake_args': None, 'build_base': '/home/chemweno/Neural-Knights/build/gazebo_ros2_control', 'catkin_cmake_args': None, 'catkin_skip_building_tests': False, 'cmake_args': None, 'cmake_clean_cache': False, 'cmake_clean_first': False, 'cmake_force_configure': False, 'cmake_target': None, 'cmake_target_skip_unavailable': False, 'install_base': '/home/chemweno/Neural-Knights/install/gazebo_ros2_control', 'merge_install': False, 'path': '/home/chemweno/Neural-Knights/src/gazebo_ros2_control/gazebo_ros2_control', 'symlink_install': True, 'test_result_base': None}
[1.581s] Level 5:colcon.colcon_core.verb:set package 'serial' build argument 'cmake_args' from command line to 'None'
[1.581s] Level 5:colcon.colcon_core.verb:set package 'serial' build argument 'cmake_target' from command line to 'None'
[1.581s] Level 5:colcon.colcon_core.verb:set package 'serial' build argument 'cmake_target_skip_unavailable' from command line to 'False'
[1.581s] Level 5:colcon.colcon_core.verb:set package 'serial' build argument 'cmake_clean_cache' from command line to 'False'
[1.581s] Level 5:colcon.colcon_core.verb:set package 'serial' build argument 'cmake_clean_first' from command line to 'False'
[1.581s] Level 5:colcon.colcon_core.verb:set package 'serial' build argument 'cmake_force_configure' from command line to 'False'
[1.581s] Level 5:colcon.colcon_core.verb:set package 'serial' build argument 'ament_cmake_args' from command line to 'None'
[1.581s] Level 5:colcon.colcon_core.verb:set package 'serial' build argument 'catkin_cmake_args' from command line to 'None'
[1.581s] Level 5:colcon.colcon_core.verb:set package 'serial' build argument 'catkin_skip_building_tests' from command line to 'False'
[1.582s] DEBUG:colcon.colcon_core.verb:Building package 'serial' with the following arguments: {'ament_cmake_args': None, 'build_base': '/home/chemweno/Neural-Knights/build/serial', 'catkin_cmake_args': None, 'catkin_skip_building_tests': False, 'cmake_args': None, 'cmake_clean_cache': False, 'cmake_clean_first': False, 'cmake_force_configure': False, 'cmake_target': None, 'cmake_target_skip_unavailable': False, 'install_base': '/home/chemweno/Neural-Knights/install/serial', 'merge_install': False, 'path': '/home/chemweno/Neural-Knights/src/serial', 'symlink_install': True, 'test_result_base': None}
[1.583s] Level 5:colcon.colcon_core.verb:set package 'diffdrive_arduino' build argument 'cmake_args' from command line to 'None'
[1.583s] Level 5:colcon.colcon_core.verb:set package 'diffdrive_arduino' build argument 'cmake_target' from command line to 'None'
[1.583s] Level 5:colcon.colcon_core.verb:set package 'diffdrive_arduino' build argument 'cmake_target_skip_unavailable' from command line to 'False'
[1.583s] Level 5:colcon.colcon_core.verb:set package 'diffdrive_arduino' build argument 'cmake_clean_cache' from command line to 'False'
[1.583s] Level 5:colcon.colcon_core.verb:set package 'diffdrive_arduino' build argument 'cmake_clean_first' from command line to 'False'
[1.583s] Level 5:colcon.colcon_core.verb:set package 'diffdrive_arduino' build argument 'cmake_force_configure' from command line to 'False'
[1.583s] Level 5:colcon.colcon_core.verb:set package 'diffdrive_arduino' build argument 'ament_cmake_args' from command line to 'None'
[1.583s] Level 5:colcon.colcon_core.verb:set package 'diffdrive_arduino' build argument 'catkin_cmake_args' from command line to 'None'
[1.583s] Level 5:colcon.colcon_core.verb:set package 'diffdrive_arduino' build argument 'catkin_skip_building_tests' from command line to 'False'
[1.583s] DEBUG:colcon.colcon_core.verb:Building package 'diffdrive_arduino' with the following arguments: {'ament_cmake_args': None, 'build_base': '/home/chemweno/Neural-Knights/build/diffdrive_arduino', 'catkin_cmake_args': None, 'catkin_skip_building_tests': False, 'cmake_args': None, 'cmake_clean_cache': False, 'cmake_clean_first': False, 'cmake_force_configure': False, 'cmake_target': None, 'cmake_target_skip_unavailable': False, 'install_base': '/home/chemweno/Neural-Knights/install/diffdrive_arduino', 'merge_install': False, 'path': '/home/chemweno/Neural-Knights/src/diffdrive_arduino', 'symlink_install': True, 'test_result_base': None}
[1.585s] Level 5:colcon.colcon_core.verb:set package 'gazebo_ros2_control_demos' build argument 'cmake_args' from command line to 'None'
[1.585s] Level 5:colcon.colcon_core.verb:set package 'gazebo_ros2_control_demos' build argument 'cmake_target' from command line to 'None'
[1.585s] Level 5:colcon.colcon_core.verb:set package 'gazebo_ros2_control_demos' build argument 'cmake_target_skip_unavailable' from command line to 'False'
[1.585s] Level 5:colcon.colcon_core.verb:set package 'gazebo_ros2_control_demos' build argument 'cmake_clean_cache' from command line to 'False'
[1.585s] Level 5:colcon.colcon_core.verb:set package 'gazebo_ros2_control_demos' build argument 'cmake_clean_first' from command line to 'False'
[1.585s] Level 5:colcon.colcon_core.verb:set package 'gazebo_ros2_control_demos' build argument 'cmake_force_configure' from command line to 'False'
[1.585s] Level 5:colcon.colcon_core.verb:set package 'gazebo_ros2_control_demos' build argument 'ament_cmake_args' from command line to 'None'
[1.585s] Level 5:colcon.colcon_core.verb:set package 'gazebo_ros2_control_demos' build argument 'catkin_cmake_args' from command line to 'None'
[1.585s] Level 5:colcon.colcon_core.verb:set package 'gazebo_ros2_control_demos' build argument 'catkin_skip_building_tests' from command line to 'False'
[1.586s] DEBUG:colcon.colcon_core.verb:Building package 'gazebo_ros2_control_demos' with the following arguments: {'ament_cmake_args': None, 'build_base': '/home/chemweno/Neural-Knights/build/gazebo_ros2_control_demos', 'catkin_cmake_args': None, 'catkin_skip_building_tests': False, 'cmake_args': None, 'cmake_clean_cache': False, 'cmake_clean_first': False, 'cmake_force_configure': False, 'cmake_target': None, 'cmake_target_skip_unavailable': False, 'install_base': '/home/chemweno/Neural-Knights/install/gazebo_ros2_control_demos', 'merge_install': False, 'path': '/home/chemweno/Neural-Knights/src/gazebo_ros2_control/gazebo_ros2_control_demos', 'symlink_install': True, 'test_result_base': None}
[1.586s] INFO:colcon.colcon_core.executor:Executing jobs using 'parallel' executor
[1.589s] DEBUG:colcon.colcon_parallel_executor.executor.parallel:run_until_complete
[1.590s] INFO:colcon.colcon_ros.task.ament_cmake.build:Building ROS package in '/home/chemweno/Neural-Knights/src/gazebo_ros2_control/gazebo_ros2_control' with build type 'ament_cmake'
[1.591s] INFO:colcon.colcon_cmake.task.cmake.build:Building CMake package in '/home/chemweno/Neural-Knights/src/gazebo_ros2_control/gazebo_ros2_control'
[1.598s] INFO:colcon.colcon_core.plugin_system:Skipping extension 'colcon_core.shell.bat': Not used on non-Windows systems
[1.599s] INFO:colcon.colcon_core.shell:Skip shell extension 'powershell' for command environment: Not usable outside of PowerShell
[1.599s] DEBUG:colcon.colcon_core.shell:Skip shell extension 'dsv' for command environment
[1.615s] INFO:colcon.colcon_ros.task.ament_cmake.build:Building ROS package in '/home/chemweno/Neural-Knights/src/serial' with build type 'ament_cmake'
[1.615s] INFO:colcon.colcon_cmake.task.cmake.build:Building CMake package in '/home/chemweno/Neural-Knights/src/serial'
[1.616s] INFO:colcon.colcon_core.shell:Skip shell extension 'powershell' for command environment: Not usable outside of PowerShell
[1.617s] DEBUG:colcon.colcon_core.shell:Skip shell extension 'dsv' for command environment
[1.641s] INFO:colcon.colcon_ros.task.ament_cmake.build:Building ROS package in '/home/chemweno/Neural-Knights/src/articubot_one' with build type 'ament_cmake'
[1.642s] INFO:colcon.colcon_cmake.task.cmake.build:Building CMake package in '/home/chemweno/Neural-Knights/src/articubot_one'
[1.643s] INFO:colcon.colcon_core.shell:Skip shell extension 'powershell' for command environment: Not usable outside of PowerShell
[1.644s] DEBUG:colcon.colcon_core.shell:Skip shell extension 'dsv' for command environment
[1.709s] DEBUG:colcon.colcon_core.event_handler.log_command:Invoking command in '/home/chemweno/Neural-Knights/build/gazebo_ros2_control': CMAKE_PREFIX_PATH=${CMAKE_PREFIX_PATH}:/opt/ros/humble /usr/bin/cmake --build /home/chemweno/Neural-Knights/build/gazebo_ros2_control -- -j4 -l4
[1.727s] DEBUG:colcon.colcon_core.event_handler.log_command:Invoking command in '/home/chemweno/Neural-Knights/build/serial': CMAKE_PREFIX_PATH=${CMAKE_PREFIX_PATH}:/opt/ros/humble /usr/bin/cmake --build /home/chemweno/Neural-Knights/build/serial -- -j4 -l4
[1.744s] DEBUG:colcon.colcon_core.event_handler.log_command:Invoking command in '/home/chemweno/Neural-Knights/build/articubot_one': CMAKE_PREFIX_PATH=${CMAKE_PREFIX_PATH}:/opt/ros/humble /usr/bin/cmake --build /home/chemweno/Neural-Knights/build/articubot_one -- -j4 -l4
[1.991s] DEBUG:colcon.colcon_core.event_handler.log_command:Invoked command in '/home/chemweno/Neural-Knights/build/articubot_one' returned '0': CMAKE_PREFIX_PATH=${CMAKE_PREFIX_PATH}:/opt/ros/humble /usr/bin/cmake --build /home/chemweno/Neural-Knights/build/articubot_one -- -j4 -l4
[2.065s] DEBUG:colcon.colcon_core.event_handler.log_command:Invoking command in '/home/chemweno/Neural-Knights/build/articubot_one': CMAKE_PREFIX_PATH=${CMAKE_PREFIX_PATH}:/opt/ros/humble /usr/bin/cmake --install /home/chemweno/Neural-Knights/build/articubot_one
[2.248s] Level 1:colcon.colcon_core.environment:create_environment_scripts_only(articubot_one)
[2.255s] DEBUG:colcon.colcon_core.event_handler.log_command:Invoked command in '/home/chemweno/Neural-Knights/build/articubot_one' returned '0': CMAKE_PREFIX_PATH=${CMAKE_PREFIX_PATH}:/opt/ros/humble /usr/bin/cmake --install /home/chemweno/Neural-Knights/build/articubot_one
[2.274s] Level 1:colcon.colcon_core.environment:checking '/home/chemweno/Neural-Knights/install/articubot_one' for CMake module files
[2.278s] Level 1:colcon.colcon_core.environment:checking '/home/chemweno/Neural-Knights/install/articubot_one' for CMake config files
[2.286s] Level 1:colcon.colcon_core.shell:create_environment_hook('articubot_one', 'cmake_prefix_path')
[2.288s] INFO:colcon.colcon_core.shell:Creating environment hook '/home/chemweno/Neural-Knights/install/articubot_one/share/articubot_one/hook/cmake_prefix_path.ps1'
[2.291s] INFO:colcon.colcon_core.shell:Creating environment descriptor '/home/chemweno/Neural-Knights/install/articubot_one/share/articubot_one/hook/cmake_prefix_path.dsv'
[2.300s] INFO:colcon.colcon_core.shell:Creating environment hook '/home/chemweno/Neural-Knights/install/articubot_one/share/articubot_one/hook/cmake_prefix_path.sh'
[2.307s] Level 1:colcon.colcon_core.environment:checking '/home/chemweno/Neural-Knights/install/articubot_one/bin'
[2.308s] Level 1:colcon.colcon_core.environment:checking '/home/chemweno/Neural-Knights/install/articubot_one/lib/pkgconfig/articubot_one.pc'
[2.310s] Level 1:colcon.colcon_core.environment:checking '/home/chemweno/Neural-Knights/install/articubot_one/lib/python3.10/site-packages'
[2.312s] Level 1:colcon.colcon_core.environment:checking '/home/chemweno/Neural-Knights/install/articubot_one/bin'
[2.314s] INFO:colcon.colcon_core.shell:Creating package script '/home/chemweno/Neural-Knights/install/articubot_one/share/articubot_one/package.ps1'
[2.321s] INFO:colcon.colcon_core.shell:Creating package descriptor '/home/chemweno/Neural-Knights/install/articubot_one/share/articubot_one/package.dsv'
[2.331s] INFO:colcon.colcon_core.shell:Creating package script '/home/chemweno/Neural-Knights/install/articubot_one/share/articubot_one/package.sh'
[2.338s] INFO:colcon.colcon_core.shell:Creating package script '/home/chemweno/Neural-Knights/install/articubot_one/share/articubot_one/package.bash'
[2.347s] INFO:colcon.colcon_core.shell:Creating package script '/home/chemweno/Neural-Knights/install/articubot_one/share/articubot_one/package.zsh'
[2.357s] Level 1:colcon.colcon_core.environment:create_file_with_runtime_dependencies(/home/chemweno/Neural-Knights/install/articubot_one/share/colcon-core/packages/articubot_one)
[2.361s] Level 1:colcon.colcon_core.environment:create_environment_scripts_only(articubot_one)
[2.364s] Level 1:colcon.colcon_core.environment:checking '/home/chemweno/Neural-Knights/install/articubot_one' for CMake module files
[2.371s] Level 1:colcon.colcon_core.environment:checking '/home/chemweno/Neural-Knights/install/articubot_one' for CMake config files
[2.374s] Level 1:colcon.colcon_core.shell:create_environment_hook('articubot_one', 'cmake_prefix_path')
[2.380s] INFO:colcon.colcon_core.shell:Creating environment hook '/home/chemweno/Neural-Knights/install/articubot_one/share/articubot_one/hook/cmake_prefix_path.ps1'
[2.386s] INFO:colcon.colcon_core.shell:Creating environment descriptor '/home/chemweno/Neural-Knights/install/articubot_one/share/articubot_one/hook/cmake_prefix_path.dsv'
[2.388s] INFO:colcon.colcon_core.shell:Creating environment hook '/home/chemweno/Neural-Knights/install/articubot_one/share/articubot_one/hook/cmake_prefix_path.sh'
[2.391s] Level 1:colcon.colcon_core.environment:checking '/home/chemweno/Neural-Knights/install/articubot_one/bin'
[2.392s] Level 1:colcon.colcon_core.environment:checking '/home/chemweno/Neural-Knights/install/articubot_one/lib/pkgconfig/articubot_one.pc'
[2.393s] Level 1:colcon.colcon_core.environment:checking '/home/chemweno/Neural-Knights/install/articubot_one/lib/python3.10/site-packages'
[2.395s] Level 1:colcon.colcon_core.environment:checking '/home/chemweno/Neural-Knights/install/articubot_one/bin'
[2.397s] INFO:colcon.colcon_core.shell:Creating package script '/home/chemweno/Neural-Knights/install/articubot_one/share/articubot_one/package.ps1'
[2.400s] INFO:colcon.colcon_core.shell:Creating package descriptor '/home/chemweno/Neural-Knights/install/articubot_one/share/articubot_one/package.dsv'
[2.404s] INFO:colcon.colcon_core.shell:Creating package script '/home/chemweno/Neural-Knights/install/articubot_one/share/articubot_one/package.sh'
[2.408s] INFO:colcon.colcon_core.shell:Creating package script '/home/chemweno/Neural-Knights/install/articubot_one/share/articubot_one/package.bash'
[2.411s] INFO:colcon.colcon_core.shell:Creating package script '/home/chemweno/Neural-Knights/install/articubot_one/share/articubot_one/package.zsh'
[2.413s] Level 1:colcon.colcon_core.environment:create_file_with_runtime_dependencies(/home/chemweno/Neural-Knights/install/articubot_one/share/colcon-core/packages/articubot_one)
[2.420s] DEBUG:colcon.colcon_core.event_handler.log_command:Invoked command in '/home/chemweno/Neural-Knights/build/gazebo_ros2_control' returned '0': CMAKE_PREFIX_PATH=${CMAKE_PREFIX_PATH}:/opt/ros/humble /usr/bin/cmake --build /home/chemweno/Neural-Knights/build/gazebo_ros2_control -- -j4 -l4
[2.431s] DEBUG:colcon.colcon_core.event_handler.log_command:Invoking command in '/home/chemweno/Neural-Knights/build/gazebo_ros2_control': CMAKE_PREFIX_PATH=${CMAKE_PREFIX_PATH}:/opt/ros/humble /usr/bin/cmake --install /home/chemweno/Neural-Knights/build/gazebo_ros2_control
[2.455s] DEBUG:colcon.colcon_core.event_handler.log_command:Invoked command in '/home/chemweno/Neural-Knights/build/serial' returned '0': CMAKE_PREFIX_PATH=${CMAKE_PREFIX_PATH}:/opt/ros/humble /usr/bin/cmake --build /home/chemweno/Neural-Knights/build/serial -- -j4 -l4
[2.462s] DEBUG:colcon.colcon_core.event_handler.log_command:Invoking command in '/home/chemweno/Neural-Knights/build/serial': CMAKE_PREFIX_PATH=${CMAKE_PREFIX_PATH}:/opt/ros/humble /usr/bin/cmake --install /home/chemweno/Neural-Knights/build/serial
[2.546s] Level 1:colcon.colcon_core.environment:create_environment_scripts_only(gazebo_ros2_control)
[2.548s] Level 1:colcon.colcon_core.environment:checking '/home/chemweno/Neural-Knights/install/gazebo_ros2_control' for CMake module files
[2.552s] DEBUG:colcon.colcon_core.event_handler.log_command:Invoked command in '/home/chemweno/Neural-Knights/build/gazebo_ros2_control' returned '0': CMAKE_PREFIX_PATH=${CMAKE_PREFIX_PATH}:/opt/ros/humble /usr/bin/cmake --install /home/chemweno/Neural-Knights/build/gazebo_ros2_control
[2.553s] Level 1:colcon.colcon_core.environment:checking '/home/chemweno/Neural-Knights/install/gazebo_ros2_control' for CMake config files
[2.559s] Level 1:colcon.colcon_core.shell:create_environment_hook('gazebo_ros2_control', 'cmake_prefix_path')
[2.561s] INFO:colcon.colcon_core.shell:Creating environment hook '/home/chemweno/Neural-Knights/install/gazebo_ros2_control/share/gazebo_ros2_control/hook/cmake_prefix_path.ps1'
[2.566s] INFO:colcon.colcon_core.shell:Creating environment descriptor '/home/chemweno/Neural-Knights/install/gazebo_ros2_control/share/gazebo_ros2_control/hook/cmake_prefix_path.dsv'
[2.568s] INFO:colcon.colcon_core.shell:Creating environment hook '/home/chemweno/Neural-Knights/install/gazebo_ros2_control/share/gazebo_ros2_control/hook/cmake_prefix_path.sh'
[2.571s] Level 1:colcon.colcon_core.environment:checking '/home/chemweno/Neural-Knights/install/gazebo_ros2_control/lib'
[2.572s] Level 1:colcon.colcon_core.shell:create_environment_hook('gazebo_ros2_control', 'ld_library_path_lib')
[2.573s] INFO:colcon.colcon_core.shell:Creating environment hook '/home/chemweno/Neural-Knights/install/gazebo_ros2_control/share/gazebo_ros2_control/hook/ld_library_path_lib.ps1'
[2.575s] INFO:colcon.colcon_core.shell:Creating environment descriptor '/home/chemweno/Neural-Knights/install/gazebo_ros2_control/share/gazebo_ros2_control/hook/ld_library_path_lib.dsv'
[2.577s] INFO:colcon.colcon_core.shell:Creating environment hook '/home/chemweno/Neural-Knights/install/gazebo_ros2_control/share/gazebo_ros2_control/hook/ld_library_path_lib.sh'
[2.579s] Level 1:colcon.colcon_core.environment:checking '/home/chemweno/Neural-Knights/install/gazebo_ros2_control/bin'
[2.580s] Level 1:colcon.colcon_core.environment:checking '/home/chemweno/Neural-Knights/install/gazebo_ros2_control/lib/pkgconfig/gazebo_ros2_control.pc'
[2.581s] Level 1:colcon.colcon_core.environment:checking '/home/chemweno/Neural-Knights/install/gazebo_ros2_control/lib/python3.10/site-packages'
[2.582s] Level 1:colcon.colcon_core.environment:checking '/home/chemweno/Neural-Knights/install/gazebo_ros2_control/bin'
[2.584s] INFO:colcon.colcon_core.shell:Creating package script '/home/chemweno/Neural-Knights/install/gazebo_ros2_control/share/gazebo_ros2_control/package.ps1'
[2.587s] INFO:colcon.colcon_core.shell:Creating package descriptor '/home/chemweno/Neural-Knights/install/gazebo_ros2_control/share/gazebo_ros2_control/package.dsv'
[2.590s] INFO:colcon.colcon_core.shell:Creating package script '/home/chemweno/Neural-Knights/install/gazebo_ros2_control/share/gazebo_ros2_control/package.sh'
[2.592s] INFO:colcon.colcon_core.shell:Creating package script '/home/chemweno/Neural-Knights/install/gazebo_ros2_control/share/gazebo_ros2_control/package.bash'
[2.594s] INFO:colcon.colcon_core.shell:Creating package script '/home/chemweno/Neural-Knights/install/gazebo_ros2_control/share/gazebo_ros2_control/package.zsh'
[2.595s] Level 1:colcon.colcon_core.environment:create_file_with_runtime_dependencies(/home/chemweno/Neural-Knights/install/gazebo_ros2_control/share/colcon-core/packages/gazebo_ros2_control)
[2.597s] Level 1:colcon.colcon_core.environment:create_environment_scripts_only(gazebo_ros2_control)
[2.598s] Level 1:colcon.colcon_core.environment:checking '/home/chemweno/Neural-Knights/install/gazebo_ros2_control' for CMake module files
[2.600s] Level 1:colcon.colcon_core.environment:checking '/home/chemweno/Neural-Knights/install/gazebo_ros2_control' for CMake config files
[2.602s] Level 1:colcon.colcon_core.shell:create_environment_hook('gazebo_ros2_control', 'cmake_prefix_path')
[2.603s] INFO:colcon.colcon_core.shell:Creating environment hook '/home/chemweno/Neural-Knights/install/gazebo_ros2_control/share/gazebo_ros2_control/hook/cmake_prefix_path.ps1'
[2.605s] INFO:colcon.colcon_core.shell:Creating environment descriptor '/home/chemweno/Neural-Knights/install/gazebo_ros2_control/share/gazebo_ros2_control/hook/cmake_prefix_path.dsv'
[2.606s] INFO:colcon.colcon_core.shell:Creating environment hook '/home/chemweno/Neural-Knights/install/gazebo_ros2_control/share/gazebo_ros2_control/hook/cmake_prefix_path.sh'
[2.609s] Level 1:colcon.colcon_core.environment:checking '/home/chemweno/Neural-Knights/install/gazebo_ros2_control/lib'
[2.609s] Level 1:colcon.colcon_core.shell:create_environment_hook('gazebo_ros2_control', 'ld_library_path_lib')
[2.610s] INFO:colcon.colcon_core.shell:Creating environment hook '/home/chemweno/Neural-Knights/install/gazebo_ros2_control/share/gazebo_ros2_control/hook/ld_library_path_lib.ps1'
[2.612s] INFO:colcon.colcon_core.shell:Creating environment descriptor '/home/chemweno/Neural-Knights/install/gazebo_ros2_control/share/gazebo_ros2_control/hook/ld_library_path_lib.dsv'
[2.613s] INFO:colcon.colcon_core.shell:Creating environment hook '/home/chemweno/Neural-Knights/install/gazebo_ros2_control/share/gazebo_ros2_control/hook/ld_library_path_lib.sh'
[2.615s] Level 1:colcon.colcon_core.environment:checking '/home/chemweno/Neural-Knights/install/gazebo_ros2_control/bin'
[2.615s] Level 1:colcon.colcon_core.environment:checking '/home/chemweno/Neural-Knights/install/gazebo_ros2_control/lib/pkgconfig/gazebo_ros2_control.pc'
[2.616s] Level 1:colcon.colcon_core.environment:checking '/home/chemweno/Neural-Knights/install/gazebo_ros2_control/lib/python3.10/site-packages'
[2.617s] Level 1:colcon.colcon_core.environment:checking '/home/chemweno/Neural-Knights/install/gazebo_ros2_control/bin'
[2.619s] INFO:colcon.colcon_core.shell:Creating package script '/home/chemweno/Neural-Knights/install/gazebo_ros2_control/share/gazebo_ros2_control/package.ps1'
[2.621s] INFO:colcon.colcon_core.shell:Creating package descriptor '/home/chemweno/Neural-Knights/install/gazebo_ros2_control/share/gazebo_ros2_control/package.dsv'
[2.623s] INFO:colcon.colcon_core.shell:Creating package script '/home/chemweno/Neural-Knights/install/gazebo_ros2_control/share/gazebo_ros2_control/package.sh'
[2.625s] INFO:colcon.colcon_core.shell:Creating package script '/home/chemweno/Neural-Knights/install/gazebo_ros2_control/share/gazebo_ros2_control/package.bash'
[2.626s] INFO:colcon.colcon_core.shell:Creating package script '/home/chemweno/Neural-Knights/install/gazebo_ros2_control/share/gazebo_ros2_control/package.zsh'
[2.628s] Level 1:colcon.colcon_core.environment:create_file_with_runtime_dependencies(/home/chemweno/Neural-Knights/install/gazebo_ros2_control/share/colcon-core/packages/gazebo_ros2_control)
[2.630s] INFO:colcon.colcon_ros.task.ament_cmake.build:Building ROS package in '/home/chemweno/Neural-Knights/src/gazebo_ros2_control/gazebo_ros2_control_demos' with build type 'ament_cmake'
[2.631s] INFO:colcon.colcon_cmake.task.cmake.build:Building CMake package in '/home/chemweno/Neural-Knights/src/gazebo_ros2_control/gazebo_ros2_control_demos'
[2.632s] INFO:colcon.colcon_core.shell:Skip shell extension 'powershell' for command environment: Not usable outside of PowerShell
[2.633s] DEBUG:colcon.colcon_core.shell:Skip shell extension 'dsv' for command environment
[2.652s] Level 1:colcon.colcon_core.environment:create_environment_scripts_only(serial)
[2.654s] Level 1:colcon.colcon_core.environment:checking '/home/chemweno/Neural-Knights/install/serial' for CMake module files
[2.657s] DEBUG:colcon.colcon_core.event_handler.log_command:Invoked command in '/home/chemweno/Neural-Knights/build/serial' returned '0': CMAKE_PREFIX_PATH=${CMAKE_PREFIX_PATH}:/opt/ros/humble /usr/bin/cmake --install /home/chemweno/Neural-Knights/build/serial
[2.659s] Level 1:colcon.colcon_core.environment:checking '/home/chemweno/Neural-Knights/install/serial' for CMake config files
[2.661s] Level 1:colcon.colcon_core.shell:create_environment_hook('serial', 'cmake_prefix_path')
[2.663s] INFO:colcon.colcon_core.shell:Creating environment hook '/home/chemweno/Neural-Knights/install/serial/share/serial/hook/cmake_prefix_path.ps1'
[2.665s] INFO:colcon.colcon_core.shell:Creating environment descriptor '/home/chemweno/Neural-Knights/install/serial/share/serial/hook/cmake_prefix_path.dsv'
[2.667s] INFO:colcon.colcon_core.shell:Creating environment hook '/home/chemweno/Neural-Knights/install/serial/share/serial/hook/cmake_prefix_path.sh'
[2.669s] Level 1:colcon.colcon_core.environment:checking '/home/chemweno/Neural-Knights/install/serial/lib'
[2.670s] Level 1:colcon.colcon_core.environment:checking '/home/chemweno/Neural-Knights/install/serial/bin'
[2.670s] Level 1:colcon.colcon_core.environment:checking '/home/chemweno/Neural-Knights/install/serial/lib/pkgconfig/serial.pc'
[2.671s] Level 1:colcon.colcon_core.environment:checking '/home/chemweno/Neural-Knights/install/serial/lib/python3.10/site-packages'
[2.672s] Level 1:colcon.colcon_core.environment:checking '/home/chemweno/Neural-Knights/install/serial/bin'
[2.674s] INFO:colcon.colcon_core.shell:Creating package script '/home/chemweno/Neural-Knights/install/serial/share/serial/package.ps1'
[2.676s] INFO:colcon.colcon_core.shell:Creating package descriptor '/home/chemweno/Neural-Knights/install/serial/share/serial/package.dsv'
[2.678s] INFO:colcon.colcon_core.shell:Creating package script '/home/chemweno/Neural-Knights/install/serial/share/serial/package.sh'
[2.680s] INFO:colcon.colcon_core.shell:Creating package script '/home/chemweno/Neural-Knights/install/serial/share/serial/package.bash'
[2.681s] INFO:colcon.colcon_core.shell:Creating package script '/home/chemweno/Neural-Knights/install/serial/share/serial/package.zsh'
[2.683s] Level 1:colcon.colcon_core.environment:create_file_with_runtime_dependencies(/home/chemweno/Neural-Knights/install/serial/share/colcon-core/packages/serial)
[2.685s] Level 1:colcon.colcon_core.environment:create_environment_scripts_only(serial)
[2.686s] Level 1:colcon.colcon_core.environment:checking '/home/chemweno/Neural-Knights/install/serial' for CMake module files
[2.688s] Level 1:colcon.colcon_core.environment:checking '/home/chemweno/Neural-Knights/install/serial' for CMake config files
[2.689s] Level 1:colcon.colcon_core.shell:create_environment_hook('serial', 'cmake_prefix_path')
[2.690s] INFO:colcon.colcon_core.shell:Creating environment hook '/home/chemweno/Neural-Knights/install/serial/share/serial/hook/cmake_prefix_path.ps1'
[2.692s] INFO:colcon.colcon_core.shell:Creating environment descriptor '/home/chemweno/Neural-Knights/install/serial/share/serial/hook/cmake_prefix_path.dsv'
[2.693s] INFO:colcon.colcon_core.shell:Creating environment hook '/home/chemweno/Neural-Knights/install/serial/share/serial/hook/cmake_prefix_path.sh'
[2.696s] Level 1:colcon.colcon_core.environment:checking '/home/chemweno/Neural-Knights/install/serial/lib'
[2.696s] Level 1:colcon.colcon_core.environment:checking '/home/chemweno/Neural-Knights/install/serial/bin'
[2.696s] Level 1:colcon.colcon_core.environment:checking '/home/chemweno/Neural-Knights/install/serial/lib/pkgconfig/serial.pc'
[2.697s] Level 1:colcon.colcon_core.environment:checking '/home/chemweno/Neural-Knights/install/serial/lib/python3.10/site-packages'
[2.698s] Level 1:colcon.colcon_core.environment:checking '/home/chemweno/Neural-Knights/install/serial/bin'
[2.699s] INFO:colcon.colcon_core.shell:Creating package script '/home/chemweno/Neural-Knights/install/serial/share/serial/package.ps1'
[2.702s] INFO:colcon.colcon_core.shell:Creating package descriptor '/home/chemweno/Neural-Knights/install/serial/share/serial/package.dsv'
[2.704s] INFO:colcon.colcon_core.shell:Creating package script '/home/chemweno/Neural-Knights/install/serial/share/serial/package.sh'
[2.705s] INFO:colcon.colcon_core.shell:Creating package script '/home/chemweno/Neural-Knights/install/serial/share/serial/package.bash'
[2.707s] INFO:colcon.colcon_core.shell:Creating package script '/home/chemweno/Neural-Knights/install/serial/share/serial/package.zsh'
[2.709s] Level 1:colcon.colcon_core.environment:create_file_with_runtime_dependencies(/home/chemweno/Neural-Knights/install/serial/share/colcon-core/packages/serial)
[2.712s] INFO:colcon.colcon_ros.task.ament_cmake.build:Building ROS package in '/home/chemweno/Neural-Knights/src/diffdrive_arduino' with build type 'ament_cmake'
[2.712s] INFO:colcon.colcon_cmake.task.cmake.build:Building CMake package in '/home/chemweno/Neural-Knights/src/diffdrive_arduino'
[2.714s] INFO:colcon.colcon_core.shell:Skip shell extension 'powershell' for command environment: Not usable outside of PowerShell
[2.714s] DEBUG:colcon.colcon_core.shell:Skip shell extension 'dsv' for command environment
[2.760s] DEBUG:colcon.colcon_core.event_handler.log_command:Invoking command in '/home/chemweno/Neural-Knights/build/gazebo_ros2_control_demos': CMAKE_PREFIX_PATH=/home/chemweno/Neural-Knights/install/gazebo_ros2_control:/home/chemweno/Neural-Knights/install/diffdrive_arduino:/home/chemweno/Neural-Knights/install/serial:/home/chemweno/Neural-Knights/install/gazebo_ros2_control_demos:/home/chemweno/Neural-Knights/install/articubot_one:/opt/ros/humble LD_LIBRARY_PATH=/home/chemweno/Neural-Knights/install/gazebo_ros2_control/lib:/home/chemweno/Neural-Knights/install/diffdrive_arduino/lib:/home/chemweno/Neural-Knights/install/serial/lib:/usr/lib/x86_64-linux-gnu/gazebo-11/plugins:/opt/ros/humble/opt/rviz_ogre_vendor/lib:/opt/ros/humble/lib/x86_64-linux-gnu:/opt/ros/humble/lib /usr/bin/cmake --build /home/chemweno/Neural-Knights/build/gazebo_ros2_control_demos -- -j4 -l4
[2.771s] DEBUG:colcon.colcon_core.event_handler.log_command:Invoking command in '/home/chemweno/Neural-Knights/build/diffdrive_arduino': CMAKE_PREFIX_PATH=/home/chemweno/Neural-Knights/install/serial:/home/chemweno/Neural-Knights/install/diffdrive_arduino:/home/chemweno/Neural-Knights/install/gazebo_ros2_control_demos:/home/chemweno/Neural-Knights/install/gazebo_ros2_control:/home/chemweno/Neural-Knights/install/articubot_one:/opt/ros/humble /usr/bin/cmake --build /home/chemweno/Neural-Knights/build/diffdrive_arduino -- -j4 -l4
[3.303s] DEBUG:colcon.colcon_core.event_handler.log_command:Invoked command in '/home/chemweno/Neural-Knights/build/diffdrive_arduino' returned '0': CMAKE_PREFIX_PATH=/home/chemweno/Neural-Knights/install/serial:/home/chemweno/Neural-Knights/install/diffdrive_arduino:/home/chemweno/Neural-Knights/install/gazebo_ros2_control_demos:/home/chemweno/Neural-Knights/install/gazebo_ros2_control:/home/chemweno/Neural-Knights/install/articubot_one:/opt/ros/humble /usr/bin/cmake --build /home/chemweno/Neural-Knights/build/diffdrive_arduino -- -j4 -l4
[3.313s] DEBUG:colcon.colcon_core.event_handler.log_command:Invoking command in '/home/chemweno/Neural-Knights/build/diffdrive_arduino': CMAKE_PREFIX_PATH=/home/chemweno/Neural-Knights/install/serial:/home/chemweno/Neural-Knights/install/diffdrive_arduino:/home/chemweno/Neural-Knights/install/gazebo_ros2_control_demos:/home/chemweno/Neural-Knights/install/gazebo_ros2_control:/home/chemweno/Neural-Knights/install/articubot_one:/opt/ros/humble /usr/bin/cmake --install /home/chemweno/Neural-Knights/build/diffdrive_arduino
[3.373s] DEBUG:colcon.colcon_core.event_handler.log_command:Invoked command in '/home/chemweno/Neural-Knights/build/gazebo_ros2_control_demos' returned '0': CMAKE_PREFIX_PATH=/home/chemweno/Neural-Knights/install/gazebo_ros2_control:/home/chemweno/Neural-Knights/install/diffdrive_arduino:/home/chemweno/Neural-Knights/install/serial:/home/chemweno/Neural-Knights/install/gazebo_ros2_control_demos:/home/chemweno/Neural-Knights/install/articubot_one:/opt/ros/humble LD_LIBRARY_PATH=/home/chemweno/Neural-Knights/install/gazebo_ros2_control/lib:/home/chemweno/Neural-Knights/install/diffdrive_arduino/lib:/home/chemweno/Neural-Knights/install/serial/lib:/usr/lib/x86_64-linux-gnu/gazebo-11/plugins:/opt/ros/humble/opt/rviz_ogre_vendor/lib:/opt/ros/humble/lib/x86_64-linux-gnu:/opt/ros/humble/lib /usr/bin/cmake --build /home/chemweno/Neural-Knights/build/gazebo_ros2_control_demos -- -j4 -l4
[3.379s] DEBUG:colcon.colcon_core.event_handler.log_command:Invoking command in '/home/chemweno/Neural-Knights/build/gazebo_ros2_control_demos': CMAKE_PREFIX_PATH=/home/chemweno/Neural-Knights/install/gazebo_ros2_control:/home/chemweno/Neural-Knights/install/diffdrive_arduino:/home/chemweno/Neural-Knights/install/serial:/home/chemweno/Neural-Knights/install/gazebo_ros2_control_demos:/home/chemweno/Neural-Knights/install/articubot_one:/opt/ros/humble LD_LIBRARY_PATH=/home/chemweno/Neural-Knights/install/gazebo_ros2_control/lib:/home/chemweno/Neural-Knights/install/diffdrive_arduino/lib:/home/chemweno/Neural-Knights/install/serial/lib:/usr/lib/x86_64-linux-gnu/gazebo-11/plugins:/opt/ros/humble/opt/rviz_ogre_vendor/lib:/opt/ros/humble/lib/x86_64-linux-gnu:/opt/ros/humble/lib /usr/bin/cmake --install /home/chemweno/Neural-Knights/build/gazebo_ros2_control_demos
[3.441s] Level 1:colcon.colcon_core.environment:create_environment_scripts_only(diffdrive_arduino)
[3.444s] Level 1:colcon.colcon_core.environment:checking '/home/chemweno/Neural-Knights/install/diffdrive_arduino' for CMake module files
[3.458s] Level 1:colcon.colcon_core.environment:checking '/home/chemweno/Neural-Knights/install/diffdrive_arduino' for CMake config files
[3.452s] DEBUG:colcon.colcon_core.event_handler.log_command:Invoked command in '/home/chemweno/Neural-Knights/build/diffdrive_arduino' returned '0': CMAKE_PREFIX_PATH=/home/chemweno/Neural-Knights/install/serial:/home/chemweno/Neural-Knights/install/diffdrive_arduino:/home/chemweno/Neural-Knights/install/gazebo_ros2_control_demos:/home/chemweno/Neural-Knights/install/gazebo_ros2_control:/home/chemweno/Neural-Knights/install/articubot_one:/opt/ros/humble /usr/bin/cmake --install /home/chemweno/Neural-Knights/build/diffdrive_arduino
[3.466s] Level 1:colcon.colcon_core.shell:create_environment_hook('diffdrive_arduino', 'cmake_prefix_path')
[3.468s] INFO:colcon.colcon_core.shell:Creating environment hook '/home/chemweno/Neural-Knights/install/diffdrive_arduino/share/diffdrive_arduino/hook/cmake_prefix_path.ps1'
[3.480s] INFO:colcon.colcon_core.shell:Creating environment descriptor '/home/chemweno/Neural-Knights/install/diffdrive_arduino/share/diffdrive_arduino/hook/cmake_prefix_path.dsv'
[3.482s] INFO:colcon.colcon_core.shell:Creating environment hook '/home/chemweno/Neural-Knights/install/diffdrive_arduino/share/diffdrive_arduino/hook/cmake_prefix_path.sh'
[3.485s] Level 1:colcon.colcon_core.environment:checking '/home/chemweno/Neural-Knights/install/diffdrive_arduino/lib'
[3.486s] Level 1:colcon.colcon_core.shell:create_environment_hook('diffdrive_arduino', 'ld_library_path_lib')
[3.488s] INFO:colcon.colcon_core.shell:Creating environment hook '/home/chemweno/Neural-Knights/install/diffdrive_arduino/share/diffdrive_arduino/hook/ld_library_path_lib.ps1'
[3.490s] INFO:colcon.colcon_core.shell:Creating environment descriptor '/home/chemweno/Neural-Knights/install/diffdrive_arduino/share/diffdrive_arduino/hook/ld_library_path_lib.dsv'
[3.492s] INFO:colcon.colcon_core.shell:Creating environment hook '/home/chemweno/Neural-Knights/install/diffdrive_arduino/share/diffdrive_arduino/hook/ld_library_path_lib.sh'
[3.494s] Level 1:colcon.colcon_core.environment:checking '/home/chemweno/Neural-Knights/install/diffdrive_arduino/bin'
[3.495s] Level 1:colcon.colcon_core.environment:checking '/home/chemweno/Neural-Knights/install/diffdrive_arduino/lib/pkgconfig/diffdrive_arduino.pc'
[3.496s] Level 1:colcon.colcon_core.environment:checking '/home/chemweno/Neural-Knights/install/diffdrive_arduino/lib/python3.10/site-packages'
[3.498s] Level 1:colcon.colcon_core.environment:checking '/home/chemweno/Neural-Knights/install/diffdrive_arduino/bin'
[3.500s] INFO:colcon.colcon_core.shell:Creating package script '/home/chemweno/Neural-Knights/install/diffdrive_arduino/share/diffdrive_arduino/package.ps1'
[3.503s] INFO:colcon.colcon_core.shell:Creating package descriptor '/home/chemweno/Neural-Knights/install/diffdrive_arduino/share/diffdrive_arduino/package.dsv'
[3.509s] INFO:colcon.colcon_core.shell:Creating package script '/home/chemweno/Neural-Knights/install/diffdrive_arduino/share/diffdrive_arduino/package.sh'
[3.514s] INFO:colcon.colcon_core.shell:Creating package script '/home/chemweno/Neural-Knights/install/diffdrive_arduino/share/diffdrive_arduino/package.bash'
[3.517s] INFO:colcon.colcon_core.shell:Creating package script '/home/chemweno/Neural-Knights/install/diffdrive_arduino/share/diffdrive_arduino/package.zsh'
[3.519s] Level 1:colcon.colcon_core.environment:create_file_with_runtime_dependencies(/home/chemweno/Neural-Knights/install/diffdrive_arduino/share/colcon-core/packages/diffdrive_arduino)
[3.522s] Level 1:colcon.colcon_core.environment:create_environment_scripts_only(diffdrive_arduino)
[3.524s] Level 1:colcon.colcon_core.environment:checking '/home/chemweno/Neural-Knights/install/diffdrive_arduino' for CMake module files
[3.527s] Level 1:colcon.colcon_core.environment:checking '/home/chemweno/Neural-Knights/install/diffdrive_arduino' for CMake config files
[3.529s] Level 1:colcon.colcon_core.shell:create_environment_hook('diffdrive_arduino', 'cmake_prefix_path')
[3.530s] INFO:colcon.colcon_core.shell:Creating environment hook '/home/chemweno/Neural-Knights/install/diffdrive_arduino/share/diffdrive_arduino/hook/cmake_prefix_path.ps1'
[3.532s] INFO:colcon.colcon_core.shell:Creating environment descriptor '/home/chemweno/Neural-Knights/install/diffdrive_arduino/share/diffdrive_arduino/hook/cmake_prefix_path.dsv'
[3.534s] INFO:colcon.colcon_core.shell:Creating environment hook '/home/chemweno/Neural-Knights/install/diffdrive_arduino/share/diffdrive_arduino/hook/cmake_prefix_path.sh'
[3.537s] Level 1:colcon.colcon_core.environment:checking '/home/chemweno/Neural-Knights/install/diffdrive_arduino/lib'
[3.538s] Level 1:colcon.colcon_core.shell:create_environment_hook('diffdrive_arduino', 'ld_library_path_lib')
[3.539s] INFO:colcon.colcon_core.shell:Creating environment hook '/home/chemweno/Neural-Knights/install/diffdrive_arduino/share/diffdrive_arduino/hook/ld_library_path_lib.ps1'
[3.541s] INFO:colcon.colcon_core.shell:Creating environment descriptor '/home/chemweno/Neural-Knights/install/diffdrive_arduino/share/diffdrive_arduino/hook/ld_library_path_lib.dsv'
[3.543s] INFO:colcon.colcon_core.shell:Creating environment hook '/home/chemweno/Neural-Knights/install/diffdrive_arduino/share/diffdrive_arduino/hook/ld_library_path_lib.sh'
[3.546s] Level 1:colcon.colcon_core.environment:checking '/home/chemweno/Neural-Knights/install/diffdrive_arduino/bin'
[3.546s] Level 1:colcon.colcon_core.environment:checking '/home/chemweno/Neural-Knights/install/diffdrive_arduino/lib/pkgconfig/diffdrive_arduino.pc'
[3.547s] Level 1:colcon.colcon_core.environment:checking '/home/chemweno/Neural-Knights/install/diffdrive_arduino/lib/python3.10/site-packages'
[3.549s] Level 1:colcon.colcon_core.environment:checking '/home/chemweno/Neural-Knights/install/diffdrive_arduino/bin'
[3.551s] INFO:colcon.colcon_core.shell:Creating package script '/home/chemweno/Neural-Knights/install/diffdrive_arduino/share/diffdrive_arduino/package.ps1'
[3.554s] INFO:colcon.colcon_core.shell:Creating package descriptor '/home/chemweno/Neural-Knights/install/diffdrive_arduino/share/diffdrive_arduino/package.dsv'
[3.557s] INFO:colcon.colcon_core.shell:Creating package script '/home/chemweno/Neural-Knights/install/diffdrive_arduino/share/diffdrive_arduino/package.sh'
[3.559s] INFO:colcon.colcon_core.shell:Creating package script '/home/chemweno/Neural-Knights/install/diffdrive_arduino/share/diffdrive_arduino/package.bash'
[3.561s] INFO:colcon.colcon_core.shell:Creating package script '/home/chemweno/Neural-Knights/install/diffdrive_arduino/share/diffdrive_arduino/package.zsh'
[3.563s] Level 1:colcon.colcon_core.environment:create_file_with_runtime_dependencies(/home/chemweno/Neural-Knights/install/diffdrive_arduino/share/colcon-core/packages/diffdrive_arduino)
[3.568s] Level 1:colcon.colcon_core.environment:create_environment_scripts_only(gazebo_ros2_control_demos)
[3.569s] Level 1:colcon.colcon_core.environment:checking '/home/chemweno/Neural-Knights/install/gazebo_ros2_control_demos' for CMake module files
[3.573s] DEBUG:colcon.colcon_core.event_handler.log_command:Invoked command in '/home/chemweno/Neural-Knights/build/gazebo_ros2_control_demos' returned '0': CMAKE_PREFIX_PATH=/home/chemweno/Neural-Knights/install/gazebo_ros2_control:/home/chemweno/Neural-Knights/install/diffdrive_arduino:/home/chemweno/Neural-Knights/install/serial:/home/chemweno/Neural-Knights/install/gazebo_ros2_control_demos:/home/chemweno/Neural-Knights/install/articubot_one:/opt/ros/humble LD_LIBRARY_PATH=/home/chemweno/Neural-Knights/install/gazebo_ros2_control/lib:/home/chemweno/Neural-Knights/install/diffdrive_arduino/lib:/home/chemweno/Neural-Knights/install/serial/lib:/usr/lib/x86_64-linux-gnu/gazebo-11/plugins:/opt/ros/humble/opt/rviz_ogre_vendor/lib:/opt/ros/humble/lib/x86_64-linux-gnu:/opt/ros/humble/lib /usr/bin/cmake --install /home/chemweno/Neural-Knights/build/gazebo_ros2_control_demos
[3.576s] Level 1:colcon.colcon_core.environment:checking '/home/chemweno/Neural-Knights/install/gazebo_ros2_control_demos' for CMake config files
[3.579s] Level 1:colcon.colcon_core.shell:create_environment_hook('gazebo_ros2_control_demos', 'cmake_prefix_path')
[3.580s] INFO:colcon.colcon_core.shell:Creating environment hook '/home/chemweno/Neural-Knights/install/gazebo_ros2_control_demos/share/gazebo_ros2_control_demos/hook/cmake_prefix_path.ps1'
[3.583s] INFO:colcon.colcon_core.shell:Creating environment descriptor '/home/chemweno/Neural-Knights/install/gazebo_ros2_control_demos/share/gazebo_ros2_control_demos/hook/cmake_prefix_path.dsv'
[3.585s] INFO:colcon.colcon_core.shell:Creating environment hook '/home/chemweno/Neural-Knights/install/gazebo_ros2_control_demos/share/gazebo_ros2_control_demos/hook/cmake_prefix_path.sh'
[3.588s] Level 1:colcon.colcon_core.environment:checking '/home/chemweno/Neural-Knights/install/gazebo_ros2_control_demos/lib'
[3.588s] Level 1:colcon.colcon_core.environment:checking '/home/chemweno/Neural-Knights/install/gazebo_ros2_control_demos/bin'
[3.588s] Level 1:colcon.colcon_core.environment:checking '/home/chemweno/Neural-Knights/install/gazebo_ros2_control_demos/lib/pkgconfig/gazebo_ros2_control_demos.pc'
[3.590s] Level 1:colcon.colcon_core.environment:checking '/home/chemweno/Neural-Knights/install/gazebo_ros2_control_demos/lib/python3.10/site-packages'
[3.591s] Level 1:colcon.colcon_core.environment:checking '/home/chemweno/Neural-Knights/install/gazebo_ros2_control_demos/bin'
[3.593s] INFO:colcon.colcon_core.shell:Creating package script '/home/chemweno/Neural-Knights/install/gazebo_ros2_control_demos/share/gazebo_ros2_control_demos/package.ps1'
[3.595s] INFO:colcon.colcon_core.shell:Creating package descriptor '/home/chemweno/Neural-Knights/install/gazebo_ros2_control_demos/share/gazebo_ros2_control_demos/package.dsv'
[3.597s] INFO:colcon.colcon_core.shell:Creating package script '/home/chemweno/Neural-Knights/install/gazebo_ros2_control_demos/share/gazebo_ros2_control_demos/package.sh'
[3.599s] INFO:colcon.colcon_core.shell:Creating package script '/home/chemweno/Neural-Knights/install/gazebo_ros2_control_demos/share/gazebo_ros2_control_demos/package.bash'
[3.601s] INFO:colcon.colcon_core.shell:Creating package script '/home/chemweno/Neural-Knights/install/gazebo_ros2_control_demos/share/gazebo_ros2_control_demos/package.zsh'
[3.604s] Level 1:colcon.colcon_core.environment:create_file_with_runtime_dependencies(/home/chemweno/Neural-Knights/install/gazebo_ros2_control_demos/share/colcon-core/packages/gazebo_ros2_control_demos)
[3.607s] Level 1:colcon.colcon_core.environment:create_environment_scripts_only(gazebo_ros2_control_demos)
[3.608s] Level 1:colcon.colcon_core.environment:checking '/home/chemweno/Neural-Knights/install/gazebo_ros2_control_demos' for CMake module files
[3.612s] Level 1:colcon.colcon_core.environment:checking '/home/chemweno/Neural-Knights/install/gazebo_ros2_control_demos' for CMake config files
[3.614s] Level 1:colcon.colcon_core.shell:create_environment_hook('gazebo_ros2_control_demos', 'cmake_prefix_path')
[3.615s] INFO:colcon.colcon_core.shell:Creating environment hook '/home/chemweno/Neural-Knights/install/gazebo_ros2_control_demos/share/gazebo_ros2_control_demos/hook/cmake_prefix_path.ps1'
[3.617s] INFO:colcon.colcon_core.shell:Creating environment descriptor '/home/chemweno/Neural-Knights/install/gazebo_ros2_control_demos/share/gazebo_ros2_control_demos/hook/cmake_prefix_path.dsv'
[3.620s] INFO:colcon.colcon_core.shell:Creating environment hook '/home/chemweno/Neural-Knights/install/gazebo_ros2_control_demos/share/gazebo_ros2_control_demos/hook/cmake_prefix_path.sh'
[3.623s] Level 1:colcon.colcon_core.environment:checking '/home/chemweno/Neural-Knights/install/gazebo_ros2_control_demos/lib'
[3.623s] Level 1:colcon.colcon_core.environment:checking '/home/chemweno/Neural-Knights/install/gazebo_ros2_control_demos/bin'
[3.623s] Level 1:colcon.colcon_core.environment:checking '/home/chemweno/Neural-Knights/install/gazebo_ros2_control_demos/lib/pkgconfig/gazebo_ros2_control_demos.pc'
[3.625s] Level 1:colcon.colcon_core.environment:checking '/home/chemweno/Neural-Knights/install/gazebo_ros2_control_demos/lib/python3.10/site-packages'
[3.626s] Level 1:colcon.colcon_core.environment:checking '/home/chemweno/Neural-Knights/install/gazebo_ros2_control_demos/bin'
[3.628s] INFO:colcon.colcon_core.shell:Creating package script '/home/chemweno/Neural-Knights/install/gazebo_ros2_control_demos/share/gazebo_ros2_control_demos/package.ps1'
[3.631s] INFO:colcon.colcon_core.shell:Creating package descriptor '/home/chemweno/Neural-Knights/install/gazebo_ros2_control_demos/share/gazebo_ros2_control_demos/package.dsv'
[3.634s] INFO:colcon.colcon_core.shell:Creating package script '/home/chemweno/Neural-Knights/install/gazebo_ros2_control_demos/share/gazebo_ros2_control_demos/package.sh'
[3.636s] INFO:colcon.colcon_core.shell:Creating package script '/home/chemweno/Neural-Knights/install/gazebo_ros2_control_demos/share/gazebo_ros2_control_demos/package.bash'
[3.638s] INFO:colcon.colcon_core.shell:Creating package script '/home/chemweno/Neural-Knights/install/gazebo_ros2_control_demos/share/gazebo_ros2_control_demos/package.zsh'
[3.640s] Level 1:colcon.colcon_core.environment:create_file_with_runtime_dependencies(/home/chemweno/Neural-Knights/install/gazebo_ros2_control_demos/share/colcon-core/packages/gazebo_ros2_control_demos)
[3.641s] DEBUG:colcon.colcon_parallel_executor.executor.parallel:closing loop
[3.642s] DEBUG:colcon.colcon_parallel_executor.executor.parallel:loop closed
[3.643s] DEBUG:colcon.colcon_parallel_executor.executor.parallel:run_until_complete finished with '0'
[3.644s] DEBUG:colcon.colcon_core.event_reactor:joining thread
[3.667s] INFO:colcon.colcon_core.plugin_system:Skipping extension 'colcon_notification.desktop_notification.terminal_notifier': Not used on non-Darwin systems
[3.667s] INFO:colcon.colcon_core.plugin_system:Skipping extension 'colcon_notification.desktop_notification.win32': Not used on non-Windows systems
[3.667s] INFO:colcon.colcon_notification.desktop_notification:Sending desktop notification using 'notify2'
[3.709s] DEBUG:colcon.colcon_core.event_reactor:joined thread
[3.711s] INFO:colcon.colcon_core.shell:Creating prefix script '/home/chemweno/Neural-Knights/install/local_setup.ps1'
[3.715s] INFO:colcon.colcon_core.shell:Creating prefix util module '/home/chemweno/Neural-Knights/install/_local_setup_util_ps1.py'
[3.723s] INFO:colcon.colcon_core.shell:Creating prefix chain script '/home/chemweno/Neural-Knights/install/setup.ps1'
[3.731s] INFO:colcon.colcon_core.shell:Creating prefix script '/home/chemweno/Neural-Knights/install/local_setup.sh'
[3.734s] INFO:colcon.colcon_core.shell:Creating prefix util module '/home/chemweno/Neural-Knights/install/_local_setup_util_sh.py'
[3.736s] INFO:colcon.colcon_core.shell:Creating prefix chain script '/home/chemweno/Neural-Knights/install/setup.sh'
[3.742s] INFO:colcon.colcon_core.shell:Creating prefix script '/home/chemweno/Neural-Knights/install/local_setup.bash'
[3.744s] INFO:colcon.colcon_core.shell:Creating prefix chain script '/home/chemweno/Neural-Knights/install/setup.bash'
[3.749s] INFO:colcon.colcon_core.shell:Creating prefix script '/home/chemweno/Neural-Knights/install/local_setup.zsh'
[3.751s] INFO:colcon.colcon_core.shell:Creating prefix chain script '/home/chemweno/Neural-Knights/install/setup.zsh'
