[0.117s] DEBUG:colcon:Command line arguments: ['/usr/bin/colcon', 'build', '--symlink-install']
[0.118s] DEBUG:colcon:Parsed command line arguments: Namespace(log_base=None, log_level=None, verb_name='build', build_base='build', install_base='install', merge_install=False, symlink_install=True, test_result_base=None, continue_on_error=False, executor='parallel', parallel_workers=4, event_handlers=None, ignore_user_meta=False, metas=['./colcon.meta'], base_paths=['.'], packages_ignore=None, packages_ignore_regex=None, paths=None, packages_up_to=None, packages_up_to_regex=None, packages_above=None, packages_above_and_dependencies=None, packages_above_depth=None, packages_select_by_dep=None, packages_skip_by_dep=None, packages_skip_up_to=None, packages_select_build_failed=False, packages_skip_build_finished=False, packages_select_test_failures=False, packages_skip_test_passed=False, packages_select=None, packages_skip=None, packages_select_regex=None, packages_skip_regex=None, packages_start=None, packages_end=None, allow_overriding=[], cmake_args=None, cmake_target=None, cmake_target_skip_unavailable=False, cmake_clean_cache=False, cmake_clean_first=False, cmake_force_configure=False, ament_cmake_args=None, catkin_cmake_args=None, catkin_skip_building_tests=False, mixin_files=None, mixin=None, verb_parser=<colcon_mixin.mixin.mixin_argument.MixinArgumentDecorator object at 0x7f0731c7e9e0>, verb_extension=<colcon_core.verb.build.BuildVerb object at 0x7f0731c7e260>, main=<bound method BuildVerb.main of <colcon_core.verb.build.BuildVerb object at 0x7f0731c7e260>>, mixin_verb=('build',))
[0.298s] Level 1:colcon.colcon_core.package_discovery:discover_packages(colcon_meta) check parameters
[0.298s] Level 1:colcon.colcon_core.package_discovery:discover_packages(recursive) check parameters
[0.298s] Level 1:colcon.colcon_core.package_discovery:discover_packages(ignore) check parameters
[0.298s] Level 1:colcon.colcon_core.package_discovery:discover_packages(path) check parameters
[0.298s] Level 1:colcon.colcon_core.package_discovery:discover_packages(colcon_meta) discover
[0.298s] Level 1:colcon.colcon_core.package_discovery:discover_packages(recursive) discover
[0.298s] INFO:colcon.colcon_core.package_discovery:Crawling recursively for packages in '/home/chemweno/Neural-Knights'
[0.298s] Level 1:colcon.colcon_core.package_identification:_identify(.) by extensions ['ignore', 'ignore_ament_install']
[0.298s] Level 1:colcon.colcon_core.package_identification:_identify(.) by extension 'ignore'
[0.298s] Level 1:colcon.colcon_core.package_identification:_identify(.) by extension 'ignore_ament_install'
[0.299s] Level 1:colcon.colcon_core.package_identification:_identify(.) by extensions ['colcon_pkg']
[0.299s] Level 1:colcon.colcon_core.package_identification:_identify(.) by extension 'colcon_pkg'
[0.299s] Level 1:colcon.colcon_core.package_identification:_identify(.) by extensions ['colcon_meta']
[0.299s] Level 1:colcon.colcon_core.package_identification:_identify(.) by extension 'colcon_meta'
[0.299s] Level 1:colcon.colcon_core.package_identification:_identify(.) by extensions ['ros']
[0.299s] Level 1:colcon.colcon_core.package_identification:_identify(.) by extension 'ros'
[0.309s] Level 1:colcon.colcon_core.package_identification:_identify(.) by extensions ['cmake', 'python']
[0.310s] Level 1:colcon.colcon_core.package_identification:_identify(.) by extension 'cmake'
[0.310s] Level 1:colcon.colcon_core.package_identification:_identify(.) by extension 'python'
[0.310s] Level 1:colcon.colcon_core.package_identification:_identify(.) by extensions ['python_setup_py']
[0.310s] Level 1:colcon.colcon_core.package_identification:_identify(.) by extension 'python_setup_py'
[0.310s] Level 1:colcon.colcon_core.package_identification:_identify(build) by extensions ['ignore', 'ignore_ament_install']
[0.310s] Level 1:colcon.colcon_core.package_identification:_identify(build) by extension 'ignore'
[0.310s] Level 1:colcon.colcon_core.package_identification:_identify(build) ignored
[0.310s] Level 1:colcon.colcon_core.package_identification:_identify(install) by extensions ['ignore', 'ignore_ament_install']
[0.310s] Level 1:colcon.colcon_core.package_identification:_identify(install) by extension 'ignore'
[0.310s] Level 1:colcon.colcon_core.package_identification:_identify(install) ignored
[0.310s] Level 1:colcon.colcon_core.package_identification:_identify(log) by extensions ['ignore', 'ignore_ament_install']
[0.310s] Level 1:colcon.colcon_core.package_identification:_identify(log) by extension 'ignore'
[0.310s] Level 1:colcon.colcon_core.package_identification:_identify(log) ignored
[0.311s] Level 1:colcon.colcon_core.package_identification:_identify(src) by extensions ['ignore', 'ignore_ament_install']
[0.311s] Level 1:colcon.colcon_core.package_identification:_identify(src) by extension 'ignore'
[0.311s] Level 1:colcon.colcon_core.package_identification:_identify(src) by extension 'ignore_ament_install'
[0.311s] Level 1:colcon.colcon_core.package_identification:_identify(src) by extensions ['colcon_pkg']
[0.311s] Level 1:colcon.colcon_core.package_identification:_identify(src) by extension 'colcon_pkg'
[0.311s] Level 1:colcon.colcon_core.package_identification:_identify(src) by extensions ['colcon_meta']
[0.311s] Level 1:colcon.colcon_core.package_identification:_identify(src) by extension 'colcon_meta'
[0.311s] Level 1:colcon.colcon_core.package_identification:_identify(src) by extensions ['ros']
[0.311s] Level 1:colcon.colcon_core.package_identification:_identify(src) by extension 'ros'
[0.311s] Level 1:colcon.colcon_core.package_identification:_identify(src) by extensions ['cmake', 'python']
[0.311s] Level 1:colcon.colcon_core.package_identification:_identify(src) by extension 'cmake'
[0.311s] Level 1:colcon.colcon_core.package_identification:_identify(src) by extension 'python'
[0.311s] Level 1:colcon.colcon_core.package_identification:_identify(src) by extensions ['python_setup_py']
[0.311s] Level 1:colcon.colcon_core.package_identification:_identify(src) by extension 'python_setup_py'
[0.311s] Level 1:colcon.colcon_core.package_identification:_identify(src/articubot_one) by extensions ['ignore', 'ignore_ament_install']
[0.311s] Level 1:colcon.colcon_core.package_identification:_identify(src/articubot_one) by extension 'ignore'
[0.311s] Level 1:colcon.colcon_core.package_identification:_identify(src/articubot_one) by extension 'ignore_ament_install'
[0.311s] Level 1:colcon.colcon_core.package_identification:_identify(src/articubot_one) by extensions ['colcon_pkg']
[0.311s] Level 1:colcon.colcon_core.package_identification:_identify(src/articubot_one) by extension 'colcon_pkg'
[0.311s] Level 1:colcon.colcon_core.package_identification:_identify(src/articubot_one) by extensions ['colcon_meta']
[0.311s] Level 1:colcon.colcon_core.package_identification:_identify(src/articubot_one) by extension 'colcon_meta'
[0.312s] Level 1:colcon.colcon_core.package_identification:_identify(src/articubot_one) by extensions ['ros']
[0.312s] Level 1:colcon.colcon_core.package_identification:_identify(src/articubot_one) by extension 'ros'
[0.314s] DEBUG:colcon.colcon_core.package_identification:Package 'src/articubot_one' with type 'ros.ament_cmake' and name 'articubot_one'
[0.314s] Level 1:colcon.colcon_core.package_identification:_identify(src/diffdrive_arduino) by extensions ['ignore', 'ignore_ament_install']
[0.314s] Level 1:colcon.colcon_core.package_identification:_identify(src/diffdrive_arduino) by extension 'ignore'
[0.314s] Level 1:colcon.colcon_core.package_identification:_identify(src/diffdrive_arduino) by extension 'ignore_ament_install'
[0.314s] Level 1:colcon.colcon_core.package_identification:_identify(src/diffdrive_arduino) by extensions ['colcon_pkg']
[0.314s] Level 1:colcon.colcon_core.package_identification:_identify(src/diffdrive_arduino) by extension 'colcon_pkg'
[0.314s] Level 1:colcon.colcon_core.package_identification:_identify(src/diffdrive_arduino) by extensions ['colcon_meta']
[0.314s] Level 1:colcon.colcon_core.package_identification:_identify(src/diffdrive_arduino) by extension 'colcon_meta'
[0.314s] Level 1:colcon.colcon_core.package_identification:_identify(src/diffdrive_arduino) by extensions ['ros']
[0.314s] Level 1:colcon.colcon_core.package_identification:_identify(src/diffdrive_arduino) by extension 'ros'
[0.316s] DEBUG:colcon.colcon_core.package_identification:Package 'src/diffdrive_arduino' with type 'ros.ament_cmake' and name 'diffdrive_arduino'
[0.316s] Level 1:colcon.colcon_core.package_identification:_identify(src/gazebo_ros2_control) by extensions ['ignore', 'ignore_ament_install']
[0.316s] Level 1:colcon.colcon_core.package_identification:_identify(src/gazebo_ros2_control) by extension 'ignore'
[0.316s] Level 1:colcon.colcon_core.package_identification:_identify(src/gazebo_ros2_control) by extension 'ignore_ament_install'
[0.316s] Level 1:colcon.colcon_core.package_identification:_identify(src/gazebo_ros2_control) by extensions ['colcon_pkg']
[0.316s] Level 1:colcon.colcon_core.package_identification:_identify(src/gazebo_ros2_control) by extension 'colcon_pkg'
[0.316s] Level 1:colcon.colcon_core.package_identification:_identify(src/gazebo_ros2_control) by extensions ['colcon_meta']
[0.316s] Level 1:colcon.colcon_core.package_identification:_identify(src/gazebo_ros2_control) by extension 'colcon_meta'
[0.316s] Level 1:colcon.colcon_core.package_identification:_identify(src/gazebo_ros2_control) by extensions ['ros']
[0.316s] Level 1:colcon.colcon_core.package_identification:_identify(src/gazebo_ros2_control) by extension 'ros'
[0.316s] Level 1:colcon.colcon_core.package_identification:_identify(src/gazebo_ros2_control) by extensions ['cmake', 'python']
[0.316s] Level 1:colcon.colcon_core.package_identification:_identify(src/gazebo_ros2_control) by extension 'cmake'
[0.316s] Level 1:colcon.colcon_core.package_identification:_identify(src/gazebo_ros2_control) by extension 'python'
[0.316s] Level 1:colcon.colcon_core.package_identification:_identify(src/gazebo_ros2_control) by extensions ['python_setup_py']
[0.316s] Level 1:colcon.colcon_core.package_identification:_identify(src/gazebo_ros2_control) by extension 'python_setup_py'
[0.316s] Level 1:colcon.colcon_core.package_identification:_identify(src/gazebo_ros2_control/Docker) by extensions ['ignore', 'ignore_ament_install']
[0.316s] Level 1:colcon.colcon_core.package_identification:_identify(src/gazebo_ros2_control/Docker) by extension 'ignore'
[0.317s] Level 1:colcon.colcon_core.package_identification:_identify(src/gazebo_ros2_control/Docker) by extension 'ignore_ament_install'
[0.317s] Level 1:colcon.colcon_core.package_identification:_identify(src/gazebo_ros2_control/Docker) by extensions ['colcon_pkg']
[0.317s] Level 1:colcon.colcon_core.package_identification:_identify(src/gazebo_ros2_control/Docker) by extension 'colcon_pkg'
[0.317s] Level 1:colcon.colcon_core.package_identification:_identify(src/gazebo_ros2_control/Docker) by extensions ['colcon_meta']
[0.317s] Level 1:colcon.colcon_core.package_identification:_identify(src/gazebo_ros2_control/Docker) by extension 'colcon_meta'
[0.317s] Level 1:colcon.colcon_core.package_identification:_identify(src/gazebo_ros2_control/Docker) by extensions ['ros']
[0.317s] Level 1:colcon.colcon_core.package_identification:_identify(src/gazebo_ros2_control/Docker) by extension 'ros'
[0.317s] Level 1:colcon.colcon_core.package_identification:_identify(src/gazebo_ros2_control/Docker) by extensions ['cmake', 'python']
[0.317s] Level 1:colcon.colcon_core.package_identification:_identify(src/gazebo_ros2_control/Docker) by extension 'cmake'
[0.317s] Level 1:colcon.colcon_core.package_identification:_identify(src/gazebo_ros2_control/Docker) by extension 'python'
[0.317s] Level 1:colcon.colcon_core.package_identification:_identify(src/gazebo_ros2_control/Docker) by extensions ['python_setup_py']
[0.317s] Level 1:colcon.colcon_core.package_identification:_identify(src/gazebo_ros2_control/Docker) by extension 'python_setup_py'
[0.317s] Level 1:colcon.colcon_core.package_identification:_identify(src/gazebo_ros2_control/doc) by extensions ['ignore', 'ignore_ament_install']
[0.317s] Level 1:colcon.colcon_core.package_identification:_identify(src/gazebo_ros2_control/doc) by extension 'ignore'
[0.317s] Level 1:colcon.colcon_core.package_identification:_identify(src/gazebo_ros2_control/doc) by extension 'ignore_ament_install'
[0.317s] Level 1:colcon.colcon_core.package_identification:_identify(src/gazebo_ros2_control/doc) by extensions ['colcon_pkg']
[0.317s] Level 1:colcon.colcon_core.package_identification:_identify(src/gazebo_ros2_control/doc) by extension 'colcon_pkg'
[0.317s] Level 1:colcon.colcon_core.package_identification:_identify(src/gazebo_ros2_control/doc) by extensions ['colcon_meta']
[0.317s] Level 1:colcon.colcon_core.package_identification:_identify(src/gazebo_ros2_control/doc) by extension 'colcon_meta'
[0.317s] Level 1:colcon.colcon_core.package_identification:_identify(src/gazebo_ros2_control/doc) by extensions ['ros']
[0.317s] Level 1:colcon.colcon_core.package_identification:_identify(src/gazebo_ros2_control/doc) by extension 'ros'
[0.318s] Level 1:colcon.colcon_core.package_identification:_identify(src/gazebo_ros2_control/doc) by extensions ['cmake', 'python']
[0.318s] Level 1:colcon.colcon_core.package_identification:_identify(src/gazebo_ros2_control/doc) by extension 'cmake'
[0.318s] Level 1:colcon.colcon_core.package_identification:_identify(src/gazebo_ros2_control/doc) by extension 'python'
[0.318s] Level 1:colcon.colcon_core.package_identification:_identify(src/gazebo_ros2_control/doc) by extensions ['python_setup_py']
[0.318s] Level 1:colcon.colcon_core.package_identification:_identify(src/gazebo_ros2_control/doc) by extension 'python_setup_py'
[0.318s] Level 1:colcon.colcon_core.package_identification:_identify(src/gazebo_ros2_control/doc/img) by extensions ['ignore', 'ignore_ament_install']
[0.318s] Level 1:colcon.colcon_core.package_identification:_identify(src/gazebo_ros2_control/doc/img) by extension 'ignore'
[0.318s] Level 1:colcon.colcon_core.package_identification:_identify(src/gazebo_ros2_control/doc/img) by extension 'ignore_ament_install'
[0.318s] Level 1:colcon.colcon_core.package_identification:_identify(src/gazebo_ros2_control/doc/img) by extensions ['colcon_pkg']
[0.318s] Level 1:colcon.colcon_core.package_identification:_identify(src/gazebo_ros2_control/doc/img) by extension 'colcon_pkg'
[0.318s] Level 1:colcon.colcon_core.package_identification:_identify(src/gazebo_ros2_control/doc/img) by extensions ['colcon_meta']
[0.318s] Level 1:colcon.colcon_core.package_identification:_identify(src/gazebo_ros2_control/doc/img) by extension 'colcon_meta'
[0.318s] Level 1:colcon.colcon_core.package_identification:_identify(src/gazebo_ros2_control/doc/img) by extensions ['ros']
[0.318s] Level 1:colcon.colcon_core.package_identification:_identify(src/gazebo_ros2_control/doc/img) by extension 'ros'
[0.318s] Level 1:colcon.colcon_core.package_identification:_identify(src/gazebo_ros2_control/doc/img) by extensions ['cmake', 'python']
[0.318s] Level 1:colcon.colcon_core.package_identification:_identify(src/gazebo_ros2_control/doc/img) by extension 'cmake'
[0.318s] Level 1:colcon.colcon_core.package_identification:_identify(src/gazebo_ros2_control/doc/img) by extension 'python'
[0.318s] Level 1:colcon.colcon_core.package_identification:_identify(src/gazebo_ros2_control/doc/img) by extensions ['python_setup_py']
[0.318s] Level 1:colcon.colcon_core.package_identification:_identify(src/gazebo_ros2_control/doc/img) by extension 'python_setup_py'
[0.318s] Level 1:colcon.colcon_core.package_identification:_identify(src/gazebo_ros2_control/gazebo_ros2_control) by extensions ['ignore', 'ignore_ament_install']
[0.319s] Level 1:colcon.colcon_core.package_identification:_identify(src/gazebo_ros2_control/gazebo_ros2_control) by extension 'ignore'
[0.319s] Level 1:colcon.colcon_core.package_identification:_identify(src/gazebo_ros2_control/gazebo_ros2_control) by extension 'ignore_ament_install'
[0.319s] Level 1:colcon.colcon_core.package_identification:_identify(src/gazebo_ros2_control/gazebo_ros2_control) by extensions ['colcon_pkg']
[0.319s] Level 1:colcon.colcon_core.package_identification:_identify(src/gazebo_ros2_control/gazebo_ros2_control) by extension 'colcon_pkg'
[0.319s] Level 1:colcon.colcon_core.package_identification:_identify(src/gazebo_ros2_control/gazebo_ros2_control) by extensions ['colcon_meta']
[0.319s] Level 1:colcon.colcon_core.package_identification:_identify(src/gazebo_ros2_control/gazebo_ros2_control) by extension 'colcon_meta'
[0.319s] Level 1:colcon.colcon_core.package_identification:_identify(src/gazebo_ros2_control/gazebo_ros2_control) by extensions ['ros']
[0.319s] Level 1:colcon.colcon_core.package_identification:_identify(src/gazebo_ros2_control/gazebo_ros2_control) by extension 'ros'
[0.320s] DEBUG:colcon.colcon_core.package_identification:Package 'src/gazebo_ros2_control/gazebo_ros2_control' with type 'ros.ament_cmake' and name 'gazebo_ros2_control'
[0.320s] Level 1:colcon.colcon_core.package_identification:_identify(src/gazebo_ros2_control/gazebo_ros2_control_demos) by extensions ['ignore', 'ignore_ament_install']
[0.320s] Level 1:colcon.colcon_core.package_identification:_identify(src/gazebo_ros2_control/gazebo_ros2_control_demos) by extension 'ignore'
[0.320s] Level 1:colcon.colcon_core.package_identification:_identify(src/gazebo_ros2_control/gazebo_ros2_control_demos) by extension 'ignore_ament_install'
[0.320s] Level 1:colcon.colcon_core.package_identification:_identify(src/gazebo_ros2_control/gazebo_ros2_control_demos) by extensions ['colcon_pkg']
[0.320s] Level 1:colcon.colcon_core.package_identification:_identify(src/gazebo_ros2_control/gazebo_ros2_control_demos) by extension 'colcon_pkg'
[0.320s] Level 1:colcon.colcon_core.package_identification:_identify(src/gazebo_ros2_control/gazebo_ros2_control_demos) by extensions ['colcon_meta']
[0.321s] Level 1:colcon.colcon_core.package_identification:_identify(src/gazebo_ros2_control/gazebo_ros2_control_demos) by extension 'colcon_meta'
[0.321s] Level 1:colcon.colcon_core.package_identification:_identify(src/gazebo_ros2_control/gazebo_ros2_control_demos) by extensions ['ros']
[0.321s] Level 1:colcon.colcon_core.package_identification:_identify(src/gazebo_ros2_control/gazebo_ros2_control_demos) by extension 'ros'
[0.321s] DEBUG:colcon.colcon_core.package_identification:Package 'src/gazebo_ros2_control/gazebo_ros2_control_demos' with type 'ros.ament_cmake' and name 'gazebo_ros2_control_demos'
[0.322s] Level 1:colcon.colcon_core.package_identification:_identify(src/serial) by extensions ['ignore', 'ignore_ament_install']
[0.322s] Level 1:colcon.colcon_core.package_identification:_identify(src/serial) by extension 'ignore'
[0.322s] Level 1:colcon.colcon_core.package_identification:_identify(src/serial) by extension 'ignore_ament_install'
[0.322s] Level 1:colcon.colcon_core.package_identification:_identify(src/serial) by extensions ['colcon_pkg']
[0.322s] Level 1:colcon.colcon_core.package_identification:_identify(src/serial) by extension 'colcon_pkg'
[0.322s] Level 1:colcon.colcon_core.package_identification:_identify(src/serial) by extensions ['colcon_meta']
[0.322s] Level 1:colcon.colcon_core.package_identification:_identify(src/serial) by extension 'colcon_meta'
[0.322s] Level 1:colcon.colcon_core.package_identification:_identify(src/serial) by extensions ['ros']
[0.322s] Level 1:colcon.colcon_core.package_identification:_identify(src/serial) by extension 'ros'
[0.323s] DEBUG:colcon.colcon_core.package_identification:Package 'src/serial' with type 'ros.ament_cmake' and name 'serial'
[0.323s] Level 1:colcon.colcon_core.package_discovery:discover_packages(recursive) using defaults
[0.323s] Level 1:colcon.colcon_core.package_discovery:discover_packages(ignore) discover
[0.323s] Level 1:colcon.colcon_core.package_discovery:discover_packages(ignore) using defaults
[0.323s] Level 1:colcon.colcon_core.package_discovery:discover_packages(path) discover
[0.323s] Level 1:colcon.colcon_core.package_discovery:discover_packages(path) using defaults
[0.355s] Level 1:colcon.colcon_core.package_discovery:discover_packages(prefix_path) check parameters
[0.355s] Level 1:colcon.colcon_core.package_discovery:discover_packages(prefix_path) discover
[0.358s] DEBUG:colcon.colcon_installed_package_information.package_discovery:Found 439 installed packages in /opt/ros/humble
[0.360s] Level 1:colcon.colcon_core.package_discovery:discover_packages(prefix_path) using defaults
[0.416s] Level 5:colcon.colcon_core.verb:set package 'articubot_one' build argument 'cmake_args' from command line to 'None'
[0.416s] Level 5:colcon.colcon_core.verb:set package 'articubot_one' build argument 'cmake_target' from command line to 'None'
[0.416s] Level 5:colcon.colcon_core.verb:set package 'articubot_one' build argument 'cmake_target_skip_unavailable' from command line to 'False'
[0.416s] Level 5:colcon.colcon_core.verb:set package 'articubot_one' build argument 'cmake_clean_cache' from command line to 'False'
[0.416s] Level 5:colcon.colcon_core.verb:set package 'articubot_one' build argument 'cmake_clean_first' from command line to 'False'
[0.416s] Level 5:colcon.colcon_core.verb:set package 'articubot_one' build argument 'cmake_force_configure' from command line to 'False'
[0.416s] Level 5:colcon.colcon_core.verb:set package 'articubot_one' build argument 'ament_cmake_args' from command line to 'None'
[0.416s] Level 5:colcon.colcon_core.verb:set package 'articubot_one' build argument 'catkin_cmake_args' from command line to 'None'
[0.416s] Level 5:colcon.colcon_core.verb:set package 'articubot_one' build argument 'catkin_skip_building_tests' from command line to 'False'
[0.416s] DEBUG:colcon.colcon_core.verb:Building package 'articubot_one' with the following arguments: {'ament_cmake_args': None, 'build_base': '/home/chemweno/Neural-Knights/build/articubot_one', 'catkin_cmake_args': None, 'catkin_skip_building_tests': False, 'cmake_args': None, 'cmake_clean_cache': False, 'cmake_clean_first': False, 'cmake_force_configure': False, 'cmake_target': None, 'cmake_target_skip_unavailable': False, 'install_base': '/home/chemweno/Neural-Knights/install/articubot_one', 'merge_install': False, 'path': '/home/chemweno/Neural-Knights/src/articubot_one', 'symlink_install': True, 'test_result_base': None}
[0.417s] Level 5:colcon.colcon_core.verb:set package 'gazebo_ros2_control' build argument 'cmake_args' from command line to 'None'
[0.417s] Level 5:colcon.colcon_core.verb:set package 'gazebo_ros2_control' build argument 'cmake_target' from command line to 'None'
[0.417s] Level 5:colcon.colcon_core.verb:set package 'gazebo_ros2_control' build argument 'cmake_target_skip_unavailable' from command line to 'False'
[0.417s] Level 5:colcon.colcon_core.verb:set package 'gazebo_ros2_control' build argument 'cmake_clean_cache' from command line to 'False'
[0.417s] Level 5:colcon.colcon_core.verb:set package 'gazebo_ros2_control' build argument 'cmake_clean_first' from command line to 'False'
[0.417s] Level 5:colcon.colcon_core.verb:set package 'gazebo_ros2_control' build argument 'cmake_force_configure' from command line to 'False'
[0.417s] Level 5:colcon.colcon_core.verb:set package 'gazebo_ros2_control' build argument 'ament_cmake_args' from command line to 'None'
[0.417s] Level 5:colcon.colcon_core.verb:set package 'gazebo_ros2_control' build argument 'catkin_cmake_args' from command line to 'None'
[0.417s] Level 5:colcon.colcon_core.verb:set package 'gazebo_ros2_control' build argument 'catkin_skip_building_tests' from command line to 'False'
[0.417s] DEBUG:colcon.colcon_core.verb:Building package 'gazebo_ros2_control' with the following arguments: {'ament_cmake_args': None, 'build_base': '/home/chemweno/Neural-Knights/build/gazebo_ros2_control', 'catkin_cmake_args': None, 'catkin_skip_building_tests': False, 'cmake_args': None, 'cmake_clean_cache': False, 'cmake_clean_first': False, 'cmake_force_configure': False, 'cmake_target': None, 'cmake_target_skip_unavailable': False, 'install_base': '/home/chemweno/Neural-Knights/install/gazebo_ros2_control', 'merge_install': False, 'path': '/home/chemweno/Neural-Knights/src/gazebo_ros2_control/gazebo_ros2_control', 'symlink_install': True, 'test_result_base': None}
[0.417s] Level 5:colcon.colcon_core.verb:set package 'serial' build argument 'cmake_args' from command line to 'None'
[0.417s] Level 5:colcon.colcon_core.verb:set package 'serial' build argument 'cmake_target' from command line to 'None'
[0.417s] Level 5:colcon.colcon_core.verb:set package 'serial' build argument 'cmake_target_skip_unavailable' from command line to 'False'
[0.417s] Level 5:colcon.colcon_core.verb:set package 'serial' build argument 'cmake_clean_cache' from command line to 'False'
[0.417s] Level 5:colcon.colcon_core.verb:set package 'serial' build argument 'cmake_clean_first' from command line to 'False'
[0.417s] Level 5:colcon.colcon_core.verb:set package 'serial' build argument 'cmake_force_configure' from command line to 'False'
[0.417s] Level 5:colcon.colcon_core.verb:set package 'serial' build argument 'ament_cmake_args' from command line to 'None'
[0.417s] Level 5:colcon.colcon_core.verb:set package 'serial' build argument 'catkin_cmake_args' from command line to 'None'
[0.417s] Level 5:colcon.colcon_core.verb:set package 'serial' build argument 'catkin_skip_building_tests' from command line to 'False'
[0.417s] DEBUG:colcon.colcon_core.verb:Building package 'serial' with the following arguments: {'ament_cmake_args': None, 'build_base': '/home/chemweno/Neural-Knights/build/serial', 'catkin_cmake_args': None, 'catkin_skip_building_tests': False, 'cmake_args': None, 'cmake_clean_cache': False, 'cmake_clean_first': False, 'cmake_force_configure': False, 'cmake_target': None, 'cmake_target_skip_unavailable': False, 'install_base': '/home/chemweno/Neural-Knights/install/serial', 'merge_install': False, 'path': '/home/chemweno/Neural-Knights/src/serial', 'symlink_install': True, 'test_result_base': None}
[0.418s] Level 5:colcon.colcon_core.verb:set package 'diffdrive_arduino' build argument 'cmake_args' from command line to 'None'
[0.418s] Level 5:colcon.colcon_core.verb:set package 'diffdrive_arduino' build argument 'cmake_target' from command line to 'None'
[0.418s] Level 5:colcon.colcon_core.verb:set package 'diffdrive_arduino' build argument 'cmake_target_skip_unavailable' from command line to 'False'
[0.418s] Level 5:colcon.colcon_core.verb:set package 'diffdrive_arduino' build argument 'cmake_clean_cache' from command line to 'False'
[0.418s] Level 5:colcon.colcon_core.verb:set package 'diffdrive_arduino' build argument 'cmake_clean_first' from command line to 'False'
[0.418s] Level 5:colcon.colcon_core.verb:set package 'diffdrive_arduino' build argument 'cmake_force_configure' from command line to 'False'
[0.418s] Level 5:colcon.colcon_core.verb:set package 'diffdrive_arduino' build argument 'ament_cmake_args' from command line to 'None'
[0.418s] Level 5:colcon.colcon_core.verb:set package 'diffdrive_arduino' build argument 'catkin_cmake_args' from command line to 'None'
[0.418s] Level 5:colcon.colcon_core.verb:set package 'diffdrive_arduino' build argument 'catkin_skip_building_tests' from command line to 'False'
[0.418s] DEBUG:colcon.colcon_core.verb:Building package 'diffdrive_arduino' with the following arguments: {'ament_cmake_args': None, 'build_base': '/home/chemweno/Neural-Knights/build/diffdrive_arduino', 'catkin_cmake_args': None, 'catkin_skip_building_tests': False, 'cmake_args': None, 'cmake_clean_cache': False, 'cmake_clean_first': False, 'cmake_force_configure': False, 'cmake_target': None, 'cmake_target_skip_unavailable': False, 'install_base': '/home/chemweno/Neural-Knights/install/diffdrive_arduino', 'merge_install': False, 'path': '/home/chemweno/Neural-Knights/src/diffdrive_arduino', 'symlink_install': True, 'test_result_base': None}
[0.418s] Level 5:colcon.colcon_core.verb:set package 'gazebo_ros2_control_demos' build argument 'cmake_args' from command line to 'None'
[0.418s] Level 5:colcon.colcon_core.verb:set package 'gazebo_ros2_control_demos' build argument 'cmake_target' from command line to 'None'
[0.418s] Level 5:colcon.colcon_core.verb:set package 'gazebo_ros2_control_demos' build argument 'cmake_target_skip_unavailable' from command line to 'False'
[0.418s] Level 5:colcon.colcon_core.verb:set package 'gazebo_ros2_control_demos' build argument 'cmake_clean_cache' from command line to 'False'
[0.418s] Level 5:colcon.colcon_core.verb:set package 'gazebo_ros2_control_demos' build argument 'cmake_clean_first' from command line to 'False'
[0.418s] Level 5:colcon.colcon_core.verb:set package 'gazebo_ros2_control_demos' build argument 'cmake_force_configure' from command line to 'False'
[0.418s] Level 5:colcon.colcon_core.verb:set package 'gazebo_ros2_control_demos' build argument 'ament_cmake_args' from command line to 'None'
[0.418s] Level 5:colcon.colcon_core.verb:set package 'gazebo_ros2_control_demos' build argument 'catkin_cmake_args' from command line to 'None'
[0.418s] Level 5:colcon.colcon_core.verb:set package 'gazebo_ros2_control_demos' build argument 'catkin_skip_building_tests' from command line to 'False'
[0.419s] DEBUG:colcon.colcon_core.verb:Building package 'gazebo_ros2_control_demos' with the following arguments: {'ament_cmake_args': None, 'build_base': '/home/chemweno/Neural-Knights/build/gazebo_ros2_control_demos', 'catkin_cmake_args': None, 'catkin_skip_building_tests': False, 'cmake_args': None, 'cmake_clean_cache': False, 'cmake_clean_first': False, 'cmake_force_configure': False, 'cmake_target': None, 'cmake_target_skip_unavailable': False, 'install_base': '/home/chemweno/Neural-Knights/install/gazebo_ros2_control_demos', 'merge_install': False, 'path': '/home/chemweno/Neural-Knights/src/gazebo_ros2_control/gazebo_ros2_control_demos', 'symlink_install': True, 'test_result_base': None}
[0.419s] INFO:colcon.colcon_core.executor:Executing jobs using 'parallel' executor
[0.420s] DEBUG:colcon.colcon_parallel_executor.executor.parallel:run_until_complete
[0.420s] INFO:colcon.colcon_ros.task.ament_cmake.build:Building ROS package in '/home/chemweno/Neural-Knights/src/gazebo_ros2_control/gazebo_ros2_control' with build type 'ament_cmake'
[0.420s] INFO:colcon.colcon_cmake.task.cmake.build:Building CMake package in '/home/chemweno/Neural-Knights/src/gazebo_ros2_control/gazebo_ros2_control'
[0.423s] INFO:colcon.colcon_core.plugin_system:Skipping extension 'colcon_core.shell.bat': Not used on non-Windows systems
[0.423s] INFO:colcon.colcon_core.shell:Skip shell extension 'powershell' for command environment: Not usable outside of PowerShell
[0.423s] DEBUG:colcon.colcon_core.shell:Skip shell extension 'dsv' for command environment
[0.428s] INFO:colcon.colcon_ros.task.ament_cmake.build:Building ROS package in '/home/chemweno/Neural-Knights/src/serial' with build type 'ament_cmake'
[0.428s] INFO:colcon.colcon_cmake.task.cmake.build:Building CMake package in '/home/chemweno/Neural-Knights/src/serial'
[0.428s] INFO:colcon.colcon_core.shell:Skip shell extension 'powershell' for command environment: Not usable outside of PowerShell
[0.428s] DEBUG:colcon.colcon_core.shell:Skip shell extension 'dsv' for command environment
[0.434s] INFO:colcon.colcon_ros.task.ament_cmake.build:Building ROS package in '/home/chemweno/Neural-Knights/src/articubot_one' with build type 'ament_cmake'
[0.434s] INFO:colcon.colcon_cmake.task.cmake.build:Building CMake package in '/home/chemweno/Neural-Knights/src/articubot_one'
[0.434s] INFO:colcon.colcon_core.shell:Skip shell extension 'powershell' for command environment: Not usable outside of PowerShell
[0.434s] DEBUG:colcon.colcon_core.shell:Skip shell extension 'dsv' for command environment
[0.445s] DEBUG:colcon.colcon_core.event_handler.log_command:Invoking command in '/home/chemweno/Neural-Knights/build/gazebo_ros2_control': CMAKE_PREFIX_PATH=/opt/ros/humble /usr/bin/cmake --build /home/chemweno/Neural-Knights/build/gazebo_ros2_control -- -j4 -l4
[0.450s] DEBUG:colcon.colcon_core.event_handler.log_command:Invoking command in '/home/chemweno/Neural-Knights/build/serial': CMAKE_PREFIX_PATH=/opt/ros/humble /usr/bin/cmake --build /home/chemweno/Neural-Knights/build/serial -- -j4 -l4
[0.457s] DEBUG:colcon.colcon_core.event_handler.log_command:Invoking command in '/home/chemweno/Neural-Knights/build/articubot_one': CMAKE_PREFIX_PATH=/opt/ros/humble /usr/bin/cmake --build /home/chemweno/Neural-Knights/build/articubot_one -- -j4 -l4
[0.504s] DEBUG:colcon.colcon_core.event_handler.log_command:Invoked command in '/home/chemweno/Neural-Knights/build/articubot_one' returned '0': CMAKE_PREFIX_PATH=/opt/ros/humble /usr/bin/cmake --build /home/chemweno/Neural-Knights/build/articubot_one -- -j4 -l4
[0.515s] DEBUG:colcon.colcon_core.event_handler.log_command:Invoking command in '/home/chemweno/Neural-Knights/build/articubot_one': CMAKE_PREFIX_PATH=/opt/ros/humble /usr/bin/cmake --install /home/chemweno/Neural-Knights/build/articubot_one
[0.561s] Level 1:colcon.colcon_core.environment:create_environment_scripts_only(articubot_one)
[0.565s] DEBUG:colcon.colcon_core.event_handler.log_command:Invoked command in '/home/chemweno/Neural-Knights/build/articubot_one' returned '0': CMAKE_PREFIX_PATH=/opt/ros/humble /usr/bin/cmake --install /home/chemweno/Neural-Knights/build/articubot_one
[0.567s] Level 1:colcon.colcon_core.environment:checking '/home/chemweno/Neural-Knights/install/articubot_one' for CMake module files
[0.568s] Level 1:colcon.colcon_core.environment:checking '/home/chemweno/Neural-Knights/install/articubot_one' for CMake config files
[0.568s] Level 1:colcon.colcon_core.shell:create_environment_hook('articubot_one', 'cmake_prefix_path')
[0.569s] INFO:colcon.colcon_core.shell:Creating environment hook '/home/chemweno/Neural-Knights/install/articubot_one/share/articubot_one/hook/cmake_prefix_path.ps1'
[0.570s] INFO:colcon.colcon_core.shell:Creating environment descriptor '/home/chemweno/Neural-Knights/install/articubot_one/share/articubot_one/hook/cmake_prefix_path.dsv'
[0.570s] INFO:colcon.colcon_core.shell:Creating environment hook '/home/chemweno/Neural-Knights/install/articubot_one/share/articubot_one/hook/cmake_prefix_path.sh'
[0.572s] Level 1:colcon.colcon_core.environment:checking '/home/chemweno/Neural-Knights/install/articubot_one/bin'
[0.572s] Level 1:colcon.colcon_core.environment:checking '/home/chemweno/Neural-Knights/install/articubot_one/lib/pkgconfig/articubot_one.pc'
[0.573s] Level 1:colcon.colcon_core.environment:checking '/home/chemweno/Neural-Knights/install/articubot_one/lib/python3.10/site-packages'
[0.573s] Level 1:colcon.colcon_core.environment:checking '/home/chemweno/Neural-Knights/install/articubot_one/bin'
[0.574s] INFO:colcon.colcon_core.shell:Creating package script '/home/chemweno/Neural-Knights/install/articubot_one/share/articubot_one/package.ps1'
[0.576s] INFO:colcon.colcon_core.shell:Creating package descriptor '/home/chemweno/Neural-Knights/install/articubot_one/share/articubot_one/package.dsv'
[0.577s] INFO:colcon.colcon_core.shell:Creating package script '/home/chemweno/Neural-Knights/install/articubot_one/share/articubot_one/package.sh'
[0.579s] INFO:colcon.colcon_core.shell:Creating package script '/home/chemweno/Neural-Knights/install/articubot_one/share/articubot_one/package.bash'
[0.581s] INFO:colcon.colcon_core.shell:Creating package script '/home/chemweno/Neural-Knights/install/articubot_one/share/articubot_one/package.zsh'
[0.583s] Level 1:colcon.colcon_core.environment:create_file_with_runtime_dependencies(/home/chemweno/Neural-Knights/install/articubot_one/share/colcon-core/packages/articubot_one)
[0.584s] Level 1:colcon.colcon_core.environment:create_environment_scripts_only(articubot_one)
[0.585s] Level 1:colcon.colcon_core.environment:checking '/home/chemweno/Neural-Knights/install/articubot_one' for CMake module files
[0.586s] Level 1:colcon.colcon_core.environment:checking '/home/chemweno/Neural-Knights/install/articubot_one' for CMake config files
[0.586s] Level 1:colcon.colcon_core.shell:create_environment_hook('articubot_one', 'cmake_prefix_path')
[0.587s] INFO:colcon.colcon_core.shell:Creating environment hook '/home/chemweno/Neural-Knights/install/articubot_one/share/articubot_one/hook/cmake_prefix_path.ps1'
[0.588s] INFO:colcon.colcon_core.shell:Creating environment descriptor '/home/chemweno/Neural-Knights/install/articubot_one/share/articubot_one/hook/cmake_prefix_path.dsv'
[0.588s] INFO:colcon.colcon_core.shell:Creating environment hook '/home/chemweno/Neural-Knights/install/articubot_one/share/articubot_one/hook/cmake_prefix_path.sh'
[0.589s] Level 1:colcon.colcon_core.environment:checking '/home/chemweno/Neural-Knights/install/articubot_one/bin'
[0.589s] Level 1:colcon.colcon_core.environment:checking '/home/chemweno/Neural-Knights/install/articubot_one/lib/pkgconfig/articubot_one.pc'
[0.590s] Level 1:colcon.colcon_core.environment:checking '/home/chemweno/Neural-Knights/install/articubot_one/lib/python3.10/site-packages'
[0.590s] Level 1:colcon.colcon_core.environment:checking '/home/chemweno/Neural-Knights/install/articubot_one/bin'
[0.591s] INFO:colcon.colcon_core.shell:Creating package script '/home/chemweno/Neural-Knights/install/articubot_one/share/articubot_one/package.ps1'
[0.592s] INFO:colcon.colcon_core.shell:Creating package descriptor '/home/chemweno/Neural-Knights/install/articubot_one/share/articubot_one/package.dsv'
[0.594s] INFO:colcon.colcon_core.shell:Creating package script '/home/chemweno/Neural-Knights/install/articubot_one/share/articubot_one/package.sh'
[0.595s] INFO:colcon.colcon_core.shell:Creating package script '/home/chemweno/Neural-Knights/install/articubot_one/share/articubot_one/package.bash'
[0.595s] INFO:colcon.colcon_core.shell:Creating package script '/home/chemweno/Neural-Knights/install/articubot_one/share/articubot_one/package.zsh'
[0.597s] Level 1:colcon.colcon_core.environment:create_file_with_runtime_dependencies(/home/chemweno/Neural-Knights/install/articubot_one/share/colcon-core/packages/articubot_one)
[0.604s] DEBUG:colcon.colcon_core.event_handler.log_command:Invoked command in '/home/chemweno/Neural-Knights/build/gazebo_ros2_control' returned '0': CMAKE_PREFIX_PATH=/opt/ros/humble /usr/bin/cmake --build /home/chemweno/Neural-Knights/build/gazebo_ros2_control -- -j4 -l4
[0.606s] DEBUG:colcon.colcon_core.event_handler.log_command:Invoking command in '/home/chemweno/Neural-Knights/build/gazebo_ros2_control': CMAKE_PREFIX_PATH=/opt/ros/humble /usr/bin/cmake --install /home/chemweno/Neural-Knights/build/gazebo_ros2_control
[0.608s] DEBUG:colcon.colcon_core.event_handler.log_command:Invoked command in '/home/chemweno/Neural-Knights/build/serial' returned '0': CMAKE_PREFIX_PATH=/opt/ros/humble /usr/bin/cmake --build /home/chemweno/Neural-Knights/build/serial -- -j4 -l4
[0.611s] DEBUG:colcon.colcon_core.event_handler.log_command:Invoking command in '/home/chemweno/Neural-Knights/build/serial': CMAKE_PREFIX_PATH=/opt/ros/humble /usr/bin/cmake --install /home/chemweno/Neural-Knights/build/serial
[0.635s] Level 1:colcon.colcon_core.environment:create_environment_scripts_only(gazebo_ros2_control)
[0.635s] Level 1:colcon.colcon_core.environment:checking '/home/chemweno/Neural-Knights/install/gazebo_ros2_control' for CMake module files
[0.636s] DEBUG:colcon.colcon_core.event_handler.log_command:Invoked command in '/home/chemweno/Neural-Knights/build/gazebo_ros2_control' returned '0': CMAKE_PREFIX_PATH=/opt/ros/humble /usr/bin/cmake --install /home/chemweno/Neural-Knights/build/gazebo_ros2_control
[0.637s] Level 1:colcon.colcon_core.environment:checking '/home/chemweno/Neural-Knights/install/gazebo_ros2_control' for CMake config files
[0.638s] Level 1:colcon.colcon_core.shell:create_environment_hook('gazebo_ros2_control', 'cmake_prefix_path')
[0.639s] INFO:colcon.colcon_core.shell:Creating environment hook '/home/chemweno/Neural-Knights/install/gazebo_ros2_control/share/gazebo_ros2_control/hook/cmake_prefix_path.ps1'
[0.639s] INFO:colcon.colcon_core.shell:Creating environment descriptor '/home/chemweno/Neural-Knights/install/gazebo_ros2_control/share/gazebo_ros2_control/hook/cmake_prefix_path.dsv'
[0.640s] INFO:colcon.colcon_core.shell:Creating environment hook '/home/chemweno/Neural-Knights/install/gazebo_ros2_control/share/gazebo_ros2_control/hook/cmake_prefix_path.sh'
[0.640s] Level 1:colcon.colcon_core.environment:checking '/home/chemweno/Neural-Knights/install/gazebo_ros2_control/lib'
[0.641s] Level 1:colcon.colcon_core.shell:create_environment_hook('gazebo_ros2_control', 'ld_library_path_lib')
[0.641s] INFO:colcon.colcon_core.shell:Creating environment hook '/home/chemweno/Neural-Knights/install/gazebo_ros2_control/share/gazebo_ros2_control/hook/ld_library_path_lib.ps1'
[0.642s] INFO:colcon.colcon_core.shell:Creating environment descriptor '/home/chemweno/Neural-Knights/install/gazebo_ros2_control/share/gazebo_ros2_control/hook/ld_library_path_lib.dsv'
[0.642s] INFO:colcon.colcon_core.shell:Creating environment hook '/home/chemweno/Neural-Knights/install/gazebo_ros2_control/share/gazebo_ros2_control/hook/ld_library_path_lib.sh'
[0.642s] Level 1:colcon.colcon_core.environment:checking '/home/chemweno/Neural-Knights/install/gazebo_ros2_control/bin'
[0.643s] Level 1:colcon.colcon_core.environment:checking '/home/chemweno/Neural-Knights/install/gazebo_ros2_control/lib/pkgconfig/gazebo_ros2_control.pc'
[0.643s] Level 1:colcon.colcon_core.environment:checking '/home/chemweno/Neural-Knights/install/gazebo_ros2_control/lib/python3.10/site-packages'
[0.643s] Level 1:colcon.colcon_core.environment:checking '/home/chemweno/Neural-Knights/install/gazebo_ros2_control/bin'
[0.643s] INFO:colcon.colcon_core.shell:Creating package script '/home/chemweno/Neural-Knights/install/gazebo_ros2_control/share/gazebo_ros2_control/package.ps1'
[0.644s] INFO:colcon.colcon_core.shell:Creating package descriptor '/home/chemweno/Neural-Knights/install/gazebo_ros2_control/share/gazebo_ros2_control/package.dsv'
[0.644s] INFO:colcon.colcon_core.shell:Creating package script '/home/chemweno/Neural-Knights/install/gazebo_ros2_control/share/gazebo_ros2_control/package.sh'
[0.645s] INFO:colcon.colcon_core.shell:Creating package script '/home/chemweno/Neural-Knights/install/gazebo_ros2_control/share/gazebo_ros2_control/package.bash'
[0.645s] INFO:colcon.colcon_core.shell:Creating package script '/home/chemweno/Neural-Knights/install/gazebo_ros2_control/share/gazebo_ros2_control/package.zsh'
[0.645s] Level 1:colcon.colcon_core.environment:create_file_with_runtime_dependencies(/home/chemweno/Neural-Knights/install/gazebo_ros2_control/share/colcon-core/packages/gazebo_ros2_control)
[0.646s] Level 1:colcon.colcon_core.environment:create_environment_scripts_only(gazebo_ros2_control)
[0.646s] Level 1:colcon.colcon_core.environment:checking '/home/chemweno/Neural-Knights/install/gazebo_ros2_control' for CMake module files
[0.646s] Level 1:colcon.colcon_core.environment:checking '/home/chemweno/Neural-Knights/install/gazebo_ros2_control' for CMake config files
[0.647s] Level 1:colcon.colcon_core.shell:create_environment_hook('gazebo_ros2_control', 'cmake_prefix_path')
[0.647s] INFO:colcon.colcon_core.shell:Creating environment hook '/home/chemweno/Neural-Knights/install/gazebo_ros2_control/share/gazebo_ros2_control/hook/cmake_prefix_path.ps1'
[0.647s] INFO:colcon.colcon_core.shell:Creating environment descriptor '/home/chemweno/Neural-Knights/install/gazebo_ros2_control/share/gazebo_ros2_control/hook/cmake_prefix_path.dsv'
[0.648s] INFO:colcon.colcon_core.shell:Creating environment hook '/home/chemweno/Neural-Knights/install/gazebo_ros2_control/share/gazebo_ros2_control/hook/cmake_prefix_path.sh'
[0.648s] Level 1:colcon.colcon_core.environment:checking '/home/chemweno/Neural-Knights/install/gazebo_ros2_control/lib'
[0.648s] Level 1:colcon.colcon_core.shell:create_environment_hook('gazebo_ros2_control', 'ld_library_path_lib')
[0.649s] INFO:colcon.colcon_core.shell:Creating environment hook '/home/chemweno/Neural-Knights/install/gazebo_ros2_control/share/gazebo_ros2_control/hook/ld_library_path_lib.ps1'
[0.649s] INFO:colcon.colcon_core.shell:Creating environment descriptor '/home/chemweno/Neural-Knights/install/gazebo_ros2_control/share/gazebo_ros2_control/hook/ld_library_path_lib.dsv'
[0.649s] INFO:colcon.colcon_core.shell:Creating environment hook '/home/chemweno/Neural-Knights/install/gazebo_ros2_control/share/gazebo_ros2_control/hook/ld_library_path_lib.sh'
[0.650s] Level 1:colcon.colcon_core.environment:checking '/home/chemweno/Neural-Knights/install/gazebo_ros2_control/bin'
[0.650s] Level 1:colcon.colcon_core.environment:checking '/home/chemweno/Neural-Knights/install/gazebo_ros2_control/lib/pkgconfig/gazebo_ros2_control.pc'
[0.650s] Level 1:colcon.colcon_core.environment:checking '/home/chemweno/Neural-Knights/install/gazebo_ros2_control/lib/python3.10/site-packages'
[0.650s] Level 1:colcon.colcon_core.environment:checking '/home/chemweno/Neural-Knights/install/gazebo_ros2_control/bin'
[0.650s] INFO:colcon.colcon_core.shell:Creating package script '/home/chemweno/Neural-Knights/install/gazebo_ros2_control/share/gazebo_ros2_control/package.ps1'
[0.651s] INFO:colcon.colcon_core.shell:Creating package descriptor '/home/chemweno/Neural-Knights/install/gazebo_ros2_control/share/gazebo_ros2_control/package.dsv'
[0.651s] INFO:colcon.colcon_core.shell:Creating package script '/home/chemweno/Neural-Knights/install/gazebo_ros2_control/share/gazebo_ros2_control/package.sh'
[0.652s] INFO:colcon.colcon_core.shell:Creating package script '/home/chemweno/Neural-Knights/install/gazebo_ros2_control/share/gazebo_ros2_control/package.bash'
[0.652s] INFO:colcon.colcon_core.shell:Creating package script '/home/chemweno/Neural-Knights/install/gazebo_ros2_control/share/gazebo_ros2_control/package.zsh'
[0.653s] Level 1:colcon.colcon_core.environment:create_file_with_runtime_dependencies(/home/chemweno/Neural-Knights/install/gazebo_ros2_control/share/colcon-core/packages/gazebo_ros2_control)
[0.653s] INFO:colcon.colcon_ros.task.ament_cmake.build:Building ROS package in '/home/chemweno/Neural-Knights/src/gazebo_ros2_control/gazebo_ros2_control_demos' with build type 'ament_cmake'
[0.653s] INFO:colcon.colcon_cmake.task.cmake.build:Building CMake package in '/home/chemweno/Neural-Knights/src/gazebo_ros2_control/gazebo_ros2_control_demos'
[0.653s] INFO:colcon.colcon_core.shell:Skip shell extension 'powershell' for command environment: Not usable outside of PowerShell
[0.653s] DEBUG:colcon.colcon_core.shell:Skip shell extension 'dsv' for command environment
[0.659s] Level 1:colcon.colcon_core.environment:create_environment_scripts_only(serial)
[0.659s] Level 1:colcon.colcon_core.environment:checking '/home/chemweno/Neural-Knights/install/serial' for CMake module files
[0.660s] DEBUG:colcon.colcon_core.event_handler.log_command:Invoked command in '/home/chemweno/Neural-Knights/build/serial' returned '0': CMAKE_PREFIX_PATH=/opt/ros/humble /usr/bin/cmake --install /home/chemweno/Neural-Knights/build/serial
[0.660s] Level 1:colcon.colcon_core.environment:checking '/home/chemweno/Neural-Knights/install/serial' for CMake config files
[0.661s] Level 1:colcon.colcon_core.shell:create_environment_hook('serial', 'cmake_prefix_path')
[0.661s] INFO:colcon.colcon_core.shell:Creating environment hook '/home/chemweno/Neural-Knights/install/serial/share/serial/hook/cmake_prefix_path.ps1'
[0.662s] INFO:colcon.colcon_core.shell:Creating environment descriptor '/home/chemweno/Neural-Knights/install/serial/share/serial/hook/cmake_prefix_path.dsv'
[0.662s] INFO:colcon.colcon_core.shell:Creating environment hook '/home/chemweno/Neural-Knights/install/serial/share/serial/hook/cmake_prefix_path.sh'
[0.663s] Level 1:colcon.colcon_core.environment:checking '/home/chemweno/Neural-Knights/install/serial/lib'
[0.663s] Level 1:colcon.colcon_core.environment:checking '/home/chemweno/Neural-Knights/install/serial/bin'
[0.663s] Level 1:colcon.colcon_core.environment:checking '/home/chemweno/Neural-Knights/install/serial/lib/pkgconfig/serial.pc'
[0.664s] Level 1:colcon.colcon_core.environment:checking '/home/chemweno/Neural-Knights/install/serial/lib/python3.10/site-packages'
[0.664s] Level 1:colcon.colcon_core.environment:checking '/home/chemweno/Neural-Knights/install/serial/bin'
[0.664s] INFO:colcon.colcon_core.shell:Creating package script '/home/chemweno/Neural-Knights/install/serial/share/serial/package.ps1'
[0.665s] INFO:colcon.colcon_core.shell:Creating package descriptor '/home/chemweno/Neural-Knights/install/serial/share/serial/package.dsv'
[0.665s] INFO:colcon.colcon_core.shell:Creating package script '/home/chemweno/Neural-Knights/install/serial/share/serial/package.sh'
[0.666s] INFO:colcon.colcon_core.shell:Creating package script '/home/chemweno/Neural-Knights/install/serial/share/serial/package.bash'
[0.666s] INFO:colcon.colcon_core.shell:Creating package script '/home/chemweno/Neural-Knights/install/serial/share/serial/package.zsh'
[0.667s] Level 1:colcon.colcon_core.environment:create_file_with_runtime_dependencies(/home/chemweno/Neural-Knights/install/serial/share/colcon-core/packages/serial)
[0.667s] Level 1:colcon.colcon_core.environment:create_environment_scripts_only(serial)
[0.668s] Level 1:colcon.colcon_core.environment:checking '/home/chemweno/Neural-Knights/install/serial' for CMake module files
[0.669s] Level 1:colcon.colcon_core.environment:checking '/home/chemweno/Neural-Knights/install/serial' for CMake config files
[0.669s] Level 1:colcon.colcon_core.shell:create_environment_hook('serial', 'cmake_prefix_path')
[0.669s] INFO:colcon.colcon_core.shell:Creating environment hook '/home/chemweno/Neural-Knights/install/serial/share/serial/hook/cmake_prefix_path.ps1'
[0.670s] INFO:colcon.colcon_core.shell:Creating environment descriptor '/home/chemweno/Neural-Knights/install/serial/share/serial/hook/cmake_prefix_path.dsv'
[0.670s] INFO:colcon.colcon_core.shell:Creating environment hook '/home/chemweno/Neural-Knights/install/serial/share/serial/hook/cmake_prefix_path.sh'
[0.671s] Level 1:colcon.colcon_core.environment:checking '/home/chemweno/Neural-Knights/install/serial/lib'
[0.671s] Level 1:colcon.colcon_core.environment:checking '/home/chemweno/Neural-Knights/install/serial/bin'
[0.671s] Level 1:colcon.colcon_core.environment:checking '/home/chemweno/Neural-Knights/install/serial/lib/pkgconfig/serial.pc'
[0.671s] Level 1:colcon.colcon_core.environment:checking '/home/chemweno/Neural-Knights/install/serial/lib/python3.10/site-packages'
[0.671s] Level 1:colcon.colcon_core.environment:checking '/home/chemweno/Neural-Knights/install/serial/bin'
[0.672s] INFO:colcon.colcon_core.shell:Creating package script '/home/chemweno/Neural-Knights/install/serial/share/serial/package.ps1'
[0.672s] INFO:colcon.colcon_core.shell:Creating package descriptor '/home/chemweno/Neural-Knights/install/serial/share/serial/package.dsv'
[0.673s] INFO:colcon.colcon_core.shell:Creating package script '/home/chemweno/Neural-Knights/install/serial/share/serial/package.sh'
[0.673s] INFO:colcon.colcon_core.shell:Creating package script '/home/chemweno/Neural-Knights/install/serial/share/serial/package.bash'
[0.673s] INFO:colcon.colcon_core.shell:Creating package script '/home/chemweno/Neural-Knights/install/serial/share/serial/package.zsh'
[0.674s] Level 1:colcon.colcon_core.environment:create_file_with_runtime_dependencies(/home/chemweno/Neural-Knights/install/serial/share/colcon-core/packages/serial)
[0.675s] INFO:colcon.colcon_ros.task.ament_cmake.build:Building ROS package in '/home/chemweno/Neural-Knights/src/diffdrive_arduino' with build type 'ament_cmake'
[0.675s] INFO:colcon.colcon_cmake.task.cmake.build:Building CMake package in '/home/chemweno/Neural-Knights/src/diffdrive_arduino'
[0.675s] INFO:colcon.colcon_core.shell:Skip shell extension 'powershell' for command environment: Not usable outside of PowerShell
[0.675s] DEBUG:colcon.colcon_core.shell:Skip shell extension 'dsv' for command environment
[0.684s] DEBUG:colcon.colcon_core.event_handler.log_command:Invoking command in '/home/chemweno/Neural-Knights/build/gazebo_ros2_control_demos': AMENT_PREFIX_PATH=/home/chemweno/Neural-Knights/install/gazebo_ros2_control:${AMENT_PREFIX_PATH} CMAKE_PREFIX_PATH=/home/chemweno/Neural-Knights/install/gazebo_ros2_control:/opt/ros/humble LD_LIBRARY_PATH=/home/chemweno/Neural-Knights/install/gazebo_ros2_control/lib:${LD_LIBRARY_PATH} /usr/bin/cmake --build /home/chemweno/Neural-Knights/build/gazebo_ros2_control_demos -- -j4 -l4
[0.688s] DEBUG:colcon.colcon_core.event_handler.log_command:Invoking command in '/home/chemweno/Neural-Knights/build/diffdrive_arduino': AMENT_PREFIX_PATH=/home/chemweno/Neural-Knights/install/serial:${AMENT_PREFIX_PATH} CMAKE_PREFIX_PATH=/home/chemweno/Neural-Knights/install/serial:/opt/ros/humble LD_LIBRARY_PATH=/home/chemweno/Neural-Knights/install/serial/lib:${LD_LIBRARY_PATH} /usr/bin/cmake --build /home/chemweno/Neural-Knights/build/diffdrive_arduino -- -j4 -l4
[0.805s] DEBUG:colcon.colcon_core.event_handler.log_command:Invoked command in '/home/chemweno/Neural-Knights/build/diffdrive_arduino' returned '0': AMENT_PREFIX_PATH=/home/chemweno/Neural-Knights/install/serial:${AMENT_PREFIX_PATH} CMAKE_PREFIX_PATH=/home/chemweno/Neural-Knights/install/serial:/opt/ros/humble LD_LIBRARY_PATH=/home/chemweno/Neural-Knights/install/serial/lib:${LD_LIBRARY_PATH} /usr/bin/cmake --build /home/chemweno/Neural-Knights/build/diffdrive_arduino -- -j4 -l4
[0.806s] DEBUG:colcon.colcon_core.event_handler.log_command:Invoking command in '/home/chemweno/Neural-Knights/build/diffdrive_arduino': AMENT_PREFIX_PATH=/home/chemweno/Neural-Knights/install/serial:${AMENT_PREFIX_PATH} CMAKE_PREFIX_PATH=/home/chemweno/Neural-Knights/install/serial:/opt/ros/humble LD_LIBRARY_PATH=/home/chemweno/Neural-Knights/install/serial/lib:${LD_LIBRARY_PATH} /usr/bin/cmake --install /home/chemweno/Neural-Knights/build/diffdrive_arduino
[0.830s] DEBUG:colcon.colcon_core.event_handler.log_command:Invoked command in '/home/chemweno/Neural-Knights/build/gazebo_ros2_control_demos' returned '0': AMENT_PREFIX_PATH=/home/chemweno/Neural-Knights/install/gazebo_ros2_control:${AMENT_PREFIX_PATH} CMAKE_PREFIX_PATH=/home/chemweno/Neural-Knights/install/gazebo_ros2_control:/opt/ros/humble LD_LIBRARY_PATH=/home/chemweno/Neural-Knights/install/gazebo_ros2_control/lib:${LD_LIBRARY_PATH} /usr/bin/cmake --build /home/chemweno/Neural-Knights/build/gazebo_ros2_control_demos -- -j4 -l4
[0.832s] DEBUG:colcon.colcon_core.event_handler.log_command:Invoking command in '/home/chemweno/Neural-Knights/build/gazebo_ros2_control_demos': AMENT_PREFIX_PATH=/home/chemweno/Neural-Knights/install/gazebo_ros2_control:${AMENT_PREFIX_PATH} CMAKE_PREFIX_PATH=/home/chemweno/Neural-Knights/install/gazebo_ros2_control:/opt/ros/humble LD_LIBRARY_PATH=/home/chemweno/Neural-Knights/install/gazebo_ros2_control/lib:${LD_LIBRARY_PATH} /usr/bin/cmake --install /home/chemweno/Neural-Knights/build/gazebo_ros2_control_demos
[0.834s] Level 1:colcon.colcon_core.environment:create_environment_scripts_only(diffdrive_arduino)
[0.835s] Level 1:colcon.colcon_core.environment:checking '/home/chemweno/Neural-Knights/install/diffdrive_arduino' for CMake module files
[0.836s] DEBUG:colcon.colcon_core.event_handler.log_command:Invoked command in '/home/chemweno/Neural-Knights/build/diffdrive_arduino' returned '0': AMENT_PREFIX_PATH=/home/chemweno/Neural-Knights/install/serial:${AMENT_PREFIX_PATH} CMAKE_PREFIX_PATH=/home/chemweno/Neural-Knights/install/serial:/opt/ros/humble LD_LIBRARY_PATH=/home/chemweno/Neural-Knights/install/serial/lib:${LD_LIBRARY_PATH} /usr/bin/cmake --install /home/chemweno/Neural-Knights/build/diffdrive_arduino
[0.836s] Level 1:colcon.colcon_core.environment:checking '/home/chemweno/Neural-Knights/install/diffdrive_arduino' for CMake config files
[0.837s] Level 1:colcon.colcon_core.shell:create_environment_hook('diffdrive_arduino', 'cmake_prefix_path')
[0.837s] INFO:colcon.colcon_core.shell:Creating environment hook '/home/chemweno/Neural-Knights/install/diffdrive_arduino/share/diffdrive_arduino/hook/cmake_prefix_path.ps1'
[0.838s] INFO:colcon.colcon_core.shell:Creating environment descriptor '/home/chemweno/Neural-Knights/install/diffdrive_arduino/share/diffdrive_arduino/hook/cmake_prefix_path.dsv'
[0.839s] INFO:colcon.colcon_core.shell:Creating environment hook '/home/chemweno/Neural-Knights/install/diffdrive_arduino/share/diffdrive_arduino/hook/cmake_prefix_path.sh'
[0.839s] Level 1:colcon.colcon_core.environment:checking '/home/chemweno/Neural-Knights/install/diffdrive_arduino/lib'
[0.839s] Level 1:colcon.colcon_core.shell:create_environment_hook('diffdrive_arduino', 'ld_library_path_lib')
[0.840s] INFO:colcon.colcon_core.shell:Creating environment hook '/home/chemweno/Neural-Knights/install/diffdrive_arduino/share/diffdrive_arduino/hook/ld_library_path_lib.ps1'
[0.841s] INFO:colcon.colcon_core.shell:Creating environment descriptor '/home/chemweno/Neural-Knights/install/diffdrive_arduino/share/diffdrive_arduino/hook/ld_library_path_lib.dsv'
[0.842s] INFO:colcon.colcon_core.shell:Creating environment hook '/home/chemweno/Neural-Knights/install/diffdrive_arduino/share/diffdrive_arduino/hook/ld_library_path_lib.sh'
[0.843s] Level 1:colcon.colcon_core.environment:checking '/home/chemweno/Neural-Knights/install/diffdrive_arduino/bin'
[0.843s] Level 1:colcon.colcon_core.environment:checking '/home/chemweno/Neural-Knights/install/diffdrive_arduino/lib/pkgconfig/diffdrive_arduino.pc'
[0.843s] Level 1:colcon.colcon_core.environment:checking '/home/chemweno/Neural-Knights/install/diffdrive_arduino/lib/python3.10/site-packages'
[0.844s] Level 1:colcon.colcon_core.environment:checking '/home/chemweno/Neural-Knights/install/diffdrive_arduino/bin'
[0.844s] INFO:colcon.colcon_core.shell:Creating package script '/home/chemweno/Neural-Knights/install/diffdrive_arduino/share/diffdrive_arduino/package.ps1'
[0.847s] INFO:colcon.colcon_core.shell:Creating package descriptor '/home/chemweno/Neural-Knights/install/diffdrive_arduino/share/diffdrive_arduino/package.dsv'
[0.851s] INFO:colcon.colcon_core.shell:Creating package script '/home/chemweno/Neural-Knights/install/diffdrive_arduino/share/diffdrive_arduino/package.sh'
[0.853s] INFO:colcon.colcon_core.shell:Creating package script '/home/chemweno/Neural-Knights/install/diffdrive_arduino/share/diffdrive_arduino/package.bash'
[0.855s] INFO:colcon.colcon_core.shell:Creating package script '/home/chemweno/Neural-Knights/install/diffdrive_arduino/share/diffdrive_arduino/package.zsh'
[0.856s] Level 1:colcon.colcon_core.environment:create_file_with_runtime_dependencies(/home/chemweno/Neural-Knights/install/diffdrive_arduino/share/colcon-core/packages/diffdrive_arduino)
[0.856s] Level 1:colcon.colcon_core.environment:create_environment_scripts_only(diffdrive_arduino)
[0.857s] Level 1:colcon.colcon_core.environment:checking '/home/chemweno/Neural-Knights/install/diffdrive_arduino' for CMake module files
[0.858s] Level 1:colcon.colcon_core.environment:checking '/home/chemweno/Neural-Knights/install/diffdrive_arduino' for CMake config files
[0.858s] Level 1:colcon.colcon_core.shell:create_environment_hook('diffdrive_arduino', 'cmake_prefix_path')
[0.859s] INFO:colcon.colcon_core.shell:Creating environment hook '/home/chemweno/Neural-Knights/install/diffdrive_arduino/share/diffdrive_arduino/hook/cmake_prefix_path.ps1'
[0.859s] INFO:colcon.colcon_core.shell:Creating environment descriptor '/home/chemweno/Neural-Knights/install/diffdrive_arduino/share/diffdrive_arduino/hook/cmake_prefix_path.dsv'
[0.860s] INFO:colcon.colcon_core.shell:Creating environment hook '/home/chemweno/Neural-Knights/install/diffdrive_arduino/share/diffdrive_arduino/hook/cmake_prefix_path.sh'
[0.860s] Level 1:colcon.colcon_core.environment:checking '/home/chemweno/Neural-Knights/install/diffdrive_arduino/lib'
[0.860s] Level 1:colcon.colcon_core.shell:create_environment_hook('diffdrive_arduino', 'ld_library_path_lib')
[0.861s] INFO:colcon.colcon_core.shell:Creating environment hook '/home/chemweno/Neural-Knights/install/diffdrive_arduino/share/diffdrive_arduino/hook/ld_library_path_lib.ps1'
[0.861s] INFO:colcon.colcon_core.shell:Creating environment descriptor '/home/chemweno/Neural-Knights/install/diffdrive_arduino/share/diffdrive_arduino/hook/ld_library_path_lib.dsv'
[0.862s] INFO:colcon.colcon_core.shell:Creating environment hook '/home/chemweno/Neural-Knights/install/diffdrive_arduino/share/diffdrive_arduino/hook/ld_library_path_lib.sh'
[0.863s] Level 1:colcon.colcon_core.environment:checking '/home/chemweno/Neural-Knights/install/diffdrive_arduino/bin'
[0.863s] Level 1:colcon.colcon_core.environment:checking '/home/chemweno/Neural-Knights/install/diffdrive_arduino/lib/pkgconfig/diffdrive_arduino.pc'
[0.863s] Level 1:colcon.colcon_core.environment:checking '/home/chemweno/Neural-Knights/install/diffdrive_arduino/lib/python3.10/site-packages'
[0.864s] Level 1:colcon.colcon_core.environment:checking '/home/chemweno/Neural-Knights/install/diffdrive_arduino/bin'
[0.864s] INFO:colcon.colcon_core.shell:Creating package script '/home/chemweno/Neural-Knights/install/diffdrive_arduino/share/diffdrive_arduino/package.ps1'
[0.866s] INFO:colcon.colcon_core.shell:Creating package descriptor '/home/chemweno/Neural-Knights/install/diffdrive_arduino/share/diffdrive_arduino/package.dsv'
[0.866s] INFO:colcon.colcon_core.shell:Creating package script '/home/chemweno/Neural-Knights/install/diffdrive_arduino/share/diffdrive_arduino/package.sh'
[0.867s] INFO:colcon.colcon_core.shell:Creating package script '/home/chemweno/Neural-Knights/install/diffdrive_arduino/share/diffdrive_arduino/package.bash'
[0.867s] INFO:colcon.colcon_core.shell:Creating package script '/home/chemweno/Neural-Knights/install/diffdrive_arduino/share/diffdrive_arduino/package.zsh'
[0.868s] Level 1:colcon.colcon_core.environment:create_file_with_runtime_dependencies(/home/chemweno/Neural-Knights/install/diffdrive_arduino/share/colcon-core/packages/diffdrive_arduino)
[0.869s] Level 1:colcon.colcon_core.environment:create_environment_scripts_only(gazebo_ros2_control_demos)
[0.869s] Level 1:colcon.colcon_core.environment:checking '/home/chemweno/Neural-Knights/install/gazebo_ros2_control_demos' for CMake module files
[0.870s] DEBUG:colcon.colcon_core.event_handler.log_command:Invoked command in '/home/chemweno/Neural-Knights/build/gazebo_ros2_control_demos' returned '0': AMENT_PREFIX_PATH=/home/chemweno/Neural-Knights/install/gazebo_ros2_control:${AMENT_PREFIX_PATH} CMAKE_PREFIX_PATH=/home/chemweno/Neural-Knights/install/gazebo_ros2_control:/opt/ros/humble LD_LIBRARY_PATH=/home/chemweno/Neural-Knights/install/gazebo_ros2_control/lib:${LD_LIBRARY_PATH} /usr/bin/cmake --install /home/chemweno/Neural-Knights/build/gazebo_ros2_control_demos
[0.871s] Level 1:colcon.colcon_core.environment:checking '/home/chemweno/Neural-Knights/install/gazebo_ros2_control_demos' for CMake config files
[0.871s] Level 1:colcon.colcon_core.shell:create_environment_hook('gazebo_ros2_control_demos', 'cmake_prefix_path')
[0.871s] INFO:colcon.colcon_core.shell:Creating environment hook '/home/chemweno/Neural-Knights/install/gazebo_ros2_control_demos/share/gazebo_ros2_control_demos/hook/cmake_prefix_path.ps1'
[0.872s] INFO:colcon.colcon_core.shell:Creating environment descriptor '/home/chemweno/Neural-Knights/install/gazebo_ros2_control_demos/share/gazebo_ros2_control_demos/hook/cmake_prefix_path.dsv'
[0.872s] INFO:colcon.colcon_core.shell:Creating environment hook '/home/chemweno/Neural-Knights/install/gazebo_ros2_control_demos/share/gazebo_ros2_control_demos/hook/cmake_prefix_path.sh'
[0.873s] Level 1:colcon.colcon_core.environment:checking '/home/chemweno/Neural-Knights/install/gazebo_ros2_control_demos/lib'
[0.873s] Level 1:colcon.colcon_core.environment:checking '/home/chemweno/Neural-Knights/install/gazebo_ros2_control_demos/bin'
[0.873s] Level 1:colcon.colcon_core.environment:checking '/home/chemweno/Neural-Knights/install/gazebo_ros2_control_demos/lib/pkgconfig/gazebo_ros2_control_demos.pc'
[0.873s] Level 1:colcon.colcon_core.environment:checking '/home/chemweno/Neural-Knights/install/gazebo_ros2_control_demos/lib/python3.10/site-packages'
[0.873s] Level 1:colcon.colcon_core.environment:checking '/home/chemweno/Neural-Knights/install/gazebo_ros2_control_demos/bin'
[0.874s] INFO:colcon.colcon_core.shell:Creating package script '/home/chemweno/Neural-Knights/install/gazebo_ros2_control_demos/share/gazebo_ros2_control_demos/package.ps1'
[0.874s] INFO:colcon.colcon_core.shell:Creating package descriptor '/home/chemweno/Neural-Knights/install/gazebo_ros2_control_demos/share/gazebo_ros2_control_demos/package.dsv'
[0.875s] INFO:colcon.colcon_core.shell:Creating package script '/home/chemweno/Neural-Knights/install/gazebo_ros2_control_demos/share/gazebo_ros2_control_demos/package.sh'
[0.875s] INFO:colcon.colcon_core.shell:Creating package script '/home/chemweno/Neural-Knights/install/gazebo_ros2_control_demos/share/gazebo_ros2_control_demos/package.bash'
[0.875s] INFO:colcon.colcon_core.shell:Creating package script '/home/chemweno/Neural-Knights/install/gazebo_ros2_control_demos/share/gazebo_ros2_control_demos/package.zsh'
[0.876s] Level 1:colcon.colcon_core.environment:create_file_with_runtime_dependencies(/home/chemweno/Neural-Knights/install/gazebo_ros2_control_demos/share/colcon-core/packages/gazebo_ros2_control_demos)
[0.876s] Level 1:colcon.colcon_core.environment:create_environment_scripts_only(gazebo_ros2_control_demos)
[0.876s] Level 1:colcon.colcon_core.environment:checking '/home/chemweno/Neural-Knights/install/gazebo_ros2_control_demos' for CMake module files
[0.877s] Level 1:colcon.colcon_core.environment:checking '/home/chemweno/Neural-Knights/install/gazebo_ros2_control_demos' for CMake config files
[0.877s] Level 1:colcon.colcon_core.shell:create_environment_hook('gazebo_ros2_control_demos', 'cmake_prefix_path')
[0.878s] INFO:colcon.colcon_core.shell:Creating environment hook '/home/chemweno/Neural-Knights/install/gazebo_ros2_control_demos/share/gazebo_ros2_control_demos/hook/cmake_prefix_path.ps1'
[0.878s] INFO:colcon.colcon_core.shell:Creating environment descriptor '/home/chemweno/Neural-Knights/install/gazebo_ros2_control_demos/share/gazebo_ros2_control_demos/hook/cmake_prefix_path.dsv'
[0.879s] INFO:colcon.colcon_core.shell:Creating environment hook '/home/chemweno/Neural-Knights/install/gazebo_ros2_control_demos/share/gazebo_ros2_control_demos/hook/cmake_prefix_path.sh'
[0.879s] Level 1:colcon.colcon_core.environment:checking '/home/chemweno/Neural-Knights/install/gazebo_ros2_control_demos/lib'
[0.879s] Level 1:colcon.colcon_core.environment:checking '/home/chemweno/Neural-Knights/install/gazebo_ros2_control_demos/bin'
[0.880s] Level 1:colcon.colcon_core.environment:checking '/home/chemweno/Neural-Knights/install/gazebo_ros2_control_demos/lib/pkgconfig/gazebo_ros2_control_demos.pc'
[0.880s] Level 1:colcon.colcon_core.environment:checking '/home/chemweno/Neural-Knights/install/gazebo_ros2_control_demos/lib/python3.10/site-packages'
[0.880s] Level 1:colcon.colcon_core.environment:checking '/home/chemweno/Neural-Knights/install/gazebo_ros2_control_demos/bin'
[0.881s] INFO:colcon.colcon_core.shell:Creating package script '/home/chemweno/Neural-Knights/install/gazebo_ros2_control_demos/share/gazebo_ros2_control_demos/package.ps1'
[0.881s] INFO:colcon.colcon_core.shell:Creating package descriptor '/home/chemweno/Neural-Knights/install/gazebo_ros2_control_demos/share/gazebo_ros2_control_demos/package.dsv'
[0.882s] INFO:colcon.colcon_core.shell:Creating package script '/home/chemweno/Neural-Knights/install/gazebo_ros2_control_demos/share/gazebo_ros2_control_demos/package.sh'
[0.882s] INFO:colcon.colcon_core.shell:Creating package script '/home/chemweno/Neural-Knights/install/gazebo_ros2_control_demos/share/gazebo_ros2_control_demos/package.bash'
[0.882s] INFO:colcon.colcon_core.shell:Creating package script '/home/chemweno/Neural-Knights/install/gazebo_ros2_control_demos/share/gazebo_ros2_control_demos/package.zsh'
[0.883s] Level 1:colcon.colcon_core.environment:create_file_with_runtime_dependencies(/home/chemweno/Neural-Knights/install/gazebo_ros2_control_demos/share/colcon-core/packages/gazebo_ros2_control_demos)
[0.883s] DEBUG:colcon.colcon_parallel_executor.executor.parallel:closing loop
[0.883s] DEBUG:colcon.colcon_parallel_executor.executor.parallel:loop closed
[0.883s] DEBUG:colcon.colcon_parallel_executor.executor.parallel:run_until_complete finished with '0'
[0.883s] DEBUG:colcon.colcon_core.event_reactor:joining thread
[0.890s] INFO:colcon.colcon_core.plugin_system:Skipping extension 'colcon_notification.desktop_notification.terminal_notifier': Not used on non-Darwin systems
[0.890s] INFO:colcon.colcon_core.plugin_system:Skipping extension 'colcon_notification.desktop_notification.win32': Not used on non-Windows systems
[0.890s] INFO:colcon.colcon_notification.desktop_notification:Sending desktop notification using 'notify2'
[0.900s] DEBUG:colcon.colcon_core.event_reactor:joined thread
[0.900s] INFO:colcon.colcon_core.shell:Creating prefix script '/home/chemweno/Neural-Knights/install/local_setup.ps1'
[0.901s] INFO:colcon.colcon_core.shell:Creating prefix util module '/home/chemweno/Neural-Knights/install/_local_setup_util_ps1.py'
[0.904s] INFO:colcon.colcon_core.shell:Creating prefix chain script '/home/chemweno/Neural-Knights/install/setup.ps1'
[0.905s] INFO:colcon.colcon_core.shell:Creating prefix script '/home/chemweno/Neural-Knights/install/local_setup.sh'
[0.906s] INFO:colcon.colcon_core.shell:Creating prefix util module '/home/chemweno/Neural-Knights/install/_local_setup_util_sh.py'
[0.906s] INFO:colcon.colcon_core.shell:Creating prefix chain script '/home/chemweno/Neural-Knights/install/setup.sh'
[0.907s] INFO:colcon.colcon_core.shell:Creating prefix script '/home/chemweno/Neural-Knights/install/local_setup.bash'
[0.908s] INFO:colcon.colcon_core.shell:Creating prefix chain script '/home/chemweno/Neural-Knights/install/setup.bash'
[0.909s] INFO:colcon.colcon_core.shell:Creating prefix script '/home/chemweno/Neural-Knights/install/local_setup.zsh'
[0.910s] INFO:colcon.colcon_core.shell:Creating prefix chain script '/home/chemweno/Neural-Knights/install/setup.zsh'
