[0.023s] Invoking command in '/home/chemweno/Neural-Knights/build/gazebo_ros2_control': CMAKE_PREFIX_PATH=/opt/ros/humble /usr/bin/cmake --build /home/chemweno/Neural-Knights/build/gazebo_ros2_control -- -j4 -l4
[0.243s] [ 50%] Built target gazebo_ros2_control
[0.244s] [100%] Built target gazebo_hardware_plugins
[0.269s] Invoked command in '/home/chemweno/Neural-Knights/build/gazebo_ros2_control' returned '0': CMAKE_PREFIX_PATH=/opt/ros/humble /usr/bin/cmake --build /home/chemweno/Neural-Knights/build/gazebo_ros2_control -- -j4 -l4
[0.271s] Invoking command in '/home/chemweno/Neural-Knights/build/gazebo_ros2_control': CMAKE_PREFIX_PATH=/opt/ros/humble /usr/bin/cmake --install /home/chemweno/Neural-Knights/build/gazebo_ros2_control
[0.280s] -- Install configuration: ""
[0.282s] -- Execute custom install script
[0.282s] -- Up-to-date symlink: /home/chemweno/Neural-Knights/install/gazebo_ros2_control/lib/libgazebo_ros2_control.so
[0.282s] -- Up-to-date symlink: /home/chemweno/Neural-Knights/install/gazebo_ros2_control/lib/libgazebo_hardware_plugins.so
[0.283s] -- Up-to-date symlink: /home/chemweno/Neural-Knights/install/gazebo_ros2_control/share/gazebo_ros2_control/environment/library_path.sh
[0.283s] -- Up-to-date symlink: /home/chemweno/Neural-Knights/install/gazebo_ros2_control/share/gazebo_ros2_control/environment/library_path.dsv
[0.284s] -- Up-to-date symlink: /home/chemweno/Neural-Knights/install/gazebo_ros2_control/include/gazebo_ros2_control/gazebo_ros2_control_plugin.hpp
[0.285s] -- Up-to-date symlink: /home/chemweno/Neural-Knights/install/gazebo_ros2_control/include/gazebo_ros2_control/gazebo_system.hpp
[0.285s] -- Up-to-date symlink: /home/chemweno/Neural-Knights/install/gazebo_ros2_control/include/gazebo_ros2_control/gazebo_system_interface.hpp
[0.285s] -- Up-to-date symlink: /home/chemweno/Neural-Knights/install/gazebo_ros2_control/share/gazebo_ros2_control//gazebo_hardware_plugins.xml
[0.285s] -- Up-to-date symlink: /home/chemweno/Neural-Knights/install/gazebo_ros2_control/share/ament_index/resource_index/package_run_dependencies/gazebo_ros2_control
[0.286s] -- Up-to-date symlink: /home/chemweno/Neural-Knights/install/gazebo_ros2_control/share/ament_index/resource_index/parent_prefix_path/gazebo_ros2_control
[0.286s] -- Up-to-date symlink: /home/chemweno/Neural-Knights/install/gazebo_ros2_control/share/gazebo_ros2_control/environment/ament_prefix_path.sh
[0.286s] -- Up-to-date symlink: /home/chemweno/Neural-Knights/install/gazebo_ros2_control/share/gazebo_ros2_control/environment/ament_prefix_path.dsv
[0.286s] -- Up-to-date symlink: /home/chemweno/Neural-Knights/install/gazebo_ros2_control/share/gazebo_ros2_control/environment/path.sh
[0.287s] -- Up-to-date symlink: /home/chemweno/Neural-Knights/install/gazebo_ros2_control/share/gazebo_ros2_control/environment/path.dsv
[0.287s] -- Up-to-date symlink: /home/chemweno/Neural-Knights/install/gazebo_ros2_control/share/gazebo_ros2_control/local_setup.bash
[0.287s] -- Up-to-date symlink: /home/chemweno/Neural-Knights/install/gazebo_ros2_control/share/gazebo_ros2_control/local_setup.sh
[0.288s] -- Up-to-date symlink: /home/chemweno/Neural-Knights/install/gazebo_ros2_control/share/gazebo_ros2_control/local_setup.zsh
[0.289s] -- Up-to-date symlink: /home/chemweno/Neural-Knights/install/gazebo_ros2_control/share/gazebo_ros2_control/local_setup.dsv
[0.289s] -- Symlinking: /home/chemweno/Neural-Knights/install/gazebo_ros2_control/share/gazebo_ros2_control/package.dsv
[0.297s] -- Up-to-date symlink: /home/chemweno/Neural-Knights/install/gazebo_ros2_control/share/ament_index/resource_index/packages/gazebo_ros2_control
[0.297s] -- Up-to-date symlink: /home/chemweno/Neural-Knights/install/gazebo_ros2_control/share/ament_index/resource_index/gazebo_ros2_control__pluginlib__plugin/gazebo_ros2_control
[0.297s] -- Up-to-date symlink: /home/chemweno/Neural-Knights/install/gazebo_ros2_control/share/gazebo_ros2_control/cmake/ament_cmake_export_include_directories-extras.cmake
[0.299s] -- Up-to-date symlink: /home/chemweno/Neural-Knights/install/gazebo_ros2_control/share/gazebo_ros2_control/cmake/ament_cmake_export_dependencies-extras.cmake
[0.299s] -- Up-to-date symlink: /home/chemweno/Neural-Knights/install/gazebo_ros2_control/share/gazebo_ros2_control/cmake/ament_cmake_export_libraries-extras.cmake
[0.299s] -- Up-to-date symlink: /home/chemweno/Neural-Knights/install/gazebo_ros2_control/share/gazebo_ros2_control/cmake/gazebo_ros2_controlConfig.cmake
[0.299s] -- Up-to-date symlink: /home/chemweno/Neural-Knights/install/gazebo_ros2_control/share/gazebo_ros2_control/cmake/gazebo_ros2_controlConfig-version.cmake
[0.299s] -- Up-to-date symlink: /home/chemweno/Neural-Knights/install/gazebo_ros2_control/share/gazebo_ros2_control/package.xml
[0.302s] Invoked command in '/home/chemweno/Neural-Knights/build/gazebo_ros2_control' returned '0': CMAKE_PREFIX_PATH=/opt/ros/humble /usr/bin/cmake --install /home/chemweno/Neural-Knights/build/gazebo_ros2_control
