[0.192s] Invoking command in '/home/neural/Neural-Knights/build/articubot_one': CMAKE_PREFIX_PATH=${CMAKE_PREFIX_PATH}:/opt/ros/humble /usr/bin/cmake --build /home/neural/Neural-Knights/build/articubot_one -- -j4 -l4
[0.607s] Invoked command in '/home/neural/Neural-Knights/build/articubot_one' returned '0': CMAKE_PREFIX_PATH=${CMAKE_PREFIX_PATH}:/opt/ros/humble /usr/bin/cmake --build /home/neural/Neural-Knights/build/articubot_one -- -j4 -l4
[0.670s] Invoking command in '/home/neural/Neural-Knights/build/articubot_one': CMAKE_PREFIX_PATH=${CMAKE_PREFIX_PATH}:/opt/ros/humble /usr/bin/cmake --install /home/neural/Neural-Knights/build/articubot_one
[0.748s] -- Install configuration: ""
[0.748s] -- Execute custom install script
[0.755s] -- Up-to-date symlink: /home/neural/Neural-Knights/install/articubot_one/share/articubot_one/config/empty.yaml
[0.759s] -- Up-to-date symlink: /home/neural/Neural-Knights/install/articubot_one/share/articubot_one/config/gaz_ros2_ctl_use_sim.yaml
[0.774s] -- Up-to-date symlink: /home/neural/Neural-Knights/install/articubot_one/share/articubot_one/config/gazebo_params.yaml
[0.779s] -- Up-to-date symlink: /home/neural/Neural-Knights/install/articubot_one/share/articubot_one/config/joystick.yaml
[0.780s] -- Up-to-date symlink: /home/neural/Neural-Knights/install/articubot_one/share/articubot_one/config/map_navigation.rviz
[0.780s] -- Up-to-date symlink: /home/neural/Neural-Knights/install/articubot_one/share/articubot_one/config/mapper_params_online_async.yaml
[0.781s] -- Up-to-date symlink: /home/neural/Neural-Knights/install/articubot_one/share/articubot_one/config/my_controllers.yaml
[0.781s] -- Up-to-date symlink: /home/neural/Neural-Knights/install/articubot_one/share/articubot_one/config/nav2_params.yaml
[0.790s] -- Up-to-date symlink: /home/neural/Neural-Knights/install/articubot_one/share/articubot_one/config/twist_mux.yaml
[0.795s] -- Up-to-date symlink: /home/neural/Neural-Knights/install/articubot_one/share/articubot_one/config/view_bot.rviz
[0.799s] -- Up-to-date symlink: /home/neural/Neural-Knights/install/articubot_one/share/articubot_one/description/gazebo_control.xacro
[0.803s] -- Up-to-date symlink: /home/neural/Neural-Knights/install/articubot_one/share/articubot_one/description/inertial_macros.xacro
[0.806s] -- Up-to-date symlink: /home/neural/Neural-Knights/install/articubot_one/share/articubot_one/description/robot.urdf.xacro
[0.810s] -- Up-to-date symlink: /home/neural/Neural-Knights/install/articubot_one/share/articubot_one/description/robot_all.xacro
[0.814s] -- Up-to-date symlink: /home/neural/Neural-Knights/install/articubot_one/share/articubot_one/description/ros2_control.xacro
[0.818s] -- Up-to-date symlink: /home/neural/Neural-Knights/install/articubot_one/share/articubot_one/launch/joystick.launch.py
[0.822s] -- Up-to-date symlink: /home/neural/Neural-Knights/install/articubot_one/share/articubot_one/launch/launch_robot.launch.py
[0.833s] -- Up-to-date symlink: /home/neural/Neural-Knights/install/articubot_one/share/articubot_one/launch/launch_sim.launch.py
[0.840s] -- Up-to-date symlink: /home/neural/Neural-Knights/install/articubot_one/share/articubot_one/launch/localization_launch.py
[0.840s] -- Up-to-date symlink: /home/neural/Neural-Knights/install/articubot_one/share/articubot_one/launch/navigation_launch.py
[0.841s] -- Up-to-date symlink: /home/neural/Neural-Knights/install/articubot_one/share/articubot_one/launch/online_async_launch.py
[0.841s] -- Up-to-date symlink: /home/neural/Neural-Knights/install/articubot_one/share/articubot_one/launch/rplidar.launch.py
[0.842s] -- Up-to-date symlink: /home/neural/Neural-Knights/install/articubot_one/share/articubot_one/launch/rsp.launch.py
[0.844s] -- Up-to-date symlink: /home/neural/Neural-Knights/install/articubot_one/share/articubot_one/worlds/empty.world
[0.846s] -- Up-to-date symlink: /home/neural/Neural-Knights/install/articubot_one/share/articubot_one/worlds/world1.world
[0.860s] -- Up-to-date symlink: /home/neural/Neural-Knights/install/articubot_one/share/articubot_one/worlds/world2.world
[0.866s] -- Up-to-date symlink: /home/neural/Neural-Knights/install/articubot_one/share/ament_index/resource_index/package_run_dependencies/articubot_one
[0.867s] -- Up-to-date symlink: /home/neural/Neural-Knights/install/articubot_one/share/ament_index/resource_index/parent_prefix_path/articubot_one
[0.868s] -- Up-to-date symlink: /home/neural/Neural-Knights/install/articubot_one/share/articubot_one/environment/ament_prefix_path.sh
[0.869s] -- Up-to-date symlink: /home/neural/Neural-Knights/install/articubot_one/share/articubot_one/environment/ament_prefix_path.dsv
[0.869s] -- Up-to-date symlink: /home/neural/Neural-Knights/install/articubot_one/share/articubot_one/environment/path.sh
[0.870s] -- Up-to-date symlink: /home/neural/Neural-Knights/install/articubot_one/share/articubot_one/environment/path.dsv
[0.892s] -- Up-to-date symlink: /home/neural/Neural-Knights/install/articubot_one/share/articubot_one/local_setup.bash
[0.901s] -- Up-to-date symlink: /home/neural/Neural-Knights/install/articubot_one/share/articubot_one/local_setup.sh
[0.904s] -- Up-to-date symlink: /home/neural/Neural-Knights/install/articubot_one/share/articubot_one/local_setup.zsh
[0.905s] -- Up-to-date symlink: /home/neural/Neural-Knights/install/articubot_one/share/articubot_one/local_setup.dsv
[0.906s] -- Symlinking: /home/neural/Neural-Knights/install/articubot_one/share/articubot_one/package.dsv
[0.998s] -- Up-to-date symlink: /home/neural/Neural-Knights/install/articubot_one/share/ament_index/resource_index/packages/articubot_one
[0.998s] -- Up-to-date symlink: /home/neural/Neural-Knights/install/articubot_one/share/articubot_one/cmake/articubot_oneConfig.cmake
[1.004s] -- Up-to-date symlink: /home/neural/Neural-Knights/install/articubot_one/share/articubot_one/cmake/articubot_oneConfig-version.cmake
[1.007s] -- Up-to-date symlink: /home/neural/Neural-Knights/install/articubot_one/share/articubot_one/package.xml
[1.041s] Invoked command in '/home/neural/Neural-Knights/build/articubot_one' returned '0': CMAKE_PREFIX_PATH=${CMAKE_PREFIX_PATH}:/opt/ros/humble /usr/bin/cmake --install /home/neural/Neural-Knights/build/articubot_one
