[0.079s] Invoking command in '/home/chemweno/Neural-Knights/build/serial': CMAKE_PREFIX_PATH=/opt/ros/humble /usr/bin/cmake --build /home/chemweno/Neural-Knights/build/serial -- -j4 -l4
[0.378s] [ 14%] Built target gtest
[0.389s] [ 28%] Built target gtest_main
[0.426s] [ 57%] Built target serial
[0.575s] [ 71%] Built target serial_example
[0.624s] [ 85%] Built target serial-test-timer
[0.675s] [100%] Built target serial-test
[0.765s] Invoked command in '/home/chemweno/Neural-Knights/build/serial' returned '0': CMAKE_PREFIX_PATH=/opt/ros/humble /usr/bin/cmake --build /home/chemweno/Neural-Knights/build/serial -- -j4 -l4
[0.777s] Invoking command in '/home/chemweno/Neural-Knights/build/serial': CMAKE_PREFIX_PATH=/opt/ros/humble /usr/bin/cmake --install /home/chemweno/Neural-Knights/build/serial
[0.802s] -- Install configuration: ""
[0.806s] -- Execute custom install script
[0.807s] -- Up-to-date symlink: /home/chemweno/Neural-Knights/install/serial/lib/libserial.a
[0.808s] -- Up-to-date symlink: /home/chemweno/Neural-Knights/install/serial/include/serial/serial.h
[0.809s] -- Up-to-date symlink: /home/chemweno/Neural-Knights/install/serial/include/serial/v8stdint.h
[0.810s] -- Up-to-date symlink: /home/chemweno/Neural-Knights/install/serial/share/serial/environment/library_path.sh
[0.810s] -- Up-to-date symlink: /home/chemweno/Neural-Knights/install/serial/share/serial/environment/library_path.dsv
[0.812s] -- Up-to-date symlink: /home/chemweno/Neural-Knights/install/serial/share/ament_index/resource_index/package_run_dependencies/serial
[0.814s] -- Up-to-date symlink: /home/chemweno/Neural-Knights/install/serial/share/ament_index/resource_index/parent_prefix_path/serial
[0.829s] -- Up-to-date symlink: /home/chemweno/Neural-Knights/install/serial/share/serial/environment/ament_prefix_path.sh
[0.843s] -- Up-to-date symlink: /home/chemweno/Neural-Knights/install/serial/share/serial/environment/ament_prefix_path.dsv
[0.844s] -- Up-to-date symlink: /home/chemweno/Neural-Knights/install/serial/share/serial/environment/path.sh
[0.844s] -- Up-to-date symlink: /home/chemweno/Neural-Knights/install/serial/share/serial/environment/path.dsv
[0.845s] -- Up-to-date symlink: /home/chemweno/Neural-Knights/install/serial/share/serial/local_setup.bash
[0.845s] -- Up-to-date symlink: /home/chemweno/Neural-Knights/install/serial/share/serial/local_setup.sh
[0.846s] -- Up-to-date symlink: /home/chemweno/Neural-Knights/install/serial/share/serial/local_setup.zsh
[0.846s] -- Up-to-date symlink: /home/chemweno/Neural-Knights/install/serial/share/serial/local_setup.dsv
[0.847s] -- Symlinking: /home/chemweno/Neural-Knights/install/serial/share/serial/package.dsv
[0.861s] -- Up-to-date symlink: /home/chemweno/Neural-Knights/install/serial/share/ament_index/resource_index/packages/serial
[0.862s] -- Up-to-date symlink: /home/chemweno/Neural-Knights/install/serial/share/serial/cmake/ament_cmake_export_include_directories-extras.cmake
[0.863s] -- Up-to-date symlink: /home/chemweno/Neural-Knights/install/serial/share/serial/cmake/ament_cmake_export_libraries-extras.cmake
[0.864s] -- Up-to-date symlink: /home/chemweno/Neural-Knights/install/serial/share/serial/cmake/serialConfig.cmake
[0.865s] -- Up-to-date symlink: /home/chemweno/Neural-Knights/install/serial/share/serial/cmake/serialConfig-version.cmake
[0.866s] -- Up-to-date symlink: /home/chemweno/Neural-Knights/install/serial/share/serial/package.xml
[0.880s] Invoked command in '/home/chemweno/Neural-Knights/build/serial' returned '0': CMAKE_PREFIX_PATH=/opt/ros/humble /usr/bin/cmake --install /home/chemweno/Neural-Knights/build/serial
