[0.022s] Invoking command in '/home/neural/Neural-Knights/build/gazebo_ros2_control': CMAKE_PREFIX_PATH=/opt/ros/humble /usr/bin/cmake /home/neural/Neural-Knights/src/gazebo_ros2_control/gazebo_ros2_control -DAMENT_CMAKE_SYMLINK_INSTALL=1 -DCMAKE_INSTALL_PREFIX=/home/neural/Neural-Knights/install/gazebo_ros2_control
[0.146s] -- The C compiler identification is GNU 11.4.0
[0.253s] -- The CXX compiler identification is GNU 11.4.0
[0.264s] -- Detecting C compiler ABI info
[0.378s] -- Detecting C compiler ABI info - done
[0.388s] -- Check for working C compiler: /usr/bin/cc - skipped
[0.388s] -- Detecting C compile features
[0.388s] -- Detecting C compile features - done
[0.392s] -- Detecting CXX compiler ABI info
[0.524s] -- Detecting CXX compiler ABI info - done
[0.536s] -- Check for working CXX compiler: /usr/bin/c++ - skipped
[0.536s] -- Detecting CXX compile features
[0.537s] -- Detecting CXX compile features - done
[0.541s] -- Found ament_cmake: 1.3.12 (/opt/ros/humble/share/ament_cmake/cmake)
[0.759s] -- Found Python3: /usr/bin/python3 (found version "3.10.12") found components: Interpreter 
[0.847s] -- Override CMake install command with custom implementation using symlinks instead of copying resources
[0.895s] -- Found angles: 1.15.0 (/opt/ros/humble/share/angles/cmake)
[0.901s] -- Found controller_manager: 2.52.0 (/opt/ros/humble/share/controller_manager/cmake)
[0.995s] -- Found rosidl_generator_c: 3.1.7 (/opt/ros/humble/share/rosidl_generator_c/cmake)
[1.006s] -- Found rosidl_adapter: 3.1.7 (/opt/ros/humble/share/rosidl_adapter/cmake)
[1.026s] -- Found rosidl_generator_cpp: 3.1.7 (/opt/ros/humble/share/rosidl_generator_cpp/cmake)
[1.056s] -- Using all available rosidl_typesupport_c: rosidl_typesupport_fastrtps_c;rosidl_typesupport_introspection_c
[1.093s] -- Using all available rosidl_typesupport_cpp: rosidl_typesupport_fastrtps_cpp;rosidl_typesupport_introspection_cpp
[1.694s] -- Found rmw_implementation_cmake: 6.1.2 (/opt/ros/humble/share/rmw_implementation_cmake/cmake)
[1.714s] -- Found rmw_fastrtps_cpp: 6.2.8 (/opt/ros/humble/share/rmw_fastrtps_cpp/cmake)
[1.882s] -- Found TinyXML2 via Config file: TinyXML2_DIR-NOTFOUND
[2.197s] -- Found OpenSSL: /usr/lib/x86_64-linux-gnu/libcrypto.so (found version "3.0.2")  
[2.207s] -- Found TinyXML2 via Config file: TinyXML2_DIR-NOTFOUND
[2.255s] -- Found FastRTPS: /opt/ros/humble/include  
[2.277s] -- Found TinyXML2 via Config file: TinyXML2_DIR-NOTFOUND
[2.310s] -- Found TinyXML2 via Config file: TinyXML2_DIR-NOTFOUND
[2.361s] -- Using RMW implementation 'rmw_fastrtps_cpp' as default
[2.392s] -- Looking for pthread.h
[2.658s] -- Looking for pthread.h - found
[2.658s] -- Performing Test CMAKE_HAVE_LIBC_PTHREAD
[2.783s] -- Performing Test CMAKE_HAVE_LIBC_PTHREAD - Success
[2.783s] -- Found Threads: TRUE  
[2.978s] -- Found control_toolbox: 3.6.1 (/opt/ros/humble/share/control_toolbox/cmake)
[3.075s] -- Found gazebo_dev: 3.9.0 (/opt/ros/humble/share/gazebo_dev/cmake)
[3.088s] -- Found PkgConfig: /usr/bin/pkg-config (found version "0.29.2") 
[3.090s] -- Checking for module 'bullet>=2.82'
[3.111s] --   Found bullet, version 3.05
[3.300s] -- Found fcl: /usr/include (found suitable version "0.7.0", minimum required is "0.5.0") 
[3.388s] -- Found assimp: /usr/include (found version "5.2.0") 
[3.415s] -- Found DART: /usr/include (Required is at least version "6.6") found components: dart 
[3.480s] -- Found Boost: /usr/lib/x86_64-linux-gnu/cmake/Boost-1.74.0/BoostConfig.cmake (found suitable version "1.74.0", minimum required is "1.40.0") found components: thread system filesystem program_options regex iostreams date_time 
[3.514s] -- Found Protobuf: /usr/lib/x86_64-linux-gnu/libprotobuf.so (found version "3.12.4") 
[3.526s] -- Looking for ignition-math6 -- found version 6.15.1
[3.540s] -- Searching for dependencies of ignition-math6
[3.547s] -- Looking for OGRE...
[3.548s] -- OGRE_PREFIX_WATCH changed.
[3.557s] -- Checking for module 'OGRE'
[3.593s] --   Found OGRE, version 1.9.0
[3.647s] -- Found Ogre Ghadamon (1.9.0)
[3.660s] -- Found OGRE: optimized;/usr/lib/x86_64-linux-gnu/libOgreMain.so;debug;/usr/lib/x86_64-linux-gnu/libOgreMain.so
[3.678s] -- Looking for OGRE_Paging...
[3.691s] -- Found OGRE_Paging: optimized;/usr/lib/x86_64-linux-gnu/libOgrePaging.so;debug;/usr/lib/x86_64-linux-gnu/libOgrePaging.so
[3.691s] -- Looking for OGRE_Terrain...
[3.704s] -- Found OGRE_Terrain: optimized;/usr/lib/x86_64-linux-gnu/libOgreTerrain.so;debug;/usr/lib/x86_64-linux-gnu/libOgreTerrain.so
[3.704s] -- Looking for OGRE_Property...
[3.717s] -- Found OGRE_Property: optimized;/usr/lib/x86_64-linux-gnu/libOgreProperty.so;debug;/usr/lib/x86_64-linux-gnu/libOgreProperty.so
[3.718s] -- Looking for OGRE_RTShaderSystem...
[3.731s] -- Found OGRE_RTShaderSystem: optimized;/usr/lib/x86_64-linux-gnu/libOgreRTShaderSystem.so;debug;/usr/lib/x86_64-linux-gnu/libOgreRTShaderSystem.so
[3.731s] -- Looking for OGRE_Volume...
[3.745s] -- Found OGRE_Volume: optimized;/usr/lib/x86_64-linux-gnu/libOgreVolume.so;debug;/usr/lib/x86_64-linux-gnu/libOgreVolume.so
[3.745s] -- Looking for OGRE_Overlay...
[3.758s] -- Found OGRE_Overlay: optimized;/usr/lib/x86_64-linux-gnu/libOgreOverlay.so;debug;/usr/lib/x86_64-linux-gnu/libOgreOverlay.so
[4.030s] -- Looking for ignition-math6 -- found version 6.15.1
[4.035s] -- Looking for ignition-transport8 -- found version 8.2.1
[4.035s] -- Searching for dependencies of ignition-transport8
[4.065s] -- Found Protobuf: /usr/lib/x86_64-linux-gnu/libprotobuf.so (found suitable version "3.12.4", minimum required is "3") 
[4.082s] -- Config-file not installed for ZeroMQ -- checking for pkg-config
[4.090s] -- Checking for module 'libzmq >= 4'
[4.113s] --   Found libzmq , version 4.3.4
[4.175s] -- Found ZeroMQ: TRUE (Required is at least version "4") 
[4.186s] -- Checking for module 'uuid'
[4.204s] --   Found uuid, version 2.37.2
[4.247s] -- Found UUID: TRUE  
[4.250s] -- Looking for ignition-msgs5 -- found version 5.8.1
[4.251s] -- Searching for dependencies of ignition-msgs5
[4.273s] -- Looking for ignition-math6 -- found version 6.15.1
[4.280s] -- Checking for module 'tinyxml2'
[4.295s] --   Found tinyxml2, version 9.0.0
[4.341s] -- Looking for ignition-msgs5 -- found version 5.8.1
[4.347s] -- Looking for ignition-common3 -- found version 3.14.0
[4.348s] -- Searching for dependencies of ignition-common3
[4.348s] -- Looking for dlfcn.h - found
[4.349s] -- Looking for libdl - found
[4.351s] -- Found DL: TRUE  
[4.365s] -- Found tinyobjloader: /usr/lib/x86_64-linux-gnu/cmake/tinyobjloader/tinyobjloader-config.cmake (found version "2.0.0") 
[4.366s] -- Searching for <ignition-common3> component [graphics]
[4.370s] -- Looking for ignition-common3-graphics -- found version 3.14.0
[4.370s] -- Searching for dependencies of ignition-common3-graphics
[4.371s] -- Looking for ignition-math6 -- found version 6.15.1
[4.375s] -- Looking for ignition-fuel_tools4 -- found version 4.4.0
[4.376s] -- Searching for dependencies of ignition-fuel_tools4
[4.468s] -- Found CURL: /usr/lib/x86_64-linux-gnu/libcurl.so (found version "7.81.0")  
[4.479s] -- Checking for module 'jsoncpp'
[4.494s] --   Found jsoncpp, version 1.9.5
[4.534s] -- Found JSONCPP: TRUE  
[4.542s] -- Checking for module 'libzip'
[4.559s] --   Found libzip, version 1.7.3
[4.603s] -- Found ZIP: TRUE  
[4.603s] -- Looking for ignition-common3 -- found version 3.14.0
[4.604s] -- Looking for ignition-math6 -- found version 6.15.1
[4.605s] -- Looking for ignition-msgs5 -- found version 5.8.1
[4.611s] -- Gazebo version: 11.10
[4.612s] -- Checking for module 'tbb'
[4.629s] --   Found tbb, version 2021.5.0
[4.673s] -- Found gazebo_ros: 3.9.0 (/opt/ros/humble/share/gazebo_ros/cmake)
[4.682s] -- Found yaml_cpp_vendor: 8.0.2 (/opt/ros/humble/share/yaml_cpp_vendor/cmake)
[4.704s] -- Found ament_cmake_gtest: 1.3.12 (/opt/ros/humble/share/ament_cmake_gtest/cmake)
[4.707s] -- Found ament_lint_auto: 0.12.14 (/opt/ros/humble/share/ament_lint_auto/cmake)
[4.843s] -- Added test 'copyright' to check source files copyright and LICENSE
[4.845s] -- Added test 'cppcheck' to perform static code analysis on C / C++ code
[4.846s] -- Configured cppcheck include dirs: /home/neural/Neural-Knights/src/gazebo_ros2_control/gazebo_ros2_control/include
[4.846s] -- Configured cppcheck exclude dirs and/or files: 
[4.848s] -- Added test 'cpplint' to check C / C++ code against the Google style
[4.848s] -- Configured cpplint exclude dirs and/or files: 
[4.849s] -- Added test 'lint_cmake' to check CMake code style
[4.851s] -- Added test 'uncrustify' to check C / C++ code style
[4.851s] -- Configured uncrustify additional arguments: 
[4.852s] -- Added test 'xmllint' to check XML markup files
[4.856s] -- Configuring done
[4.947s] -- Generating done
[4.959s] -- Build files have been written to: /home/neural/Neural-Knights/build/gazebo_ros2_control
[4.981s] Invoked command in '/home/neural/Neural-Knights/build/gazebo_ros2_control' returned '0': CMAKE_PREFIX_PATH=/opt/ros/humble /usr/bin/cmake /home/neural/Neural-Knights/src/gazebo_ros2_control/gazebo_ros2_control -DAMENT_CMAKE_SYMLINK_INSTALL=1 -DCMAKE_INSTALL_PREFIX=/home/neural/Neural-Knights/install/gazebo_ros2_control
[4.984s] Invoking command in '/home/neural/Neural-Knights/build/gazebo_ros2_control': CMAKE_PREFIX_PATH=/opt/ros/humble /usr/bin/cmake --build /home/neural/Neural-Knights/build/gazebo_ros2_control -- -j4 -l4
[5.048s] [ 25%] [32mBuilding CXX object CMakeFiles/gazebo_hardware_plugins.dir/src/gazebo_system.cpp.o[0m
[5.049s] [ 50%] [32mBuilding CXX object CMakeFiles/gazebo_ros2_control.dir/src/gazebo_ros2_control_plugin.cpp.o[0m
[27.879s] [ 75%] [32m[1mLinking CXX shared library libgazebo_hardware_plugins.so[0m
[28.633s] [ 75%] Built target gazebo_hardware_plugins
[29.876s] [100%] [32m[1mLinking CXX shared library libgazebo_ros2_control.so[0m
[30.682s] [100%] Built target gazebo_ros2_control
[30.693s] Invoked command in '/home/neural/Neural-Knights/build/gazebo_ros2_control' returned '0': CMAKE_PREFIX_PATH=/opt/ros/humble /usr/bin/cmake --build /home/neural/Neural-Knights/build/gazebo_ros2_control -- -j4 -l4
[30.695s] Invoking command in '/home/neural/Neural-Knights/build/gazebo_ros2_control': CMAKE_PREFIX_PATH=/opt/ros/humble /usr/bin/cmake --install /home/neural/Neural-Knights/build/gazebo_ros2_control
[30.702s] -- Install configuration: ""
[30.702s] -- Execute custom install script
[30.703s] -- Symlinking: /home/neural/Neural-Knights/install/gazebo_ros2_control/lib/libgazebo_ros2_control.so
[30.711s] -- Symlinking: /home/neural/Neural-Knights/install/gazebo_ros2_control/lib/libgazebo_hardware_plugins.so
[30.720s] -- Symlinking: /home/neural/Neural-Knights/install/gazebo_ros2_control/share/gazebo_ros2_control/environment/library_path.sh
[30.728s] -- Symlinking: /home/neural/Neural-Knights/install/gazebo_ros2_control/share/gazebo_ros2_control/environment/library_path.dsv
[30.737s] -- Symlinking: /home/neural/Neural-Knights/install/gazebo_ros2_control/include/gazebo_ros2_control/gazebo_ros2_control_plugin.hpp
[30.747s] -- Symlinking: /home/neural/Neural-Knights/install/gazebo_ros2_control/include/gazebo_ros2_control/gazebo_system.hpp
[30.755s] -- Symlinking: /home/neural/Neural-Knights/install/gazebo_ros2_control/include/gazebo_ros2_control/gazebo_system_interface.hpp
[30.763s] -- Symlinking: /home/neural/Neural-Knights/install/gazebo_ros2_control/share/gazebo_ros2_control//gazebo_hardware_plugins.xml
[30.772s] -- Symlinking: /home/neural/Neural-Knights/install/gazebo_ros2_control/share/ament_index/resource_index/package_run_dependencies/gazebo_ros2_control
[30.780s] -- Symlinking: /home/neural/Neural-Knights/install/gazebo_ros2_control/share/ament_index/resource_index/parent_prefix_path/gazebo_ros2_control
[30.788s] -- Symlinking: /home/neural/Neural-Knights/install/gazebo_ros2_control/share/gazebo_ros2_control/environment/ament_prefix_path.sh
[30.797s] -- Symlinking: /home/neural/Neural-Knights/install/gazebo_ros2_control/share/gazebo_ros2_control/environment/ament_prefix_path.dsv
[30.805s] -- Symlinking: /home/neural/Neural-Knights/install/gazebo_ros2_control/share/gazebo_ros2_control/environment/path.sh
[30.813s] -- Symlinking: /home/neural/Neural-Knights/install/gazebo_ros2_control/share/gazebo_ros2_control/environment/path.dsv
[30.821s] -- Symlinking: /home/neural/Neural-Knights/install/gazebo_ros2_control/share/gazebo_ros2_control/local_setup.bash
[30.829s] -- Symlinking: /home/neural/Neural-Knights/install/gazebo_ros2_control/share/gazebo_ros2_control/local_setup.sh
[30.837s] -- Symlinking: /home/neural/Neural-Knights/install/gazebo_ros2_control/share/gazebo_ros2_control/local_setup.zsh
[30.846s] -- Symlinking: /home/neural/Neural-Knights/install/gazebo_ros2_control/share/gazebo_ros2_control/local_setup.dsv
[30.854s] -- Symlinking: /home/neural/Neural-Knights/install/gazebo_ros2_control/share/gazebo_ros2_control/package.dsv
[30.863s] -- Symlinking: /home/neural/Neural-Knights/install/gazebo_ros2_control/share/ament_index/resource_index/packages/gazebo_ros2_control
[30.871s] -- Symlinking: /home/neural/Neural-Knights/install/gazebo_ros2_control/share/ament_index/resource_index/gazebo_ros2_control__pluginlib__plugin/gazebo_ros2_control
[30.879s] -- Symlinking: /home/neural/Neural-Knights/install/gazebo_ros2_control/share/gazebo_ros2_control/cmake/ament_cmake_export_include_directories-extras.cmake
[30.887s] -- Symlinking: /home/neural/Neural-Knights/install/gazebo_ros2_control/share/gazebo_ros2_control/cmake/ament_cmake_export_dependencies-extras.cmake
[30.895s] -- Symlinking: /home/neural/Neural-Knights/install/gazebo_ros2_control/share/gazebo_ros2_control/cmake/ament_cmake_export_libraries-extras.cmake
[30.904s] -- Symlinking: /home/neural/Neural-Knights/install/gazebo_ros2_control/share/gazebo_ros2_control/cmake/gazebo_ros2_controlConfig.cmake
[30.912s] -- Symlinking: /home/neural/Neural-Knights/install/gazebo_ros2_control/share/gazebo_ros2_control/cmake/gazebo_ros2_controlConfig-version.cmake
[30.920s] -- Symlinking: /home/neural/Neural-Knights/install/gazebo_ros2_control/share/gazebo_ros2_control/package.xml
[30.931s] Invoked command in '/home/neural/Neural-Knights/build/gazebo_ros2_control' returned '0': CMAKE_PREFIX_PATH=/opt/ros/humble /usr/bin/cmake --install /home/neural/Neural-Knights/build/gazebo_ros2_control
