[0.028s] Invoking command in '/home/neural/Neural-Knights/build/articubot_one': CMAKE_PREFIX_PATH=${CMAKE_PREFIX_PATH}:/opt/ros/humble /usr/bin/cmake --build /home/neural/Neural-Knights/build/articubot_one -- -j4 -l4
[0.084s] Invoked command in '/home/neural/Neural-Knights/build/articubot_one' returned '0': CMAKE_PREFIX_PATH=${CMAKE_PREFIX_PATH}:/opt/ros/humble /usr/bin/cmake --build /home/neural/Neural-Knights/build/articubot_one -- -j4 -l4
[0.105s] Invoking command in '/home/neural/Neural-Knights/build/articubot_one': CMAKE_PREFIX_PATH=${CMAKE_PREFIX_PATH}:/opt/ros/humble /usr/bin/cmake --install /home/neural/Neural-Knights/build/articubot_one
[0.123s] -- Install configuration: ""
[0.125s] -- Execute custom install script
[0.127s] -- Up-to-date symlink: /home/neural/Neural-Knights/install/articubot_one/share/articubot_one/config/empty.yaml
[0.133s] -- Up-to-date symlink: /home/neural/Neural-Knights/install/articubot_one/share/articubot_one/config/gaz_ros2_ctl_use_sim.yaml
[0.134s] -- Up-to-date symlink: /home/neural/Neural-Knights/install/articubot_one/share/articubot_one/config/gazebo_params.yaml
[0.135s] -- Up-to-date symlink: /home/neural/Neural-Knights/install/articubot_one/share/articubot_one/config/joystick.yaml
[0.137s] -- Up-to-date symlink: /home/neural/Neural-Knights/install/articubot_one/share/articubot_one/config/map_navigation.rviz
[0.138s] -- Up-to-date symlink: /home/neural/Neural-Knights/install/articubot_one/share/articubot_one/config/mapper_params_online_async.yaml
[0.139s] -- Up-to-date symlink: /home/neural/Neural-Knights/install/articubot_one/share/articubot_one/config/my_controllers.yaml
[0.141s] -- Up-to-date symlink: /home/neural/Neural-Knights/install/articubot_one/share/articubot_one/config/nav2_params.yaml
[0.142s] -- Up-to-date symlink: /home/neural/Neural-Knights/install/articubot_one/share/articubot_one/config/twist_mux.yaml
[0.143s] -- Up-to-date symlink: /home/neural/Neural-Knights/install/articubot_one/share/articubot_one/config/view_bot.rviz
[0.146s] -- Up-to-date symlink: /home/neural/Neural-Knights/install/articubot_one/share/articubot_one/description/gazebo_control.xacro
[0.148s] -- Up-to-date symlink: /home/neural/Neural-Knights/install/articubot_one/share/articubot_one/description/inertial_macros.xacro
[0.149s] -- Up-to-date symlink: /home/neural/Neural-Knights/install/articubot_one/share/articubot_one/description/robot.urdf.xacro
[0.151s] -- Up-to-date symlink: /home/neural/Neural-Knights/install/articubot_one/share/articubot_one/description/robot_all.xacro
[0.153s] -- Up-to-date symlink: /home/neural/Neural-Knights/install/articubot_one/share/articubot_one/description/ros2_control.xacro
[0.156s] -- Up-to-date symlink: /home/neural/Neural-Knights/install/articubot_one/share/articubot_one/launch/joystick.launch.py
[0.157s] -- Up-to-date symlink: /home/neural/Neural-Knights/install/articubot_one/share/articubot_one/launch/launch_robot.launch.py
[0.159s] -- Up-to-date symlink: /home/neural/Neural-Knights/install/articubot_one/share/articubot_one/launch/launch_sim.launch.py
[0.160s] -- Up-to-date symlink: /home/neural/Neural-Knights/install/articubot_one/share/articubot_one/launch/localization_launch.py
[0.162s] -- Up-to-date symlink: /home/neural/Neural-Knights/install/articubot_one/share/articubot_one/launch/navigation_launch.py
[0.164s] -- Up-to-date symlink: /home/neural/Neural-Knights/install/articubot_one/share/articubot_one/launch/online_async_launch.py
[0.166s] -- Up-to-date symlink: /home/neural/Neural-Knights/install/articubot_one/share/articubot_one/launch/rplidar.launch.py
[0.170s] -- Up-to-date symlink: /home/neural/Neural-Knights/install/articubot_one/share/articubot_one/launch/rsp.launch.py
[0.172s] -- Up-to-date symlink: /home/neural/Neural-Knights/install/articubot_one/share/articubot_one/worlds/empty.world
[0.174s] -- Up-to-date symlink: /home/neural/Neural-Knights/install/articubot_one/share/articubot_one/worlds/world1.world
[0.177s] -- Up-to-date symlink: /home/neural/Neural-Knights/install/articubot_one/share/ament_index/resource_index/package_run_dependencies/articubot_one
[0.178s] -- Up-to-date symlink: /home/neural/Neural-Knights/install/articubot_one/share/ament_index/resource_index/parent_prefix_path/articubot_one
[0.180s] -- Up-to-date symlink: /home/neural/Neural-Knights/install/articubot_one/share/articubot_one/environment/ament_prefix_path.sh
[0.181s] -- Up-to-date symlink: /home/neural/Neural-Knights/install/articubot_one/share/articubot_one/environment/ament_prefix_path.dsv
[0.183s] -- Up-to-date symlink: /home/neural/Neural-Knights/install/articubot_one/share/articubot_one/environment/path.sh
[0.184s] -- Up-to-date symlink: /home/neural/Neural-Knights/install/articubot_one/share/articubot_one/environment/path.dsv
[0.186s] -- Up-to-date symlink: /home/neural/Neural-Knights/install/articubot_one/share/articubot_one/local_setup.bash
[0.188s] -- Up-to-date symlink: /home/neural/Neural-Knights/install/articubot_one/share/articubot_one/local_setup.sh
[0.188s] -- Up-to-date symlink: /home/neural/Neural-Knights/install/articubot_one/share/articubot_one/local_setup.zsh
[0.189s] -- Up-to-date symlink: /home/neural/Neural-Knights/install/articubot_one/share/articubot_one/local_setup.dsv
[0.189s] -- Symlinking: /home/neural/Neural-Knights/install/articubot_one/share/articubot_one/package.dsv
[0.206s] -- Up-to-date symlink: /home/neural/Neural-Knights/install/articubot_one/share/ament_index/resource_index/packages/articubot_one
[0.212s] -- Up-to-date symlink: /home/neural/Neural-Knights/install/articubot_one/share/articubot_one/cmake/articubot_oneConfig.cmake
[0.213s] -- Up-to-date symlink: /home/neural/Neural-Knights/install/articubot_one/share/articubot_one/cmake/articubot_oneConfig-version.cmake
[0.213s] -- Up-to-date symlink: /home/neural/Neural-Knights/install/articubot_one/share/articubot_one/package.xml
[0.220s] Invoked command in '/home/neural/Neural-Knights/build/articubot_one' returned '0': CMAKE_PREFIX_PATH=${CMAKE_PREFIX_PATH}:/opt/ros/humble /usr/bin/cmake --install /home/neural/Neural-Knights/build/articubot_one
