[0.123s] Invoking command in '/home/neural/Neural-Knights/build/gazebo_ros2_control': CMAKE_PREFIX_PATH=/opt/ros/humble /usr/bin/cmake --build /home/neural/Neural-Knights/build/gazebo_ros2_control -- -j4 -l4
[1.022s] [ 50%] Built target gazebo_ros2_control
[1.036s] [100%] Built target gazebo_hardware_plugins
[1.103s] Invoked command in '/home/neural/Neural-Knights/build/gazebo_ros2_control' returned '0': CMAKE_PREFIX_PATH=/opt/ros/humble /usr/bin/cmake --build /home/neural/Neural-Knights/build/gazebo_ros2_control -- -j4 -l4
[1.116s] Invoking command in '/home/neural/Neural-Knights/build/gazebo_ros2_control': CMAKE_PREFIX_PATH=/opt/ros/humble /usr/bin/cmake --install /home/neural/Neural-Knights/build/gazebo_ros2_control
[1.143s] -- Install configuration: ""
[1.146s] -- Execute custom install script
[1.148s] -- Up-to-date symlink: /home/neural/Neural-Knights/install/gazebo_ros2_control/lib/libgazebo_ros2_control.so
[1.149s] -- Up-to-date symlink: /home/neural/Neural-Knights/install/gazebo_ros2_control/lib/libgazebo_hardware_plugins.so
[1.150s] -- Up-to-date symlink: /home/neural/Neural-Knights/install/gazebo_ros2_control/share/gazebo_ros2_control/environment/library_path.sh
[1.151s] -- Up-to-date symlink: /home/neural/Neural-Knights/install/gazebo_ros2_control/share/gazebo_ros2_control/environment/library_path.dsv
[1.154s] -- Up-to-date symlink: /home/neural/Neural-Knights/install/gazebo_ros2_control/include/gazebo_ros2_control/gazebo_ros2_control_plugin.hpp
[1.155s] -- Up-to-date symlink: /home/neural/Neural-Knights/install/gazebo_ros2_control/include/gazebo_ros2_control/gazebo_system.hpp
[1.155s] -- Up-to-date symlink: /home/neural/Neural-Knights/install/gazebo_ros2_control/include/gazebo_ros2_control/gazebo_system_interface.hpp
[1.156s] -- Up-to-date symlink: /home/neural/Neural-Knights/install/gazebo_ros2_control/share/gazebo_ros2_control//gazebo_hardware_plugins.xml
[1.158s] -- Up-to-date symlink: /home/neural/Neural-Knights/install/gazebo_ros2_control/share/ament_index/resource_index/package_run_dependencies/gazebo_ros2_control
[1.158s] -- Up-to-date symlink: /home/neural/Neural-Knights/install/gazebo_ros2_control/share/ament_index/resource_index/parent_prefix_path/gazebo_ros2_control
[1.159s] -- Up-to-date symlink: /home/neural/Neural-Knights/install/gazebo_ros2_control/share/gazebo_ros2_control/environment/ament_prefix_path.sh
[1.160s] -- Up-to-date symlink: /home/neural/Neural-Knights/install/gazebo_ros2_control/share/gazebo_ros2_control/environment/ament_prefix_path.dsv
[1.161s] -- Up-to-date symlink: /home/neural/Neural-Knights/install/gazebo_ros2_control/share/gazebo_ros2_control/environment/path.sh
[1.162s] -- Up-to-date symlink: /home/neural/Neural-Knights/install/gazebo_ros2_control/share/gazebo_ros2_control/environment/path.dsv
[1.164s] -- Up-to-date symlink: /home/neural/Neural-Knights/install/gazebo_ros2_control/share/gazebo_ros2_control/local_setup.bash
[1.164s] -- Up-to-date symlink: /home/neural/Neural-Knights/install/gazebo_ros2_control/share/gazebo_ros2_control/local_setup.sh
[1.165s] -- Up-to-date symlink: /home/neural/Neural-Knights/install/gazebo_ros2_control/share/gazebo_ros2_control/local_setup.zsh
[1.166s] -- Up-to-date symlink: /home/neural/Neural-Knights/install/gazebo_ros2_control/share/gazebo_ros2_control/local_setup.dsv
[1.167s] -- Symlinking: /home/neural/Neural-Knights/install/gazebo_ros2_control/share/gazebo_ros2_control/package.dsv
[1.207s] -- Up-to-date symlink: /home/neural/Neural-Knights/install/gazebo_ros2_control/share/ament_index/resource_index/packages/gazebo_ros2_control
[1.208s] -- Up-to-date symlink: /home/neural/Neural-Knights/install/gazebo_ros2_control/share/ament_index/resource_index/gazebo_ros2_control__pluginlib__plugin/gazebo_ros2_control
[1.210s] -- Up-to-date symlink: /home/neural/Neural-Knights/install/gazebo_ros2_control/share/gazebo_ros2_control/cmake/ament_cmake_export_include_directories-extras.cmake
[1.211s] -- Up-to-date symlink: /home/neural/Neural-Knights/install/gazebo_ros2_control/share/gazebo_ros2_control/cmake/ament_cmake_export_dependencies-extras.cmake
[1.212s] -- Up-to-date symlink: /home/neural/Neural-Knights/install/gazebo_ros2_control/share/gazebo_ros2_control/cmake/ament_cmake_export_libraries-extras.cmake
[1.222s] -- Up-to-date symlink: /home/neural/Neural-Knights/install/gazebo_ros2_control/share/gazebo_ros2_control/cmake/gazebo_ros2_controlConfig.cmake
[1.223s] -- Up-to-date symlink: /home/neural/Neural-Knights/install/gazebo_ros2_control/share/gazebo_ros2_control/cmake/gazebo_ros2_controlConfig-version.cmake
[1.227s] -- Up-to-date symlink: /home/neural/Neural-Knights/install/gazebo_ros2_control/share/gazebo_ros2_control/package.xml
[1.332s] Invoked command in '/home/neural/Neural-Knights/build/gazebo_ros2_control' returned '0': CMAKE_PREFIX_PATH=/opt/ros/humble /usr/bin/cmake --install /home/neural/Neural-Knights/build/gazebo_ros2_control
