[0.019s] Invoking command in '/home/neural/Neural-Knights/build/serial': CMAKE_PREFIX_PATH=/opt/ros/humble /usr/bin/cmake /home/neural/Neural-Knights/src/serial -DAMENT_CMAKE_SYMLINK_INSTALL=1 -DCMAKE_INSTALL_PREFIX=/home/neural/Neural-Knights/install/serial
[0.131s] -- The C compiler identification is GNU 11.4.0
[0.235s] -- The CXX compiler identification is GNU 11.4.0
[0.249s] -- Detecting C compiler ABI info
[0.367s] -- Detecting C compiler ABI info - done
[0.380s] -- Check for working C compiler: /usr/bin/cc - skipped
[0.381s] -- Detecting C compile features
[0.382s] -- Detecting C compile features - done
[0.387s] -- Detecting CXX compiler ABI info
[0.499s] -- Detecting CXX compiler ABI info - done
[0.515s] -- Check for working CXX compiler: /usr/bin/c++ - skipped
[0.516s] -- Detecting CXX compile features
[0.516s] -- Detecting CXX compile features - done
[0.523s] -- Found ament_cmake: 1.3.12 (/opt/ros/humble/share/ament_cmake/cmake)
[0.767s] -- Found Python3: /usr/bin/python3 (found version "3.10.12") found components: Interpreter 
[0.876s] -- Override CMake install command with custom implementation using symlinks instead of copying resources
[0.922s] -- Found ament_cmake_gtest: 1.3.12 (/opt/ros/humble/share/ament_cmake_gtest/cmake)
[0.943s] -- Found Boost: /usr/lib/x86_64-linux-gnu/cmake/Boost-1.74.0/BoostConfig.cmake (found version "1.74.0")  
[0.948s] -- Found gtest sources under '/opt/ros/humble/src/gtest_vendor': C++ tests using 'Google Test' will be built
[0.952s] -- Looking for pthread.h
[1.067s] -- Looking for pthread.h - found
[1.067s] -- Performing Test CMAKE_HAVE_LIBC_PTHREAD
[1.174s] -- Performing Test CMAKE_HAVE_LIBC_PTHREAD - Success
[1.175s] -- Found Threads: TRUE  
[1.328s] -- Configuring done
[1.346s] -- Generating done
[1.352s] -- Build files have been written to: /home/neural/Neural-Knights/build/serial
[1.361s] Invoked command in '/home/neural/Neural-Knights/build/serial' returned '0': CMAKE_PREFIX_PATH=/opt/ros/humble /usr/bin/cmake /home/neural/Neural-Knights/src/serial -DAMENT_CMAKE_SYMLINK_INSTALL=1 -DCMAKE_INSTALL_PREFIX=/home/neural/Neural-Knights/install/serial
[1.362s] Invoking command in '/home/neural/Neural-Knights/build/serial': CMAKE_PREFIX_PATH=/opt/ros/humble /usr/bin/cmake --build /home/neural/Neural-Knights/build/serial -- -j4 -l4
[1.429s] [  7%] [32mBuilding CXX object CMakeFiles/serial.dir/src/serial.cc.o[0m
[1.433s] [ 14%] [32mBuilding CXX object gtest/CMakeFiles/gtest.dir/src/gtest-all.cc.o[0m
[1.437s] [ 21%] [32mBuilding CXX object CMakeFiles/serial.dir/src/impl/unix.cc.o[0m
[1.455s] [ 28%] [32mBuilding CXX object gtest/CMakeFiles/gtest_main.dir/src/gtest_main.cc.o[0m
[2.565s] [ 35%] [32mBuilding CXX object CMakeFiles/serial.dir/src/impl/list_ports/list_ports_linux.cc.o[0m
[3.572s] [ 42%] [32m[1mLinking CXX static library libgtest_main.a[0m
[3.580s] [ 50%] [32m[1mLinking CXX static library libserial.a[0m
[3.621s] [ 50%] Built target gtest_main
[3.631s] [ 50%] Built target serial
[3.659s] [ 57%] [32mBuilding CXX object CMakeFiles/serial_example.dir/examples/serial_example.cc.o[0m
[4.057s] [ 64%] [32m[1mLinking CXX executable serial_example[0m
[4.188s] [ 64%] Built target serial_example
[7.282s] [ 71%] [32m[1mLinking CXX static library libgtest.a[0m
[7.373s] [ 71%] Built target gtest
[7.399s] [ 78%] [32mBuilding CXX object tests/CMakeFiles/serial-test-timer.dir/unit/unix_timer_tests.cc.o[0m
[7.400s] [ 85%] [32mBuilding CXX object tests/CMakeFiles/serial-test.dir/unix_serial_tests.cc.o[0m
[9.199s] [ 92%] [32m[1mLinking CXX executable serial-test-timer[0m
[9.469s] [ 92%] Built target serial-test-timer
[9.590s] [100%] [32m[1mLinking CXX executable serial-test[0m
[9.788s] [100%] Built target serial-test
[9.802s] Invoked command in '/home/neural/Neural-Knights/build/serial' returned '0': CMAKE_PREFIX_PATH=/opt/ros/humble /usr/bin/cmake --build /home/neural/Neural-Knights/build/serial -- -j4 -l4
[9.805s] Invoking command in '/home/neural/Neural-Knights/build/serial': CMAKE_PREFIX_PATH=/opt/ros/humble /usr/bin/cmake --install /home/neural/Neural-Knights/build/serial
[9.812s] -- Install configuration: ""
[9.813s] -- Execute custom install script
[9.813s] -- Symlinking: /home/neural/Neural-Knights/install/serial/lib/libserial.a
[9.822s] -- Symlinking: /home/neural/Neural-Knights/install/serial/include/serial/serial.h
[9.831s] -- Symlinking: /home/neural/Neural-Knights/install/serial/include/serial/v8stdint.h
[9.840s] -- Symlinking: /home/neural/Neural-Knights/install/serial/share/serial/environment/library_path.sh
[9.849s] -- Symlinking: /home/neural/Neural-Knights/install/serial/share/serial/environment/library_path.dsv
[9.860s] -- Symlinking: /home/neural/Neural-Knights/install/serial/share/ament_index/resource_index/package_run_dependencies/serial
[9.870s] -- Symlinking: /home/neural/Neural-Knights/install/serial/share/ament_index/resource_index/parent_prefix_path/serial
[9.879s] -- Symlinking: /home/neural/Neural-Knights/install/serial/share/serial/environment/ament_prefix_path.sh
[9.887s] -- Symlinking: /home/neural/Neural-Knights/install/serial/share/serial/environment/ament_prefix_path.dsv
[9.896s] -- Symlinking: /home/neural/Neural-Knights/install/serial/share/serial/environment/path.sh
[9.905s] -- Symlinking: /home/neural/Neural-Knights/install/serial/share/serial/environment/path.dsv
[9.914s] -- Symlinking: /home/neural/Neural-Knights/install/serial/share/serial/local_setup.bash
[9.923s] -- Symlinking: /home/neural/Neural-Knights/install/serial/share/serial/local_setup.sh
[9.931s] -- Symlinking: /home/neural/Neural-Knights/install/serial/share/serial/local_setup.zsh
[9.941s] -- Symlinking: /home/neural/Neural-Knights/install/serial/share/serial/local_setup.dsv
[9.949s] -- Symlinking: /home/neural/Neural-Knights/install/serial/share/serial/package.dsv
[9.959s] -- Symlinking: /home/neural/Neural-Knights/install/serial/share/ament_index/resource_index/packages/serial
[9.972s] -- Symlinking: /home/neural/Neural-Knights/install/serial/share/serial/cmake/ament_cmake_export_include_directories-extras.cmake
[9.986s] -- Symlinking: /home/neural/Neural-Knights/install/serial/share/serial/cmake/ament_cmake_export_libraries-extras.cmake
[10.000s] -- Symlinking: /home/neural/Neural-Knights/install/serial/share/serial/cmake/serialConfig.cmake
[10.014s] -- Symlinking: /home/neural/Neural-Knights/install/serial/share/serial/cmake/serialConfig-version.cmake
[10.026s] -- Symlinking: /home/neural/Neural-Knights/install/serial/share/serial/package.xml
[10.041s] Invoked command in '/home/neural/Neural-Knights/build/serial' returned '0': CMAKE_PREFIX_PATH=/opt/ros/humble /usr/bin/cmake --install /home/neural/Neural-Knights/build/serial
