[0.202s] DEBUG:colcon:Command line arguments: ['/usr/bin/colcon', 'build', '--symlink-install']
[0.202s] DEBUG:colcon:Parsed command line arguments: Namespace(log_base=None, log_level=None, verb_name='build', build_base='build', install_base='install', merge_install=False, symlink_install=True, test_result_base=None, continue_on_error=False, executor='parallel', parallel_workers=4, event_handlers=None, ignore_user_meta=False, metas=['./colcon.meta'], base_paths=['.'], packages_ignore=None, packages_ignore_regex=None, paths=None, packages_up_to=None, packages_up_to_regex=None, packages_above=None, packages_above_and_dependencies=None, packages_above_depth=None, packages_select_by_dep=None, packages_skip_by_dep=None, packages_skip_up_to=None, packages_select_build_failed=False, packages_skip_build_finished=False, packages_select_test_failures=False, packages_skip_test_passed=False, packages_select=None, packages_skip=None, packages_select_regex=None, packages_skip_regex=None, packages_start=None, packages_end=None, allow_overriding=[], cmake_args=None, cmake_target=None, cmake_target_skip_unavailable=False, cmake_clean_cache=False, cmake_clean_first=False, cmake_force_configure=False, ament_cmake_args=None, catkin_cmake_args=None, catkin_skip_building_tests=False, mixin_files=None, mixin=None, verb_parser=<colcon_mixin.mixin.mixin_argument.MixinArgumentDecorator object at 0x7f33a5b1a9e0>, verb_extension=<colcon_core.verb.build.BuildVerb object at 0x7f33a5b1a260>, main=<bound method BuildVerb.main of <colcon_core.verb.build.BuildVerb object at 0x7f33a5b1a260>>, mixin_verb=('build',))
[0.452s] Level 1:colcon.colcon_core.package_discovery:discover_packages(colcon_meta) check parameters
[0.452s] Level 1:colcon.colcon_core.package_discovery:discover_packages(recursive) check parameters
[0.452s] Level 1:colcon.colcon_core.package_discovery:discover_packages(ignore) check parameters
[0.452s] Level 1:colcon.colcon_core.package_discovery:discover_packages(path) check parameters
[0.452s] Level 1:colcon.colcon_core.package_discovery:discover_packages(colcon_meta) discover
[0.452s] Level 1:colcon.colcon_core.package_discovery:discover_packages(recursive) discover
[0.452s] INFO:colcon.colcon_core.package_discovery:Crawling recursively for packages in '/home/neural/Neural-Knights'
[0.453s] Level 1:colcon.colcon_core.package_identification:_identify(.) by extensions ['ignore', 'ignore_ament_install']
[0.453s] Level 1:colcon.colcon_core.package_identification:_identify(.) by extension 'ignore'
[0.453s] Level 1:colcon.colcon_core.package_identification:_identify(.) by extension 'ignore_ament_install'
[0.453s] Level 1:colcon.colcon_core.package_identification:_identify(.) by extensions ['colcon_pkg']
[0.453s] Level 1:colcon.colcon_core.package_identification:_identify(.) by extension 'colcon_pkg'
[0.453s] Level 1:colcon.colcon_core.package_identification:_identify(.) by extensions ['colcon_meta']
[0.453s] Level 1:colcon.colcon_core.package_identification:_identify(.) by extension 'colcon_meta'
[0.453s] Level 1:colcon.colcon_core.package_identification:_identify(.) by extensions ['ros']
[0.453s] Level 1:colcon.colcon_core.package_identification:_identify(.) by extension 'ros'
[0.464s] Level 1:colcon.colcon_core.package_identification:_identify(.) by extensions ['cmake', 'python']
[0.464s] Level 1:colcon.colcon_core.package_identification:_identify(.) by extension 'cmake'
[0.465s] Level 1:colcon.colcon_core.package_identification:_identify(.) by extension 'python'
[0.465s] Level 1:colcon.colcon_core.package_identification:_identify(.) by extensions ['python_setup_py']
[0.465s] Level 1:colcon.colcon_core.package_identification:_identify(.) by extension 'python_setup_py'
[0.465s] Level 1:colcon.colcon_core.package_identification:_identify(build) by extensions ['ignore', 'ignore_ament_install']
[0.465s] Level 1:colcon.colcon_core.package_identification:_identify(build) by extension 'ignore'
[0.465s] Level 1:colcon.colcon_core.package_identification:_identify(build) ignored
[0.465s] Level 1:colcon.colcon_core.package_identification:_identify(install) by extensions ['ignore', 'ignore_ament_install']
[0.465s] Level 1:colcon.colcon_core.package_identification:_identify(install) by extension 'ignore'
[0.466s] Level 1:colcon.colcon_core.package_identification:_identify(install) ignored
[0.466s] Level 1:colcon.colcon_core.package_identification:_identify(log) by extensions ['ignore', 'ignore_ament_install']
[0.466s] Level 1:colcon.colcon_core.package_identification:_identify(log) by extension 'ignore'
[0.466s] Level 1:colcon.colcon_core.package_identification:_identify(log) ignored
[0.466s] Level 1:colcon.colcon_core.package_identification:_identify(src) by extensions ['ignore', 'ignore_ament_install']
[0.466s] Level 1:colcon.colcon_core.package_identification:_identify(src) by extension 'ignore'
[0.466s] Level 1:colcon.colcon_core.package_identification:_identify(src) by extension 'ignore_ament_install'
[0.466s] Level 1:colcon.colcon_core.package_identification:_identify(src) by extensions ['colcon_pkg']
[0.466s] Level 1:colcon.colcon_core.package_identification:_identify(src) by extension 'colcon_pkg'
[0.466s] Level 1:colcon.colcon_core.package_identification:_identify(src) by extensions ['colcon_meta']
[0.466s] Level 1:colcon.colcon_core.package_identification:_identify(src) by extension 'colcon_meta'
[0.467s] Level 1:colcon.colcon_core.package_identification:_identify(src) by extensions ['ros']
[0.467s] Level 1:colcon.colcon_core.package_identification:_identify(src) by extension 'ros'
[0.467s] Level 1:colcon.colcon_core.package_identification:_identify(src) by extensions ['cmake', 'python']
[0.467s] Level 1:colcon.colcon_core.package_identification:_identify(src) by extension 'cmake'
[0.467s] Level 1:colcon.colcon_core.package_identification:_identify(src) by extension 'python'
[0.467s] Level 1:colcon.colcon_core.package_identification:_identify(src) by extensions ['python_setup_py']
[0.467s] Level 1:colcon.colcon_core.package_identification:_identify(src) by extension 'python_setup_py'
[0.467s] Level 1:colcon.colcon_core.package_identification:_identify(src/articubot_one) by extensions ['ignore', 'ignore_ament_install']
[0.467s] Level 1:colcon.colcon_core.package_identification:_identify(src/articubot_one) by extension 'ignore'
[0.467s] Level 1:colcon.colcon_core.package_identification:_identify(src/articubot_one) by extension 'ignore_ament_install'
[0.467s] Level 1:colcon.colcon_core.package_identification:_identify(src/articubot_one) by extensions ['colcon_pkg']
[0.467s] Level 1:colcon.colcon_core.package_identification:_identify(src/articubot_one) by extension 'colcon_pkg'
[0.468s] Level 1:colcon.colcon_core.package_identification:_identify(src/articubot_one) by extensions ['colcon_meta']
[0.468s] Level 1:colcon.colcon_core.package_identification:_identify(src/articubot_one) by extension 'colcon_meta'
[0.468s] Level 1:colcon.colcon_core.package_identification:_identify(src/articubot_one) by extensions ['ros']
[0.468s] Level 1:colcon.colcon_core.package_identification:_identify(src/articubot_one) by extension 'ros'
[0.471s] DEBUG:colcon.colcon_core.package_identification:Package 'src/articubot_one' with type 'ros.ament_cmake' and name 'articubot_one'
[0.471s] Level 1:colcon.colcon_core.package_identification:_identify(src/diffdrive_arduino) by extensions ['ignore', 'ignore_ament_install']
[0.471s] Level 1:colcon.colcon_core.package_identification:_identify(src/diffdrive_arduino) by extension 'ignore'
[0.471s] Level 1:colcon.colcon_core.package_identification:_identify(src/diffdrive_arduino) by extension 'ignore_ament_install'
[0.471s] Level 1:colcon.colcon_core.package_identification:_identify(src/diffdrive_arduino) by extensions ['colcon_pkg']
[0.471s] Level 1:colcon.colcon_core.package_identification:_identify(src/diffdrive_arduino) by extension 'colcon_pkg'
[0.471s] Level 1:colcon.colcon_core.package_identification:_identify(src/diffdrive_arduino) by extensions ['colcon_meta']
[0.471s] Level 1:colcon.colcon_core.package_identification:_identify(src/diffdrive_arduino) by extension 'colcon_meta'
[0.471s] Level 1:colcon.colcon_core.package_identification:_identify(src/diffdrive_arduino) by extensions ['ros']
[0.471s] Level 1:colcon.colcon_core.package_identification:_identify(src/diffdrive_arduino) by extension 'ros'
[0.473s] DEBUG:colcon.colcon_core.package_identification:Package 'src/diffdrive_arduino' with type 'ros.ament_cmake' and name 'diffdrive_arduino'
[0.473s] Level 1:colcon.colcon_core.package_identification:_identify(src/gazebo_ros2_control) by extensions ['ignore', 'ignore_ament_install']
[0.473s] Level 1:colcon.colcon_core.package_identification:_identify(src/gazebo_ros2_control) by extension 'ignore'
[0.473s] Level 1:colcon.colcon_core.package_identification:_identify(src/gazebo_ros2_control) by extension 'ignore_ament_install'
[0.473s] Level 1:colcon.colcon_core.package_identification:_identify(src/gazebo_ros2_control) by extensions ['colcon_pkg']
[0.473s] Level 1:colcon.colcon_core.package_identification:_identify(src/gazebo_ros2_control) by extension 'colcon_pkg'
[0.473s] Level 1:colcon.colcon_core.package_identification:_identify(src/gazebo_ros2_control) by extensions ['colcon_meta']
[0.473s] Level 1:colcon.colcon_core.package_identification:_identify(src/gazebo_ros2_control) by extension 'colcon_meta'
[0.473s] Level 1:colcon.colcon_core.package_identification:_identify(src/gazebo_ros2_control) by extensions ['ros']
[0.473s] Level 1:colcon.colcon_core.package_identification:_identify(src/gazebo_ros2_control) by extension 'ros'
[0.473s] Level 1:colcon.colcon_core.package_identification:_identify(src/gazebo_ros2_control) by extensions ['cmake', 'python']
[0.473s] Level 1:colcon.colcon_core.package_identification:_identify(src/gazebo_ros2_control) by extension 'cmake'
[0.473s] Level 1:colcon.colcon_core.package_identification:_identify(src/gazebo_ros2_control) by extension 'python'
[0.473s] Level 1:colcon.colcon_core.package_identification:_identify(src/gazebo_ros2_control) by extensions ['python_setup_py']
[0.473s] Level 1:colcon.colcon_core.package_identification:_identify(src/gazebo_ros2_control) by extension 'python_setup_py'
[0.474s] Level 1:colcon.colcon_core.package_identification:_identify(src/gazebo_ros2_control/Docker) by extensions ['ignore', 'ignore_ament_install']
[0.474s] Level 1:colcon.colcon_core.package_identification:_identify(src/gazebo_ros2_control/Docker) by extension 'ignore'
[0.474s] Level 1:colcon.colcon_core.package_identification:_identify(src/gazebo_ros2_control/Docker) by extension 'ignore_ament_install'
[0.474s] Level 1:colcon.colcon_core.package_identification:_identify(src/gazebo_ros2_control/Docker) by extensions ['colcon_pkg']
[0.474s] Level 1:colcon.colcon_core.package_identification:_identify(src/gazebo_ros2_control/Docker) by extension 'colcon_pkg'
[0.474s] Level 1:colcon.colcon_core.package_identification:_identify(src/gazebo_ros2_control/Docker) by extensions ['colcon_meta']
[0.474s] Level 1:colcon.colcon_core.package_identification:_identify(src/gazebo_ros2_control/Docker) by extension 'colcon_meta'
[0.474s] Level 1:colcon.colcon_core.package_identification:_identify(src/gazebo_ros2_control/Docker) by extensions ['ros']
[0.474s] Level 1:colcon.colcon_core.package_identification:_identify(src/gazebo_ros2_control/Docker) by extension 'ros'
[0.474s] Level 1:colcon.colcon_core.package_identification:_identify(src/gazebo_ros2_control/Docker) by extensions ['cmake', 'python']
[0.474s] Level 1:colcon.colcon_core.package_identification:_identify(src/gazebo_ros2_control/Docker) by extension 'cmake'
[0.474s] Level 1:colcon.colcon_core.package_identification:_identify(src/gazebo_ros2_control/Docker) by extension 'python'
[0.474s] Level 1:colcon.colcon_core.package_identification:_identify(src/gazebo_ros2_control/Docker) by extensions ['python_setup_py']
[0.474s] Level 1:colcon.colcon_core.package_identification:_identify(src/gazebo_ros2_control/Docker) by extension 'python_setup_py'
[0.474s] Level 1:colcon.colcon_core.package_identification:_identify(src/gazebo_ros2_control/doc) by extensions ['ignore', 'ignore_ament_install']
[0.474s] Level 1:colcon.colcon_core.package_identification:_identify(src/gazebo_ros2_control/doc) by extension 'ignore'
[0.474s] Level 1:colcon.colcon_core.package_identification:_identify(src/gazebo_ros2_control/doc) by extension 'ignore_ament_install'
[0.474s] Level 1:colcon.colcon_core.package_identification:_identify(src/gazebo_ros2_control/doc) by extensions ['colcon_pkg']
[0.475s] Level 1:colcon.colcon_core.package_identification:_identify(src/gazebo_ros2_control/doc) by extension 'colcon_pkg'
[0.475s] Level 1:colcon.colcon_core.package_identification:_identify(src/gazebo_ros2_control/doc) by extensions ['colcon_meta']
[0.475s] Level 1:colcon.colcon_core.package_identification:_identify(src/gazebo_ros2_control/doc) by extension 'colcon_meta'
[0.475s] Level 1:colcon.colcon_core.package_identification:_identify(src/gazebo_ros2_control/doc) by extensions ['ros']
[0.475s] Level 1:colcon.colcon_core.package_identification:_identify(src/gazebo_ros2_control/doc) by extension 'ros'
[0.475s] Level 1:colcon.colcon_core.package_identification:_identify(src/gazebo_ros2_control/doc) by extensions ['cmake', 'python']
[0.475s] Level 1:colcon.colcon_core.package_identification:_identify(src/gazebo_ros2_control/doc) by extension 'cmake'
[0.475s] Level 1:colcon.colcon_core.package_identification:_identify(src/gazebo_ros2_control/doc) by extension 'python'
[0.475s] Level 1:colcon.colcon_core.package_identification:_identify(src/gazebo_ros2_control/doc) by extensions ['python_setup_py']
[0.475s] Level 1:colcon.colcon_core.package_identification:_identify(src/gazebo_ros2_control/doc) by extension 'python_setup_py'
[0.475s] Level 1:colcon.colcon_core.package_identification:_identify(src/gazebo_ros2_control/doc/img) by extensions ['ignore', 'ignore_ament_install']
[0.475s] Level 1:colcon.colcon_core.package_identification:_identify(src/gazebo_ros2_control/doc/img) by extension 'ignore'
[0.475s] Level 1:colcon.colcon_core.package_identification:_identify(src/gazebo_ros2_control/doc/img) by extension 'ignore_ament_install'
[0.475s] Level 1:colcon.colcon_core.package_identification:_identify(src/gazebo_ros2_control/doc/img) by extensions ['colcon_pkg']
[0.475s] Level 1:colcon.colcon_core.package_identification:_identify(src/gazebo_ros2_control/doc/img) by extension 'colcon_pkg'
[0.475s] Level 1:colcon.colcon_core.package_identification:_identify(src/gazebo_ros2_control/doc/img) by extensions ['colcon_meta']
[0.475s] Level 1:colcon.colcon_core.package_identification:_identify(src/gazebo_ros2_control/doc/img) by extension 'colcon_meta'
[0.475s] Level 1:colcon.colcon_core.package_identification:_identify(src/gazebo_ros2_control/doc/img) by extensions ['ros']
[0.475s] Level 1:colcon.colcon_core.package_identification:_identify(src/gazebo_ros2_control/doc/img) by extension 'ros'
[0.476s] Level 1:colcon.colcon_core.package_identification:_identify(src/gazebo_ros2_control/doc/img) by extensions ['cmake', 'python']
[0.476s] Level 1:colcon.colcon_core.package_identification:_identify(src/gazebo_ros2_control/doc/img) by extension 'cmake'
[0.476s] Level 1:colcon.colcon_core.package_identification:_identify(src/gazebo_ros2_control/doc/img) by extension 'python'
[0.476s] Level 1:colcon.colcon_core.package_identification:_identify(src/gazebo_ros2_control/doc/img) by extensions ['python_setup_py']
[0.476s] Level 1:colcon.colcon_core.package_identification:_identify(src/gazebo_ros2_control/doc/img) by extension 'python_setup_py'
[0.476s] Level 1:colcon.colcon_core.package_identification:_identify(src/gazebo_ros2_control/gazebo_ros2_control) by extensions ['ignore', 'ignore_ament_install']
[0.476s] Level 1:colcon.colcon_core.package_identification:_identify(src/gazebo_ros2_control/gazebo_ros2_control) by extension 'ignore'
[0.476s] Level 1:colcon.colcon_core.package_identification:_identify(src/gazebo_ros2_control/gazebo_ros2_control) by extension 'ignore_ament_install'
[0.476s] Level 1:colcon.colcon_core.package_identification:_identify(src/gazebo_ros2_control/gazebo_ros2_control) by extensions ['colcon_pkg']
[0.476s] Level 1:colcon.colcon_core.package_identification:_identify(src/gazebo_ros2_control/gazebo_ros2_control) by extension 'colcon_pkg'
[0.476s] Level 1:colcon.colcon_core.package_identification:_identify(src/gazebo_ros2_control/gazebo_ros2_control) by extensions ['colcon_meta']
[0.476s] Level 1:colcon.colcon_core.package_identification:_identify(src/gazebo_ros2_control/gazebo_ros2_control) by extension 'colcon_meta'
[0.476s] Level 1:colcon.colcon_core.package_identification:_identify(src/gazebo_ros2_control/gazebo_ros2_control) by extensions ['ros']
[0.476s] Level 1:colcon.colcon_core.package_identification:_identify(src/gazebo_ros2_control/gazebo_ros2_control) by extension 'ros'
[0.479s] DEBUG:colcon.colcon_core.package_identification:Package 'src/gazebo_ros2_control/gazebo_ros2_control' with type 'ros.ament_cmake' and name 'gazebo_ros2_control'
[0.479s] Level 1:colcon.colcon_core.package_identification:_identify(src/gazebo_ros2_control/gazebo_ros2_control_demos) by extensions ['ignore', 'ignore_ament_install']
[0.479s] Level 1:colcon.colcon_core.package_identification:_identify(src/gazebo_ros2_control/gazebo_ros2_control_demos) by extension 'ignore'
[0.479s] Level 1:colcon.colcon_core.package_identification:_identify(src/gazebo_ros2_control/gazebo_ros2_control_demos) by extension 'ignore_ament_install'
[0.480s] Level 1:colcon.colcon_core.package_identification:_identify(src/gazebo_ros2_control/gazebo_ros2_control_demos) by extensions ['colcon_pkg']
[0.480s] Level 1:colcon.colcon_core.package_identification:_identify(src/gazebo_ros2_control/gazebo_ros2_control_demos) by extension 'colcon_pkg'
[0.480s] Level 1:colcon.colcon_core.package_identification:_identify(src/gazebo_ros2_control/gazebo_ros2_control_demos) by extensions ['colcon_meta']
[0.480s] Level 1:colcon.colcon_core.package_identification:_identify(src/gazebo_ros2_control/gazebo_ros2_control_demos) by extension 'colcon_meta'
[0.480s] Level 1:colcon.colcon_core.package_identification:_identify(src/gazebo_ros2_control/gazebo_ros2_control_demos) by extensions ['ros']
[0.480s] Level 1:colcon.colcon_core.package_identification:_identify(src/gazebo_ros2_control/gazebo_ros2_control_demos) by extension 'ros'
[0.482s] DEBUG:colcon.colcon_core.package_identification:Package 'src/gazebo_ros2_control/gazebo_ros2_control_demos' with type 'ros.ament_cmake' and name 'gazebo_ros2_control_demos'
[0.482s] Level 1:colcon.colcon_core.package_identification:_identify(src/serial) by extensions ['ignore', 'ignore_ament_install']
[0.482s] Level 1:colcon.colcon_core.package_identification:_identify(src/serial) by extension 'ignore'
[0.482s] Level 1:colcon.colcon_core.package_identification:_identify(src/serial) by extension 'ignore_ament_install'
[0.482s] Level 1:colcon.colcon_core.package_identification:_identify(src/serial) by extensions ['colcon_pkg']
[0.482s] Level 1:colcon.colcon_core.package_identification:_identify(src/serial) by extension 'colcon_pkg'
[0.482s] Level 1:colcon.colcon_core.package_identification:_identify(src/serial) by extensions ['colcon_meta']
[0.482s] Level 1:colcon.colcon_core.package_identification:_identify(src/serial) by extension 'colcon_meta'
[0.483s] Level 1:colcon.colcon_core.package_identification:_identify(src/serial) by extensions ['ros']
[0.483s] Level 1:colcon.colcon_core.package_identification:_identify(src/serial) by extension 'ros'
[0.484s] DEBUG:colcon.colcon_core.package_identification:Package 'src/serial' with type 'ros.ament_cmake' and name 'serial'
[0.484s] Level 1:colcon.colcon_core.package_discovery:discover_packages(recursive) using defaults
[0.484s] Level 1:colcon.colcon_core.package_discovery:discover_packages(ignore) discover
[0.484s] Level 1:colcon.colcon_core.package_discovery:discover_packages(ignore) using defaults
[0.484s] Level 1:colcon.colcon_core.package_discovery:discover_packages(path) discover
[0.484s] Level 1:colcon.colcon_core.package_discovery:discover_packages(path) using defaults
[0.522s] Level 1:colcon.colcon_core.package_discovery:discover_packages(prefix_path) check parameters
[0.522s] Level 1:colcon.colcon_core.package_discovery:discover_packages(prefix_path) discover
[0.526s] DEBUG:colcon.colcon_installed_package_information.package_discovery:Found 439 installed packages in /opt/ros/humble
[0.528s] Level 1:colcon.colcon_core.package_discovery:discover_packages(prefix_path) using defaults
[0.587s] Level 5:colcon.colcon_core.verb:set package 'articubot_one' build argument 'cmake_args' from command line to 'None'
[0.587s] Level 5:colcon.colcon_core.verb:set package 'articubot_one' build argument 'cmake_target' from command line to 'None'
[0.587s] Level 5:colcon.colcon_core.verb:set package 'articubot_one' build argument 'cmake_target_skip_unavailable' from command line to 'False'
[0.587s] Level 5:colcon.colcon_core.verb:set package 'articubot_one' build argument 'cmake_clean_cache' from command line to 'False'
[0.587s] Level 5:colcon.colcon_core.verb:set package 'articubot_one' build argument 'cmake_clean_first' from command line to 'False'
[0.587s] Level 5:colcon.colcon_core.verb:set package 'articubot_one' build argument 'cmake_force_configure' from command line to 'False'
[0.587s] Level 5:colcon.colcon_core.verb:set package 'articubot_one' build argument 'ament_cmake_args' from command line to 'None'
[0.587s] Level 5:colcon.colcon_core.verb:set package 'articubot_one' build argument 'catkin_cmake_args' from command line to 'None'
[0.587s] Level 5:colcon.colcon_core.verb:set package 'articubot_one' build argument 'catkin_skip_building_tests' from command line to 'False'
[0.587s] DEBUG:colcon.colcon_core.verb:Building package 'articubot_one' with the following arguments: {'ament_cmake_args': None, 'build_base': '/home/neural/Neural-Knights/build/articubot_one', 'catkin_cmake_args': None, 'catkin_skip_building_tests': False, 'cmake_args': None, 'cmake_clean_cache': False, 'cmake_clean_first': False, 'cmake_force_configure': False, 'cmake_target': None, 'cmake_target_skip_unavailable': False, 'install_base': '/home/neural/Neural-Knights/install/articubot_one', 'merge_install': False, 'path': '/home/neural/Neural-Knights/src/articubot_one', 'symlink_install': True, 'test_result_base': None}
[0.588s] Level 5:colcon.colcon_core.verb:set package 'gazebo_ros2_control' build argument 'cmake_args' from command line to 'None'
[0.588s] Level 5:colcon.colcon_core.verb:set package 'gazebo_ros2_control' build argument 'cmake_target' from command line to 'None'
[0.588s] Level 5:colcon.colcon_core.verb:set package 'gazebo_ros2_control' build argument 'cmake_target_skip_unavailable' from command line to 'False'
[0.588s] Level 5:colcon.colcon_core.verb:set package 'gazebo_ros2_control' build argument 'cmake_clean_cache' from command line to 'False'
[0.588s] Level 5:colcon.colcon_core.verb:set package 'gazebo_ros2_control' build argument 'cmake_clean_first' from command line to 'False'
[0.588s] Level 5:colcon.colcon_core.verb:set package 'gazebo_ros2_control' build argument 'cmake_force_configure' from command line to 'False'
[0.588s] Level 5:colcon.colcon_core.verb:set package 'gazebo_ros2_control' build argument 'ament_cmake_args' from command line to 'None'
[0.588s] Level 5:colcon.colcon_core.verb:set package 'gazebo_ros2_control' build argument 'catkin_cmake_args' from command line to 'None'
[0.588s] Level 5:colcon.colcon_core.verb:set package 'gazebo_ros2_control' build argument 'catkin_skip_building_tests' from command line to 'False'
[0.588s] DEBUG:colcon.colcon_core.verb:Building package 'gazebo_ros2_control' with the following arguments: {'ament_cmake_args': None, 'build_base': '/home/neural/Neural-Knights/build/gazebo_ros2_control', 'catkin_cmake_args': None, 'catkin_skip_building_tests': False, 'cmake_args': None, 'cmake_clean_cache': False, 'cmake_clean_first': False, 'cmake_force_configure': False, 'cmake_target': None, 'cmake_target_skip_unavailable': False, 'install_base': '/home/neural/Neural-Knights/install/gazebo_ros2_control', 'merge_install': False, 'path': '/home/neural/Neural-Knights/src/gazebo_ros2_control/gazebo_ros2_control', 'symlink_install': True, 'test_result_base': None}
[0.589s] Level 5:colcon.colcon_core.verb:set package 'serial' build argument 'cmake_args' from command line to 'None'
[0.589s] Level 5:colcon.colcon_core.verb:set package 'serial' build argument 'cmake_target' from command line to 'None'
[0.589s] Level 5:colcon.colcon_core.verb:set package 'serial' build argument 'cmake_target_skip_unavailable' from command line to 'False'
[0.589s] Level 5:colcon.colcon_core.verb:set package 'serial' build argument 'cmake_clean_cache' from command line to 'False'
[0.589s] Level 5:colcon.colcon_core.verb:set package 'serial' build argument 'cmake_clean_first' from command line to 'False'
[0.589s] Level 5:colcon.colcon_core.verb:set package 'serial' build argument 'cmake_force_configure' from command line to 'False'
[0.589s] Level 5:colcon.colcon_core.verb:set package 'serial' build argument 'ament_cmake_args' from command line to 'None'
[0.589s] Level 5:colcon.colcon_core.verb:set package 'serial' build argument 'catkin_cmake_args' from command line to 'None'
[0.589s] Level 5:colcon.colcon_core.verb:set package 'serial' build argument 'catkin_skip_building_tests' from command line to 'False'
[0.589s] DEBUG:colcon.colcon_core.verb:Building package 'serial' with the following arguments: {'ament_cmake_args': None, 'build_base': '/home/neural/Neural-Knights/build/serial', 'catkin_cmake_args': None, 'catkin_skip_building_tests': False, 'cmake_args': None, 'cmake_clean_cache': False, 'cmake_clean_first': False, 'cmake_force_configure': False, 'cmake_target': None, 'cmake_target_skip_unavailable': False, 'install_base': '/home/neural/Neural-Knights/install/serial', 'merge_install': False, 'path': '/home/neural/Neural-Knights/src/serial', 'symlink_install': True, 'test_result_base': None}
[0.590s] Level 5:colcon.colcon_core.verb:set package 'diffdrive_arduino' build argument 'cmake_args' from command line to 'None'
[0.590s] Level 5:colcon.colcon_core.verb:set package 'diffdrive_arduino' build argument 'cmake_target' from command line to 'None'
[0.590s] Level 5:colcon.colcon_core.verb:set package 'diffdrive_arduino' build argument 'cmake_target_skip_unavailable' from command line to 'False'
[0.590s] Level 5:colcon.colcon_core.verb:set package 'diffdrive_arduino' build argument 'cmake_clean_cache' from command line to 'False'
[0.590s] Level 5:colcon.colcon_core.verb:set package 'diffdrive_arduino' build argument 'cmake_clean_first' from command line to 'False'
[0.590s] Level 5:colcon.colcon_core.verb:set package 'diffdrive_arduino' build argument 'cmake_force_configure' from command line to 'False'
[0.590s] Level 5:colcon.colcon_core.verb:set package 'diffdrive_arduino' build argument 'ament_cmake_args' from command line to 'None'
[0.590s] Level 5:colcon.colcon_core.verb:set package 'diffdrive_arduino' build argument 'catkin_cmake_args' from command line to 'None'
[0.590s] Level 5:colcon.colcon_core.verb:set package 'diffdrive_arduino' build argument 'catkin_skip_building_tests' from command line to 'False'
[0.590s] DEBUG:colcon.colcon_core.verb:Building package 'diffdrive_arduino' with the following arguments: {'ament_cmake_args': None, 'build_base': '/home/neural/Neural-Knights/build/diffdrive_arduino', 'catkin_cmake_args': None, 'catkin_skip_building_tests': False, 'cmake_args': None, 'cmake_clean_cache': False, 'cmake_clean_first': False, 'cmake_force_configure': False, 'cmake_target': None, 'cmake_target_skip_unavailable': False, 'install_base': '/home/neural/Neural-Knights/install/diffdrive_arduino', 'merge_install': False, 'path': '/home/neural/Neural-Knights/src/diffdrive_arduino', 'symlink_install': True, 'test_result_base': None}
[0.590s] Level 5:colcon.colcon_core.verb:set package 'gazebo_ros2_control_demos' build argument 'cmake_args' from command line to 'None'
[0.590s] Level 5:colcon.colcon_core.verb:set package 'gazebo_ros2_control_demos' build argument 'cmake_target' from command line to 'None'
[0.590s] Level 5:colcon.colcon_core.verb:set package 'gazebo_ros2_control_demos' build argument 'cmake_target_skip_unavailable' from command line to 'False'
[0.590s] Level 5:colcon.colcon_core.verb:set package 'gazebo_ros2_control_demos' build argument 'cmake_clean_cache' from command line to 'False'
[0.591s] Level 5:colcon.colcon_core.verb:set package 'gazebo_ros2_control_demos' build argument 'cmake_clean_first' from command line to 'False'
[0.591s] Level 5:colcon.colcon_core.verb:set package 'gazebo_ros2_control_demos' build argument 'cmake_force_configure' from command line to 'False'
[0.591s] Level 5:colcon.colcon_core.verb:set package 'gazebo_ros2_control_demos' build argument 'ament_cmake_args' from command line to 'None'
[0.591s] Level 5:colcon.colcon_core.verb:set package 'gazebo_ros2_control_demos' build argument 'catkin_cmake_args' from command line to 'None'
[0.591s] Level 5:colcon.colcon_core.verb:set package 'gazebo_ros2_control_demos' build argument 'catkin_skip_building_tests' from command line to 'False'
[0.591s] DEBUG:colcon.colcon_core.verb:Building package 'gazebo_ros2_control_demos' with the following arguments: {'ament_cmake_args': None, 'build_base': '/home/neural/Neural-Knights/build/gazebo_ros2_control_demos', 'catkin_cmake_args': None, 'catkin_skip_building_tests': False, 'cmake_args': None, 'cmake_clean_cache': False, 'cmake_clean_first': False, 'cmake_force_configure': False, 'cmake_target': None, 'cmake_target_skip_unavailable': False, 'install_base': '/home/neural/Neural-Knights/install/gazebo_ros2_control_demos', 'merge_install': False, 'path': '/home/neural/Neural-Knights/src/gazebo_ros2_control/gazebo_ros2_control_demos', 'symlink_install': True, 'test_result_base': None}
[0.591s] INFO:colcon.colcon_core.executor:Executing jobs using 'parallel' executor
[0.592s] DEBUG:colcon.colcon_parallel_executor.executor.parallel:run_until_complete
[0.592s] INFO:colcon.colcon_ros.task.ament_cmake.build:Building ROS package in '/home/neural/Neural-Knights/src/gazebo_ros2_control/gazebo_ros2_control' with build type 'ament_cmake'
[0.593s] INFO:colcon.colcon_cmake.task.cmake.build:Building CMake package in '/home/neural/Neural-Knights/src/gazebo_ros2_control/gazebo_ros2_control'
[0.597s] INFO:colcon.colcon_core.plugin_system:Skipping extension 'colcon_core.shell.bat': Not used on non-Windows systems
[0.597s] INFO:colcon.colcon_core.shell:Skip shell extension 'powershell' for command environment: Not usable outside of PowerShell
[0.597s] DEBUG:colcon.colcon_core.shell:Skip shell extension 'dsv' for command environment
[0.602s] INFO:colcon.colcon_ros.task.ament_cmake.build:Building ROS package in '/home/neural/Neural-Knights/src/serial' with build type 'ament_cmake'
[0.602s] INFO:colcon.colcon_cmake.task.cmake.build:Building CMake package in '/home/neural/Neural-Knights/src/serial'
[0.602s] INFO:colcon.colcon_core.shell:Skip shell extension 'powershell' for command environment: Not usable outside of PowerShell
[0.602s] DEBUG:colcon.colcon_core.shell:Skip shell extension 'dsv' for command environment
[0.607s] INFO:colcon.colcon_ros.task.ament_cmake.build:Building ROS package in '/home/neural/Neural-Knights/src/articubot_one' with build type 'ament_cmake'
[0.608s] INFO:colcon.colcon_cmake.task.cmake.build:Building CMake package in '/home/neural/Neural-Knights/src/articubot_one'
[0.608s] INFO:colcon.colcon_core.shell:Skip shell extension 'powershell' for command environment: Not usable outside of PowerShell
[0.608s] DEBUG:colcon.colcon_core.shell:Skip shell extension 'dsv' for command environment
[0.617s] DEBUG:colcon.colcon_core.event_handler.log_command:Invoking command in '/home/neural/Neural-Knights/build/gazebo_ros2_control': CMAKE_PREFIX_PATH=/opt/ros/humble /usr/bin/cmake --build /home/neural/Neural-Knights/build/gazebo_ros2_control -- -j4 -l4
[0.624s] DEBUG:colcon.colcon_core.event_handler.log_command:Invoking command in '/home/neural/Neural-Knights/build/serial': CMAKE_PREFIX_PATH=/opt/ros/humble /usr/bin/cmake --build /home/neural/Neural-Knights/build/serial -- -j4 -l4
[0.629s] DEBUG:colcon.colcon_core.event_handler.log_command:Invoking command in '/home/neural/Neural-Knights/build/articubot_one': CMAKE_PREFIX_PATH=/opt/ros/humble /usr/bin/cmake --build /home/neural/Neural-Knights/build/articubot_one -- -j4 -l4
[0.681s] DEBUG:colcon.colcon_core.event_handler.log_command:Invoked command in '/home/neural/Neural-Knights/build/articubot_one' returned '0': CMAKE_PREFIX_PATH=/opt/ros/humble /usr/bin/cmake --build /home/neural/Neural-Knights/build/articubot_one -- -j4 -l4
[0.698s] DEBUG:colcon.colcon_core.event_handler.log_command:Invoking command in '/home/neural/Neural-Knights/build/articubot_one': CMAKE_PREFIX_PATH=/opt/ros/humble /usr/bin/cmake --install /home/neural/Neural-Knights/build/articubot_one
[0.742s] Level 1:colcon.colcon_core.environment:create_environment_scripts_only(articubot_one)
[0.743s] DEBUG:colcon.colcon_core.event_handler.log_command:Invoked command in '/home/neural/Neural-Knights/build/articubot_one' returned '0': CMAKE_PREFIX_PATH=/opt/ros/humble /usr/bin/cmake --install /home/neural/Neural-Knights/build/articubot_one
[0.752s] Level 1:colcon.colcon_core.environment:checking '/home/neural/Neural-Knights/install/articubot_one' for CMake module files
[0.753s] Level 1:colcon.colcon_core.environment:checking '/home/neural/Neural-Knights/install/articubot_one' for CMake config files
[0.754s] Level 1:colcon.colcon_core.shell:create_environment_hook('articubot_one', 'cmake_prefix_path')
[0.754s] INFO:colcon.colcon_core.shell:Creating environment hook '/home/neural/Neural-Knights/install/articubot_one/share/articubot_one/hook/cmake_prefix_path.ps1'
[0.756s] INFO:colcon.colcon_core.shell:Creating environment descriptor '/home/neural/Neural-Knights/install/articubot_one/share/articubot_one/hook/cmake_prefix_path.dsv'
[0.758s] INFO:colcon.colcon_core.shell:Creating environment hook '/home/neural/Neural-Knights/install/articubot_one/share/articubot_one/hook/cmake_prefix_path.sh'
[0.760s] Level 1:colcon.colcon_core.environment:checking '/home/neural/Neural-Knights/install/articubot_one/bin'
[0.760s] Level 1:colcon.colcon_core.environment:checking '/home/neural/Neural-Knights/install/articubot_one/lib/pkgconfig/articubot_one.pc'
[0.761s] Level 1:colcon.colcon_core.environment:checking '/home/neural/Neural-Knights/install/articubot_one/lib/python3.10/site-packages'
[0.761s] Level 1:colcon.colcon_core.environment:checking '/home/neural/Neural-Knights/install/articubot_one/bin'
[0.762s] INFO:colcon.colcon_core.shell:Creating package script '/home/neural/Neural-Knights/install/articubot_one/share/articubot_one/package.ps1'
[0.765s] INFO:colcon.colcon_core.shell:Creating package descriptor '/home/neural/Neural-Knights/install/articubot_one/share/articubot_one/package.dsv'
[0.767s] INFO:colcon.colcon_core.shell:Creating package script '/home/neural/Neural-Knights/install/articubot_one/share/articubot_one/package.sh'
[0.769s] INFO:colcon.colcon_core.shell:Creating package script '/home/neural/Neural-Knights/install/articubot_one/share/articubot_one/package.bash'
[0.771s] INFO:colcon.colcon_core.shell:Creating package script '/home/neural/Neural-Knights/install/articubot_one/share/articubot_one/package.zsh'
[0.773s] Level 1:colcon.colcon_core.environment:create_file_with_runtime_dependencies(/home/neural/Neural-Knights/install/articubot_one/share/colcon-core/packages/articubot_one)
[0.774s] Level 1:colcon.colcon_core.environment:create_environment_scripts_only(articubot_one)
[0.775s] Level 1:colcon.colcon_core.environment:checking '/home/neural/Neural-Knights/install/articubot_one' for CMake module files
[0.776s] Level 1:colcon.colcon_core.environment:checking '/home/neural/Neural-Knights/install/articubot_one' for CMake config files
[0.776s] Level 1:colcon.colcon_core.shell:create_environment_hook('articubot_one', 'cmake_prefix_path')
[0.777s] INFO:colcon.colcon_core.shell:Creating environment hook '/home/neural/Neural-Knights/install/articubot_one/share/articubot_one/hook/cmake_prefix_path.ps1'
[0.792s] INFO:colcon.colcon_core.shell:Creating environment descriptor '/home/neural/Neural-Knights/install/articubot_one/share/articubot_one/hook/cmake_prefix_path.dsv'
[0.795s] INFO:colcon.colcon_core.shell:Creating environment hook '/home/neural/Neural-Knights/install/articubot_one/share/articubot_one/hook/cmake_prefix_path.sh'
[0.801s] Level 1:colcon.colcon_core.environment:checking '/home/neural/Neural-Knights/install/articubot_one/bin'
[0.801s] Level 1:colcon.colcon_core.environment:checking '/home/neural/Neural-Knights/install/articubot_one/lib/pkgconfig/articubot_one.pc'
[0.802s] Level 1:colcon.colcon_core.environment:checking '/home/neural/Neural-Knights/install/articubot_one/lib/python3.10/site-packages'
[0.802s] Level 1:colcon.colcon_core.environment:checking '/home/neural/Neural-Knights/install/articubot_one/bin'
[0.803s] INFO:colcon.colcon_core.shell:Creating package script '/home/neural/Neural-Knights/install/articubot_one/share/articubot_one/package.ps1'
[0.804s] INFO:colcon.colcon_core.shell:Creating package descriptor '/home/neural/Neural-Knights/install/articubot_one/share/articubot_one/package.dsv'
[0.805s] INFO:colcon.colcon_core.shell:Creating package script '/home/neural/Neural-Knights/install/articubot_one/share/articubot_one/package.sh'
[0.806s] INFO:colcon.colcon_core.shell:Creating package script '/home/neural/Neural-Knights/install/articubot_one/share/articubot_one/package.bash'
[0.807s] INFO:colcon.colcon_core.shell:Creating package script '/home/neural/Neural-Knights/install/articubot_one/share/articubot_one/package.zsh'
[0.808s] Level 1:colcon.colcon_core.environment:create_file_with_runtime_dependencies(/home/neural/Neural-Knights/install/articubot_one/share/colcon-core/packages/articubot_one)
[0.817s] DEBUG:colcon.colcon_core.event_handler.log_command:Invoked command in '/home/neural/Neural-Knights/build/serial' returned '0': CMAKE_PREFIX_PATH=/opt/ros/humble /usr/bin/cmake --build /home/neural/Neural-Knights/build/serial -- -j4 -l4
[0.819s] DEBUG:colcon.colcon_core.event_handler.log_command:Invoking command in '/home/neural/Neural-Knights/build/serial': CMAKE_PREFIX_PATH=/opt/ros/humble /usr/bin/cmake --install /home/neural/Neural-Knights/build/serial
[0.860s] Level 1:colcon.colcon_core.environment:create_environment_scripts_only(serial)
[0.861s] Level 1:colcon.colcon_core.environment:checking '/home/neural/Neural-Knights/install/serial' for CMake module files
[0.862s] Level 1:colcon.colcon_core.environment:checking '/home/neural/Neural-Knights/install/serial' for CMake config files
[0.862s] Level 1:colcon.colcon_core.shell:create_environment_hook('serial', 'cmake_prefix_path')
[0.862s] INFO:colcon.colcon_core.shell:Creating environment hook '/home/neural/Neural-Knights/install/serial/share/serial/hook/cmake_prefix_path.ps1'
[0.863s] DEBUG:colcon.colcon_core.event_handler.log_command:Invoked command in '/home/neural/Neural-Knights/build/serial' returned '0': CMAKE_PREFIX_PATH=/opt/ros/humble /usr/bin/cmake --install /home/neural/Neural-Knights/build/serial
[0.864s] INFO:colcon.colcon_core.shell:Creating environment descriptor '/home/neural/Neural-Knights/install/serial/share/serial/hook/cmake_prefix_path.dsv'
[0.864s] INFO:colcon.colcon_core.shell:Creating environment hook '/home/neural/Neural-Knights/install/serial/share/serial/hook/cmake_prefix_path.sh'
[0.866s] Level 1:colcon.colcon_core.environment:checking '/home/neural/Neural-Knights/install/serial/lib'
[0.866s] Level 1:colcon.colcon_core.environment:checking '/home/neural/Neural-Knights/install/serial/bin'
[0.866s] Level 1:colcon.colcon_core.environment:checking '/home/neural/Neural-Knights/install/serial/lib/pkgconfig/serial.pc'
[0.866s] Level 1:colcon.colcon_core.environment:checking '/home/neural/Neural-Knights/install/serial/lib/python3.10/site-packages'
[0.867s] Level 1:colcon.colcon_core.environment:checking '/home/neural/Neural-Knights/install/serial/bin'
[0.868s] INFO:colcon.colcon_core.shell:Creating package script '/home/neural/Neural-Knights/install/serial/share/serial/package.ps1'
[0.868s] INFO:colcon.colcon_core.shell:Creating package descriptor '/home/neural/Neural-Knights/install/serial/share/serial/package.dsv'
[0.869s] INFO:colcon.colcon_core.shell:Creating package script '/home/neural/Neural-Knights/install/serial/share/serial/package.sh'
[0.870s] INFO:colcon.colcon_core.shell:Creating package script '/home/neural/Neural-Knights/install/serial/share/serial/package.bash'
[0.871s] INFO:colcon.colcon_core.shell:Creating package script '/home/neural/Neural-Knights/install/serial/share/serial/package.zsh'
[0.872s] Level 1:colcon.colcon_core.environment:create_file_with_runtime_dependencies(/home/neural/Neural-Knights/install/serial/share/colcon-core/packages/serial)
[0.873s] Level 1:colcon.colcon_core.environment:create_environment_scripts_only(serial)
[0.873s] Level 1:colcon.colcon_core.environment:checking '/home/neural/Neural-Knights/install/serial' for CMake module files
[0.874s] Level 1:colcon.colcon_core.environment:checking '/home/neural/Neural-Knights/install/serial' for CMake config files
[0.874s] Level 1:colcon.colcon_core.shell:create_environment_hook('serial', 'cmake_prefix_path')
[0.875s] INFO:colcon.colcon_core.shell:Creating environment hook '/home/neural/Neural-Knights/install/serial/share/serial/hook/cmake_prefix_path.ps1'
[0.875s] INFO:colcon.colcon_core.shell:Creating environment descriptor '/home/neural/Neural-Knights/install/serial/share/serial/hook/cmake_prefix_path.dsv'
[0.876s] INFO:colcon.colcon_core.shell:Creating environment hook '/home/neural/Neural-Knights/install/serial/share/serial/hook/cmake_prefix_path.sh'
[0.876s] Level 1:colcon.colcon_core.environment:checking '/home/neural/Neural-Knights/install/serial/lib'
[0.877s] Level 1:colcon.colcon_core.environment:checking '/home/neural/Neural-Knights/install/serial/bin'
[0.877s] Level 1:colcon.colcon_core.environment:checking '/home/neural/Neural-Knights/install/serial/lib/pkgconfig/serial.pc'
[0.877s] Level 1:colcon.colcon_core.environment:checking '/home/neural/Neural-Knights/install/serial/lib/python3.10/site-packages'
[0.877s] Level 1:colcon.colcon_core.environment:checking '/home/neural/Neural-Knights/install/serial/bin'
[0.878s] INFO:colcon.colcon_core.shell:Creating package script '/home/neural/Neural-Knights/install/serial/share/serial/package.ps1'
[0.879s] INFO:colcon.colcon_core.shell:Creating package descriptor '/home/neural/Neural-Knights/install/serial/share/serial/package.dsv'
[0.879s] INFO:colcon.colcon_core.shell:Creating package script '/home/neural/Neural-Knights/install/serial/share/serial/package.sh'
[0.880s] INFO:colcon.colcon_core.shell:Creating package script '/home/neural/Neural-Knights/install/serial/share/serial/package.bash'
[0.880s] INFO:colcon.colcon_core.shell:Creating package script '/home/neural/Neural-Knights/install/serial/share/serial/package.zsh'
[0.881s] Level 1:colcon.colcon_core.environment:create_file_with_runtime_dependencies(/home/neural/Neural-Knights/install/serial/share/colcon-core/packages/serial)
[0.881s] INFO:colcon.colcon_ros.task.ament_cmake.build:Building ROS package in '/home/neural/Neural-Knights/src/diffdrive_arduino' with build type 'ament_cmake'
[0.881s] INFO:colcon.colcon_cmake.task.cmake.build:Building CMake package in '/home/neural/Neural-Knights/src/diffdrive_arduino'
[0.882s] INFO:colcon.colcon_core.shell:Skip shell extension 'powershell' for command environment: Not usable outside of PowerShell
[0.882s] DEBUG:colcon.colcon_core.shell:Skip shell extension 'dsv' for command environment
[0.887s] DEBUG:colcon.colcon_core.event_handler.log_command:Invoked command in '/home/neural/Neural-Knights/build/gazebo_ros2_control' returned '0': CMAKE_PREFIX_PATH=/opt/ros/humble /usr/bin/cmake --build /home/neural/Neural-Knights/build/gazebo_ros2_control -- -j4 -l4
[0.890s] DEBUG:colcon.colcon_core.event_handler.log_command:Invoking command in '/home/neural/Neural-Knights/build/gazebo_ros2_control': CMAKE_PREFIX_PATH=/opt/ros/humble /usr/bin/cmake --install /home/neural/Neural-Knights/build/gazebo_ros2_control
[0.897s] DEBUG:colcon.colcon_core.event_handler.log_command:Invoking command in '/home/neural/Neural-Knights/build/diffdrive_arduino': AMENT_PREFIX_PATH=/home/neural/Neural-Knights/install/serial:${AMENT_PREFIX_PATH} CMAKE_PREFIX_PATH=/home/neural/Neural-Knights/install/serial:/opt/ros/humble LD_LIBRARY_PATH=/home/neural/Neural-Knights/install/serial/lib:${LD_LIBRARY_PATH} /usr/bin/cmake --build /home/neural/Neural-Knights/build/diffdrive_arduino -- -j4 -l4
[0.920s] Level 1:colcon.colcon_core.environment:create_environment_scripts_only(gazebo_ros2_control)
[0.921s] Level 1:colcon.colcon_core.environment:checking '/home/neural/Neural-Knights/install/gazebo_ros2_control' for CMake module files
[0.922s] DEBUG:colcon.colcon_core.event_handler.log_command:Invoked command in '/home/neural/Neural-Knights/build/gazebo_ros2_control' returned '0': CMAKE_PREFIX_PATH=/opt/ros/humble /usr/bin/cmake --install /home/neural/Neural-Knights/build/gazebo_ros2_control
[0.922s] Level 1:colcon.colcon_core.environment:checking '/home/neural/Neural-Knights/install/gazebo_ros2_control' for CMake config files
[0.923s] Level 1:colcon.colcon_core.shell:create_environment_hook('gazebo_ros2_control', 'cmake_prefix_path')
[0.923s] INFO:colcon.colcon_core.shell:Creating environment hook '/home/neural/Neural-Knights/install/gazebo_ros2_control/share/gazebo_ros2_control/hook/cmake_prefix_path.ps1'
[0.924s] INFO:colcon.colcon_core.shell:Creating environment descriptor '/home/neural/Neural-Knights/install/gazebo_ros2_control/share/gazebo_ros2_control/hook/cmake_prefix_path.dsv'
[0.924s] INFO:colcon.colcon_core.shell:Creating environment hook '/home/neural/Neural-Knights/install/gazebo_ros2_control/share/gazebo_ros2_control/hook/cmake_prefix_path.sh'
[0.925s] Level 1:colcon.colcon_core.environment:checking '/home/neural/Neural-Knights/install/gazebo_ros2_control/lib'
[0.925s] Level 1:colcon.colcon_core.shell:create_environment_hook('gazebo_ros2_control', 'ld_library_path_lib')
[0.926s] INFO:colcon.colcon_core.shell:Creating environment hook '/home/neural/Neural-Knights/install/gazebo_ros2_control/share/gazebo_ros2_control/hook/ld_library_path_lib.ps1'
[0.926s] INFO:colcon.colcon_core.shell:Creating environment descriptor '/home/neural/Neural-Knights/install/gazebo_ros2_control/share/gazebo_ros2_control/hook/ld_library_path_lib.dsv'
[0.926s] INFO:colcon.colcon_core.shell:Creating environment hook '/home/neural/Neural-Knights/install/gazebo_ros2_control/share/gazebo_ros2_control/hook/ld_library_path_lib.sh'
[0.927s] Level 1:colcon.colcon_core.environment:checking '/home/neural/Neural-Knights/install/gazebo_ros2_control/bin'
[0.927s] Level 1:colcon.colcon_core.environment:checking '/home/neural/Neural-Knights/install/gazebo_ros2_control/lib/pkgconfig/gazebo_ros2_control.pc'
[0.927s] Level 1:colcon.colcon_core.environment:checking '/home/neural/Neural-Knights/install/gazebo_ros2_control/lib/python3.10/site-packages'
[0.928s] Level 1:colcon.colcon_core.environment:checking '/home/neural/Neural-Knights/install/gazebo_ros2_control/bin'
[0.928s] INFO:colcon.colcon_core.shell:Creating package script '/home/neural/Neural-Knights/install/gazebo_ros2_control/share/gazebo_ros2_control/package.ps1'
[0.929s] INFO:colcon.colcon_core.shell:Creating package descriptor '/home/neural/Neural-Knights/install/gazebo_ros2_control/share/gazebo_ros2_control/package.dsv'
[0.929s] INFO:colcon.colcon_core.shell:Creating package script '/home/neural/Neural-Knights/install/gazebo_ros2_control/share/gazebo_ros2_control/package.sh'
[0.930s] INFO:colcon.colcon_core.shell:Creating package script '/home/neural/Neural-Knights/install/gazebo_ros2_control/share/gazebo_ros2_control/package.bash'
[0.930s] INFO:colcon.colcon_core.shell:Creating package script '/home/neural/Neural-Knights/install/gazebo_ros2_control/share/gazebo_ros2_control/package.zsh'
[0.931s] Level 1:colcon.colcon_core.environment:create_file_with_runtime_dependencies(/home/neural/Neural-Knights/install/gazebo_ros2_control/share/colcon-core/packages/gazebo_ros2_control)
[0.931s] Level 1:colcon.colcon_core.environment:create_environment_scripts_only(gazebo_ros2_control)
[0.932s] Level 1:colcon.colcon_core.environment:checking '/home/neural/Neural-Knights/install/gazebo_ros2_control' for CMake module files
[0.932s] Level 1:colcon.colcon_core.environment:checking '/home/neural/Neural-Knights/install/gazebo_ros2_control' for CMake config files
[0.932s] Level 1:colcon.colcon_core.shell:create_environment_hook('gazebo_ros2_control', 'cmake_prefix_path')
[0.933s] INFO:colcon.colcon_core.shell:Creating environment hook '/home/neural/Neural-Knights/install/gazebo_ros2_control/share/gazebo_ros2_control/hook/cmake_prefix_path.ps1'
[0.933s] INFO:colcon.colcon_core.shell:Creating environment descriptor '/home/neural/Neural-Knights/install/gazebo_ros2_control/share/gazebo_ros2_control/hook/cmake_prefix_path.dsv'
[0.934s] INFO:colcon.colcon_core.shell:Creating environment hook '/home/neural/Neural-Knights/install/gazebo_ros2_control/share/gazebo_ros2_control/hook/cmake_prefix_path.sh'
[0.934s] Level 1:colcon.colcon_core.environment:checking '/home/neural/Neural-Knights/install/gazebo_ros2_control/lib'
[0.934s] Level 1:colcon.colcon_core.shell:create_environment_hook('gazebo_ros2_control', 'ld_library_path_lib')
[0.935s] INFO:colcon.colcon_core.shell:Creating environment hook '/home/neural/Neural-Knights/install/gazebo_ros2_control/share/gazebo_ros2_control/hook/ld_library_path_lib.ps1'
[0.935s] INFO:colcon.colcon_core.shell:Creating environment descriptor '/home/neural/Neural-Knights/install/gazebo_ros2_control/share/gazebo_ros2_control/hook/ld_library_path_lib.dsv'
[0.935s] INFO:colcon.colcon_core.shell:Creating environment hook '/home/neural/Neural-Knights/install/gazebo_ros2_control/share/gazebo_ros2_control/hook/ld_library_path_lib.sh'
[0.936s] Level 1:colcon.colcon_core.environment:checking '/home/neural/Neural-Knights/install/gazebo_ros2_control/bin'
[0.936s] Level 1:colcon.colcon_core.environment:checking '/home/neural/Neural-Knights/install/gazebo_ros2_control/lib/pkgconfig/gazebo_ros2_control.pc'
[0.936s] Level 1:colcon.colcon_core.environment:checking '/home/neural/Neural-Knights/install/gazebo_ros2_control/lib/python3.10/site-packages'
[0.936s] Level 1:colcon.colcon_core.environment:checking '/home/neural/Neural-Knights/install/gazebo_ros2_control/bin'
[0.937s] INFO:colcon.colcon_core.shell:Creating package script '/home/neural/Neural-Knights/install/gazebo_ros2_control/share/gazebo_ros2_control/package.ps1'
[0.937s] INFO:colcon.colcon_core.shell:Creating package descriptor '/home/neural/Neural-Knights/install/gazebo_ros2_control/share/gazebo_ros2_control/package.dsv'
[0.938s] INFO:colcon.colcon_core.shell:Creating package script '/home/neural/Neural-Knights/install/gazebo_ros2_control/share/gazebo_ros2_control/package.sh'
[0.939s] INFO:colcon.colcon_core.shell:Creating package script '/home/neural/Neural-Knights/install/gazebo_ros2_control/share/gazebo_ros2_control/package.bash'
[0.939s] INFO:colcon.colcon_core.shell:Creating package script '/home/neural/Neural-Knights/install/gazebo_ros2_control/share/gazebo_ros2_control/package.zsh'
[0.940s] Level 1:colcon.colcon_core.environment:create_file_with_runtime_dependencies(/home/neural/Neural-Knights/install/gazebo_ros2_control/share/colcon-core/packages/gazebo_ros2_control)
[0.940s] INFO:colcon.colcon_ros.task.ament_cmake.build:Building ROS package in '/home/neural/Neural-Knights/src/gazebo_ros2_control/gazebo_ros2_control_demos' with build type 'ament_cmake'
[0.941s] INFO:colcon.colcon_cmake.task.cmake.build:Building CMake package in '/home/neural/Neural-Knights/src/gazebo_ros2_control/gazebo_ros2_control_demos'
[0.941s] INFO:colcon.colcon_core.shell:Skip shell extension 'powershell' for command environment: Not usable outside of PowerShell
[0.941s] DEBUG:colcon.colcon_core.shell:Skip shell extension 'dsv' for command environment
[0.954s] DEBUG:colcon.colcon_core.event_handler.log_command:Invoking command in '/home/neural/Neural-Knights/build/gazebo_ros2_control_demos': AMENT_PREFIX_PATH=/home/neural/Neural-Knights/install/gazebo_ros2_control:${AMENT_PREFIX_PATH} CMAKE_PREFIX_PATH=/home/neural/Neural-Knights/install/gazebo_ros2_control:/opt/ros/humble LD_LIBRARY_PATH=/home/neural/Neural-Knights/install/gazebo_ros2_control/lib:${LD_LIBRARY_PATH} /usr/bin/cmake --build /home/neural/Neural-Knights/build/gazebo_ros2_control_demos -- -j4 -l4
[0.998s] DEBUG:colcon.colcon_core.event_handler.log_command:Invoked command in '/home/neural/Neural-Knights/build/diffdrive_arduino' returned '0': AMENT_PREFIX_PATH=/home/neural/Neural-Knights/install/serial:${AMENT_PREFIX_PATH} CMAKE_PREFIX_PATH=/home/neural/Neural-Knights/install/serial:/opt/ros/humble LD_LIBRARY_PATH=/home/neural/Neural-Knights/install/serial/lib:${LD_LIBRARY_PATH} /usr/bin/cmake --build /home/neural/Neural-Knights/build/diffdrive_arduino -- -j4 -l4
[1.002s] DEBUG:colcon.colcon_core.event_handler.log_command:Invoking command in '/home/neural/Neural-Knights/build/diffdrive_arduino': AMENT_PREFIX_PATH=/home/neural/Neural-Knights/install/serial:${AMENT_PREFIX_PATH} CMAKE_PREFIX_PATH=/home/neural/Neural-Knights/install/serial:/opt/ros/humble LD_LIBRARY_PATH=/home/neural/Neural-Knights/install/serial/lib:${LD_LIBRARY_PATH} /usr/bin/cmake --install /home/neural/Neural-Knights/build/diffdrive_arduino
[1.054s] Level 1:colcon.colcon_core.environment:create_environment_scripts_only(diffdrive_arduino)
[1.054s] Level 1:colcon.colcon_core.environment:checking '/home/neural/Neural-Knights/install/diffdrive_arduino' for CMake module files
[1.055s] Level 1:colcon.colcon_core.environment:checking '/home/neural/Neural-Knights/install/diffdrive_arduino' for CMake config files
[1.056s] Level 1:colcon.colcon_core.shell:create_environment_hook('diffdrive_arduino', 'cmake_prefix_path')
[1.057s] INFO:colcon.colcon_core.shell:Creating environment hook '/home/neural/Neural-Knights/install/diffdrive_arduino/share/diffdrive_arduino/hook/cmake_prefix_path.ps1'
[1.057s] DEBUG:colcon.colcon_core.event_handler.log_command:Invoked command in '/home/neural/Neural-Knights/build/diffdrive_arduino' returned '0': AMENT_PREFIX_PATH=/home/neural/Neural-Knights/install/serial:${AMENT_PREFIX_PATH} CMAKE_PREFIX_PATH=/home/neural/Neural-Knights/install/serial:/opt/ros/humble LD_LIBRARY_PATH=/home/neural/Neural-Knights/install/serial/lib:${LD_LIBRARY_PATH} /usr/bin/cmake --install /home/neural/Neural-Knights/build/diffdrive_arduino
[1.058s] INFO:colcon.colcon_core.shell:Creating environment descriptor '/home/neural/Neural-Knights/install/diffdrive_arduino/share/diffdrive_arduino/hook/cmake_prefix_path.dsv'
[1.058s] INFO:colcon.colcon_core.shell:Creating environment hook '/home/neural/Neural-Knights/install/diffdrive_arduino/share/diffdrive_arduino/hook/cmake_prefix_path.sh'
[1.059s] Level 1:colcon.colcon_core.environment:checking '/home/neural/Neural-Knights/install/diffdrive_arduino/lib'
[1.060s] Level 1:colcon.colcon_core.shell:create_environment_hook('diffdrive_arduino', 'ld_library_path_lib')
[1.060s] INFO:colcon.colcon_core.shell:Creating environment hook '/home/neural/Neural-Knights/install/diffdrive_arduino/share/diffdrive_arduino/hook/ld_library_path_lib.ps1'
[1.061s] INFO:colcon.colcon_core.shell:Creating environment descriptor '/home/neural/Neural-Knights/install/diffdrive_arduino/share/diffdrive_arduino/hook/ld_library_path_lib.dsv'
[1.062s] INFO:colcon.colcon_core.shell:Creating environment hook '/home/neural/Neural-Knights/install/diffdrive_arduino/share/diffdrive_arduino/hook/ld_library_path_lib.sh'
[1.062s] Level 1:colcon.colcon_core.environment:checking '/home/neural/Neural-Knights/install/diffdrive_arduino/bin'
[1.062s] Level 1:colcon.colcon_core.environment:checking '/home/neural/Neural-Knights/install/diffdrive_arduino/lib/pkgconfig/diffdrive_arduino.pc'
[1.063s] Level 1:colcon.colcon_core.environment:checking '/home/neural/Neural-Knights/install/diffdrive_arduino/lib/python3.10/site-packages'
[1.063s] Level 1:colcon.colcon_core.environment:checking '/home/neural/Neural-Knights/install/diffdrive_arduino/bin'
[1.064s] INFO:colcon.colcon_core.shell:Creating package script '/home/neural/Neural-Knights/install/diffdrive_arduino/share/diffdrive_arduino/package.ps1'
[1.065s] INFO:colcon.colcon_core.shell:Creating package descriptor '/home/neural/Neural-Knights/install/diffdrive_arduino/share/diffdrive_arduino/package.dsv'
[1.065s] INFO:colcon.colcon_core.shell:Creating package script '/home/neural/Neural-Knights/install/diffdrive_arduino/share/diffdrive_arduino/package.sh'
[1.066s] INFO:colcon.colcon_core.shell:Creating package script '/home/neural/Neural-Knights/install/diffdrive_arduino/share/diffdrive_arduino/package.bash'
[1.067s] INFO:colcon.colcon_core.shell:Creating package script '/home/neural/Neural-Knights/install/diffdrive_arduino/share/diffdrive_arduino/package.zsh'
[1.068s] Level 1:colcon.colcon_core.environment:create_file_with_runtime_dependencies(/home/neural/Neural-Knights/install/diffdrive_arduino/share/colcon-core/packages/diffdrive_arduino)
[1.068s] Level 1:colcon.colcon_core.environment:create_environment_scripts_only(diffdrive_arduino)
[1.069s] Level 1:colcon.colcon_core.environment:checking '/home/neural/Neural-Knights/install/diffdrive_arduino' for CMake module files
[1.070s] Level 1:colcon.colcon_core.environment:checking '/home/neural/Neural-Knights/install/diffdrive_arduino' for CMake config files
[1.071s] Level 1:colcon.colcon_core.shell:create_environment_hook('diffdrive_arduino', 'cmake_prefix_path')
[1.072s] INFO:colcon.colcon_core.shell:Creating environment hook '/home/neural/Neural-Knights/install/diffdrive_arduino/share/diffdrive_arduino/hook/cmake_prefix_path.ps1'
[1.072s] INFO:colcon.colcon_core.shell:Creating environment descriptor '/home/neural/Neural-Knights/install/diffdrive_arduino/share/diffdrive_arduino/hook/cmake_prefix_path.dsv'
[1.073s] INFO:colcon.colcon_core.shell:Creating environment hook '/home/neural/Neural-Knights/install/diffdrive_arduino/share/diffdrive_arduino/hook/cmake_prefix_path.sh'
[1.074s] Level 1:colcon.colcon_core.environment:checking '/home/neural/Neural-Knights/install/diffdrive_arduino/lib'
[1.074s] Level 1:colcon.colcon_core.shell:create_environment_hook('diffdrive_arduino', 'ld_library_path_lib')
[1.075s] INFO:colcon.colcon_core.shell:Creating environment hook '/home/neural/Neural-Knights/install/diffdrive_arduino/share/diffdrive_arduino/hook/ld_library_path_lib.ps1'
[1.075s] INFO:colcon.colcon_core.shell:Creating environment descriptor '/home/neural/Neural-Knights/install/diffdrive_arduino/share/diffdrive_arduino/hook/ld_library_path_lib.dsv'
[1.076s] INFO:colcon.colcon_core.shell:Creating environment hook '/home/neural/Neural-Knights/install/diffdrive_arduino/share/diffdrive_arduino/hook/ld_library_path_lib.sh'
[1.077s] Level 1:colcon.colcon_core.environment:checking '/home/neural/Neural-Knights/install/diffdrive_arduino/bin'
[1.077s] Level 1:colcon.colcon_core.environment:checking '/home/neural/Neural-Knights/install/diffdrive_arduino/lib/pkgconfig/diffdrive_arduino.pc'
[1.077s] Level 1:colcon.colcon_core.environment:checking '/home/neural/Neural-Knights/install/diffdrive_arduino/lib/python3.10/site-packages'
[1.078s] Level 1:colcon.colcon_core.environment:checking '/home/neural/Neural-Knights/install/diffdrive_arduino/bin'
[1.078s] INFO:colcon.colcon_core.shell:Creating package script '/home/neural/Neural-Knights/install/diffdrive_arduino/share/diffdrive_arduino/package.ps1'
[1.079s] INFO:colcon.colcon_core.shell:Creating package descriptor '/home/neural/Neural-Knights/install/diffdrive_arduino/share/diffdrive_arduino/package.dsv'
[1.080s] INFO:colcon.colcon_core.shell:Creating package script '/home/neural/Neural-Knights/install/diffdrive_arduino/share/diffdrive_arduino/package.sh'
[1.081s] INFO:colcon.colcon_core.shell:Creating package script '/home/neural/Neural-Knights/install/diffdrive_arduino/share/diffdrive_arduino/package.bash'
[1.082s] INFO:colcon.colcon_core.shell:Creating package script '/home/neural/Neural-Knights/install/diffdrive_arduino/share/diffdrive_arduino/package.zsh'
[1.083s] Level 1:colcon.colcon_core.environment:create_file_with_runtime_dependencies(/home/neural/Neural-Knights/install/diffdrive_arduino/share/colcon-core/packages/diffdrive_arduino)
[1.111s] DEBUG:colcon.colcon_core.event_handler.log_command:Invoked command in '/home/neural/Neural-Knights/build/gazebo_ros2_control_demos' returned '0': AMENT_PREFIX_PATH=/home/neural/Neural-Knights/install/gazebo_ros2_control:${AMENT_PREFIX_PATH} CMAKE_PREFIX_PATH=/home/neural/Neural-Knights/install/gazebo_ros2_control:/opt/ros/humble LD_LIBRARY_PATH=/home/neural/Neural-Knights/install/gazebo_ros2_control/lib:${LD_LIBRARY_PATH} /usr/bin/cmake --build /home/neural/Neural-Knights/build/gazebo_ros2_control_demos -- -j4 -l4
[1.113s] DEBUG:colcon.colcon_core.event_handler.log_command:Invoking command in '/home/neural/Neural-Knights/build/gazebo_ros2_control_demos': AMENT_PREFIX_PATH=/home/neural/Neural-Knights/install/gazebo_ros2_control:${AMENT_PREFIX_PATH} CMAKE_PREFIX_PATH=/home/neural/Neural-Knights/install/gazebo_ros2_control:/opt/ros/humble LD_LIBRARY_PATH=/home/neural/Neural-Knights/install/gazebo_ros2_control/lib:${LD_LIBRARY_PATH} /usr/bin/cmake --install /home/neural/Neural-Knights/build/gazebo_ros2_control_demos
[1.145s] Level 1:colcon.colcon_core.environment:create_environment_scripts_only(gazebo_ros2_control_demos)
[1.145s] Level 1:colcon.colcon_core.environment:checking '/home/neural/Neural-Knights/install/gazebo_ros2_control_demos' for CMake module files
[1.146s] DEBUG:colcon.colcon_core.event_handler.log_command:Invoked command in '/home/neural/Neural-Knights/build/gazebo_ros2_control_demos' returned '0': AMENT_PREFIX_PATH=/home/neural/Neural-Knights/install/gazebo_ros2_control:${AMENT_PREFIX_PATH} CMAKE_PREFIX_PATH=/home/neural/Neural-Knights/install/gazebo_ros2_control:/opt/ros/humble LD_LIBRARY_PATH=/home/neural/Neural-Knights/install/gazebo_ros2_control/lib:${LD_LIBRARY_PATH} /usr/bin/cmake --install /home/neural/Neural-Knights/build/gazebo_ros2_control_demos
[1.147s] Level 1:colcon.colcon_core.environment:checking '/home/neural/Neural-Knights/install/gazebo_ros2_control_demos' for CMake config files
[1.147s] Level 1:colcon.colcon_core.shell:create_environment_hook('gazebo_ros2_control_demos', 'cmake_prefix_path')
[1.148s] INFO:colcon.colcon_core.shell:Creating environment hook '/home/neural/Neural-Knights/install/gazebo_ros2_control_demos/share/gazebo_ros2_control_demos/hook/cmake_prefix_path.ps1'
[1.148s] INFO:colcon.colcon_core.shell:Creating environment descriptor '/home/neural/Neural-Knights/install/gazebo_ros2_control_demos/share/gazebo_ros2_control_demos/hook/cmake_prefix_path.dsv'
[1.149s] INFO:colcon.colcon_core.shell:Creating environment hook '/home/neural/Neural-Knights/install/gazebo_ros2_control_demos/share/gazebo_ros2_control_demos/hook/cmake_prefix_path.sh'
[1.150s] Level 1:colcon.colcon_core.environment:checking '/home/neural/Neural-Knights/install/gazebo_ros2_control_demos/lib'
[1.150s] Level 1:colcon.colcon_core.environment:checking '/home/neural/Neural-Knights/install/gazebo_ros2_control_demos/bin'
[1.150s] Level 1:colcon.colcon_core.environment:checking '/home/neural/Neural-Knights/install/gazebo_ros2_control_demos/lib/pkgconfig/gazebo_ros2_control_demos.pc'
[1.150s] Level 1:colcon.colcon_core.environment:checking '/home/neural/Neural-Knights/install/gazebo_ros2_control_demos/lib/python3.10/site-packages'
[1.150s] Level 1:colcon.colcon_core.environment:checking '/home/neural/Neural-Knights/install/gazebo_ros2_control_demos/bin'
[1.151s] INFO:colcon.colcon_core.shell:Creating package script '/home/neural/Neural-Knights/install/gazebo_ros2_control_demos/share/gazebo_ros2_control_demos/package.ps1'
[1.151s] INFO:colcon.colcon_core.shell:Creating package descriptor '/home/neural/Neural-Knights/install/gazebo_ros2_control_demos/share/gazebo_ros2_control_demos/package.dsv'
[1.151s] INFO:colcon.colcon_core.shell:Creating package script '/home/neural/Neural-Knights/install/gazebo_ros2_control_demos/share/gazebo_ros2_control_demos/package.sh'
[1.152s] INFO:colcon.colcon_core.shell:Creating package script '/home/neural/Neural-Knights/install/gazebo_ros2_control_demos/share/gazebo_ros2_control_demos/package.bash'
[1.152s] INFO:colcon.colcon_core.shell:Creating package script '/home/neural/Neural-Knights/install/gazebo_ros2_control_demos/share/gazebo_ros2_control_demos/package.zsh'
[1.153s] Level 1:colcon.colcon_core.environment:create_file_with_runtime_dependencies(/home/neural/Neural-Knights/install/gazebo_ros2_control_demos/share/colcon-core/packages/gazebo_ros2_control_demos)
[1.153s] Level 1:colcon.colcon_core.environment:create_environment_scripts_only(gazebo_ros2_control_demos)
[1.153s] Level 1:colcon.colcon_core.environment:checking '/home/neural/Neural-Knights/install/gazebo_ros2_control_demos' for CMake module files
[1.154s] Level 1:colcon.colcon_core.environment:checking '/home/neural/Neural-Knights/install/gazebo_ros2_control_demos' for CMake config files
[1.154s] Level 1:colcon.colcon_core.shell:create_environment_hook('gazebo_ros2_control_demos', 'cmake_prefix_path')
[1.155s] INFO:colcon.colcon_core.shell:Creating environment hook '/home/neural/Neural-Knights/install/gazebo_ros2_control_demos/share/gazebo_ros2_control_demos/hook/cmake_prefix_path.ps1'
[1.155s] INFO:colcon.colcon_core.shell:Creating environment descriptor '/home/neural/Neural-Knights/install/gazebo_ros2_control_demos/share/gazebo_ros2_control_demos/hook/cmake_prefix_path.dsv'
[1.155s] INFO:colcon.colcon_core.shell:Creating environment hook '/home/neural/Neural-Knights/install/gazebo_ros2_control_demos/share/gazebo_ros2_control_demos/hook/cmake_prefix_path.sh'
[1.156s] Level 1:colcon.colcon_core.environment:checking '/home/neural/Neural-Knights/install/gazebo_ros2_control_demos/lib'
[1.156s] Level 1:colcon.colcon_core.environment:checking '/home/neural/Neural-Knights/install/gazebo_ros2_control_demos/bin'
[1.156s] Level 1:colcon.colcon_core.environment:checking '/home/neural/Neural-Knights/install/gazebo_ros2_control_demos/lib/pkgconfig/gazebo_ros2_control_demos.pc'
[1.157s] Level 1:colcon.colcon_core.environment:checking '/home/neural/Neural-Knights/install/gazebo_ros2_control_demos/lib/python3.10/site-packages'
[1.157s] Level 1:colcon.colcon_core.environment:checking '/home/neural/Neural-Knights/install/gazebo_ros2_control_demos/bin'
[1.158s] INFO:colcon.colcon_core.shell:Creating package script '/home/neural/Neural-Knights/install/gazebo_ros2_control_demos/share/gazebo_ros2_control_demos/package.ps1'
[1.159s] INFO:colcon.colcon_core.shell:Creating package descriptor '/home/neural/Neural-Knights/install/gazebo_ros2_control_demos/share/gazebo_ros2_control_demos/package.dsv'
[1.160s] INFO:colcon.colcon_core.shell:Creating package script '/home/neural/Neural-Knights/install/gazebo_ros2_control_demos/share/gazebo_ros2_control_demos/package.sh'
[1.161s] INFO:colcon.colcon_core.shell:Creating package script '/home/neural/Neural-Knights/install/gazebo_ros2_control_demos/share/gazebo_ros2_control_demos/package.bash'
[1.162s] INFO:colcon.colcon_core.shell:Creating package script '/home/neural/Neural-Knights/install/gazebo_ros2_control_demos/share/gazebo_ros2_control_demos/package.zsh'
[1.163s] Level 1:colcon.colcon_core.environment:create_file_with_runtime_dependencies(/home/neural/Neural-Knights/install/gazebo_ros2_control_demos/share/colcon-core/packages/gazebo_ros2_control_demos)
[1.164s] DEBUG:colcon.colcon_parallel_executor.executor.parallel:closing loop
[1.168s] DEBUG:colcon.colcon_parallel_executor.executor.parallel:loop closed
[1.168s] DEBUG:colcon.colcon_parallel_executor.executor.parallel:run_until_complete finished with '0'
[1.168s] DEBUG:colcon.colcon_core.event_reactor:joining thread
[1.177s] INFO:colcon.colcon_core.plugin_system:Skipping extension 'colcon_notification.desktop_notification.terminal_notifier': Not used on non-Darwin systems
[1.177s] INFO:colcon.colcon_core.plugin_system:Skipping extension 'colcon_notification.desktop_notification.win32': Not used on non-Windows systems
[1.177s] INFO:colcon.colcon_notification.desktop_notification:Sending desktop notification using 'notify2'
[1.199s] DEBUG:colcon.colcon_core.event_reactor:joined thread
[1.199s] INFO:colcon.colcon_core.shell:Creating prefix script '/home/neural/Neural-Knights/install/local_setup.ps1'
[1.201s] INFO:colcon.colcon_core.shell:Creating prefix util module '/home/neural/Neural-Knights/install/_local_setup_util_ps1.py'
[1.204s] INFO:colcon.colcon_core.shell:Creating prefix chain script '/home/neural/Neural-Knights/install/setup.ps1'
[1.207s] INFO:colcon.colcon_core.shell:Creating prefix script '/home/neural/Neural-Knights/install/local_setup.sh'
[1.208s] INFO:colcon.colcon_core.shell:Creating prefix util module '/home/neural/Neural-Knights/install/_local_setup_util_sh.py'
[1.209s] INFO:colcon.colcon_core.shell:Creating prefix chain script '/home/neural/Neural-Knights/install/setup.sh'
[1.211s] INFO:colcon.colcon_core.shell:Creating prefix script '/home/neural/Neural-Knights/install/local_setup.bash'
[1.214s] INFO:colcon.colcon_core.shell:Creating prefix chain script '/home/neural/Neural-Knights/install/setup.bash'
[1.216s] INFO:colcon.colcon_core.shell:Creating prefix script '/home/neural/Neural-Knights/install/local_setup.zsh'
[1.218s] INFO:colcon.colcon_core.shell:Creating prefix chain script '/home/neural/Neural-Knights/install/setup.zsh'
