[0.018s] Invoking command in '/home/neural/Neural-Knights/build/serial': CMAKE_PREFIX_PATH=${CMAKE_PREFIX_PATH}:/opt/ros/humble /usr/bin/cmake /home/neural/Neural-Knights/src/serial -DAMENT_CMAKE_SYMLINK_INSTALL=1 -DCMAKE_INSTALL_PREFIX=/home/neural/Neural-Knights/install/serial
[0.113s] -- The C compiler identification is GNU 11.4.0
[0.206s] -- The CXX compiler identification is GNU 11.4.0
[0.215s] -- Detecting C compiler ABI info
[0.332s] -- Detecting C compiler ABI info - done
[0.349s] -- Check for working C compiler: /usr/bin/cc - skipped
[0.349s] -- Detecting C compile features
[0.349s] -- Detecting C compile features - done
[0.354s] -- Detecting CXX compiler ABI info
[0.483s] -- Detecting CXX compiler ABI info - done
[0.494s] -- Check for working CXX compiler: /usr/bin/c++ - skipped
[0.495s] -- Detecting CXX compile features
[0.495s] -- Detecting CXX compile features - done
[0.498s] -- Found ament_cmake: 1.3.12 (/opt/ros/humble/share/ament_cmake/cmake)
[0.708s] -- Found Python3: /usr/bin/python3 (found version "3.10.12") found components: Interpreter 
[0.815s] -- Override CMake install command with custom implementation using symlinks instead of copying resources
[0.870s] -- Found ament_cmake_gtest: 1.3.12 (/opt/ros/humble/share/ament_cmake_gtest/cmake)
[0.881s] -- Found Boost: /usr/lib/x86_64-linux-gnu/cmake/Boost-1.74.0/BoostConfig.cmake (found version "1.74.0")  
[0.886s] -- Found gtest sources under '/opt/ros/humble/src/gtest_vendor': C++ tests using 'Google Test' will be built
[0.889s] -- Looking for pthread.h
[1.025s] -- Looking for pthread.h - found
[1.025s] -- Performing Test CMAKE_HAVE_LIBC_PTHREAD
[1.161s] -- Performing Test CMAKE_HAVE_LIBC_PTHREAD - Success
[1.162s] -- Found Threads: TRUE  
[1.290s] -- Configuring done
[1.308s] -- Generating done
[1.314s] -- Build files have been written to: /home/neural/Neural-Knights/build/serial
[1.322s] Invoked command in '/home/neural/Neural-Knights/build/serial' returned '0': CMAKE_PREFIX_PATH=${CMAKE_PREFIX_PATH}:/opt/ros/humble /usr/bin/cmake /home/neural/Neural-Knights/src/serial -DAMENT_CMAKE_SYMLINK_INSTALL=1 -DCMAKE_INSTALL_PREFIX=/home/neural/Neural-Knights/install/serial
[1.324s] Invoking command in '/home/neural/Neural-Knights/build/serial': CMAKE_PREFIX_PATH=${CMAKE_PREFIX_PATH}:/opt/ros/humble /usr/bin/cmake --build /home/neural/Neural-Knights/build/serial -- -j4 -l4
[1.391s] [  7%] [32mBuilding CXX object gtest/CMakeFiles/gtest_main.dir/src/gtest_main.cc.o[0m
[1.400s] [ 14%] [32mBuilding CXX object CMakeFiles/serial.dir/src/serial.cc.o[0m
[1.406s] [ 21%] [32mBuilding CXX object CMakeFiles/serial.dir/src/impl/unix.cc.o[0m
[1.438s] [ 28%] [32mBuilding CXX object gtest/CMakeFiles/gtest.dir/src/gtest-all.cc.o[0m
[2.361s] [ 35%] [32mBuilding CXX object CMakeFiles/serial.dir/src/impl/list_ports/list_ports_linux.cc.o[0m
[3.253s] [ 42%] [32m[1mLinking CXX static library libserial.a[0m
[3.309s] [ 50%] [32m[1mLinking CXX static library libgtest_main.a[0m
[3.331s] [ 50%] Built target serial
[3.361s] [ 57%] [32mBuilding CXX object CMakeFiles/serial_example.dir/examples/serial_example.cc.o[0m
[3.362s] [ 57%] Built target gtest_main
[3.772s] [ 64%] [32m[1mLinking CXX executable serial_example[0m
[3.879s] [ 64%] Built target serial_example
[7.428s] [ 71%] [32m[1mLinking CXX static library libgtest.a[0m
[7.544s] [ 71%] Built target gtest
[7.571s] [ 78%] [32mBuilding CXX object tests/CMakeFiles/serial-test-timer.dir/unit/unix_timer_tests.cc.o[0m
[7.573s] [ 85%] [32mBuilding CXX object tests/CMakeFiles/serial-test.dir/unix_serial_tests.cc.o[0m
[9.464s] [ 92%] [32m[1mLinking CXX executable serial-test-timer[0m
[9.647s] [100%] [32m[1mLinking CXX executable serial-test[0m
[9.777s] [100%] Built target serial-test-timer
[9.910s] [100%] Built target serial-test
[9.924s] Invoked command in '/home/neural/Neural-Knights/build/serial' returned '0': CMAKE_PREFIX_PATH=${CMAKE_PREFIX_PATH}:/opt/ros/humble /usr/bin/cmake --build /home/neural/Neural-Knights/build/serial -- -j4 -l4
[9.926s] Invoking command in '/home/neural/Neural-Knights/build/serial': CMAKE_PREFIX_PATH=${CMAKE_PREFIX_PATH}:/opt/ros/humble /usr/bin/cmake --install /home/neural/Neural-Knights/build/serial
[9.936s] -- Install configuration: ""
[9.937s] -- Execute custom install script
[9.938s] -- Symlinking: /home/neural/Neural-Knights/install/serial/lib/libserial.a
[9.951s] -- Symlinking: /home/neural/Neural-Knights/install/serial/include/serial/serial.h
[9.964s] -- Symlinking: /home/neural/Neural-Knights/install/serial/include/serial/v8stdint.h
[9.977s] -- Symlinking: /home/neural/Neural-Knights/install/serial/share/serial/environment/library_path.sh
[9.990s] -- Symlinking: /home/neural/Neural-Knights/install/serial/share/serial/environment/library_path.dsv
[10.003s] -- Symlinking: /home/neural/Neural-Knights/install/serial/share/ament_index/resource_index/package_run_dependencies/serial
[10.016s] -- Symlinking: /home/neural/Neural-Knights/install/serial/share/ament_index/resource_index/parent_prefix_path/serial
[10.029s] -- Symlinking: /home/neural/Neural-Knights/install/serial/share/serial/environment/ament_prefix_path.sh
[10.042s] -- Symlinking: /home/neural/Neural-Knights/install/serial/share/serial/environment/ament_prefix_path.dsv
[10.055s] -- Symlinking: /home/neural/Neural-Knights/install/serial/share/serial/environment/path.sh
[10.068s] -- Symlinking: /home/neural/Neural-Knights/install/serial/share/serial/environment/path.dsv
[10.082s] -- Symlinking: /home/neural/Neural-Knights/install/serial/share/serial/local_setup.bash
[10.095s] -- Symlinking: /home/neural/Neural-Knights/install/serial/share/serial/local_setup.sh
[10.108s] -- Symlinking: /home/neural/Neural-Knights/install/serial/share/serial/local_setup.zsh
[10.122s] -- Symlinking: /home/neural/Neural-Knights/install/serial/share/serial/local_setup.dsv
[10.135s] -- Symlinking: /home/neural/Neural-Knights/install/serial/share/serial/package.dsv
[10.149s] -- Symlinking: /home/neural/Neural-Knights/install/serial/share/ament_index/resource_index/packages/serial
[10.162s] -- Symlinking: /home/neural/Neural-Knights/install/serial/share/serial/cmake/ament_cmake_export_include_directories-extras.cmake
[10.176s] -- Symlinking: /home/neural/Neural-Knights/install/serial/share/serial/cmake/ament_cmake_export_libraries-extras.cmake
[10.189s] -- Symlinking: /home/neural/Neural-Knights/install/serial/share/serial/cmake/serialConfig.cmake
[10.202s] -- Symlinking: /home/neural/Neural-Knights/install/serial/share/serial/cmake/serialConfig-version.cmake
[10.216s] -- Symlinking: /home/neural/Neural-Knights/install/serial/share/serial/package.xml
[10.233s] Invoked command in '/home/neural/Neural-Knights/build/serial' returned '0': CMAKE_PREFIX_PATH=${CMAKE_PREFIX_PATH}:/opt/ros/humble /usr/bin/cmake --install /home/neural/Neural-Knights/build/serial
