[0.173s] DEBUG:colcon:Command line arguments: ['/usr/bin/colcon', 'build', '--symlink-install']
[0.173s] DEBUG:colcon:Parsed command line arguments: Namespace(log_base=None, log_level=None, verb_name='build', build_base='build', install_base='install', merge_install=False, symlink_install=True, test_result_base=None, continue_on_error=False, executor='parallel', parallel_workers=4, event_handlers=None, ignore_user_meta=False, metas=['./colcon.meta'], base_paths=['.'], packages_ignore=None, packages_ignore_regex=None, paths=None, packages_up_to=None, packages_up_to_regex=None, packages_above=None, packages_above_and_dependencies=None, packages_above_depth=None, packages_select_by_dep=None, packages_skip_by_dep=None, packages_skip_up_to=None, packages_select_build_failed=False, packages_skip_build_finished=False, packages_select_test_failures=False, packages_skip_test_passed=False, packages_select=None, packages_skip=None, packages_select_regex=None, packages_skip_regex=None, packages_start=None, packages_end=None, allow_overriding=[], cmake_args=None, cmake_target=None, cmake_target_skip_unavailable=False, cmake_clean_cache=False, cmake_clean_first=False, cmake_force_configure=False, ament_cmake_args=None, catkin_cmake_args=None, catkin_skip_building_tests=False, mixin_files=None, mixin=None, verb_parser=<colcon_mixin.mixin.mixin_argument.MixinArgumentDecorator object at 0x7f20bce129b0>, verb_extension=<colcon_core.verb.build.BuildVerb object at 0x7f20bce12230>, main=<bound method BuildVerb.main of <colcon_core.verb.build.BuildVerb object at 0x7f20bce12230>>, mixin_verb=('build',))
[0.500s] Level 1:colcon.colcon_core.package_discovery:discover_packages(colcon_meta) check parameters
[0.500s] Level 1:colcon.colcon_core.package_discovery:discover_packages(recursive) check parameters
[0.500s] Level 1:colcon.colcon_core.package_discovery:discover_packages(ignore) check parameters
[0.500s] Level 1:colcon.colcon_core.package_discovery:discover_packages(path) check parameters
[0.500s] Level 1:colcon.colcon_core.package_discovery:discover_packages(colcon_meta) discover
[0.500s] Level 1:colcon.colcon_core.package_discovery:discover_packages(recursive) discover
[0.500s] INFO:colcon.colcon_core.package_discovery:Crawling recursively for packages in '/home/neural/Neural-Knights'
[0.500s] Level 1:colcon.colcon_core.package_identification:_identify(.) by extensions ['ignore', 'ignore_ament_install']
[0.500s] Level 1:colcon.colcon_core.package_identification:_identify(.) by extension 'ignore'
[0.501s] Level 1:colcon.colcon_core.package_identification:_identify(.) by extension 'ignore_ament_install'
[0.501s] Level 1:colcon.colcon_core.package_identification:_identify(.) by extensions ['colcon_pkg']
[0.501s] Level 1:colcon.colcon_core.package_identification:_identify(.) by extension 'colcon_pkg'
[0.501s] Level 1:colcon.colcon_core.package_identification:_identify(.) by extensions ['colcon_meta']
[0.501s] Level 1:colcon.colcon_core.package_identification:_identify(.) by extension 'colcon_meta'
[0.501s] Level 1:colcon.colcon_core.package_identification:_identify(.) by extensions ['ros']
[0.501s] Level 1:colcon.colcon_core.package_identification:_identify(.) by extension 'ros'
[0.513s] Level 1:colcon.colcon_core.package_identification:_identify(.) by extensions ['cmake', 'python']
[0.513s] Level 1:colcon.colcon_core.package_identification:_identify(.) by extension 'cmake'
[0.513s] Level 1:colcon.colcon_core.package_identification:_identify(.) by extension 'python'
[0.513s] Level 1:colcon.colcon_core.package_identification:_identify(.) by extensions ['python_setup_py']
[0.513s] Level 1:colcon.colcon_core.package_identification:_identify(.) by extension 'python_setup_py'
[0.513s] Level 1:colcon.colcon_core.package_identification:_identify(build) by extensions ['ignore', 'ignore_ament_install']
[0.514s] Level 1:colcon.colcon_core.package_identification:_identify(build) by extension 'ignore'
[0.514s] Level 1:colcon.colcon_core.package_identification:_identify(build) ignored
[0.514s] Level 1:colcon.colcon_core.package_identification:_identify(install) by extensions ['ignore', 'ignore_ament_install']
[0.514s] Level 1:colcon.colcon_core.package_identification:_identify(install) by extension 'ignore'
[0.514s] Level 1:colcon.colcon_core.package_identification:_identify(install) ignored
[0.514s] Level 1:colcon.colcon_core.package_identification:_identify(log) by extensions ['ignore', 'ignore_ament_install']
[0.514s] Level 1:colcon.colcon_core.package_identification:_identify(log) by extension 'ignore'
[0.515s] Level 1:colcon.colcon_core.package_identification:_identify(log) ignored
[0.515s] Level 1:colcon.colcon_core.package_identification:_identify(src) by extensions ['ignore', 'ignore_ament_install']
[0.515s] Level 1:colcon.colcon_core.package_identification:_identify(src) by extension 'ignore'
[0.515s] Level 1:colcon.colcon_core.package_identification:_identify(src) by extension 'ignore_ament_install'
[0.515s] Level 1:colcon.colcon_core.package_identification:_identify(src) by extensions ['colcon_pkg']
[0.515s] Level 1:colcon.colcon_core.package_identification:_identify(src) by extension 'colcon_pkg'
[0.515s] Level 1:colcon.colcon_core.package_identification:_identify(src) by extensions ['colcon_meta']
[0.515s] Level 1:colcon.colcon_core.package_identification:_identify(src) by extension 'colcon_meta'
[0.515s] Level 1:colcon.colcon_core.package_identification:_identify(src) by extensions ['ros']
[0.515s] Level 1:colcon.colcon_core.package_identification:_identify(src) by extension 'ros'
[0.515s] Level 1:colcon.colcon_core.package_identification:_identify(src) by extensions ['cmake', 'python']
[0.515s] Level 1:colcon.colcon_core.package_identification:_identify(src) by extension 'cmake'
[0.516s] Level 1:colcon.colcon_core.package_identification:_identify(src) by extension 'python'
[0.516s] Level 1:colcon.colcon_core.package_identification:_identify(src) by extensions ['python_setup_py']
[0.516s] Level 1:colcon.colcon_core.package_identification:_identify(src) by extension 'python_setup_py'
[0.516s] Level 1:colcon.colcon_core.package_identification:_identify(src/articubot_one) by extensions ['ignore', 'ignore_ament_install']
[0.516s] Level 1:colcon.colcon_core.package_identification:_identify(src/articubot_one) by extension 'ignore'
[0.516s] Level 1:colcon.colcon_core.package_identification:_identify(src/articubot_one) by extension 'ignore_ament_install'
[0.516s] Level 1:colcon.colcon_core.package_identification:_identify(src/articubot_one) by extensions ['colcon_pkg']
[0.516s] Level 1:colcon.colcon_core.package_identification:_identify(src/articubot_one) by extension 'colcon_pkg'
[0.516s] Level 1:colcon.colcon_core.package_identification:_identify(src/articubot_one) by extensions ['colcon_meta']
[0.516s] Level 1:colcon.colcon_core.package_identification:_identify(src/articubot_one) by extension 'colcon_meta'
[0.516s] Level 1:colcon.colcon_core.package_identification:_identify(src/articubot_one) by extensions ['ros']
[0.516s] Level 1:colcon.colcon_core.package_identification:_identify(src/articubot_one) by extension 'ros'
[0.521s] DEBUG:colcon.colcon_core.package_identification:Package 'src/articubot_one' with type 'ros.ament_cmake' and name 'articubot_one'
[0.521s] Level 1:colcon.colcon_core.package_identification:_identify(src/diffdrive_arduino) by extensions ['ignore', 'ignore_ament_install']
[0.521s] Level 1:colcon.colcon_core.package_identification:_identify(src/diffdrive_arduino) by extension 'ignore'
[0.521s] Level 1:colcon.colcon_core.package_identification:_identify(src/diffdrive_arduino) by extension 'ignore_ament_install'
[0.521s] Level 1:colcon.colcon_core.package_identification:_identify(src/diffdrive_arduino) by extensions ['colcon_pkg']
[0.522s] Level 1:colcon.colcon_core.package_identification:_identify(src/diffdrive_arduino) by extension 'colcon_pkg'
[0.522s] Level 1:colcon.colcon_core.package_identification:_identify(src/diffdrive_arduino) by extensions ['colcon_meta']
[0.522s] Level 1:colcon.colcon_core.package_identification:_identify(src/diffdrive_arduino) by extension 'colcon_meta'
[0.522s] Level 1:colcon.colcon_core.package_identification:_identify(src/diffdrive_arduino) by extensions ['ros']
[0.522s] Level 1:colcon.colcon_core.package_identification:_identify(src/diffdrive_arduino) by extension 'ros'
[0.524s] DEBUG:colcon.colcon_core.package_identification:Package 'src/diffdrive_arduino' with type 'ros.ament_cmake' and name 'diffdrive_arduino'
[0.525s] Level 1:colcon.colcon_core.package_identification:_identify(src/gazebo_ros2_control) by extensions ['ignore', 'ignore_ament_install']
[0.525s] Level 1:colcon.colcon_core.package_identification:_identify(src/gazebo_ros2_control) by extension 'ignore'
[0.525s] Level 1:colcon.colcon_core.package_identification:_identify(src/gazebo_ros2_control) by extension 'ignore_ament_install'
[0.525s] Level 1:colcon.colcon_core.package_identification:_identify(src/gazebo_ros2_control) by extensions ['colcon_pkg']
[0.525s] Level 1:colcon.colcon_core.package_identification:_identify(src/gazebo_ros2_control) by extension 'colcon_pkg'
[0.525s] Level 1:colcon.colcon_core.package_identification:_identify(src/gazebo_ros2_control) by extensions ['colcon_meta']
[0.525s] Level 1:colcon.colcon_core.package_identification:_identify(src/gazebo_ros2_control) by extension 'colcon_meta'
[0.525s] Level 1:colcon.colcon_core.package_identification:_identify(src/gazebo_ros2_control) by extensions ['ros']
[0.525s] Level 1:colcon.colcon_core.package_identification:_identify(src/gazebo_ros2_control) by extension 'ros'
[0.525s] Level 1:colcon.colcon_core.package_identification:_identify(src/gazebo_ros2_control) by extensions ['cmake', 'python']
[0.525s] Level 1:colcon.colcon_core.package_identification:_identify(src/gazebo_ros2_control) by extension 'cmake'
[0.525s] Level 1:colcon.colcon_core.package_identification:_identify(src/gazebo_ros2_control) by extension 'python'
[0.526s] Level 1:colcon.colcon_core.package_identification:_identify(src/gazebo_ros2_control) by extensions ['python_setup_py']
[0.526s] Level 1:colcon.colcon_core.package_identification:_identify(src/gazebo_ros2_control) by extension 'python_setup_py'
[0.526s] Level 1:colcon.colcon_core.package_identification:_identify(src/gazebo_ros2_control/Docker) by extensions ['ignore', 'ignore_ament_install']
[0.526s] Level 1:colcon.colcon_core.package_identification:_identify(src/gazebo_ros2_control/Docker) by extension 'ignore'
[0.526s] Level 1:colcon.colcon_core.package_identification:_identify(src/gazebo_ros2_control/Docker) by extension 'ignore_ament_install'
[0.526s] Level 1:colcon.colcon_core.package_identification:_identify(src/gazebo_ros2_control/Docker) by extensions ['colcon_pkg']
[0.526s] Level 1:colcon.colcon_core.package_identification:_identify(src/gazebo_ros2_control/Docker) by extension 'colcon_pkg'
[0.526s] Level 1:colcon.colcon_core.package_identification:_identify(src/gazebo_ros2_control/Docker) by extensions ['colcon_meta']
[0.526s] Level 1:colcon.colcon_core.package_identification:_identify(src/gazebo_ros2_control/Docker) by extension 'colcon_meta'
[0.526s] Level 1:colcon.colcon_core.package_identification:_identify(src/gazebo_ros2_control/Docker) by extensions ['ros']
[0.526s] Level 1:colcon.colcon_core.package_identification:_identify(src/gazebo_ros2_control/Docker) by extension 'ros'
[0.527s] Level 1:colcon.colcon_core.package_identification:_identify(src/gazebo_ros2_control/Docker) by extensions ['cmake', 'python']
[0.527s] Level 1:colcon.colcon_core.package_identification:_identify(src/gazebo_ros2_control/Docker) by extension 'cmake'
[0.527s] Level 1:colcon.colcon_core.package_identification:_identify(src/gazebo_ros2_control/Docker) by extension 'python'
[0.527s] Level 1:colcon.colcon_core.package_identification:_identify(src/gazebo_ros2_control/Docker) by extensions ['python_setup_py']
[0.527s] Level 1:colcon.colcon_core.package_identification:_identify(src/gazebo_ros2_control/Docker) by extension 'python_setup_py'
[0.527s] Level 1:colcon.colcon_core.package_identification:_identify(src/gazebo_ros2_control/doc) by extensions ['ignore', 'ignore_ament_install']
[0.527s] Level 1:colcon.colcon_core.package_identification:_identify(src/gazebo_ros2_control/doc) by extension 'ignore'
[0.527s] Level 1:colcon.colcon_core.package_identification:_identify(src/gazebo_ros2_control/doc) by extension 'ignore_ament_install'
[0.527s] Level 1:colcon.colcon_core.package_identification:_identify(src/gazebo_ros2_control/doc) by extensions ['colcon_pkg']
[0.527s] Level 1:colcon.colcon_core.package_identification:_identify(src/gazebo_ros2_control/doc) by extension 'colcon_pkg'
[0.527s] Level 1:colcon.colcon_core.package_identification:_identify(src/gazebo_ros2_control/doc) by extensions ['colcon_meta']
[0.527s] Level 1:colcon.colcon_core.package_identification:_identify(src/gazebo_ros2_control/doc) by extension 'colcon_meta'
[0.528s] Level 1:colcon.colcon_core.package_identification:_identify(src/gazebo_ros2_control/doc) by extensions ['ros']
[0.528s] Level 1:colcon.colcon_core.package_identification:_identify(src/gazebo_ros2_control/doc) by extension 'ros'
[0.528s] Level 1:colcon.colcon_core.package_identification:_identify(src/gazebo_ros2_control/doc) by extensions ['cmake', 'python']
[0.528s] Level 1:colcon.colcon_core.package_identification:_identify(src/gazebo_ros2_control/doc) by extension 'cmake'
[0.528s] Level 1:colcon.colcon_core.package_identification:_identify(src/gazebo_ros2_control/doc) by extension 'python'
[0.528s] Level 1:colcon.colcon_core.package_identification:_identify(src/gazebo_ros2_control/doc) by extensions ['python_setup_py']
[0.528s] Level 1:colcon.colcon_core.package_identification:_identify(src/gazebo_ros2_control/doc) by extension 'python_setup_py'
[0.528s] Level 1:colcon.colcon_core.package_identification:_identify(src/gazebo_ros2_control/doc/img) by extensions ['ignore', 'ignore_ament_install']
[0.528s] Level 1:colcon.colcon_core.package_identification:_identify(src/gazebo_ros2_control/doc/img) by extension 'ignore'
[0.528s] Level 1:colcon.colcon_core.package_identification:_identify(src/gazebo_ros2_control/doc/img) by extension 'ignore_ament_install'
[0.528s] Level 1:colcon.colcon_core.package_identification:_identify(src/gazebo_ros2_control/doc/img) by extensions ['colcon_pkg']
[0.529s] Level 1:colcon.colcon_core.package_identification:_identify(src/gazebo_ros2_control/doc/img) by extension 'colcon_pkg'
[0.529s] Level 1:colcon.colcon_core.package_identification:_identify(src/gazebo_ros2_control/doc/img) by extensions ['colcon_meta']
[0.529s] Level 1:colcon.colcon_core.package_identification:_identify(src/gazebo_ros2_control/doc/img) by extension 'colcon_meta'
[0.529s] Level 1:colcon.colcon_core.package_identification:_identify(src/gazebo_ros2_control/doc/img) by extensions ['ros']
[0.529s] Level 1:colcon.colcon_core.package_identification:_identify(src/gazebo_ros2_control/doc/img) by extension 'ros'
[0.529s] Level 1:colcon.colcon_core.package_identification:_identify(src/gazebo_ros2_control/doc/img) by extensions ['cmake', 'python']
[0.529s] Level 1:colcon.colcon_core.package_identification:_identify(src/gazebo_ros2_control/doc/img) by extension 'cmake'
[0.529s] Level 1:colcon.colcon_core.package_identification:_identify(src/gazebo_ros2_control/doc/img) by extension 'python'
[0.529s] Level 1:colcon.colcon_core.package_identification:_identify(src/gazebo_ros2_control/doc/img) by extensions ['python_setup_py']
[0.529s] Level 1:colcon.colcon_core.package_identification:_identify(src/gazebo_ros2_control/doc/img) by extension 'python_setup_py'
[0.529s] Level 1:colcon.colcon_core.package_identification:_identify(src/gazebo_ros2_control/gazebo_ros2_control) by extensions ['ignore', 'ignore_ament_install']
[0.530s] Level 1:colcon.colcon_core.package_identification:_identify(src/gazebo_ros2_control/gazebo_ros2_control) by extension 'ignore'
[0.530s] Level 1:colcon.colcon_core.package_identification:_identify(src/gazebo_ros2_control/gazebo_ros2_control) by extension 'ignore_ament_install'
[0.530s] Level 1:colcon.colcon_core.package_identification:_identify(src/gazebo_ros2_control/gazebo_ros2_control) by extensions ['colcon_pkg']
[0.530s] Level 1:colcon.colcon_core.package_identification:_identify(src/gazebo_ros2_control/gazebo_ros2_control) by extension 'colcon_pkg'
[0.530s] Level 1:colcon.colcon_core.package_identification:_identify(src/gazebo_ros2_control/gazebo_ros2_control) by extensions ['colcon_meta']
[0.530s] Level 1:colcon.colcon_core.package_identification:_identify(src/gazebo_ros2_control/gazebo_ros2_control) by extension 'colcon_meta'
[0.530s] Level 1:colcon.colcon_core.package_identification:_identify(src/gazebo_ros2_control/gazebo_ros2_control) by extensions ['ros']
[0.530s] Level 1:colcon.colcon_core.package_identification:_identify(src/gazebo_ros2_control/gazebo_ros2_control) by extension 'ros'
[0.533s] DEBUG:colcon.colcon_core.package_identification:Package 'src/gazebo_ros2_control/gazebo_ros2_control' with type 'ros.ament_cmake' and name 'gazebo_ros2_control'
[0.533s] Level 1:colcon.colcon_core.package_identification:_identify(src/gazebo_ros2_control/gazebo_ros2_control_demos) by extensions ['ignore', 'ignore_ament_install']
[0.533s] Level 1:colcon.colcon_core.package_identification:_identify(src/gazebo_ros2_control/gazebo_ros2_control_demos) by extension 'ignore'
[0.533s] Level 1:colcon.colcon_core.package_identification:_identify(src/gazebo_ros2_control/gazebo_ros2_control_demos) by extension 'ignore_ament_install'
[0.533s] Level 1:colcon.colcon_core.package_identification:_identify(src/gazebo_ros2_control/gazebo_ros2_control_demos) by extensions ['colcon_pkg']
[0.533s] Level 1:colcon.colcon_core.package_identification:_identify(src/gazebo_ros2_control/gazebo_ros2_control_demos) by extension 'colcon_pkg'
[0.533s] Level 1:colcon.colcon_core.package_identification:_identify(src/gazebo_ros2_control/gazebo_ros2_control_demos) by extensions ['colcon_meta']
[0.534s] Level 1:colcon.colcon_core.package_identification:_identify(src/gazebo_ros2_control/gazebo_ros2_control_demos) by extension 'colcon_meta'
[0.534s] Level 1:colcon.colcon_core.package_identification:_identify(src/gazebo_ros2_control/gazebo_ros2_control_demos) by extensions ['ros']
[0.534s] Level 1:colcon.colcon_core.package_identification:_identify(src/gazebo_ros2_control/gazebo_ros2_control_demos) by extension 'ros'
[0.535s] DEBUG:colcon.colcon_core.package_identification:Package 'src/gazebo_ros2_control/gazebo_ros2_control_demos' with type 'ros.ament_cmake' and name 'gazebo_ros2_control_demos'
[0.535s] Level 1:colcon.colcon_core.package_identification:_identify(src/serial) by extensions ['ignore', 'ignore_ament_install']
[0.535s] Level 1:colcon.colcon_core.package_identification:_identify(src/serial) by extension 'ignore'
[0.535s] Level 1:colcon.colcon_core.package_identification:_identify(src/serial) by extension 'ignore_ament_install'
[0.535s] Level 1:colcon.colcon_core.package_identification:_identify(src/serial) by extensions ['colcon_pkg']
[0.535s] Level 1:colcon.colcon_core.package_identification:_identify(src/serial) by extension 'colcon_pkg'
[0.536s] Level 1:colcon.colcon_core.package_identification:_identify(src/serial) by extensions ['colcon_meta']
[0.536s] Level 1:colcon.colcon_core.package_identification:_identify(src/serial) by extension 'colcon_meta'
[0.536s] Level 1:colcon.colcon_core.package_identification:_identify(src/serial) by extensions ['ros']
[0.536s] Level 1:colcon.colcon_core.package_identification:_identify(src/serial) by extension 'ros'
[0.536s] DEBUG:colcon.colcon_core.package_identification:Package 'src/serial' with type 'ros.ament_cmake' and name 'serial'
[0.536s] Level 1:colcon.colcon_core.package_discovery:discover_packages(recursive) using defaults
[0.537s] Level 1:colcon.colcon_core.package_discovery:discover_packages(ignore) discover
[0.537s] Level 1:colcon.colcon_core.package_discovery:discover_packages(ignore) using defaults
[0.537s] Level 1:colcon.colcon_core.package_discovery:discover_packages(path) discover
[0.537s] Level 1:colcon.colcon_core.package_discovery:discover_packages(path) using defaults
[0.587s] Level 1:colcon.colcon_core.package_discovery:discover_packages(prefix_path) check parameters
[0.587s] Level 1:colcon.colcon_core.package_discovery:discover_packages(prefix_path) discover
[0.590s] DEBUG:colcon.colcon_installed_package_information.package_discovery:Found 5 installed packages in /home/neural/Neural-Knights/install
[0.594s] DEBUG:colcon.colcon_installed_package_information.package_discovery:Found 439 installed packages in /opt/ros/humble
[0.600s] Level 1:colcon.colcon_core.package_discovery:discover_packages(prefix_path) using defaults
[0.700s] Level 5:colcon.colcon_core.verb:set package 'articubot_one' build argument 'cmake_args' from command line to 'None'
[0.700s] Level 5:colcon.colcon_core.verb:set package 'articubot_one' build argument 'cmake_target' from command line to 'None'
[0.700s] Level 5:colcon.colcon_core.verb:set package 'articubot_one' build argument 'cmake_target_skip_unavailable' from command line to 'False'
[0.700s] Level 5:colcon.colcon_core.verb:set package 'articubot_one' build argument 'cmake_clean_cache' from command line to 'False'
[0.700s] Level 5:colcon.colcon_core.verb:set package 'articubot_one' build argument 'cmake_clean_first' from command line to 'False'
[0.700s] Level 5:colcon.colcon_core.verb:set package 'articubot_one' build argument 'cmake_force_configure' from command line to 'False'
[0.700s] Level 5:colcon.colcon_core.verb:set package 'articubot_one' build argument 'ament_cmake_args' from command line to 'None'
[0.700s] Level 5:colcon.colcon_core.verb:set package 'articubot_one' build argument 'catkin_cmake_args' from command line to 'None'
[0.701s] Level 5:colcon.colcon_core.verb:set package 'articubot_one' build argument 'catkin_skip_building_tests' from command line to 'False'
[0.701s] DEBUG:colcon.colcon_core.verb:Building package 'articubot_one' with the following arguments: {'ament_cmake_args': None, 'build_base': '/home/neural/Neural-Knights/build/articubot_one', 'catkin_cmake_args': None, 'catkin_skip_building_tests': False, 'cmake_args': None, 'cmake_clean_cache': False, 'cmake_clean_first': False, 'cmake_force_configure': False, 'cmake_target': None, 'cmake_target_skip_unavailable': False, 'install_base': '/home/neural/Neural-Knights/install/articubot_one', 'merge_install': False, 'path': '/home/neural/Neural-Knights/src/articubot_one', 'symlink_install': True, 'test_result_base': None}
[0.701s] Level 5:colcon.colcon_core.verb:set package 'gazebo_ros2_control' build argument 'cmake_args' from command line to 'None'
[0.701s] Level 5:colcon.colcon_core.verb:set package 'gazebo_ros2_control' build argument 'cmake_target' from command line to 'None'
[0.701s] Level 5:colcon.colcon_core.verb:set package 'gazebo_ros2_control' build argument 'cmake_target_skip_unavailable' from command line to 'False'
[0.701s] Level 5:colcon.colcon_core.verb:set package 'gazebo_ros2_control' build argument 'cmake_clean_cache' from command line to 'False'
[0.701s] Level 5:colcon.colcon_core.verb:set package 'gazebo_ros2_control' build argument 'cmake_clean_first' from command line to 'False'
[0.701s] Level 5:colcon.colcon_core.verb:set package 'gazebo_ros2_control' build argument 'cmake_force_configure' from command line to 'False'
[0.701s] Level 5:colcon.colcon_core.verb:set package 'gazebo_ros2_control' build argument 'ament_cmake_args' from command line to 'None'
[0.701s] Level 5:colcon.colcon_core.verb:set package 'gazebo_ros2_control' build argument 'catkin_cmake_args' from command line to 'None'
[0.701s] Level 5:colcon.colcon_core.verb:set package 'gazebo_ros2_control' build argument 'catkin_skip_building_tests' from command line to 'False'
[0.701s] DEBUG:colcon.colcon_core.verb:Building package 'gazebo_ros2_control' with the following arguments: {'ament_cmake_args': None, 'build_base': '/home/neural/Neural-Knights/build/gazebo_ros2_control', 'catkin_cmake_args': None, 'catkin_skip_building_tests': False, 'cmake_args': None, 'cmake_clean_cache': False, 'cmake_clean_first': False, 'cmake_force_configure': False, 'cmake_target': None, 'cmake_target_skip_unavailable': False, 'install_base': '/home/neural/Neural-Knights/install/gazebo_ros2_control', 'merge_install': False, 'path': '/home/neural/Neural-Knights/src/gazebo_ros2_control/gazebo_ros2_control', 'symlink_install': True, 'test_result_base': None}
[0.702s] Level 5:colcon.colcon_core.verb:set package 'serial' build argument 'cmake_args' from command line to 'None'
[0.702s] Level 5:colcon.colcon_core.verb:set package 'serial' build argument 'cmake_target' from command line to 'None'
[0.702s] Level 5:colcon.colcon_core.verb:set package 'serial' build argument 'cmake_target_skip_unavailable' from command line to 'False'
[0.702s] Level 5:colcon.colcon_core.verb:set package 'serial' build argument 'cmake_clean_cache' from command line to 'False'
[0.702s] Level 5:colcon.colcon_core.verb:set package 'serial' build argument 'cmake_clean_first' from command line to 'False'
[0.702s] Level 5:colcon.colcon_core.verb:set package 'serial' build argument 'cmake_force_configure' from command line to 'False'
[0.702s] Level 5:colcon.colcon_core.verb:set package 'serial' build argument 'ament_cmake_args' from command line to 'None'
[0.702s] Level 5:colcon.colcon_core.verb:set package 'serial' build argument 'catkin_cmake_args' from command line to 'None'
[0.702s] Level 5:colcon.colcon_core.verb:set package 'serial' build argument 'catkin_skip_building_tests' from command line to 'False'
[0.702s] DEBUG:colcon.colcon_core.verb:Building package 'serial' with the following arguments: {'ament_cmake_args': None, 'build_base': '/home/neural/Neural-Knights/build/serial', 'catkin_cmake_args': None, 'catkin_skip_building_tests': False, 'cmake_args': None, 'cmake_clean_cache': False, 'cmake_clean_first': False, 'cmake_force_configure': False, 'cmake_target': None, 'cmake_target_skip_unavailable': False, 'install_base': '/home/neural/Neural-Knights/install/serial', 'merge_install': False, 'path': '/home/neural/Neural-Knights/src/serial', 'symlink_install': True, 'test_result_base': None}
[0.703s] Level 5:colcon.colcon_core.verb:set package 'diffdrive_arduino' build argument 'cmake_args' from command line to 'None'
[0.703s] Level 5:colcon.colcon_core.verb:set package 'diffdrive_arduino' build argument 'cmake_target' from command line to 'None'
[0.703s] Level 5:colcon.colcon_core.verb:set package 'diffdrive_arduino' build argument 'cmake_target_skip_unavailable' from command line to 'False'
[0.703s] Level 5:colcon.colcon_core.verb:set package 'diffdrive_arduino' build argument 'cmake_clean_cache' from command line to 'False'
[0.703s] Level 5:colcon.colcon_core.verb:set package 'diffdrive_arduino' build argument 'cmake_clean_first' from command line to 'False'
[0.703s] Level 5:colcon.colcon_core.verb:set package 'diffdrive_arduino' build argument 'cmake_force_configure' from command line to 'False'
[0.703s] Level 5:colcon.colcon_core.verb:set package 'diffdrive_arduino' build argument 'ament_cmake_args' from command line to 'None'
[0.703s] Level 5:colcon.colcon_core.verb:set package 'diffdrive_arduino' build argument 'catkin_cmake_args' from command line to 'None'
[0.703s] Level 5:colcon.colcon_core.verb:set package 'diffdrive_arduino' build argument 'catkin_skip_building_tests' from command line to 'False'
[0.703s] DEBUG:colcon.colcon_core.verb:Building package 'diffdrive_arduino' with the following arguments: {'ament_cmake_args': None, 'build_base': '/home/neural/Neural-Knights/build/diffdrive_arduino', 'catkin_cmake_args': None, 'catkin_skip_building_tests': False, 'cmake_args': None, 'cmake_clean_cache': False, 'cmake_clean_first': False, 'cmake_force_configure': False, 'cmake_target': None, 'cmake_target_skip_unavailable': False, 'install_base': '/home/neural/Neural-Knights/install/diffdrive_arduino', 'merge_install': False, 'path': '/home/neural/Neural-Knights/src/diffdrive_arduino', 'symlink_install': True, 'test_result_base': None}
[0.704s] Level 5:colcon.colcon_core.verb:set package 'gazebo_ros2_control_demos' build argument 'cmake_args' from command line to 'None'
[0.704s] Level 5:colcon.colcon_core.verb:set package 'gazebo_ros2_control_demos' build argument 'cmake_target' from command line to 'None'
[0.704s] Level 5:colcon.colcon_core.verb:set package 'gazebo_ros2_control_demos' build argument 'cmake_target_skip_unavailable' from command line to 'False'
[0.704s] Level 5:colcon.colcon_core.verb:set package 'gazebo_ros2_control_demos' build argument 'cmake_clean_cache' from command line to 'False'
[0.704s] Level 5:colcon.colcon_core.verb:set package 'gazebo_ros2_control_demos' build argument 'cmake_clean_first' from command line to 'False'
[0.704s] Level 5:colcon.colcon_core.verb:set package 'gazebo_ros2_control_demos' build argument 'cmake_force_configure' from command line to 'False'
[0.704s] Level 5:colcon.colcon_core.verb:set package 'gazebo_ros2_control_demos' build argument 'ament_cmake_args' from command line to 'None'
[0.704s] Level 5:colcon.colcon_core.verb:set package 'gazebo_ros2_control_demos' build argument 'catkin_cmake_args' from command line to 'None'
[0.704s] Level 5:colcon.colcon_core.verb:set package 'gazebo_ros2_control_demos' build argument 'catkin_skip_building_tests' from command line to 'False'
[0.704s] DEBUG:colcon.colcon_core.verb:Building package 'gazebo_ros2_control_demos' with the following arguments: {'ament_cmake_args': None, 'build_base': '/home/neural/Neural-Knights/build/gazebo_ros2_control_demos', 'catkin_cmake_args': None, 'catkin_skip_building_tests': False, 'cmake_args': None, 'cmake_clean_cache': False, 'cmake_clean_first': False, 'cmake_force_configure': False, 'cmake_target': None, 'cmake_target_skip_unavailable': False, 'install_base': '/home/neural/Neural-Knights/install/gazebo_ros2_control_demos', 'merge_install': False, 'path': '/home/neural/Neural-Knights/src/gazebo_ros2_control/gazebo_ros2_control_demos', 'symlink_install': True, 'test_result_base': None}
[0.704s] INFO:colcon.colcon_core.executor:Executing jobs using 'parallel' executor
[0.706s] DEBUG:colcon.colcon_parallel_executor.executor.parallel:run_until_complete
[0.707s] INFO:colcon.colcon_ros.task.ament_cmake.build:Building ROS package in '/home/neural/Neural-Knights/src/gazebo_ros2_control/gazebo_ros2_control' with build type 'ament_cmake'
[0.707s] INFO:colcon.colcon_cmake.task.cmake.build:Building CMake package in '/home/neural/Neural-Knights/src/gazebo_ros2_control/gazebo_ros2_control'
[0.711s] INFO:colcon.colcon_core.plugin_system:Skipping extension 'colcon_core.shell.bat': Not used on non-Windows systems
[0.711s] INFO:colcon.colcon_core.shell:Skip shell extension 'powershell' for command environment: Not usable outside of PowerShell
[0.711s] DEBUG:colcon.colcon_core.shell:Skip shell extension 'dsv' for command environment
[0.715s] INFO:colcon.colcon_ros.task.ament_cmake.build:Building ROS package in '/home/neural/Neural-Knights/src/serial' with build type 'ament_cmake'
[0.716s] INFO:colcon.colcon_cmake.task.cmake.build:Building CMake package in '/home/neural/Neural-Knights/src/serial'
[0.716s] INFO:colcon.colcon_core.shell:Skip shell extension 'powershell' for command environment: Not usable outside of PowerShell
[0.716s] DEBUG:colcon.colcon_core.shell:Skip shell extension 'dsv' for command environment
[0.722s] INFO:colcon.colcon_ros.task.ament_cmake.build:Building ROS package in '/home/neural/Neural-Knights/src/articubot_one' with build type 'ament_cmake'
[0.722s] INFO:colcon.colcon_cmake.task.cmake.build:Building CMake package in '/home/neural/Neural-Knights/src/articubot_one'
[0.723s] INFO:colcon.colcon_core.shell:Skip shell extension 'powershell' for command environment: Not usable outside of PowerShell
[0.723s] DEBUG:colcon.colcon_core.shell:Skip shell extension 'dsv' for command environment
[0.736s] DEBUG:colcon.colcon_core.event_handler.log_command:Invoking command in '/home/neural/Neural-Knights/build/gazebo_ros2_control': CMAKE_PREFIX_PATH=${CMAKE_PREFIX_PATH}:/opt/ros/humble /usr/bin/cmake --build /home/neural/Neural-Knights/build/gazebo_ros2_control -- -j4 -l4
[0.744s] DEBUG:colcon.colcon_core.event_handler.log_command:Invoking command in '/home/neural/Neural-Knights/build/serial': CMAKE_PREFIX_PATH=${CMAKE_PREFIX_PATH}:/opt/ros/humble /usr/bin/cmake --build /home/neural/Neural-Knights/build/serial -- -j4 -l4
[0.755s] DEBUG:colcon.colcon_core.event_handler.log_command:Invoking command in '/home/neural/Neural-Knights/build/articubot_one': CMAKE_PREFIX_PATH=${CMAKE_PREFIX_PATH}:/opt/ros/humble /usr/bin/cmake --build /home/neural/Neural-Knights/build/articubot_one -- -j4 -l4
[0.815s] DEBUG:colcon.colcon_core.event_handler.log_command:Invoked command in '/home/neural/Neural-Knights/build/articubot_one' returned '0': CMAKE_PREFIX_PATH=${CMAKE_PREFIX_PATH}:/opt/ros/humble /usr/bin/cmake --build /home/neural/Neural-Knights/build/articubot_one -- -j4 -l4
[0.832s] DEBUG:colcon.colcon_core.event_handler.log_command:Invoking command in '/home/neural/Neural-Knights/build/articubot_one': CMAKE_PREFIX_PATH=${CMAKE_PREFIX_PATH}:/opt/ros/humble /usr/bin/cmake --install /home/neural/Neural-Knights/build/articubot_one
[0.938s] Level 1:colcon.colcon_core.environment:create_environment_scripts_only(articubot_one)
[0.940s] DEBUG:colcon.colcon_core.event_handler.log_command:Invoked command in '/home/neural/Neural-Knights/build/articubot_one' returned '0': CMAKE_PREFIX_PATH=${CMAKE_PREFIX_PATH}:/opt/ros/humble /usr/bin/cmake --install /home/neural/Neural-Knights/build/articubot_one
[0.945s] Level 1:colcon.colcon_core.environment:checking '/home/neural/Neural-Knights/install/articubot_one' for CMake module files
[0.946s] Level 1:colcon.colcon_core.environment:checking '/home/neural/Neural-Knights/install/articubot_one' for CMake config files
[0.946s] Level 1:colcon.colcon_core.shell:create_environment_hook('articubot_one', 'cmake_prefix_path')
[0.947s] INFO:colcon.colcon_core.shell:Creating environment hook '/home/neural/Neural-Knights/install/articubot_one/share/articubot_one/hook/cmake_prefix_path.ps1'
[0.950s] INFO:colcon.colcon_core.shell:Creating environment descriptor '/home/neural/Neural-Knights/install/articubot_one/share/articubot_one/hook/cmake_prefix_path.dsv'
[0.951s] INFO:colcon.colcon_core.shell:Creating environment hook '/home/neural/Neural-Knights/install/articubot_one/share/articubot_one/hook/cmake_prefix_path.sh'
[0.955s] Level 1:colcon.colcon_core.environment:checking '/home/neural/Neural-Knights/install/articubot_one/bin'
[0.955s] Level 1:colcon.colcon_core.environment:checking '/home/neural/Neural-Knights/install/articubot_one/lib/pkgconfig/articubot_one.pc'
[0.956s] Level 1:colcon.colcon_core.environment:checking '/home/neural/Neural-Knights/install/articubot_one/lib/python3.10/site-packages'
[0.957s] Level 1:colcon.colcon_core.environment:checking '/home/neural/Neural-Knights/install/articubot_one/bin'
[0.958s] INFO:colcon.colcon_core.shell:Creating package script '/home/neural/Neural-Knights/install/articubot_one/share/articubot_one/package.ps1'
[0.961s] INFO:colcon.colcon_core.shell:Creating package descriptor '/home/neural/Neural-Knights/install/articubot_one/share/articubot_one/package.dsv'
[0.963s] INFO:colcon.colcon_core.shell:Creating package script '/home/neural/Neural-Knights/install/articubot_one/share/articubot_one/package.sh'
[0.973s] INFO:colcon.colcon_core.shell:Creating package script '/home/neural/Neural-Knights/install/articubot_one/share/articubot_one/package.bash'
[0.977s] INFO:colcon.colcon_core.shell:Creating package script '/home/neural/Neural-Knights/install/articubot_one/share/articubot_one/package.zsh'
[0.982s] Level 1:colcon.colcon_core.environment:create_file_with_runtime_dependencies(/home/neural/Neural-Knights/install/articubot_one/share/colcon-core/packages/articubot_one)
[0.986s] Level 1:colcon.colcon_core.environment:create_environment_scripts_only(articubot_one)
[0.988s] Level 1:colcon.colcon_core.environment:checking '/home/neural/Neural-Knights/install/articubot_one' for CMake module files
[0.992s] Level 1:colcon.colcon_core.environment:checking '/home/neural/Neural-Knights/install/articubot_one' for CMake config files
[0.996s] Level 1:colcon.colcon_core.shell:create_environment_hook('articubot_one', 'cmake_prefix_path')
[1.000s] INFO:colcon.colcon_core.shell:Creating environment hook '/home/neural/Neural-Knights/install/articubot_one/share/articubot_one/hook/cmake_prefix_path.ps1'
[1.013s] INFO:colcon.colcon_core.shell:Creating environment descriptor '/home/neural/Neural-Knights/install/articubot_one/share/articubot_one/hook/cmake_prefix_path.dsv'
[1.017s] INFO:colcon.colcon_core.shell:Creating environment hook '/home/neural/Neural-Knights/install/articubot_one/share/articubot_one/hook/cmake_prefix_path.sh'
[1.018s] Level 1:colcon.colcon_core.environment:checking '/home/neural/Neural-Knights/install/articubot_one/bin'
[1.019s] Level 1:colcon.colcon_core.environment:checking '/home/neural/Neural-Knights/install/articubot_one/lib/pkgconfig/articubot_one.pc'
[1.019s] Level 1:colcon.colcon_core.environment:checking '/home/neural/Neural-Knights/install/articubot_one/lib/python3.10/site-packages'
[1.019s] Level 1:colcon.colcon_core.environment:checking '/home/neural/Neural-Knights/install/articubot_one/bin'
[1.020s] INFO:colcon.colcon_core.shell:Creating package script '/home/neural/Neural-Knights/install/articubot_one/share/articubot_one/package.ps1'
[1.025s] INFO:colcon.colcon_core.shell:Creating package descriptor '/home/neural/Neural-Knights/install/articubot_one/share/articubot_one/package.dsv'
[1.026s] INFO:colcon.colcon_core.shell:Creating package script '/home/neural/Neural-Knights/install/articubot_one/share/articubot_one/package.sh'
[1.027s] INFO:colcon.colcon_core.shell:Creating package script '/home/neural/Neural-Knights/install/articubot_one/share/articubot_one/package.bash'
[1.028s] INFO:colcon.colcon_core.shell:Creating package script '/home/neural/Neural-Knights/install/articubot_one/share/articubot_one/package.zsh'
[1.028s] Level 1:colcon.colcon_core.environment:create_file_with_runtime_dependencies(/home/neural/Neural-Knights/install/articubot_one/share/colcon-core/packages/articubot_one)
[1.058s] DEBUG:colcon.colcon_core.event_handler.log_command:Invoked command in '/home/neural/Neural-Knights/build/gazebo_ros2_control' returned '0': CMAKE_PREFIX_PATH=${CMAKE_PREFIX_PATH}:/opt/ros/humble /usr/bin/cmake --build /home/neural/Neural-Knights/build/gazebo_ros2_control -- -j4 -l4
[1.062s] DEBUG:colcon.colcon_core.event_handler.log_command:Invoking command in '/home/neural/Neural-Knights/build/gazebo_ros2_control': CMAKE_PREFIX_PATH=${CMAKE_PREFIX_PATH}:/opt/ros/humble /usr/bin/cmake --install /home/neural/Neural-Knights/build/gazebo_ros2_control
[1.073s] DEBUG:colcon.colcon_core.event_handler.log_command:Invoked command in '/home/neural/Neural-Knights/build/serial' returned '0': CMAKE_PREFIX_PATH=${CMAKE_PREFIX_PATH}:/opt/ros/humble /usr/bin/cmake --build /home/neural/Neural-Knights/build/serial -- -j4 -l4
[1.075s] DEBUG:colcon.colcon_core.event_handler.log_command:Invoking command in '/home/neural/Neural-Knights/build/serial': CMAKE_PREFIX_PATH=${CMAKE_PREFIX_PATH}:/opt/ros/humble /usr/bin/cmake --install /home/neural/Neural-Knights/build/serial
[1.099s] Level 1:colcon.colcon_core.environment:create_environment_scripts_only(gazebo_ros2_control)
[1.100s] Level 1:colcon.colcon_core.environment:checking '/home/neural/Neural-Knights/install/gazebo_ros2_control' for CMake module files
[1.101s] Level 1:colcon.colcon_core.environment:checking '/home/neural/Neural-Knights/install/gazebo_ros2_control' for CMake config files
[1.101s] Level 1:colcon.colcon_core.shell:create_environment_hook('gazebo_ros2_control', 'cmake_prefix_path')
[1.102s] INFO:colcon.colcon_core.shell:Creating environment hook '/home/neural/Neural-Knights/install/gazebo_ros2_control/share/gazebo_ros2_control/hook/cmake_prefix_path.ps1'
[1.102s] INFO:colcon.colcon_core.shell:Creating environment descriptor '/home/neural/Neural-Knights/install/gazebo_ros2_control/share/gazebo_ros2_control/hook/cmake_prefix_path.dsv'
[1.103s] INFO:colcon.colcon_core.shell:Creating environment hook '/home/neural/Neural-Knights/install/gazebo_ros2_control/share/gazebo_ros2_control/hook/cmake_prefix_path.sh'
[1.104s] Level 1:colcon.colcon_core.environment:checking '/home/neural/Neural-Knights/install/gazebo_ros2_control/lib'
[1.104s] Level 1:colcon.colcon_core.shell:create_environment_hook('gazebo_ros2_control', 'ld_library_path_lib')
[1.105s] INFO:colcon.colcon_core.shell:Creating environment hook '/home/neural/Neural-Knights/install/gazebo_ros2_control/share/gazebo_ros2_control/hook/ld_library_path_lib.ps1'
[1.105s] DEBUG:colcon.colcon_core.event_handler.log_command:Invoked command in '/home/neural/Neural-Knights/build/gazebo_ros2_control' returned '0': CMAKE_PREFIX_PATH=${CMAKE_PREFIX_PATH}:/opt/ros/humble /usr/bin/cmake --install /home/neural/Neural-Knights/build/gazebo_ros2_control
[1.107s] INFO:colcon.colcon_core.shell:Creating environment descriptor '/home/neural/Neural-Knights/install/gazebo_ros2_control/share/gazebo_ros2_control/hook/ld_library_path_lib.dsv'
[1.108s] INFO:colcon.colcon_core.shell:Creating environment hook '/home/neural/Neural-Knights/install/gazebo_ros2_control/share/gazebo_ros2_control/hook/ld_library_path_lib.sh'
[1.108s] Level 1:colcon.colcon_core.environment:checking '/home/neural/Neural-Knights/install/gazebo_ros2_control/bin'
[1.109s] Level 1:colcon.colcon_core.environment:checking '/home/neural/Neural-Knights/install/gazebo_ros2_control/lib/pkgconfig/gazebo_ros2_control.pc'
[1.109s] Level 1:colcon.colcon_core.environment:checking '/home/neural/Neural-Knights/install/gazebo_ros2_control/lib/python3.10/site-packages'
[1.109s] Level 1:colcon.colcon_core.environment:checking '/home/neural/Neural-Knights/install/gazebo_ros2_control/bin'
[1.110s] INFO:colcon.colcon_core.shell:Creating package script '/home/neural/Neural-Knights/install/gazebo_ros2_control/share/gazebo_ros2_control/package.ps1'
[1.111s] INFO:colcon.colcon_core.shell:Creating package descriptor '/home/neural/Neural-Knights/install/gazebo_ros2_control/share/gazebo_ros2_control/package.dsv'
[1.112s] INFO:colcon.colcon_core.shell:Creating package script '/home/neural/Neural-Knights/install/gazebo_ros2_control/share/gazebo_ros2_control/package.sh'
[1.112s] INFO:colcon.colcon_core.shell:Creating package script '/home/neural/Neural-Knights/install/gazebo_ros2_control/share/gazebo_ros2_control/package.bash'
[1.113s] INFO:colcon.colcon_core.shell:Creating package script '/home/neural/Neural-Knights/install/gazebo_ros2_control/share/gazebo_ros2_control/package.zsh'
[1.115s] Level 1:colcon.colcon_core.environment:create_file_with_runtime_dependencies(/home/neural/Neural-Knights/install/gazebo_ros2_control/share/colcon-core/packages/gazebo_ros2_control)
[1.116s] Level 1:colcon.colcon_core.environment:create_environment_scripts_only(gazebo_ros2_control)
[1.117s] Level 1:colcon.colcon_core.environment:checking '/home/neural/Neural-Knights/install/gazebo_ros2_control' for CMake module files
[1.118s] Level 1:colcon.colcon_core.environment:checking '/home/neural/Neural-Knights/install/gazebo_ros2_control' for CMake config files
[1.118s] Level 1:colcon.colcon_core.shell:create_environment_hook('gazebo_ros2_control', 'cmake_prefix_path')
[1.119s] INFO:colcon.colcon_core.shell:Creating environment hook '/home/neural/Neural-Knights/install/gazebo_ros2_control/share/gazebo_ros2_control/hook/cmake_prefix_path.ps1'
[1.119s] INFO:colcon.colcon_core.shell:Creating environment descriptor '/home/neural/Neural-Knights/install/gazebo_ros2_control/share/gazebo_ros2_control/hook/cmake_prefix_path.dsv'
[1.120s] INFO:colcon.colcon_core.shell:Creating environment hook '/home/neural/Neural-Knights/install/gazebo_ros2_control/share/gazebo_ros2_control/hook/cmake_prefix_path.sh'
[1.121s] Level 1:colcon.colcon_core.environment:checking '/home/neural/Neural-Knights/install/gazebo_ros2_control/lib'
[1.121s] Level 1:colcon.colcon_core.shell:create_environment_hook('gazebo_ros2_control', 'ld_library_path_lib')
[1.121s] INFO:colcon.colcon_core.shell:Creating environment hook '/home/neural/Neural-Knights/install/gazebo_ros2_control/share/gazebo_ros2_control/hook/ld_library_path_lib.ps1'
[1.122s] INFO:colcon.colcon_core.shell:Creating environment descriptor '/home/neural/Neural-Knights/install/gazebo_ros2_control/share/gazebo_ros2_control/hook/ld_library_path_lib.dsv'
[1.123s] INFO:colcon.colcon_core.shell:Creating environment hook '/home/neural/Neural-Knights/install/gazebo_ros2_control/share/gazebo_ros2_control/hook/ld_library_path_lib.sh'
[1.123s] Level 1:colcon.colcon_core.environment:checking '/home/neural/Neural-Knights/install/gazebo_ros2_control/bin'
[1.123s] Level 1:colcon.colcon_core.environment:checking '/home/neural/Neural-Knights/install/gazebo_ros2_control/lib/pkgconfig/gazebo_ros2_control.pc'
[1.124s] Level 1:colcon.colcon_core.environment:checking '/home/neural/Neural-Knights/install/gazebo_ros2_control/lib/python3.10/site-packages'
[1.124s] Level 1:colcon.colcon_core.environment:checking '/home/neural/Neural-Knights/install/gazebo_ros2_control/bin'
[1.125s] INFO:colcon.colcon_core.shell:Creating package script '/home/neural/Neural-Knights/install/gazebo_ros2_control/share/gazebo_ros2_control/package.ps1'
[1.126s] INFO:colcon.colcon_core.shell:Creating package descriptor '/home/neural/Neural-Knights/install/gazebo_ros2_control/share/gazebo_ros2_control/package.dsv'
[1.127s] INFO:colcon.colcon_core.shell:Creating package script '/home/neural/Neural-Knights/install/gazebo_ros2_control/share/gazebo_ros2_control/package.sh'
[1.128s] INFO:colcon.colcon_core.shell:Creating package script '/home/neural/Neural-Knights/install/gazebo_ros2_control/share/gazebo_ros2_control/package.bash'
[1.128s] INFO:colcon.colcon_core.shell:Creating package script '/home/neural/Neural-Knights/install/gazebo_ros2_control/share/gazebo_ros2_control/package.zsh'
[1.129s] Level 1:colcon.colcon_core.environment:create_file_with_runtime_dependencies(/home/neural/Neural-Knights/install/gazebo_ros2_control/share/colcon-core/packages/gazebo_ros2_control)
[1.130s] INFO:colcon.colcon_ros.task.ament_cmake.build:Building ROS package in '/home/neural/Neural-Knights/src/gazebo_ros2_control/gazebo_ros2_control_demos' with build type 'ament_cmake'
[1.131s] INFO:colcon.colcon_cmake.task.cmake.build:Building CMake package in '/home/neural/Neural-Knights/src/gazebo_ros2_control/gazebo_ros2_control_demos'
[1.131s] INFO:colcon.colcon_core.shell:Skip shell extension 'powershell' for command environment: Not usable outside of PowerShell
[1.131s] DEBUG:colcon.colcon_core.shell:Skip shell extension 'dsv' for command environment
[1.140s] Level 1:colcon.colcon_core.environment:create_environment_scripts_only(serial)
[1.141s] Level 1:colcon.colcon_core.environment:checking '/home/neural/Neural-Knights/install/serial' for CMake module files
[1.141s] DEBUG:colcon.colcon_core.event_handler.log_command:Invoked command in '/home/neural/Neural-Knights/build/serial' returned '0': CMAKE_PREFIX_PATH=${CMAKE_PREFIX_PATH}:/opt/ros/humble /usr/bin/cmake --install /home/neural/Neural-Knights/build/serial
[1.142s] Level 1:colcon.colcon_core.environment:checking '/home/neural/Neural-Knights/install/serial' for CMake config files
[1.143s] Level 1:colcon.colcon_core.shell:create_environment_hook('serial', 'cmake_prefix_path')
[1.144s] INFO:colcon.colcon_core.shell:Creating environment hook '/home/neural/Neural-Knights/install/serial/share/serial/hook/cmake_prefix_path.ps1'
[1.144s] INFO:colcon.colcon_core.shell:Creating environment descriptor '/home/neural/Neural-Knights/install/serial/share/serial/hook/cmake_prefix_path.dsv'
[1.145s] INFO:colcon.colcon_core.shell:Creating environment hook '/home/neural/Neural-Knights/install/serial/share/serial/hook/cmake_prefix_path.sh'
[1.146s] Level 1:colcon.colcon_core.environment:checking '/home/neural/Neural-Knights/install/serial/lib'
[1.146s] Level 1:colcon.colcon_core.environment:checking '/home/neural/Neural-Knights/install/serial/bin'
[1.146s] Level 1:colcon.colcon_core.environment:checking '/home/neural/Neural-Knights/install/serial/lib/pkgconfig/serial.pc'
[1.146s] Level 1:colcon.colcon_core.environment:checking '/home/neural/Neural-Knights/install/serial/lib/python3.10/site-packages'
[1.147s] Level 1:colcon.colcon_core.environment:checking '/home/neural/Neural-Knights/install/serial/bin'
[1.147s] INFO:colcon.colcon_core.shell:Creating package script '/home/neural/Neural-Knights/install/serial/share/serial/package.ps1'
[1.148s] INFO:colcon.colcon_core.shell:Creating package descriptor '/home/neural/Neural-Knights/install/serial/share/serial/package.dsv'
[1.149s] INFO:colcon.colcon_core.shell:Creating package script '/home/neural/Neural-Knights/install/serial/share/serial/package.sh'
[1.149s] INFO:colcon.colcon_core.shell:Creating package script '/home/neural/Neural-Knights/install/serial/share/serial/package.bash'
[1.150s] INFO:colcon.colcon_core.shell:Creating package script '/home/neural/Neural-Knights/install/serial/share/serial/package.zsh'
[1.150s] Level 1:colcon.colcon_core.environment:create_file_with_runtime_dependencies(/home/neural/Neural-Knights/install/serial/share/colcon-core/packages/serial)
[1.151s] Level 1:colcon.colcon_core.environment:create_environment_scripts_only(serial)
[1.151s] Level 1:colcon.colcon_core.environment:checking '/home/neural/Neural-Knights/install/serial' for CMake module files
[1.152s] Level 1:colcon.colcon_core.environment:checking '/home/neural/Neural-Knights/install/serial' for CMake config files
[1.153s] Level 1:colcon.colcon_core.shell:create_environment_hook('serial', 'cmake_prefix_path')
[1.153s] INFO:colcon.colcon_core.shell:Creating environment hook '/home/neural/Neural-Knights/install/serial/share/serial/hook/cmake_prefix_path.ps1'
[1.154s] INFO:colcon.colcon_core.shell:Creating environment descriptor '/home/neural/Neural-Knights/install/serial/share/serial/hook/cmake_prefix_path.dsv'
[1.154s] INFO:colcon.colcon_core.shell:Creating environment hook '/home/neural/Neural-Knights/install/serial/share/serial/hook/cmake_prefix_path.sh'
[1.155s] Level 1:colcon.colcon_core.environment:checking '/home/neural/Neural-Knights/install/serial/lib'
[1.155s] Level 1:colcon.colcon_core.environment:checking '/home/neural/Neural-Knights/install/serial/bin'
[1.155s] Level 1:colcon.colcon_core.environment:checking '/home/neural/Neural-Knights/install/serial/lib/pkgconfig/serial.pc'
[1.155s] Level 1:colcon.colcon_core.environment:checking '/home/neural/Neural-Knights/install/serial/lib/python3.10/site-packages'
[1.156s] Level 1:colcon.colcon_core.environment:checking '/home/neural/Neural-Knights/install/serial/bin'
[1.156s] INFO:colcon.colcon_core.shell:Creating package script '/home/neural/Neural-Knights/install/serial/share/serial/package.ps1'
[1.157s] INFO:colcon.colcon_core.shell:Creating package descriptor '/home/neural/Neural-Knights/install/serial/share/serial/package.dsv'
[1.158s] INFO:colcon.colcon_core.shell:Creating package script '/home/neural/Neural-Knights/install/serial/share/serial/package.sh'
[1.159s] INFO:colcon.colcon_core.shell:Creating package script '/home/neural/Neural-Knights/install/serial/share/serial/package.bash'
[1.160s] INFO:colcon.colcon_core.shell:Creating package script '/home/neural/Neural-Knights/install/serial/share/serial/package.zsh'
[1.161s] Level 1:colcon.colcon_core.environment:create_file_with_runtime_dependencies(/home/neural/Neural-Knights/install/serial/share/colcon-core/packages/serial)
[1.163s] INFO:colcon.colcon_ros.task.ament_cmake.build:Building ROS package in '/home/neural/Neural-Knights/src/diffdrive_arduino' with build type 'ament_cmake'
[1.164s] INFO:colcon.colcon_cmake.task.cmake.build:Building CMake package in '/home/neural/Neural-Knights/src/diffdrive_arduino'
[1.164s] INFO:colcon.colcon_core.shell:Skip shell extension 'powershell' for command environment: Not usable outside of PowerShell
[1.164s] DEBUG:colcon.colcon_core.shell:Skip shell extension 'dsv' for command environment
[1.177s] DEBUG:colcon.colcon_core.event_handler.log_command:Invoking command in '/home/neural/Neural-Knights/build/gazebo_ros2_control_demos': CMAKE_PREFIX_PATH=/home/neural/Neural-Knights/install/gazebo_ros2_control:/home/neural/Neural-Knights/install/diffdrive_arduino:/home/neural/Neural-Knights/install/serial:/home/neural/Neural-Knights/install/gazebo_ros2_control_demos:/home/neural/Neural-Knights/install/articubot_one:/opt/ros/humble LD_LIBRARY_PATH=/home/neural/Neural-Knights/install/gazebo_ros2_control/lib:/home/neural/Neural-Knights/install/diffdrive_arduino/lib:/home/neural/Neural-Knights/install/serial/lib:/usr/lib/x86_64-linux-gnu/gazebo-11/plugins:/opt/ros/humble/opt/rviz_ogre_vendor/lib:/opt/ros/humble/lib/x86_64-linux-gnu:/opt/ros/humble/lib /usr/bin/cmake --build /home/neural/Neural-Knights/build/gazebo_ros2_control_demos -- -j4 -l4
[1.186s] DEBUG:colcon.colcon_core.event_handler.log_command:Invoking command in '/home/neural/Neural-Knights/build/diffdrive_arduino': CMAKE_PREFIX_PATH=/home/neural/Neural-Knights/install/serial:/home/neural/Neural-Knights/install/diffdrive_arduino:/home/neural/Neural-Knights/install/gazebo_ros2_control_demos:/home/neural/Neural-Knights/install/gazebo_ros2_control:/home/neural/Neural-Knights/install/articubot_one:/opt/ros/humble /usr/bin/cmake --build /home/neural/Neural-Knights/build/diffdrive_arduino -- -j4 -l4
[1.368s] DEBUG:colcon.colcon_core.event_handler.log_command:Invoked command in '/home/neural/Neural-Knights/build/diffdrive_arduino' returned '0': CMAKE_PREFIX_PATH=/home/neural/Neural-Knights/install/serial:/home/neural/Neural-Knights/install/diffdrive_arduino:/home/neural/Neural-Knights/install/gazebo_ros2_control_demos:/home/neural/Neural-Knights/install/gazebo_ros2_control:/home/neural/Neural-Knights/install/articubot_one:/opt/ros/humble /usr/bin/cmake --build /home/neural/Neural-Knights/build/diffdrive_arduino -- -j4 -l4
[1.375s] DEBUG:colcon.colcon_core.event_handler.log_command:Invoking command in '/home/neural/Neural-Knights/build/diffdrive_arduino': CMAKE_PREFIX_PATH=/home/neural/Neural-Knights/install/serial:/home/neural/Neural-Knights/install/diffdrive_arduino:/home/neural/Neural-Knights/install/gazebo_ros2_control_demos:/home/neural/Neural-Knights/install/gazebo_ros2_control:/home/neural/Neural-Knights/install/articubot_one:/opt/ros/humble /usr/bin/cmake --install /home/neural/Neural-Knights/build/diffdrive_arduino
[1.448s] Level 1:colcon.colcon_core.environment:create_environment_scripts_only(diffdrive_arduino)
[1.449s] Level 1:colcon.colcon_core.environment:checking '/home/neural/Neural-Knights/install/diffdrive_arduino' for CMake module files
[1.450s] Level 1:colcon.colcon_core.environment:checking '/home/neural/Neural-Knights/install/diffdrive_arduino' for CMake config files
[1.450s] Level 1:colcon.colcon_core.shell:create_environment_hook('diffdrive_arduino', 'cmake_prefix_path')
[1.450s] INFO:colcon.colcon_core.shell:Creating environment hook '/home/neural/Neural-Knights/install/diffdrive_arduino/share/diffdrive_arduino/hook/cmake_prefix_path.ps1'
[1.451s] INFO:colcon.colcon_core.shell:Creating environment descriptor '/home/neural/Neural-Knights/install/diffdrive_arduino/share/diffdrive_arduino/hook/cmake_prefix_path.dsv'
[1.453s] INFO:colcon.colcon_core.shell:Creating environment hook '/home/neural/Neural-Knights/install/diffdrive_arduino/share/diffdrive_arduino/hook/cmake_prefix_path.sh'
[1.452s] DEBUG:colcon.colcon_core.event_handler.log_command:Invoked command in '/home/neural/Neural-Knights/build/diffdrive_arduino' returned '0': CMAKE_PREFIX_PATH=/home/neural/Neural-Knights/install/serial:/home/neural/Neural-Knights/install/diffdrive_arduino:/home/neural/Neural-Knights/install/gazebo_ros2_control_demos:/home/neural/Neural-Knights/install/gazebo_ros2_control:/home/neural/Neural-Knights/install/articubot_one:/opt/ros/humble /usr/bin/cmake --install /home/neural/Neural-Knights/build/diffdrive_arduino
[1.454s] Level 1:colcon.colcon_core.environment:checking '/home/neural/Neural-Knights/install/diffdrive_arduino/lib'
[1.454s] Level 1:colcon.colcon_core.shell:create_environment_hook('diffdrive_arduino', 'ld_library_path_lib')
[1.455s] INFO:colcon.colcon_core.shell:Creating environment hook '/home/neural/Neural-Knights/install/diffdrive_arduino/share/diffdrive_arduino/hook/ld_library_path_lib.ps1'
[1.456s] INFO:colcon.colcon_core.shell:Creating environment descriptor '/home/neural/Neural-Knights/install/diffdrive_arduino/share/diffdrive_arduino/hook/ld_library_path_lib.dsv'
[1.456s] INFO:colcon.colcon_core.shell:Creating environment hook '/home/neural/Neural-Knights/install/diffdrive_arduino/share/diffdrive_arduino/hook/ld_library_path_lib.sh'
[1.457s] Level 1:colcon.colcon_core.environment:checking '/home/neural/Neural-Knights/install/diffdrive_arduino/bin'
[1.457s] Level 1:colcon.colcon_core.environment:checking '/home/neural/Neural-Knights/install/diffdrive_arduino/lib/pkgconfig/diffdrive_arduino.pc'
[1.458s] Level 1:colcon.colcon_core.environment:checking '/home/neural/Neural-Knights/install/diffdrive_arduino/lib/python3.10/site-packages'
[1.458s] Level 1:colcon.colcon_core.environment:checking '/home/neural/Neural-Knights/install/diffdrive_arduino/bin'
[1.459s] INFO:colcon.colcon_core.shell:Creating package script '/home/neural/Neural-Knights/install/diffdrive_arduino/share/diffdrive_arduino/package.ps1'
[1.460s] INFO:colcon.colcon_core.shell:Creating package descriptor '/home/neural/Neural-Knights/install/diffdrive_arduino/share/diffdrive_arduino/package.dsv'
[1.461s] INFO:colcon.colcon_core.shell:Creating package script '/home/neural/Neural-Knights/install/diffdrive_arduino/share/diffdrive_arduino/package.sh'
[1.462s] INFO:colcon.colcon_core.shell:Creating package script '/home/neural/Neural-Knights/install/diffdrive_arduino/share/diffdrive_arduino/package.bash'
[1.462s] INFO:colcon.colcon_core.shell:Creating package script '/home/neural/Neural-Knights/install/diffdrive_arduino/share/diffdrive_arduino/package.zsh'
[1.463s] Level 1:colcon.colcon_core.environment:create_file_with_runtime_dependencies(/home/neural/Neural-Knights/install/diffdrive_arduino/share/colcon-core/packages/diffdrive_arduino)
[1.464s] Level 1:colcon.colcon_core.environment:create_environment_scripts_only(diffdrive_arduino)
[1.464s] Level 1:colcon.colcon_core.environment:checking '/home/neural/Neural-Knights/install/diffdrive_arduino' for CMake module files
[1.465s] Level 1:colcon.colcon_core.environment:checking '/home/neural/Neural-Knights/install/diffdrive_arduino' for CMake config files
[1.466s] Level 1:colcon.colcon_core.shell:create_environment_hook('diffdrive_arduino', 'cmake_prefix_path')
[1.466s] INFO:colcon.colcon_core.shell:Creating environment hook '/home/neural/Neural-Knights/install/diffdrive_arduino/share/diffdrive_arduino/hook/cmake_prefix_path.ps1'
[1.467s] INFO:colcon.colcon_core.shell:Creating environment descriptor '/home/neural/Neural-Knights/install/diffdrive_arduino/share/diffdrive_arduino/hook/cmake_prefix_path.dsv'
[1.468s] INFO:colcon.colcon_core.shell:Creating environment hook '/home/neural/Neural-Knights/install/diffdrive_arduino/share/diffdrive_arduino/hook/cmake_prefix_path.sh'
[1.469s] Level 1:colcon.colcon_core.environment:checking '/home/neural/Neural-Knights/install/diffdrive_arduino/lib'
[1.469s] Level 1:colcon.colcon_core.shell:create_environment_hook('diffdrive_arduino', 'ld_library_path_lib')
[1.469s] INFO:colcon.colcon_core.shell:Creating environment hook '/home/neural/Neural-Knights/install/diffdrive_arduino/share/diffdrive_arduino/hook/ld_library_path_lib.ps1'
[1.470s] INFO:colcon.colcon_core.shell:Creating environment descriptor '/home/neural/Neural-Knights/install/diffdrive_arduino/share/diffdrive_arduino/hook/ld_library_path_lib.dsv'
[1.470s] INFO:colcon.colcon_core.shell:Creating environment hook '/home/neural/Neural-Knights/install/diffdrive_arduino/share/diffdrive_arduino/hook/ld_library_path_lib.sh'
[1.471s] Level 1:colcon.colcon_core.environment:checking '/home/neural/Neural-Knights/install/diffdrive_arduino/bin'
[1.471s] Level 1:colcon.colcon_core.environment:checking '/home/neural/Neural-Knights/install/diffdrive_arduino/lib/pkgconfig/diffdrive_arduino.pc'
[1.472s] Level 1:colcon.colcon_core.environment:checking '/home/neural/Neural-Knights/install/diffdrive_arduino/lib/python3.10/site-packages'
[1.472s] Level 1:colcon.colcon_core.environment:checking '/home/neural/Neural-Knights/install/diffdrive_arduino/bin'
[1.473s] INFO:colcon.colcon_core.shell:Creating package script '/home/neural/Neural-Knights/install/diffdrive_arduino/share/diffdrive_arduino/package.ps1'
[1.474s] INFO:colcon.colcon_core.shell:Creating package descriptor '/home/neural/Neural-Knights/install/diffdrive_arduino/share/diffdrive_arduino/package.dsv'
[1.474s] INFO:colcon.colcon_core.shell:Creating package script '/home/neural/Neural-Knights/install/diffdrive_arduino/share/diffdrive_arduino/package.sh'
[1.475s] INFO:colcon.colcon_core.shell:Creating package script '/home/neural/Neural-Knights/install/diffdrive_arduino/share/diffdrive_arduino/package.bash'
[1.476s] INFO:colcon.colcon_core.shell:Creating package script '/home/neural/Neural-Knights/install/diffdrive_arduino/share/diffdrive_arduino/package.zsh'
[1.476s] Level 1:colcon.colcon_core.environment:create_file_with_runtime_dependencies(/home/neural/Neural-Knights/install/diffdrive_arduino/share/colcon-core/packages/diffdrive_arduino)
[1.478s] DEBUG:colcon.colcon_core.event_handler.log_command:Invoked command in '/home/neural/Neural-Knights/build/gazebo_ros2_control_demos' returned '0': CMAKE_PREFIX_PATH=/home/neural/Neural-Knights/install/gazebo_ros2_control:/home/neural/Neural-Knights/install/diffdrive_arduino:/home/neural/Neural-Knights/install/serial:/home/neural/Neural-Knights/install/gazebo_ros2_control_demos:/home/neural/Neural-Knights/install/articubot_one:/opt/ros/humble LD_LIBRARY_PATH=/home/neural/Neural-Knights/install/gazebo_ros2_control/lib:/home/neural/Neural-Knights/install/diffdrive_arduino/lib:/home/neural/Neural-Knights/install/serial/lib:/usr/lib/x86_64-linux-gnu/gazebo-11/plugins:/opt/ros/humble/opt/rviz_ogre_vendor/lib:/opt/ros/humble/lib/x86_64-linux-gnu:/opt/ros/humble/lib /usr/bin/cmake --build /home/neural/Neural-Knights/build/gazebo_ros2_control_demos -- -j4 -l4
[1.481s] DEBUG:colcon.colcon_core.event_handler.log_command:Invoking command in '/home/neural/Neural-Knights/build/gazebo_ros2_control_demos': CMAKE_PREFIX_PATH=/home/neural/Neural-Knights/install/gazebo_ros2_control:/home/neural/Neural-Knights/install/diffdrive_arduino:/home/neural/Neural-Knights/install/serial:/home/neural/Neural-Knights/install/gazebo_ros2_control_demos:/home/neural/Neural-Knights/install/articubot_one:/opt/ros/humble LD_LIBRARY_PATH=/home/neural/Neural-Knights/install/gazebo_ros2_control/lib:/home/neural/Neural-Knights/install/diffdrive_arduino/lib:/home/neural/Neural-Knights/install/serial/lib:/usr/lib/x86_64-linux-gnu/gazebo-11/plugins:/opt/ros/humble/opt/rviz_ogre_vendor/lib:/opt/ros/humble/lib/x86_64-linux-gnu:/opt/ros/humble/lib /usr/bin/cmake --install /home/neural/Neural-Knights/build/gazebo_ros2_control_demos
[1.518s] Level 1:colcon.colcon_core.environment:create_environment_scripts_only(gazebo_ros2_control_demos)
[1.518s] Level 1:colcon.colcon_core.environment:checking '/home/neural/Neural-Knights/install/gazebo_ros2_control_demos' for CMake module files
[1.519s] Level 1:colcon.colcon_core.environment:checking '/home/neural/Neural-Knights/install/gazebo_ros2_control_demos' for CMake config files
[1.520s] Level 1:colcon.colcon_core.shell:create_environment_hook('gazebo_ros2_control_demos', 'cmake_prefix_path')
[1.520s] INFO:colcon.colcon_core.shell:Creating environment hook '/home/neural/Neural-Knights/install/gazebo_ros2_control_demos/share/gazebo_ros2_control_demos/hook/cmake_prefix_path.ps1'
[1.521s] INFO:colcon.colcon_core.shell:Creating environment descriptor '/home/neural/Neural-Knights/install/gazebo_ros2_control_demos/share/gazebo_ros2_control_demos/hook/cmake_prefix_path.dsv'
[1.522s] INFO:colcon.colcon_core.shell:Creating environment hook '/home/neural/Neural-Knights/install/gazebo_ros2_control_demos/share/gazebo_ros2_control_demos/hook/cmake_prefix_path.sh'
[1.523s] Level 1:colcon.colcon_core.environment:checking '/home/neural/Neural-Knights/install/gazebo_ros2_control_demos/lib'
[1.523s] Level 1:colcon.colcon_core.environment:checking '/home/neural/Neural-Knights/install/gazebo_ros2_control_demos/bin'
[1.523s] Level 1:colcon.colcon_core.environment:checking '/home/neural/Neural-Knights/install/gazebo_ros2_control_demos/lib/pkgconfig/gazebo_ros2_control_demos.pc'
[1.523s] Level 1:colcon.colcon_core.environment:checking '/home/neural/Neural-Knights/install/gazebo_ros2_control_demos/lib/python3.10/site-packages'
[1.524s] Level 1:colcon.colcon_core.environment:checking '/home/neural/Neural-Knights/install/gazebo_ros2_control_demos/bin'
[1.524s] INFO:colcon.colcon_core.shell:Creating package script '/home/neural/Neural-Knights/install/gazebo_ros2_control_demos/share/gazebo_ros2_control_demos/package.ps1'
[1.525s] INFO:colcon.colcon_core.shell:Creating package descriptor '/home/neural/Neural-Knights/install/gazebo_ros2_control_demos/share/gazebo_ros2_control_demos/package.dsv'
[1.526s] INFO:colcon.colcon_core.shell:Creating package script '/home/neural/Neural-Knights/install/gazebo_ros2_control_demos/share/gazebo_ros2_control_demos/package.sh'
[1.527s] INFO:colcon.colcon_core.shell:Creating package script '/home/neural/Neural-Knights/install/gazebo_ros2_control_demos/share/gazebo_ros2_control_demos/package.bash'
[1.528s] INFO:colcon.colcon_core.shell:Creating package script '/home/neural/Neural-Knights/install/gazebo_ros2_control_demos/share/gazebo_ros2_control_demos/package.zsh'
[1.529s] Level 1:colcon.colcon_core.environment:create_file_with_runtime_dependencies(/home/neural/Neural-Knights/install/gazebo_ros2_control_demos/share/colcon-core/packages/gazebo_ros2_control_demos)
[1.530s] Level 1:colcon.colcon_core.environment:create_environment_scripts_only(gazebo_ros2_control_demos)
[1.530s] Level 1:colcon.colcon_core.environment:checking '/home/neural/Neural-Knights/install/gazebo_ros2_control_demos' for CMake module files
[1.531s] Level 1:colcon.colcon_core.environment:checking '/home/neural/Neural-Knights/install/gazebo_ros2_control_demos' for CMake config files
[1.532s] Level 1:colcon.colcon_core.shell:create_environment_hook('gazebo_ros2_control_demos', 'cmake_prefix_path')
[1.533s] INFO:colcon.colcon_core.shell:Creating environment hook '/home/neural/Neural-Knights/install/gazebo_ros2_control_demos/share/gazebo_ros2_control_demos/hook/cmake_prefix_path.ps1'
[1.533s] DEBUG:colcon.colcon_core.event_handler.log_command:Invoked command in '/home/neural/Neural-Knights/build/gazebo_ros2_control_demos' returned '0': CMAKE_PREFIX_PATH=/home/neural/Neural-Knights/install/gazebo_ros2_control:/home/neural/Neural-Knights/install/diffdrive_arduino:/home/neural/Neural-Knights/install/serial:/home/neural/Neural-Knights/install/gazebo_ros2_control_demos:/home/neural/Neural-Knights/install/articubot_one:/opt/ros/humble LD_LIBRARY_PATH=/home/neural/Neural-Knights/install/gazebo_ros2_control/lib:/home/neural/Neural-Knights/install/diffdrive_arduino/lib:/home/neural/Neural-Knights/install/serial/lib:/usr/lib/x86_64-linux-gnu/gazebo-11/plugins:/opt/ros/humble/opt/rviz_ogre_vendor/lib:/opt/ros/humble/lib/x86_64-linux-gnu:/opt/ros/humble/lib /usr/bin/cmake --install /home/neural/Neural-Knights/build/gazebo_ros2_control_demos
[1.534s] INFO:colcon.colcon_core.shell:Creating environment descriptor '/home/neural/Neural-Knights/install/gazebo_ros2_control_demos/share/gazebo_ros2_control_demos/hook/cmake_prefix_path.dsv'
[1.535s] INFO:colcon.colcon_core.shell:Creating environment hook '/home/neural/Neural-Knights/install/gazebo_ros2_control_demos/share/gazebo_ros2_control_demos/hook/cmake_prefix_path.sh'
[1.536s] Level 1:colcon.colcon_core.environment:checking '/home/neural/Neural-Knights/install/gazebo_ros2_control_demos/lib'
[1.537s] Level 1:colcon.colcon_core.environment:checking '/home/neural/Neural-Knights/install/gazebo_ros2_control_demos/bin'
[1.537s] Level 1:colcon.colcon_core.environment:checking '/home/neural/Neural-Knights/install/gazebo_ros2_control_demos/lib/pkgconfig/gazebo_ros2_control_demos.pc'
[1.537s] Level 1:colcon.colcon_core.environment:checking '/home/neural/Neural-Knights/install/gazebo_ros2_control_demos/lib/python3.10/site-packages'
[1.537s] Level 1:colcon.colcon_core.environment:checking '/home/neural/Neural-Knights/install/gazebo_ros2_control_demos/bin'
[1.538s] INFO:colcon.colcon_core.shell:Creating package script '/home/neural/Neural-Knights/install/gazebo_ros2_control_demos/share/gazebo_ros2_control_demos/package.ps1'
[1.539s] INFO:colcon.colcon_core.shell:Creating package descriptor '/home/neural/Neural-Knights/install/gazebo_ros2_control_demos/share/gazebo_ros2_control_demos/package.dsv'
[1.540s] INFO:colcon.colcon_core.shell:Creating package script '/home/neural/Neural-Knights/install/gazebo_ros2_control_demos/share/gazebo_ros2_control_demos/package.sh'
[1.541s] INFO:colcon.colcon_core.shell:Creating package script '/home/neural/Neural-Knights/install/gazebo_ros2_control_demos/share/gazebo_ros2_control_demos/package.bash'
[1.542s] INFO:colcon.colcon_core.shell:Creating package script '/home/neural/Neural-Knights/install/gazebo_ros2_control_demos/share/gazebo_ros2_control_demos/package.zsh'
[1.543s] Level 1:colcon.colcon_core.environment:create_file_with_runtime_dependencies(/home/neural/Neural-Knights/install/gazebo_ros2_control_demos/share/colcon-core/packages/gazebo_ros2_control_demos)
[1.544s] DEBUG:colcon.colcon_parallel_executor.executor.parallel:closing loop
[1.544s] DEBUG:colcon.colcon_parallel_executor.executor.parallel:loop closed
[1.544s] DEBUG:colcon.colcon_parallel_executor.executor.parallel:run_until_complete finished with '0'
[1.545s] DEBUG:colcon.colcon_core.event_reactor:joining thread
[1.554s] INFO:colcon.colcon_core.plugin_system:Skipping extension 'colcon_notification.desktop_notification.terminal_notifier': Not used on non-Darwin systems
[1.554s] INFO:colcon.colcon_core.plugin_system:Skipping extension 'colcon_notification.desktop_notification.win32': Not used on non-Windows systems
[1.554s] INFO:colcon.colcon_notification.desktop_notification:Sending desktop notification using 'notify2'
[1.592s] DEBUG:colcon.colcon_core.event_reactor:joined thread
[1.593s] INFO:colcon.colcon_core.shell:Creating prefix script '/home/neural/Neural-Knights/install/local_setup.ps1'
[1.595s] INFO:colcon.colcon_core.shell:Creating prefix util module '/home/neural/Neural-Knights/install/_local_setup_util_ps1.py'
[1.599s] INFO:colcon.colcon_core.shell:Creating prefix chain script '/home/neural/Neural-Knights/install/setup.ps1'
[1.603s] INFO:colcon.colcon_core.shell:Creating prefix script '/home/neural/Neural-Knights/install/local_setup.sh'
[1.604s] INFO:colcon.colcon_core.shell:Creating prefix util module '/home/neural/Neural-Knights/install/_local_setup_util_sh.py'
[1.606s] INFO:colcon.colcon_core.shell:Creating prefix chain script '/home/neural/Neural-Knights/install/setup.sh'
[1.609s] INFO:colcon.colcon_core.shell:Creating prefix script '/home/neural/Neural-Knights/install/local_setup.bash'
[1.610s] INFO:colcon.colcon_core.shell:Creating prefix chain script '/home/neural/Neural-Knights/install/setup.bash'
[1.613s] INFO:colcon.colcon_core.shell:Creating prefix script '/home/neural/Neural-Knights/install/local_setup.zsh'
[1.614s] INFO:colcon.colcon_core.shell:Creating prefix chain script '/home/neural/Neural-Knights/install/setup.zsh'
