[0.098s] Invoking command in '/home/chemweno/Neural-Knights/build/serial': CMAKE_PREFIX_PATH=${CMAKE_PREFIX_PATH}:/opt/ros/humble /usr/bin/cmake --build /home/chemweno/Neural-Knights/build/serial -- -j4 -l4
[0.391s] [ 28%] Built target serial
[0.575s] [ 42%] Built target gtest
[0.577s] [ 57%] Built target gtest_main
[0.709s] [ 71%] Built target serial_example
[0.821s] [ 85%] Built target serial-test-timer
[0.827s] [100%] Built target serial-test
[0.880s] Invoked command in '/home/chemweno/Neural-Knights/build/serial' returned '0': CMAKE_PREFIX_PATH=${CMAKE_PREFIX_PATH}:/opt/ros/humble /usr/bin/cmake --build /home/chemweno/Neural-Knights/build/serial -- -j4 -l4
[0.891s] Invoking command in '/home/chemweno/Neural-Knights/build/serial': CMAKE_PREFIX_PATH=${CMAKE_PREFIX_PATH}:/opt/ros/humble /usr/bin/cmake --install /home/chemweno/Neural-Knights/build/serial
[0.940s] -- Install configuration: ""
[0.941s] -- Execute custom install script
[0.942s] -- Up-to-date symlink: /home/chemweno/Neural-Knights/install/serial/lib/libserial.a
[0.942s] -- Up-to-date symlink: /home/chemweno/Neural-Knights/install/serial/include/serial/serial.h
[0.943s] -- Up-to-date symlink: /home/chemweno/Neural-Knights/install/serial/include/serial/v8stdint.h
[0.944s] -- Up-to-date symlink: /home/chemweno/Neural-Knights/install/serial/share/serial/environment/library_path.sh
[0.944s] -- Up-to-date symlink: /home/chemweno/Neural-Knights/install/serial/share/serial/environment/library_path.dsv
[0.945s] -- Up-to-date symlink: /home/chemweno/Neural-Knights/install/serial/share/ament_index/resource_index/package_run_dependencies/serial
[0.946s] -- Up-to-date symlink: /home/chemweno/Neural-Knights/install/serial/share/ament_index/resource_index/parent_prefix_path/serial
[0.948s] -- Up-to-date symlink: /home/chemweno/Neural-Knights/install/serial/share/serial/environment/ament_prefix_path.sh
[0.951s] -- Up-to-date symlink: /home/chemweno/Neural-Knights/install/serial/share/serial/environment/ament_prefix_path.dsv
[0.952s] -- Up-to-date symlink: /home/chemweno/Neural-Knights/install/serial/share/serial/environment/path.sh
[0.953s] -- Up-to-date symlink: /home/chemweno/Neural-Knights/install/serial/share/serial/environment/path.dsv
[0.954s] -- Up-to-date symlink: /home/chemweno/Neural-Knights/install/serial/share/serial/local_setup.bash
[0.955s] -- Up-to-date symlink: /home/chemweno/Neural-Knights/install/serial/share/serial/local_setup.sh
[0.956s] -- Up-to-date symlink: /home/chemweno/Neural-Knights/install/serial/share/serial/local_setup.zsh
[0.958s] -- Up-to-date symlink: /home/chemweno/Neural-Knights/install/serial/share/serial/local_setup.dsv
[0.959s] -- Symlinking: /home/chemweno/Neural-Knights/install/serial/share/serial/package.dsv
[1.002s] -- Up-to-date symlink: /home/chemweno/Neural-Knights/install/serial/share/ament_index/resource_index/packages/serial
[1.004s] -- Up-to-date symlink: /home/chemweno/Neural-Knights/install/serial/share/serial/cmake/ament_cmake_export_include_directories-extras.cmake
[1.005s] -- Up-to-date symlink: /home/chemweno/Neural-Knights/install/serial/share/serial/cmake/ament_cmake_export_libraries-extras.cmake
[1.007s] -- Up-to-date symlink: /home/chemweno/Neural-Knights/install/serial/share/serial/cmake/serialConfig.cmake
[1.008s] -- Up-to-date symlink: /home/chemweno/Neural-Knights/install/serial/share/serial/cmake/serialConfig-version.cmake
[1.019s] -- Up-to-date symlink: /home/chemweno/Neural-Knights/install/serial/share/serial/package.xml
[1.114s] Invoked command in '/home/chemweno/Neural-Knights/build/serial' returned '0': CMAKE_PREFIX_PATH=${CMAKE_PREFIX_PATH}:/opt/ros/humble /usr/bin/cmake --install /home/chemweno/Neural-Knights/build/serial
