[0.022s] Invoking command in '/home/neural/Neural-Knights/build/serial': CMAKE_PREFIX_PATH=/opt/ros/humble /usr/bin/cmake --build /home/neural/Neural-Knights/build/serial -- -j4 -l4
[0.099s] [ 28%] Built target serial
[0.101s] [ 42%] Built target gtest_main
[0.111s] [ 57%] Built target gtest
[0.149s] [ 71%] Built target serial-test
[0.154s] [ 85%] Built target serial_example
[0.175s] [100%] Built target serial-test-timer
[0.196s] Invoked command in '/home/neural/Neural-Knights/build/serial' returned '0': CMAKE_PREFIX_PATH=/opt/ros/humble /usr/bin/cmake --build /home/neural/Neural-Knights/build/serial -- -j4 -l4
[0.198s] Invoking command in '/home/neural/Neural-Knights/build/serial': CMAKE_PREFIX_PATH=/opt/ros/humble /usr/bin/cmake --install /home/neural/Neural-Knights/build/serial
[0.207s] -- Install configuration: ""
[0.207s] -- Execute custom install script
[0.207s] -- Up-to-date symlink: /home/neural/Neural-Knights/install/serial/lib/libserial.a
[0.208s] -- Up-to-date symlink: /home/neural/Neural-Knights/install/serial/include/serial/serial.h
[0.208s] -- Up-to-date symlink: /home/neural/Neural-Knights/install/serial/include/serial/v8stdint.h
[0.208s] -- Up-to-date symlink: /home/neural/Neural-Knights/install/serial/share/serial/environment/library_path.sh
[0.208s] -- Up-to-date symlink: /home/neural/Neural-Knights/install/serial/share/serial/environment/library_path.dsv
[0.209s] -- Up-to-date symlink: /home/neural/Neural-Knights/install/serial/share/ament_index/resource_index/package_run_dependencies/serial
[0.209s] -- Up-to-date symlink: /home/neural/Neural-Knights/install/serial/share/ament_index/resource_index/parent_prefix_path/serial
[0.209s] -- Up-to-date symlink: /home/neural/Neural-Knights/install/serial/share/serial/environment/ament_prefix_path.sh
[0.209s] -- Up-to-date symlink: /home/neural/Neural-Knights/install/serial/share/serial/environment/ament_prefix_path.dsv
[0.210s] -- Up-to-date symlink: /home/neural/Neural-Knights/install/serial/share/serial/environment/path.sh
[0.210s] -- Up-to-date symlink: /home/neural/Neural-Knights/install/serial/share/serial/environment/path.dsv
[0.210s] -- Up-to-date symlink: /home/neural/Neural-Knights/install/serial/share/serial/local_setup.bash
[0.210s] -- Up-to-date symlink: /home/neural/Neural-Knights/install/serial/share/serial/local_setup.sh
[0.211s] -- Up-to-date symlink: /home/neural/Neural-Knights/install/serial/share/serial/local_setup.zsh
[0.211s] -- Up-to-date symlink: /home/neural/Neural-Knights/install/serial/share/serial/local_setup.dsv
[0.211s] -- Symlinking: /home/neural/Neural-Knights/install/serial/share/serial/package.dsv
[0.225s] -- Up-to-date symlink: /home/neural/Neural-Knights/install/serial/share/ament_index/resource_index/packages/serial
[0.225s] -- Up-to-date symlink: /home/neural/Neural-Knights/install/serial/share/serial/cmake/ament_cmake_export_include_directories-extras.cmake
[0.226s] -- Up-to-date symlink: /home/neural/Neural-Knights/install/serial/share/serial/cmake/ament_cmake_export_libraries-extras.cmake
[0.226s] -- Up-to-date symlink: /home/neural/Neural-Knights/install/serial/share/serial/cmake/serialConfig.cmake
[0.226s] -- Up-to-date symlink: /home/neural/Neural-Knights/install/serial/share/serial/cmake/serialConfig-version.cmake
[0.226s] -- Up-to-date symlink: /home/neural/Neural-Knights/install/serial/share/serial/package.xml
[0.232s] Invoked command in '/home/neural/Neural-Knights/build/serial' returned '0': CMAKE_PREFIX_PATH=/opt/ros/humble /usr/bin/cmake --install /home/neural/Neural-Knights/build/serial
