[0.141s] Invoking command in '/home/chemweno/Neural-Knights/build/diffdrive_arduino': CMAKE_PREFIX_PATH=/home/chemweno/Neural-Knights/install/serial:/home/chemweno/Neural-Knights/install/diffdrive_arduino:/home/chemweno/Neural-Knights/install/gazebo_ros2_control_demos:/home/chemweno/Neural-Knights/install/gazebo_ros2_control:/home/chemweno/Neural-Knights/install/articubot_one:/opt/ros/humble /usr/bin/cmake --build /home/chemweno/Neural-Knights/build/diffdrive_arduino -- -j4 -l4
[0.622s] [ 57%] Built target diffdrive_arduino
[0.842s] [100%] Built target fake_robot
[0.943s] Invoked command in '/home/chemweno/Neural-Knights/build/diffdrive_arduino' returned '0': CMAKE_PREFIX_PATH=/home/chemweno/Neural-Knights/install/serial:/home/chemweno/Neural-Knights/install/diffdrive_arduino:/home/chemweno/Neural-Knights/install/gazebo_ros2_control_demos:/home/chemweno/Neural-Knights/install/gazebo_ros2_control:/home/chemweno/Neural-Knights/install/articubot_one:/opt/ros/humble /usr/bin/cmake --build /home/chemweno/Neural-Knights/build/diffdrive_arduino -- -j4 -l4
[0.966s] Invoking command in '/home/chemweno/Neural-Knights/build/diffdrive_arduino': CMAKE_PREFIX_PATH=/home/chemweno/Neural-Knights/install/serial:/home/chemweno/Neural-Knights/install/diffdrive_arduino:/home/chemweno/Neural-Knights/install/gazebo_ros2_control_demos:/home/chemweno/Neural-Knights/install/gazebo_ros2_control:/home/chemweno/Neural-Knights/install/articubot_one:/opt/ros/humble /usr/bin/cmake --install /home/chemweno/Neural-Knights/build/diffdrive_arduino
[1.010s] -- Install configuration: ""
[1.018s] -- Execute custom install script
[1.021s] -- Up-to-date symlink: /home/chemweno/Neural-Knights/install/diffdrive_arduino/share/diffdrive_arduino//robot_hardware.xml
[1.021s] -- Up-to-date symlink: /home/chemweno/Neural-Knights/install/diffdrive_arduino/share/diffdrive_arduino//fake_robot_hardware.xml
[1.024s] -- Up-to-date symlink: /home/chemweno/Neural-Knights/install/diffdrive_arduino/lib/libdiffdrive_arduino.so
[1.029s] -- Up-to-date symlink: /home/chemweno/Neural-Knights/install/diffdrive_arduino/lib/libfake_robot.so
[1.030s] -- Up-to-date symlink: /home/chemweno/Neural-Knights/install/diffdrive_arduino/share/diffdrive_arduino/controllers/robot_controller_example.yaml
[1.032s] -- Up-to-date symlink: /home/chemweno/Neural-Knights/install/diffdrive_arduino/share/diffdrive_arduino/__pycache__/test_robot.launch.cpython-310.pyc
[1.034s] -- Up-to-date symlink: /home/chemweno/Neural-Knights/install/diffdrive_arduino/share/diffdrive_arduino/fake_robot.launch.py
[1.036s] -- Up-to-date symlink: /home/chemweno/Neural-Knights/install/diffdrive_arduino/share/diffdrive_arduino/test_robot.launch.py
[1.042s] -- Up-to-date symlink: /home/chemweno/Neural-Knights/install/diffdrive_arduino/share/diffdrive_arduino/environment/library_path.sh
[1.043s] -- Up-to-date symlink: /home/chemweno/Neural-Knights/install/diffdrive_arduino/share/diffdrive_arduino/environment/library_path.dsv
[1.044s] -- Up-to-date symlink: /home/chemweno/Neural-Knights/install/diffdrive_arduino/share/ament_index/resource_index/package_run_dependencies/diffdrive_arduino
[1.049s] -- Up-to-date symlink: /home/chemweno/Neural-Knights/install/diffdrive_arduino/share/ament_index/resource_index/parent_prefix_path/diffdrive_arduino
[1.049s] -- Up-to-date symlink: /home/chemweno/Neural-Knights/install/diffdrive_arduino/share/diffdrive_arduino/environment/ament_prefix_path.sh
[1.050s] -- Up-to-date symlink: /home/chemweno/Neural-Knights/install/diffdrive_arduino/share/diffdrive_arduino/environment/ament_prefix_path.dsv
[1.051s] -- Up-to-date symlink: /home/chemweno/Neural-Knights/install/diffdrive_arduino/share/diffdrive_arduino/environment/path.sh
[1.051s] -- Up-to-date symlink: /home/chemweno/Neural-Knights/install/diffdrive_arduino/share/diffdrive_arduino/environment/path.dsv
[1.052s] -- Up-to-date symlink: /home/chemweno/Neural-Knights/install/diffdrive_arduino/share/diffdrive_arduino/local_setup.bash
[1.053s] -- Up-to-date symlink: /home/chemweno/Neural-Knights/install/diffdrive_arduino/share/diffdrive_arduino/local_setup.sh
[1.062s] -- Up-to-date symlink: /home/chemweno/Neural-Knights/install/diffdrive_arduino/share/diffdrive_arduino/local_setup.zsh
[1.064s] -- Up-to-date symlink: /home/chemweno/Neural-Knights/install/diffdrive_arduino/share/diffdrive_arduino/local_setup.dsv
[1.069s] -- Symlinking: /home/chemweno/Neural-Knights/install/diffdrive_arduino/share/diffdrive_arduino/package.dsv
[1.117s] -- Up-to-date symlink: /home/chemweno/Neural-Knights/install/diffdrive_arduino/share/ament_index/resource_index/packages/diffdrive_arduino
[1.125s] -- Up-to-date symlink: /home/chemweno/Neural-Knights/install/diffdrive_arduino/share/ament_index/resource_index/hardware_interface__pluginlib__plugin/diffdrive_arduino
[1.128s] -- Up-to-date symlink: /home/chemweno/Neural-Knights/install/diffdrive_arduino/share/diffdrive_arduino/cmake/ament_cmake_export_libraries-extras.cmake
[1.129s] -- Up-to-date symlink: /home/chemweno/Neural-Knights/install/diffdrive_arduino/share/diffdrive_arduino/cmake/ament_cmake_export_dependencies-extras.cmake
[1.130s] -- Up-to-date symlink: /home/chemweno/Neural-Knights/install/diffdrive_arduino/share/diffdrive_arduino/cmake/diffdrive_arduinoConfig.cmake
[1.130s] -- Up-to-date symlink: /home/chemweno/Neural-Knights/install/diffdrive_arduino/share/diffdrive_arduino/cmake/diffdrive_arduinoConfig-version.cmake
[1.147s] -- Up-to-date symlink: /home/chemweno/Neural-Knights/install/diffdrive_arduino/share/diffdrive_arduino/package.xml
[1.173s] Invoked command in '/home/chemweno/Neural-Knights/build/diffdrive_arduino' returned '0': CMAKE_PREFIX_PATH=/home/chemweno/Neural-Knights/install/serial:/home/chemweno/Neural-Knights/install/diffdrive_arduino:/home/chemweno/Neural-Knights/install/gazebo_ros2_control_demos:/home/chemweno/Neural-Knights/install/gazebo_ros2_control:/home/chemweno/Neural-Knights/install/articubot_one:/opt/ros/humble /usr/bin/cmake --install /home/chemweno/Neural-Knights/build/diffdrive_arduino
