[0.417s] DEBUG:colcon:Command line arguments: ['/usr/bin/colcon', 'build', '--symlink-install']
[0.417s] DEBUG:colcon:Parsed command line arguments: Namespace(log_base=None, log_level=None, verb_name='build', build_base='build', install_base='install', merge_install=False, symlink_install=True, test_result_base=None, continue_on_error=False, executor='parallel', parallel_workers=4, event_handlers=None, ignore_user_meta=False, metas=['./colcon.meta'], base_paths=['.'], packages_ignore=None, packages_ignore_regex=None, paths=None, packages_up_to=None, packages_up_to_regex=None, packages_above=None, packages_above_and_dependencies=None, packages_above_depth=None, packages_select_by_dep=None, packages_skip_by_dep=None, packages_skip_up_to=None, packages_select_build_failed=False, packages_skip_build_finished=False, packages_select_test_failures=False, packages_skip_test_passed=False, packages_select=None, packages_skip=None, packages_select_regex=None, packages_skip_regex=None, packages_start=None, packages_end=None, allow_overriding=[], cmake_args=None, cmake_target=None, cmake_target_skip_unavailable=False, cmake_clean_cache=False, cmake_clean_first=False, cmake_force_configure=False, ament_cmake_args=None, catkin_cmake_args=None, catkin_skip_building_tests=False, mixin_files=None, mixin=None, verb_parser=<colcon_mixin.mixin.mixin_argument.MixinArgumentDecorator object at 0x7f6ec18b6950>, verb_extension=<colcon_core.verb.build.BuildVerb object at 0x7f6ec18b61d0>, main=<bound method BuildVerb.main of <colcon_core.verb.build.BuildVerb object at 0x7f6ec18b61d0>>, mixin_verb=('build',))
[1.045s] Level 1:colcon.colcon_core.package_discovery:discover_packages(colcon_meta) check parameters
[1.045s] Level 1:colcon.colcon_core.package_discovery:discover_packages(recursive) check parameters
[1.045s] Level 1:colcon.colcon_core.package_discovery:discover_packages(ignore) check parameters
[1.046s] Level 1:colcon.colcon_core.package_discovery:discover_packages(path) check parameters
[1.046s] Level 1:colcon.colcon_core.package_discovery:discover_packages(colcon_meta) discover
[1.046s] Level 1:colcon.colcon_core.package_discovery:discover_packages(recursive) discover
[1.046s] INFO:colcon.colcon_core.package_discovery:Crawling recursively for packages in '/home/chemweno/Neural-Knights'
[1.047s] Level 1:colcon.colcon_core.package_identification:_identify(.) by extensions ['ignore', 'ignore_ament_install']
[1.047s] Level 1:colcon.colcon_core.package_identification:_identify(.) by extension 'ignore'
[1.047s] Level 1:colcon.colcon_core.package_identification:_identify(.) by extension 'ignore_ament_install'
[1.048s] Level 1:colcon.colcon_core.package_identification:_identify(.) by extensions ['colcon_pkg']
[1.048s] Level 1:colcon.colcon_core.package_identification:_identify(.) by extension 'colcon_pkg'
[1.048s] Level 1:colcon.colcon_core.package_identification:_identify(.) by extensions ['colcon_meta']
[1.048s] Level 1:colcon.colcon_core.package_identification:_identify(.) by extension 'colcon_meta'
[1.048s] Level 1:colcon.colcon_core.package_identification:_identify(.) by extensions ['ros']
[1.048s] Level 1:colcon.colcon_core.package_identification:_identify(.) by extension 'ros'
[1.109s] Level 1:colcon.colcon_core.package_identification:_identify(.) by extensions ['cmake', 'python']
[1.109s] Level 1:colcon.colcon_core.package_identification:_identify(.) by extension 'cmake'
[1.110s] Level 1:colcon.colcon_core.package_identification:_identify(.) by extension 'python'
[1.110s] Level 1:colcon.colcon_core.package_identification:_identify(.) by extensions ['python_setup_py']
[1.110s] Level 1:colcon.colcon_core.package_identification:_identify(.) by extension 'python_setup_py'
[1.111s] Level 1:colcon.colcon_core.package_identification:_identify(build) by extensions ['ignore', 'ignore_ament_install']
[1.111s] Level 1:colcon.colcon_core.package_identification:_identify(build) by extension 'ignore'
[1.111s] Level 1:colcon.colcon_core.package_identification:_identify(build) ignored
[1.112s] Level 1:colcon.colcon_core.package_identification:_identify(install) by extensions ['ignore', 'ignore_ament_install']
[1.112s] Level 1:colcon.colcon_core.package_identification:_identify(install) by extension 'ignore'
[1.113s] Level 1:colcon.colcon_core.package_identification:_identify(install) ignored
[1.113s] Level 1:colcon.colcon_core.package_identification:_identify(log) by extensions ['ignore', 'ignore_ament_install']
[1.113s] Level 1:colcon.colcon_core.package_identification:_identify(log) by extension 'ignore'
[1.114s] Level 1:colcon.colcon_core.package_identification:_identify(log) ignored
[1.114s] Level 1:colcon.colcon_core.package_identification:_identify(src) by extensions ['ignore', 'ignore_ament_install']
[1.114s] Level 1:colcon.colcon_core.package_identification:_identify(src) by extension 'ignore'
[1.114s] Level 1:colcon.colcon_core.package_identification:_identify(src) by extension 'ignore_ament_install'
[1.115s] Level 1:colcon.colcon_core.package_identification:_identify(src) by extensions ['colcon_pkg']
[1.115s] Level 1:colcon.colcon_core.package_identification:_identify(src) by extension 'colcon_pkg'
[1.115s] Level 1:colcon.colcon_core.package_identification:_identify(src) by extensions ['colcon_meta']
[1.115s] Level 1:colcon.colcon_core.package_identification:_identify(src) by extension 'colcon_meta'
[1.116s] Level 1:colcon.colcon_core.package_identification:_identify(src) by extensions ['ros']
[1.116s] Level 1:colcon.colcon_core.package_identification:_identify(src) by extension 'ros'
[1.116s] Level 1:colcon.colcon_core.package_identification:_identify(src) by extensions ['cmake', 'python']
[1.116s] Level 1:colcon.colcon_core.package_identification:_identify(src) by extension 'cmake'
[1.116s] Level 1:colcon.colcon_core.package_identification:_identify(src) by extension 'python'
[1.117s] Level 1:colcon.colcon_core.package_identification:_identify(src) by extensions ['python_setup_py']
[1.117s] Level 1:colcon.colcon_core.package_identification:_identify(src) by extension 'python_setup_py'
[1.118s] Level 1:colcon.colcon_core.package_identification:_identify(src/articubot_one) by extensions ['ignore', 'ignore_ament_install']
[1.118s] Level 1:colcon.colcon_core.package_identification:_identify(src/articubot_one) by extension 'ignore'
[1.119s] Level 1:colcon.colcon_core.package_identification:_identify(src/articubot_one) by extension 'ignore_ament_install'
[1.119s] Level 1:colcon.colcon_core.package_identification:_identify(src/articubot_one) by extensions ['colcon_pkg']
[1.119s] Level 1:colcon.colcon_core.package_identification:_identify(src/articubot_one) by extension 'colcon_pkg'
[1.120s] Level 1:colcon.colcon_core.package_identification:_identify(src/articubot_one) by extensions ['colcon_meta']
[1.120s] Level 1:colcon.colcon_core.package_identification:_identify(src/articubot_one) by extension 'colcon_meta'
[1.120s] Level 1:colcon.colcon_core.package_identification:_identify(src/articubot_one) by extensions ['ros']
[1.120s] Level 1:colcon.colcon_core.package_identification:_identify(src/articubot_one) by extension 'ros'
[1.134s] DEBUG:colcon.colcon_core.package_identification:Package 'src/articubot_one' with type 'ros.ament_cmake' and name 'articubot_one'
[1.135s] Level 1:colcon.colcon_core.package_identification:_identify(src/diffdrive_arduino) by extensions ['ignore', 'ignore_ament_install']
[1.135s] Level 1:colcon.colcon_core.package_identification:_identify(src/diffdrive_arduino) by extension 'ignore'
[1.136s] Level 1:colcon.colcon_core.package_identification:_identify(src/diffdrive_arduino) by extension 'ignore_ament_install'
[1.136s] Level 1:colcon.colcon_core.package_identification:_identify(src/diffdrive_arduino) by extensions ['colcon_pkg']
[1.136s] Level 1:colcon.colcon_core.package_identification:_identify(src/diffdrive_arduino) by extension 'colcon_pkg'
[1.137s] Level 1:colcon.colcon_core.package_identification:_identify(src/diffdrive_arduino) by extensions ['colcon_meta']
[1.137s] Level 1:colcon.colcon_core.package_identification:_identify(src/diffdrive_arduino) by extension 'colcon_meta'
[1.137s] Level 1:colcon.colcon_core.package_identification:_identify(src/diffdrive_arduino) by extensions ['ros']
[1.138s] Level 1:colcon.colcon_core.package_identification:_identify(src/diffdrive_arduino) by extension 'ros'
[1.146s] DEBUG:colcon.colcon_core.package_identification:Package 'src/diffdrive_arduino' with type 'ros.ament_cmake' and name 'diffdrive_arduino'
[1.147s] Level 1:colcon.colcon_core.package_identification:_identify(src/gazebo_ros2_control) by extensions ['ignore', 'ignore_ament_install']
[1.147s] Level 1:colcon.colcon_core.package_identification:_identify(src/gazebo_ros2_control) by extension 'ignore'
[1.148s] Level 1:colcon.colcon_core.package_identification:_identify(src/gazebo_ros2_control) by extension 'ignore_ament_install'
[1.148s] Level 1:colcon.colcon_core.package_identification:_identify(src/gazebo_ros2_control) by extensions ['colcon_pkg']
[1.149s] Level 1:colcon.colcon_core.package_identification:_identify(src/gazebo_ros2_control) by extension 'colcon_pkg'
[1.149s] Level 1:colcon.colcon_core.package_identification:_identify(src/gazebo_ros2_control) by extensions ['colcon_meta']
[1.149s] Level 1:colcon.colcon_core.package_identification:_identify(src/gazebo_ros2_control) by extension 'colcon_meta'
[1.149s] Level 1:colcon.colcon_core.package_identification:_identify(src/gazebo_ros2_control) by extensions ['ros']
[1.150s] Level 1:colcon.colcon_core.package_identification:_identify(src/gazebo_ros2_control) by extension 'ros'
[1.150s] Level 1:colcon.colcon_core.package_identification:_identify(src/gazebo_ros2_control) by extensions ['cmake', 'python']
[1.150s] Level 1:colcon.colcon_core.package_identification:_identify(src/gazebo_ros2_control) by extension 'cmake'
[1.151s] Level 1:colcon.colcon_core.package_identification:_identify(src/gazebo_ros2_control) by extension 'python'
[1.151s] Level 1:colcon.colcon_core.package_identification:_identify(src/gazebo_ros2_control) by extensions ['python_setup_py']
[1.151s] Level 1:colcon.colcon_core.package_identification:_identify(src/gazebo_ros2_control) by extension 'python_setup_py'
[1.152s] Level 1:colcon.colcon_core.package_identification:_identify(src/gazebo_ros2_control/Docker) by extensions ['ignore', 'ignore_ament_install']
[1.152s] Level 1:colcon.colcon_core.package_identification:_identify(src/gazebo_ros2_control/Docker) by extension 'ignore'
[1.153s] Level 1:colcon.colcon_core.package_identification:_identify(src/gazebo_ros2_control/Docker) by extension 'ignore_ament_install'
[1.153s] Level 1:colcon.colcon_core.package_identification:_identify(src/gazebo_ros2_control/Docker) by extensions ['colcon_pkg']
[1.153s] Level 1:colcon.colcon_core.package_identification:_identify(src/gazebo_ros2_control/Docker) by extension 'colcon_pkg'
[1.153s] Level 1:colcon.colcon_core.package_identification:_identify(src/gazebo_ros2_control/Docker) by extensions ['colcon_meta']
[1.154s] Level 1:colcon.colcon_core.package_identification:_identify(src/gazebo_ros2_control/Docker) by extension 'colcon_meta'
[1.154s] Level 1:colcon.colcon_core.package_identification:_identify(src/gazebo_ros2_control/Docker) by extensions ['ros']
[1.154s] Level 1:colcon.colcon_core.package_identification:_identify(src/gazebo_ros2_control/Docker) by extension 'ros'
[1.155s] Level 1:colcon.colcon_core.package_identification:_identify(src/gazebo_ros2_control/Docker) by extensions ['cmake', 'python']
[1.155s] Level 1:colcon.colcon_core.package_identification:_identify(src/gazebo_ros2_control/Docker) by extension 'cmake'
[1.155s] Level 1:colcon.colcon_core.package_identification:_identify(src/gazebo_ros2_control/Docker) by extension 'python'
[1.155s] Level 1:colcon.colcon_core.package_identification:_identify(src/gazebo_ros2_control/Docker) by extensions ['python_setup_py']
[1.156s] Level 1:colcon.colcon_core.package_identification:_identify(src/gazebo_ros2_control/Docker) by extension 'python_setup_py'
[1.156s] Level 1:colcon.colcon_core.package_identification:_identify(src/gazebo_ros2_control/doc) by extensions ['ignore', 'ignore_ament_install']
[1.157s] Level 1:colcon.colcon_core.package_identification:_identify(src/gazebo_ros2_control/doc) by extension 'ignore'
[1.157s] Level 1:colcon.colcon_core.package_identification:_identify(src/gazebo_ros2_control/doc) by extension 'ignore_ament_install'
[1.158s] Level 1:colcon.colcon_core.package_identification:_identify(src/gazebo_ros2_control/doc) by extensions ['colcon_pkg']
[1.158s] Level 1:colcon.colcon_core.package_identification:_identify(src/gazebo_ros2_control/doc) by extension 'colcon_pkg'
[1.158s] Level 1:colcon.colcon_core.package_identification:_identify(src/gazebo_ros2_control/doc) by extensions ['colcon_meta']
[1.158s] Level 1:colcon.colcon_core.package_identification:_identify(src/gazebo_ros2_control/doc) by extension 'colcon_meta'
[1.159s] Level 1:colcon.colcon_core.package_identification:_identify(src/gazebo_ros2_control/doc) by extensions ['ros']
[1.159s] Level 1:colcon.colcon_core.package_identification:_identify(src/gazebo_ros2_control/doc) by extension 'ros'
[1.159s] Level 1:colcon.colcon_core.package_identification:_identify(src/gazebo_ros2_control/doc) by extensions ['cmake', 'python']
[1.160s] Level 1:colcon.colcon_core.package_identification:_identify(src/gazebo_ros2_control/doc) by extension 'cmake'
[1.160s] Level 1:colcon.colcon_core.package_identification:_identify(src/gazebo_ros2_control/doc) by extension 'python'
[1.160s] Level 1:colcon.colcon_core.package_identification:_identify(src/gazebo_ros2_control/doc) by extensions ['python_setup_py']
[1.161s] Level 1:colcon.colcon_core.package_identification:_identify(src/gazebo_ros2_control/doc) by extension 'python_setup_py'
[1.161s] Level 1:colcon.colcon_core.package_identification:_identify(src/gazebo_ros2_control/doc/img) by extensions ['ignore', 'ignore_ament_install']
[1.162s] Level 1:colcon.colcon_core.package_identification:_identify(src/gazebo_ros2_control/doc/img) by extension 'ignore'
[1.162s] Level 1:colcon.colcon_core.package_identification:_identify(src/gazebo_ros2_control/doc/img) by extension 'ignore_ament_install'
[1.163s] Level 1:colcon.colcon_core.package_identification:_identify(src/gazebo_ros2_control/doc/img) by extensions ['colcon_pkg']
[1.163s] Level 1:colcon.colcon_core.package_identification:_identify(src/gazebo_ros2_control/doc/img) by extension 'colcon_pkg'
[1.163s] Level 1:colcon.colcon_core.package_identification:_identify(src/gazebo_ros2_control/doc/img) by extensions ['colcon_meta']
[1.163s] Level 1:colcon.colcon_core.package_identification:_identify(src/gazebo_ros2_control/doc/img) by extension 'colcon_meta'
[1.164s] Level 1:colcon.colcon_core.package_identification:_identify(src/gazebo_ros2_control/doc/img) by extensions ['ros']
[1.164s] Level 1:colcon.colcon_core.package_identification:_identify(src/gazebo_ros2_control/doc/img) by extension 'ros'
[1.164s] Level 1:colcon.colcon_core.package_identification:_identify(src/gazebo_ros2_control/doc/img) by extensions ['cmake', 'python']
[1.165s] Level 1:colcon.colcon_core.package_identification:_identify(src/gazebo_ros2_control/doc/img) by extension 'cmake'
[1.165s] Level 1:colcon.colcon_core.package_identification:_identify(src/gazebo_ros2_control/doc/img) by extension 'python'
[1.165s] Level 1:colcon.colcon_core.package_identification:_identify(src/gazebo_ros2_control/doc/img) by extensions ['python_setup_py']
[1.166s] Level 1:colcon.colcon_core.package_identification:_identify(src/gazebo_ros2_control/doc/img) by extension 'python_setup_py'
[1.166s] Level 1:colcon.colcon_core.package_identification:_identify(src/gazebo_ros2_control/gazebo_ros2_control) by extensions ['ignore', 'ignore_ament_install']
[1.167s] Level 1:colcon.colcon_core.package_identification:_identify(src/gazebo_ros2_control/gazebo_ros2_control) by extension 'ignore'
[1.167s] Level 1:colcon.colcon_core.package_identification:_identify(src/gazebo_ros2_control/gazebo_ros2_control) by extension 'ignore_ament_install'
[1.168s] Level 1:colcon.colcon_core.package_identification:_identify(src/gazebo_ros2_control/gazebo_ros2_control) by extensions ['colcon_pkg']
[1.168s] Level 1:colcon.colcon_core.package_identification:_identify(src/gazebo_ros2_control/gazebo_ros2_control) by extension 'colcon_pkg'
[1.168s] Level 1:colcon.colcon_core.package_identification:_identify(src/gazebo_ros2_control/gazebo_ros2_control) by extensions ['colcon_meta']
[1.168s] Level 1:colcon.colcon_core.package_identification:_identify(src/gazebo_ros2_control/gazebo_ros2_control) by extension 'colcon_meta'
[1.169s] Level 1:colcon.colcon_core.package_identification:_identify(src/gazebo_ros2_control/gazebo_ros2_control) by extensions ['ros']
[1.169s] Level 1:colcon.colcon_core.package_identification:_identify(src/gazebo_ros2_control/gazebo_ros2_control) by extension 'ros'
[1.175s] DEBUG:colcon.colcon_core.package_identification:Package 'src/gazebo_ros2_control/gazebo_ros2_control' with type 'ros.ament_cmake' and name 'gazebo_ros2_control'
[1.176s] Level 1:colcon.colcon_core.package_identification:_identify(src/gazebo_ros2_control/gazebo_ros2_control_demos) by extensions ['ignore', 'ignore_ament_install']
[1.177s] Level 1:colcon.colcon_core.package_identification:_identify(src/gazebo_ros2_control/gazebo_ros2_control_demos) by extension 'ignore'
[1.177s] Level 1:colcon.colcon_core.package_identification:_identify(src/gazebo_ros2_control/gazebo_ros2_control_demos) by extension 'ignore_ament_install'
[1.177s] Level 1:colcon.colcon_core.package_identification:_identify(src/gazebo_ros2_control/gazebo_ros2_control_demos) by extensions ['colcon_pkg']
[1.178s] Level 1:colcon.colcon_core.package_identification:_identify(src/gazebo_ros2_control/gazebo_ros2_control_demos) by extension 'colcon_pkg'
[1.178s] Level 1:colcon.colcon_core.package_identification:_identify(src/gazebo_ros2_control/gazebo_ros2_control_demos) by extensions ['colcon_meta']
[1.178s] Level 1:colcon.colcon_core.package_identification:_identify(src/gazebo_ros2_control/gazebo_ros2_control_demos) by extension 'colcon_meta'
[1.178s] Level 1:colcon.colcon_core.package_identification:_identify(src/gazebo_ros2_control/gazebo_ros2_control_demos) by extensions ['ros']
[1.179s] Level 1:colcon.colcon_core.package_identification:_identify(src/gazebo_ros2_control/gazebo_ros2_control_demos) by extension 'ros'
[1.184s] DEBUG:colcon.colcon_core.package_identification:Package 'src/gazebo_ros2_control/gazebo_ros2_control_demos' with type 'ros.ament_cmake' and name 'gazebo_ros2_control_demos'
[1.185s] Level 1:colcon.colcon_core.package_identification:_identify(src/serial) by extensions ['ignore', 'ignore_ament_install']
[1.185s] Level 1:colcon.colcon_core.package_identification:_identify(src/serial) by extension 'ignore'
[1.186s] Level 1:colcon.colcon_core.package_identification:_identify(src/serial) by extension 'ignore_ament_install'
[1.186s] Level 1:colcon.colcon_core.package_identification:_identify(src/serial) by extensions ['colcon_pkg']
[1.186s] Level 1:colcon.colcon_core.package_identification:_identify(src/serial) by extension 'colcon_pkg'
[1.186s] Level 1:colcon.colcon_core.package_identification:_identify(src/serial) by extensions ['colcon_meta']
[1.187s] Level 1:colcon.colcon_core.package_identification:_identify(src/serial) by extension 'colcon_meta'
[1.187s] Level 1:colcon.colcon_core.package_identification:_identify(src/serial) by extensions ['ros']
[1.187s] Level 1:colcon.colcon_core.package_identification:_identify(src/serial) by extension 'ros'
[1.189s] DEBUG:colcon.colcon_core.package_identification:Package 'src/serial' with type 'ros.ament_cmake' and name 'serial'
[1.190s] Level 1:colcon.colcon_core.package_discovery:discover_packages(recursive) using defaults
[1.190s] Level 1:colcon.colcon_core.package_discovery:discover_packages(ignore) discover
[1.190s] Level 1:colcon.colcon_core.package_discovery:discover_packages(ignore) using defaults
[1.190s] Level 1:colcon.colcon_core.package_discovery:discover_packages(path) discover
[1.191s] Level 1:colcon.colcon_core.package_discovery:discover_packages(path) using defaults
[1.300s] Level 1:colcon.colcon_core.package_discovery:discover_packages(prefix_path) check parameters
[1.301s] Level 1:colcon.colcon_core.package_discovery:discover_packages(prefix_path) discover
[1.307s] DEBUG:colcon.colcon_installed_package_information.package_discovery:Found 5 installed packages in /home/chemweno/Neural-Knights/install
[1.313s] DEBUG:colcon.colcon_installed_package_information.package_discovery:Found 437 installed packages in /opt/ros/humble
[1.322s] Level 1:colcon.colcon_core.package_discovery:discover_packages(prefix_path) using defaults
[1.511s] Level 5:colcon.colcon_core.verb:set package 'articubot_one' build argument 'cmake_args' from command line to 'None'
[1.511s] Level 5:colcon.colcon_core.verb:set package 'articubot_one' build argument 'cmake_target' from command line to 'None'
[1.511s] Level 5:colcon.colcon_core.verb:set package 'articubot_one' build argument 'cmake_target_skip_unavailable' from command line to 'False'
[1.511s] Level 5:colcon.colcon_core.verb:set package 'articubot_one' build argument 'cmake_clean_cache' from command line to 'False'
[1.511s] Level 5:colcon.colcon_core.verb:set package 'articubot_one' build argument 'cmake_clean_first' from command line to 'False'
[1.511s] Level 5:colcon.colcon_core.verb:set package 'articubot_one' build argument 'cmake_force_configure' from command line to 'False'
[1.511s] Level 5:colcon.colcon_core.verb:set package 'articubot_one' build argument 'ament_cmake_args' from command line to 'None'
[1.511s] Level 5:colcon.colcon_core.verb:set package 'articubot_one' build argument 'catkin_cmake_args' from command line to 'None'
[1.511s] Level 5:colcon.colcon_core.verb:set package 'articubot_one' build argument 'catkin_skip_building_tests' from command line to 'False'
[1.512s] DEBUG:colcon.colcon_core.verb:Building package 'articubot_one' with the following arguments: {'ament_cmake_args': None, 'build_base': '/home/chemweno/Neural-Knights/build/articubot_one', 'catkin_cmake_args': None, 'catkin_skip_building_tests': False, 'cmake_args': None, 'cmake_clean_cache': False, 'cmake_clean_first': False, 'cmake_force_configure': False, 'cmake_target': None, 'cmake_target_skip_unavailable': False, 'install_base': '/home/chemweno/Neural-Knights/install/articubot_one', 'merge_install': False, 'path': '/home/chemweno/Neural-Knights/src/articubot_one', 'symlink_install': True, 'test_result_base': None}
[1.513s] Level 5:colcon.colcon_core.verb:set package 'gazebo_ros2_control' build argument 'cmake_args' from command line to 'None'
[1.513s] Level 5:colcon.colcon_core.verb:set package 'gazebo_ros2_control' build argument 'cmake_target' from command line to 'None'
[1.513s] Level 5:colcon.colcon_core.verb:set package 'gazebo_ros2_control' build argument 'cmake_target_skip_unavailable' from command line to 'False'
[1.513s] Level 5:colcon.colcon_core.verb:set package 'gazebo_ros2_control' build argument 'cmake_clean_cache' from command line to 'False'
[1.513s] Level 5:colcon.colcon_core.verb:set package 'gazebo_ros2_control' build argument 'cmake_clean_first' from command line to 'False'
[1.513s] Level 5:colcon.colcon_core.verb:set package 'gazebo_ros2_control' build argument 'cmake_force_configure' from command line to 'False'
[1.513s] Level 5:colcon.colcon_core.verb:set package 'gazebo_ros2_control' build argument 'ament_cmake_args' from command line to 'None'
[1.513s] Level 5:colcon.colcon_core.verb:set package 'gazebo_ros2_control' build argument 'catkin_cmake_args' from command line to 'None'
[1.514s] Level 5:colcon.colcon_core.verb:set package 'gazebo_ros2_control' build argument 'catkin_skip_building_tests' from command line to 'False'
[1.514s] DEBUG:colcon.colcon_core.verb:Building package 'gazebo_ros2_control' with the following arguments: {'ament_cmake_args': None, 'build_base': '/home/chemweno/Neural-Knights/build/gazebo_ros2_control', 'catkin_cmake_args': None, 'catkin_skip_building_tests': False, 'cmake_args': None, 'cmake_clean_cache': False, 'cmake_clean_first': False, 'cmake_force_configure': False, 'cmake_target': None, 'cmake_target_skip_unavailable': False, 'install_base': '/home/chemweno/Neural-Knights/install/gazebo_ros2_control', 'merge_install': False, 'path': '/home/chemweno/Neural-Knights/src/gazebo_ros2_control/gazebo_ros2_control', 'symlink_install': True, 'test_result_base': None}
[1.515s] Level 5:colcon.colcon_core.verb:set package 'serial' build argument 'cmake_args' from command line to 'None'
[1.515s] Level 5:colcon.colcon_core.verb:set package 'serial' build argument 'cmake_target' from command line to 'None'
[1.515s] Level 5:colcon.colcon_core.verb:set package 'serial' build argument 'cmake_target_skip_unavailable' from command line to 'False'
[1.515s] Level 5:colcon.colcon_core.verb:set package 'serial' build argument 'cmake_clean_cache' from command line to 'False'
[1.515s] Level 5:colcon.colcon_core.verb:set package 'serial' build argument 'cmake_clean_first' from command line to 'False'
[1.515s] Level 5:colcon.colcon_core.verb:set package 'serial' build argument 'cmake_force_configure' from command line to 'False'
[1.515s] Level 5:colcon.colcon_core.verb:set package 'serial' build argument 'ament_cmake_args' from command line to 'None'
[1.515s] Level 5:colcon.colcon_core.verb:set package 'serial' build argument 'catkin_cmake_args' from command line to 'None'
[1.516s] Level 5:colcon.colcon_core.verb:set package 'serial' build argument 'catkin_skip_building_tests' from command line to 'False'
[1.516s] DEBUG:colcon.colcon_core.verb:Building package 'serial' with the following arguments: {'ament_cmake_args': None, 'build_base': '/home/chemweno/Neural-Knights/build/serial', 'catkin_cmake_args': None, 'catkin_skip_building_tests': False, 'cmake_args': None, 'cmake_clean_cache': False, 'cmake_clean_first': False, 'cmake_force_configure': False, 'cmake_target': None, 'cmake_target_skip_unavailable': False, 'install_base': '/home/chemweno/Neural-Knights/install/serial', 'merge_install': False, 'path': '/home/chemweno/Neural-Knights/src/serial', 'symlink_install': True, 'test_result_base': None}
[1.517s] Level 5:colcon.colcon_core.verb:set package 'diffdrive_arduino' build argument 'cmake_args' from command line to 'None'
[1.517s] Level 5:colcon.colcon_core.verb:set package 'diffdrive_arduino' build argument 'cmake_target' from command line to 'None'
[1.517s] Level 5:colcon.colcon_core.verb:set package 'diffdrive_arduino' build argument 'cmake_target_skip_unavailable' from command line to 'False'
[1.517s] Level 5:colcon.colcon_core.verb:set package 'diffdrive_arduino' build argument 'cmake_clean_cache' from command line to 'False'
[1.517s] Level 5:colcon.colcon_core.verb:set package 'diffdrive_arduino' build argument 'cmake_clean_first' from command line to 'False'
[1.517s] Level 5:colcon.colcon_core.verb:set package 'diffdrive_arduino' build argument 'cmake_force_configure' from command line to 'False'
[1.517s] Level 5:colcon.colcon_core.verb:set package 'diffdrive_arduino' build argument 'ament_cmake_args' from command line to 'None'
[1.517s] Level 5:colcon.colcon_core.verb:set package 'diffdrive_arduino' build argument 'catkin_cmake_args' from command line to 'None'
[1.518s] Level 5:colcon.colcon_core.verb:set package 'diffdrive_arduino' build argument 'catkin_skip_building_tests' from command line to 'False'
[1.518s] DEBUG:colcon.colcon_core.verb:Building package 'diffdrive_arduino' with the following arguments: {'ament_cmake_args': None, 'build_base': '/home/chemweno/Neural-Knights/build/diffdrive_arduino', 'catkin_cmake_args': None, 'catkin_skip_building_tests': False, 'cmake_args': None, 'cmake_clean_cache': False, 'cmake_clean_first': False, 'cmake_force_configure': False, 'cmake_target': None, 'cmake_target_skip_unavailable': False, 'install_base': '/home/chemweno/Neural-Knights/install/diffdrive_arduino', 'merge_install': False, 'path': '/home/chemweno/Neural-Knights/src/diffdrive_arduino', 'symlink_install': True, 'test_result_base': None}
[1.519s] Level 5:colcon.colcon_core.verb:set package 'gazebo_ros2_control_demos' build argument 'cmake_args' from command line to 'None'
[1.519s] Level 5:colcon.colcon_core.verb:set package 'gazebo_ros2_control_demos' build argument 'cmake_target' from command line to 'None'
[1.519s] Level 5:colcon.colcon_core.verb:set package 'gazebo_ros2_control_demos' build argument 'cmake_target_skip_unavailable' from command line to 'False'
[1.519s] Level 5:colcon.colcon_core.verb:set package 'gazebo_ros2_control_demos' build argument 'cmake_clean_cache' from command line to 'False'
[1.519s] Level 5:colcon.colcon_core.verb:set package 'gazebo_ros2_control_demos' build argument 'cmake_clean_first' from command line to 'False'
[1.519s] Level 5:colcon.colcon_core.verb:set package 'gazebo_ros2_control_demos' build argument 'cmake_force_configure' from command line to 'False'
[1.519s] Level 5:colcon.colcon_core.verb:set package 'gazebo_ros2_control_demos' build argument 'ament_cmake_args' from command line to 'None'
[1.520s] Level 5:colcon.colcon_core.verb:set package 'gazebo_ros2_control_demos' build argument 'catkin_cmake_args' from command line to 'None'
[1.520s] Level 5:colcon.colcon_core.verb:set package 'gazebo_ros2_control_demos' build argument 'catkin_skip_building_tests' from command line to 'False'
[1.520s] DEBUG:colcon.colcon_core.verb:Building package 'gazebo_ros2_control_demos' with the following arguments: {'ament_cmake_args': None, 'build_base': '/home/chemweno/Neural-Knights/build/gazebo_ros2_control_demos', 'catkin_cmake_args': None, 'catkin_skip_building_tests': False, 'cmake_args': None, 'cmake_clean_cache': False, 'cmake_clean_first': False, 'cmake_force_configure': False, 'cmake_target': None, 'cmake_target_skip_unavailable': False, 'install_base': '/home/chemweno/Neural-Knights/install/gazebo_ros2_control_demos', 'merge_install': False, 'path': '/home/chemweno/Neural-Knights/src/gazebo_ros2_control/gazebo_ros2_control_demos', 'symlink_install': True, 'test_result_base': None}
[1.520s] INFO:colcon.colcon_core.executor:Executing jobs using 'parallel' executor
[1.523s] DEBUG:colcon.colcon_parallel_executor.executor.parallel:run_until_complete
[1.524s] INFO:colcon.colcon_ros.task.ament_cmake.build:Building ROS package in '/home/chemweno/Neural-Knights/src/gazebo_ros2_control/gazebo_ros2_control' with build type 'ament_cmake'
[1.524s] INFO:colcon.colcon_cmake.task.cmake.build:Building CMake package in '/home/chemweno/Neural-Knights/src/gazebo_ros2_control/gazebo_ros2_control'
[1.533s] INFO:colcon.colcon_core.plugin_system:Skipping extension 'colcon_core.shell.bat': Not used on non-Windows systems
[1.533s] INFO:colcon.colcon_core.shell:Skip shell extension 'powershell' for command environment: Not usable outside of PowerShell
[1.533s] DEBUG:colcon.colcon_core.shell:Skip shell extension 'dsv' for command environment
[1.550s] INFO:colcon.colcon_ros.task.ament_cmake.build:Building ROS package in '/home/chemweno/Neural-Knights/src/serial' with build type 'ament_cmake'
[1.550s] INFO:colcon.colcon_cmake.task.cmake.build:Building CMake package in '/home/chemweno/Neural-Knights/src/serial'
[1.551s] INFO:colcon.colcon_core.shell:Skip shell extension 'powershell' for command environment: Not usable outside of PowerShell
[1.552s] DEBUG:colcon.colcon_core.shell:Skip shell extension 'dsv' for command environment
[1.568s] INFO:colcon.colcon_ros.task.ament_cmake.build:Building ROS package in '/home/chemweno/Neural-Knights/src/articubot_one' with build type 'ament_cmake'
[1.568s] INFO:colcon.colcon_cmake.task.cmake.build:Building CMake package in '/home/chemweno/Neural-Knights/src/articubot_one'
[1.569s] INFO:colcon.colcon_core.shell:Skip shell extension 'powershell' for command environment: Not usable outside of PowerShell
[1.569s] DEBUG:colcon.colcon_core.shell:Skip shell extension 'dsv' for command environment
[1.607s] DEBUG:colcon.colcon_core.event_handler.log_command:Invoking command in '/home/chemweno/Neural-Knights/build/gazebo_ros2_control': CMAKE_PREFIX_PATH=${CMAKE_PREFIX_PATH}:/opt/ros/humble /usr/bin/cmake --build /home/chemweno/Neural-Knights/build/gazebo_ros2_control -- -j4 -l4
[1.623s] DEBUG:colcon.colcon_core.event_handler.log_command:Invoking command in '/home/chemweno/Neural-Knights/build/serial': CMAKE_PREFIX_PATH=${CMAKE_PREFIX_PATH}:/opt/ros/humble /usr/bin/cmake --build /home/chemweno/Neural-Knights/build/serial -- -j4 -l4
[1.646s] DEBUG:colcon.colcon_core.event_handler.log_command:Invoking command in '/home/chemweno/Neural-Knights/build/articubot_one': CMAKE_PREFIX_PATH=${CMAKE_PREFIX_PATH}:/opt/ros/humble /usr/bin/cmake --build /home/chemweno/Neural-Knights/build/articubot_one -- -j4 -l4
[1.908s] DEBUG:colcon.colcon_core.event_handler.log_command:Invoked command in '/home/chemweno/Neural-Knights/build/articubot_one' returned '0': CMAKE_PREFIX_PATH=${CMAKE_PREFIX_PATH}:/opt/ros/humble /usr/bin/cmake --build /home/chemweno/Neural-Knights/build/articubot_one -- -j4 -l4
[1.971s] DEBUG:colcon.colcon_core.event_handler.log_command:Invoking command in '/home/chemweno/Neural-Knights/build/articubot_one': CMAKE_PREFIX_PATH=${CMAKE_PREFIX_PATH}:/opt/ros/humble /usr/bin/cmake --install /home/chemweno/Neural-Knights/build/articubot_one
[2.265s] Level 1:colcon.colcon_core.environment:create_environment_scripts_only(articubot_one)
[2.268s] DEBUG:colcon.colcon_core.event_handler.log_command:Invoked command in '/home/chemweno/Neural-Knights/build/articubot_one' returned '0': CMAKE_PREFIX_PATH=${CMAKE_PREFIX_PATH}:/opt/ros/humble /usr/bin/cmake --install /home/chemweno/Neural-Knights/build/articubot_one
[2.283s] Level 1:colcon.colcon_core.environment:checking '/home/chemweno/Neural-Knights/install/articubot_one' for CMake module files
[2.291s] Level 1:colcon.colcon_core.environment:checking '/home/chemweno/Neural-Knights/install/articubot_one' for CMake config files
[2.303s] Level 1:colcon.colcon_core.shell:create_environment_hook('articubot_one', 'cmake_prefix_path')
[2.306s] INFO:colcon.colcon_core.shell:Creating environment hook '/home/chemweno/Neural-Knights/install/articubot_one/share/articubot_one/hook/cmake_prefix_path.ps1'
[2.311s] INFO:colcon.colcon_core.shell:Creating environment descriptor '/home/chemweno/Neural-Knights/install/articubot_one/share/articubot_one/hook/cmake_prefix_path.dsv'
[2.314s] INFO:colcon.colcon_core.shell:Creating environment hook '/home/chemweno/Neural-Knights/install/articubot_one/share/articubot_one/hook/cmake_prefix_path.sh'
[2.321s] Level 1:colcon.colcon_core.environment:checking '/home/chemweno/Neural-Knights/install/articubot_one/bin'
[2.321s] Level 1:colcon.colcon_core.environment:checking '/home/chemweno/Neural-Knights/install/articubot_one/lib/pkgconfig/articubot_one.pc'
[2.323s] Level 1:colcon.colcon_core.environment:checking '/home/chemweno/Neural-Knights/install/articubot_one/lib/python3.10/site-packages'
[2.324s] Level 1:colcon.colcon_core.environment:checking '/home/chemweno/Neural-Knights/install/articubot_one/bin'
[2.326s] INFO:colcon.colcon_core.shell:Creating package script '/home/chemweno/Neural-Knights/install/articubot_one/share/articubot_one/package.ps1'
[2.333s] INFO:colcon.colcon_core.shell:Creating package descriptor '/home/chemweno/Neural-Knights/install/articubot_one/share/articubot_one/package.dsv'
[2.336s] INFO:colcon.colcon_core.shell:Creating package script '/home/chemweno/Neural-Knights/install/articubot_one/share/articubot_one/package.sh'
[2.343s] INFO:colcon.colcon_core.shell:Creating package script '/home/chemweno/Neural-Knights/install/articubot_one/share/articubot_one/package.bash'
[2.350s] INFO:colcon.colcon_core.shell:Creating package script '/home/chemweno/Neural-Knights/install/articubot_one/share/articubot_one/package.zsh'
[2.356s] Level 1:colcon.colcon_core.environment:create_file_with_runtime_dependencies(/home/chemweno/Neural-Knights/install/articubot_one/share/colcon-core/packages/articubot_one)
[2.359s] Level 1:colcon.colcon_core.environment:create_environment_scripts_only(articubot_one)
[2.361s] Level 1:colcon.colcon_core.environment:checking '/home/chemweno/Neural-Knights/install/articubot_one' for CMake module files
[2.365s] Level 1:colcon.colcon_core.environment:checking '/home/chemweno/Neural-Knights/install/articubot_one' for CMake config files
[2.367s] Level 1:colcon.colcon_core.shell:create_environment_hook('articubot_one', 'cmake_prefix_path')
[2.369s] INFO:colcon.colcon_core.shell:Creating environment hook '/home/chemweno/Neural-Knights/install/articubot_one/share/articubot_one/hook/cmake_prefix_path.ps1'
[2.372s] INFO:colcon.colcon_core.shell:Creating environment descriptor '/home/chemweno/Neural-Knights/install/articubot_one/share/articubot_one/hook/cmake_prefix_path.dsv'
[2.375s] INFO:colcon.colcon_core.shell:Creating environment hook '/home/chemweno/Neural-Knights/install/articubot_one/share/articubot_one/hook/cmake_prefix_path.sh'
[2.378s] Level 1:colcon.colcon_core.environment:checking '/home/chemweno/Neural-Knights/install/articubot_one/bin'
[2.379s] Level 1:colcon.colcon_core.environment:checking '/home/chemweno/Neural-Knights/install/articubot_one/lib/pkgconfig/articubot_one.pc'
[2.381s] Level 1:colcon.colcon_core.environment:checking '/home/chemweno/Neural-Knights/install/articubot_one/lib/python3.10/site-packages'
[2.382s] Level 1:colcon.colcon_core.environment:checking '/home/chemweno/Neural-Knights/install/articubot_one/bin'
[2.384s] INFO:colcon.colcon_core.shell:Creating package script '/home/chemweno/Neural-Knights/install/articubot_one/share/articubot_one/package.ps1'
[2.387s] INFO:colcon.colcon_core.shell:Creating package descriptor '/home/chemweno/Neural-Knights/install/articubot_one/share/articubot_one/package.dsv'
[2.390s] INFO:colcon.colcon_core.shell:Creating package script '/home/chemweno/Neural-Knights/install/articubot_one/share/articubot_one/package.sh'
[2.394s] INFO:colcon.colcon_core.shell:Creating package script '/home/chemweno/Neural-Knights/install/articubot_one/share/articubot_one/package.bash'
[2.396s] INFO:colcon.colcon_core.shell:Creating package script '/home/chemweno/Neural-Knights/install/articubot_one/share/articubot_one/package.zsh'
[2.399s] Level 1:colcon.colcon_core.environment:create_file_with_runtime_dependencies(/home/chemweno/Neural-Knights/install/articubot_one/share/colcon-core/packages/articubot_one)
[2.407s] DEBUG:colcon.colcon_core.event_handler.log_command:Invoked command in '/home/chemweno/Neural-Knights/build/serial' returned '0': CMAKE_PREFIX_PATH=${CMAKE_PREFIX_PATH}:/opt/ros/humble /usr/bin/cmake --build /home/chemweno/Neural-Knights/build/serial -- -j4 -l4
[2.426s] DEBUG:colcon.colcon_core.event_handler.log_command:Invoking command in '/home/chemweno/Neural-Knights/build/serial': CMAKE_PREFIX_PATH=${CMAKE_PREFIX_PATH}:/opt/ros/humble /usr/bin/cmake --install /home/chemweno/Neural-Knights/build/serial
[2.498s] DEBUG:colcon.colcon_core.event_handler.log_command:Invoked command in '/home/chemweno/Neural-Knights/build/gazebo_ros2_control' returned '0': CMAKE_PREFIX_PATH=${CMAKE_PREFIX_PATH}:/opt/ros/humble /usr/bin/cmake --build /home/chemweno/Neural-Knights/build/gazebo_ros2_control -- -j4 -l4
[2.506s] DEBUG:colcon.colcon_core.event_handler.log_command:Invoking command in '/home/chemweno/Neural-Knights/build/gazebo_ros2_control': CMAKE_PREFIX_PATH=${CMAKE_PREFIX_PATH}:/opt/ros/humble /usr/bin/cmake --install /home/chemweno/Neural-Knights/build/gazebo_ros2_control
[2.525s] Level 1:colcon.colcon_core.environment:create_environment_scripts_only(serial)
[2.527s] Level 1:colcon.colcon_core.environment:checking '/home/chemweno/Neural-Knights/install/serial' for CMake module files
[2.530s] DEBUG:colcon.colcon_core.event_handler.log_command:Invoked command in '/home/chemweno/Neural-Knights/build/serial' returned '0': CMAKE_PREFIX_PATH=${CMAKE_PREFIX_PATH}:/opt/ros/humble /usr/bin/cmake --install /home/chemweno/Neural-Knights/build/serial
[2.533s] Level 1:colcon.colcon_core.environment:checking '/home/chemweno/Neural-Knights/install/serial' for CMake config files
[2.535s] Level 1:colcon.colcon_core.shell:create_environment_hook('serial', 'cmake_prefix_path')
[2.536s] INFO:colcon.colcon_core.shell:Creating environment hook '/home/chemweno/Neural-Knights/install/serial/share/serial/hook/cmake_prefix_path.ps1'
[2.538s] INFO:colcon.colcon_core.shell:Creating environment descriptor '/home/chemweno/Neural-Knights/install/serial/share/serial/hook/cmake_prefix_path.dsv'
[2.541s] INFO:colcon.colcon_core.shell:Creating environment hook '/home/chemweno/Neural-Knights/install/serial/share/serial/hook/cmake_prefix_path.sh'
[2.545s] Level 1:colcon.colcon_core.environment:checking '/home/chemweno/Neural-Knights/install/serial/lib'
[2.548s] Level 1:colcon.colcon_core.environment:checking '/home/chemweno/Neural-Knights/install/serial/bin'
[2.548s] Level 1:colcon.colcon_core.environment:checking '/home/chemweno/Neural-Knights/install/serial/lib/pkgconfig/serial.pc'
[2.550s] Level 1:colcon.colcon_core.environment:checking '/home/chemweno/Neural-Knights/install/serial/lib/python3.10/site-packages'
[2.551s] Level 1:colcon.colcon_core.environment:checking '/home/chemweno/Neural-Knights/install/serial/bin'
[2.553s] INFO:colcon.colcon_core.shell:Creating package script '/home/chemweno/Neural-Knights/install/serial/share/serial/package.ps1'
[2.558s] INFO:colcon.colcon_core.shell:Creating package descriptor '/home/chemweno/Neural-Knights/install/serial/share/serial/package.dsv'
[2.560s] INFO:colcon.colcon_core.shell:Creating package script '/home/chemweno/Neural-Knights/install/serial/share/serial/package.sh'
[2.563s] INFO:colcon.colcon_core.shell:Creating package script '/home/chemweno/Neural-Knights/install/serial/share/serial/package.bash'
[2.565s] INFO:colcon.colcon_core.shell:Creating package script '/home/chemweno/Neural-Knights/install/serial/share/serial/package.zsh'
[2.567s] Level 1:colcon.colcon_core.environment:create_file_with_runtime_dependencies(/home/chemweno/Neural-Knights/install/serial/share/colcon-core/packages/serial)
[2.575s] Level 1:colcon.colcon_core.environment:create_environment_scripts_only(serial)
[2.577s] Level 1:colcon.colcon_core.environment:checking '/home/chemweno/Neural-Knights/install/serial' for CMake module files
[2.581s] Level 1:colcon.colcon_core.environment:checking '/home/chemweno/Neural-Knights/install/serial' for CMake config files
[2.588s] Level 1:colcon.colcon_core.shell:create_environment_hook('serial', 'cmake_prefix_path')
[2.589s] INFO:colcon.colcon_core.shell:Creating environment hook '/home/chemweno/Neural-Knights/install/serial/share/serial/hook/cmake_prefix_path.ps1'
[2.591s] INFO:colcon.colcon_core.shell:Creating environment descriptor '/home/chemweno/Neural-Knights/install/serial/share/serial/hook/cmake_prefix_path.dsv'
[2.593s] INFO:colcon.colcon_core.shell:Creating environment hook '/home/chemweno/Neural-Knights/install/serial/share/serial/hook/cmake_prefix_path.sh'
[2.596s] Level 1:colcon.colcon_core.environment:checking '/home/chemweno/Neural-Knights/install/serial/lib'
[2.597s] Level 1:colcon.colcon_core.environment:checking '/home/chemweno/Neural-Knights/install/serial/bin'
[2.597s] Level 1:colcon.colcon_core.environment:checking '/home/chemweno/Neural-Knights/install/serial/lib/pkgconfig/serial.pc'
[2.598s] Level 1:colcon.colcon_core.environment:checking '/home/chemweno/Neural-Knights/install/serial/lib/python3.10/site-packages'
[2.600s] Level 1:colcon.colcon_core.environment:checking '/home/chemweno/Neural-Knights/install/serial/bin'
[2.602s] INFO:colcon.colcon_core.shell:Creating package script '/home/chemweno/Neural-Knights/install/serial/share/serial/package.ps1'
[2.606s] INFO:colcon.colcon_core.shell:Creating package descriptor '/home/chemweno/Neural-Knights/install/serial/share/serial/package.dsv'
[2.611s] INFO:colcon.colcon_core.shell:Creating package script '/home/chemweno/Neural-Knights/install/serial/share/serial/package.sh'
[2.615s] INFO:colcon.colcon_core.shell:Creating package script '/home/chemweno/Neural-Knights/install/serial/share/serial/package.bash'
[2.617s] INFO:colcon.colcon_core.shell:Creating package script '/home/chemweno/Neural-Knights/install/serial/share/serial/package.zsh'
[2.618s] Level 1:colcon.colcon_core.environment:create_file_with_runtime_dependencies(/home/chemweno/Neural-Knights/install/serial/share/colcon-core/packages/serial)
[2.620s] INFO:colcon.colcon_ros.task.ament_cmake.build:Building ROS package in '/home/chemweno/Neural-Knights/src/diffdrive_arduino' with build type 'ament_cmake'
[2.620s] INFO:colcon.colcon_cmake.task.cmake.build:Building CMake package in '/home/chemweno/Neural-Knights/src/diffdrive_arduino'
[2.622s] INFO:colcon.colcon_core.shell:Skip shell extension 'powershell' for command environment: Not usable outside of PowerShell
[2.622s] DEBUG:colcon.colcon_core.shell:Skip shell extension 'dsv' for command environment
[2.643s] Level 1:colcon.colcon_core.environment:create_environment_scripts_only(gazebo_ros2_control)
[2.645s] Level 1:colcon.colcon_core.environment:checking '/home/chemweno/Neural-Knights/install/gazebo_ros2_control' for CMake module files
[2.650s] Level 1:colcon.colcon_core.environment:checking '/home/chemweno/Neural-Knights/install/gazebo_ros2_control' for CMake config files
[2.655s] DEBUG:colcon.colcon_core.event_handler.log_command:Invoked command in '/home/chemweno/Neural-Knights/build/gazebo_ros2_control' returned '0': CMAKE_PREFIX_PATH=${CMAKE_PREFIX_PATH}:/opt/ros/humble /usr/bin/cmake --install /home/chemweno/Neural-Knights/build/gazebo_ros2_control
[2.658s] Level 1:colcon.colcon_core.shell:create_environment_hook('gazebo_ros2_control', 'cmake_prefix_path')
[2.660s] INFO:colcon.colcon_core.shell:Creating environment hook '/home/chemweno/Neural-Knights/install/gazebo_ros2_control/share/gazebo_ros2_control/hook/cmake_prefix_path.ps1'
[2.662s] INFO:colcon.colcon_core.shell:Creating environment descriptor '/home/chemweno/Neural-Knights/install/gazebo_ros2_control/share/gazebo_ros2_control/hook/cmake_prefix_path.dsv'
[2.664s] INFO:colcon.colcon_core.shell:Creating environment hook '/home/chemweno/Neural-Knights/install/gazebo_ros2_control/share/gazebo_ros2_control/hook/cmake_prefix_path.sh'
[2.667s] Level 1:colcon.colcon_core.environment:checking '/home/chemweno/Neural-Knights/install/gazebo_ros2_control/lib'
[2.667s] Level 1:colcon.colcon_core.shell:create_environment_hook('gazebo_ros2_control', 'ld_library_path_lib')
[2.669s] INFO:colcon.colcon_core.shell:Creating environment hook '/home/chemweno/Neural-Knights/install/gazebo_ros2_control/share/gazebo_ros2_control/hook/ld_library_path_lib.ps1'
[2.671s] INFO:colcon.colcon_core.shell:Creating environment descriptor '/home/chemweno/Neural-Knights/install/gazebo_ros2_control/share/gazebo_ros2_control/hook/ld_library_path_lib.dsv'
[2.673s] INFO:colcon.colcon_core.shell:Creating environment hook '/home/chemweno/Neural-Knights/install/gazebo_ros2_control/share/gazebo_ros2_control/hook/ld_library_path_lib.sh'
[2.675s] Level 1:colcon.colcon_core.environment:checking '/home/chemweno/Neural-Knights/install/gazebo_ros2_control/bin'
[2.676s] Level 1:colcon.colcon_core.environment:checking '/home/chemweno/Neural-Knights/install/gazebo_ros2_control/lib/pkgconfig/gazebo_ros2_control.pc'
[2.677s] Level 1:colcon.colcon_core.environment:checking '/home/chemweno/Neural-Knights/install/gazebo_ros2_control/lib/python3.10/site-packages'
[2.678s] Level 1:colcon.colcon_core.environment:checking '/home/chemweno/Neural-Knights/install/gazebo_ros2_control/bin'
[2.680s] INFO:colcon.colcon_core.shell:Creating package script '/home/chemweno/Neural-Knights/install/gazebo_ros2_control/share/gazebo_ros2_control/package.ps1'
[2.683s] INFO:colcon.colcon_core.shell:Creating package descriptor '/home/chemweno/Neural-Knights/install/gazebo_ros2_control/share/gazebo_ros2_control/package.dsv'
[2.685s] INFO:colcon.colcon_core.shell:Creating package script '/home/chemweno/Neural-Knights/install/gazebo_ros2_control/share/gazebo_ros2_control/package.sh'
[2.687s] INFO:colcon.colcon_core.shell:Creating package script '/home/chemweno/Neural-Knights/install/gazebo_ros2_control/share/gazebo_ros2_control/package.bash'
[2.689s] INFO:colcon.colcon_core.shell:Creating package script '/home/chemweno/Neural-Knights/install/gazebo_ros2_control/share/gazebo_ros2_control/package.zsh'
[2.691s] Level 1:colcon.colcon_core.environment:create_file_with_runtime_dependencies(/home/chemweno/Neural-Knights/install/gazebo_ros2_control/share/colcon-core/packages/gazebo_ros2_control)
[2.694s] Level 1:colcon.colcon_core.environment:create_environment_scripts_only(gazebo_ros2_control)
[2.695s] Level 1:colcon.colcon_core.environment:checking '/home/chemweno/Neural-Knights/install/gazebo_ros2_control' for CMake module files
[2.698s] Level 1:colcon.colcon_core.environment:checking '/home/chemweno/Neural-Knights/install/gazebo_ros2_control' for CMake config files
[2.700s] Level 1:colcon.colcon_core.shell:create_environment_hook('gazebo_ros2_control', 'cmake_prefix_path')
[2.701s] INFO:colcon.colcon_core.shell:Creating environment hook '/home/chemweno/Neural-Knights/install/gazebo_ros2_control/share/gazebo_ros2_control/hook/cmake_prefix_path.ps1'
[2.703s] INFO:colcon.colcon_core.shell:Creating environment descriptor '/home/chemweno/Neural-Knights/install/gazebo_ros2_control/share/gazebo_ros2_control/hook/cmake_prefix_path.dsv'
[2.705s] INFO:colcon.colcon_core.shell:Creating environment hook '/home/chemweno/Neural-Knights/install/gazebo_ros2_control/share/gazebo_ros2_control/hook/cmake_prefix_path.sh'
[2.708s] Level 1:colcon.colcon_core.environment:checking '/home/chemweno/Neural-Knights/install/gazebo_ros2_control/lib'
[2.708s] Level 1:colcon.colcon_core.shell:create_environment_hook('gazebo_ros2_control', 'ld_library_path_lib')
[2.710s] INFO:colcon.colcon_core.shell:Creating environment hook '/home/chemweno/Neural-Knights/install/gazebo_ros2_control/share/gazebo_ros2_control/hook/ld_library_path_lib.ps1'
[2.712s] INFO:colcon.colcon_core.shell:Creating environment descriptor '/home/chemweno/Neural-Knights/install/gazebo_ros2_control/share/gazebo_ros2_control/hook/ld_library_path_lib.dsv'
[2.713s] INFO:colcon.colcon_core.shell:Creating environment hook '/home/chemweno/Neural-Knights/install/gazebo_ros2_control/share/gazebo_ros2_control/hook/ld_library_path_lib.sh'
[2.715s] Level 1:colcon.colcon_core.environment:checking '/home/chemweno/Neural-Knights/install/gazebo_ros2_control/bin'
[2.716s] Level 1:colcon.colcon_core.environment:checking '/home/chemweno/Neural-Knights/install/gazebo_ros2_control/lib/pkgconfig/gazebo_ros2_control.pc'
[2.717s] Level 1:colcon.colcon_core.environment:checking '/home/chemweno/Neural-Knights/install/gazebo_ros2_control/lib/python3.10/site-packages'
[2.718s] Level 1:colcon.colcon_core.environment:checking '/home/chemweno/Neural-Knights/install/gazebo_ros2_control/bin'
[2.720s] INFO:colcon.colcon_core.shell:Creating package script '/home/chemweno/Neural-Knights/install/gazebo_ros2_control/share/gazebo_ros2_control/package.ps1'
[2.723s] INFO:colcon.colcon_core.shell:Creating package descriptor '/home/chemweno/Neural-Knights/install/gazebo_ros2_control/share/gazebo_ros2_control/package.dsv'
[2.726s] INFO:colcon.colcon_core.shell:Creating package script '/home/chemweno/Neural-Knights/install/gazebo_ros2_control/share/gazebo_ros2_control/package.sh'
[2.728s] INFO:colcon.colcon_core.shell:Creating package script '/home/chemweno/Neural-Knights/install/gazebo_ros2_control/share/gazebo_ros2_control/package.bash'
[2.730s] INFO:colcon.colcon_core.shell:Creating package script '/home/chemweno/Neural-Knights/install/gazebo_ros2_control/share/gazebo_ros2_control/package.zsh'
[2.733s] Level 1:colcon.colcon_core.environment:create_file_with_runtime_dependencies(/home/chemweno/Neural-Knights/install/gazebo_ros2_control/share/colcon-core/packages/gazebo_ros2_control)
[2.736s] INFO:colcon.colcon_ros.task.ament_cmake.build:Building ROS package in '/home/chemweno/Neural-Knights/src/gazebo_ros2_control/gazebo_ros2_control_demos' with build type 'ament_cmake'
[2.737s] INFO:colcon.colcon_cmake.task.cmake.build:Building CMake package in '/home/chemweno/Neural-Knights/src/gazebo_ros2_control/gazebo_ros2_control_demos'
[2.738s] INFO:colcon.colcon_core.shell:Skip shell extension 'powershell' for command environment: Not usable outside of PowerShell
[2.739s] DEBUG:colcon.colcon_core.shell:Skip shell extension 'dsv' for command environment
[2.773s] DEBUG:colcon.colcon_core.event_handler.log_command:Invoking command in '/home/chemweno/Neural-Knights/build/diffdrive_arduino': CMAKE_PREFIX_PATH=/home/chemweno/Neural-Knights/install/serial:/home/chemweno/Neural-Knights/install/diffdrive_arduino:/home/chemweno/Neural-Knights/install/gazebo_ros2_control_demos:/home/chemweno/Neural-Knights/install/gazebo_ros2_control:/home/chemweno/Neural-Knights/install/articubot_one:/opt/ros/humble /usr/bin/cmake --build /home/chemweno/Neural-Knights/build/diffdrive_arduino -- -j4 -l4
[2.793s] DEBUG:colcon.colcon_core.event_handler.log_command:Invoking command in '/home/chemweno/Neural-Knights/build/gazebo_ros2_control_demos': CMAKE_PREFIX_PATH=/home/chemweno/Neural-Knights/install/gazebo_ros2_control:/home/chemweno/Neural-Knights/install/diffdrive_arduino:/home/chemweno/Neural-Knights/install/serial:/home/chemweno/Neural-Knights/install/gazebo_ros2_control_demos:/home/chemweno/Neural-Knights/install/articubot_one:/opt/ros/humble LD_LIBRARY_PATH=/home/chemweno/Neural-Knights/install/gazebo_ros2_control/lib:/home/chemweno/Neural-Knights/install/diffdrive_arduino/lib:/home/chemweno/Neural-Knights/install/serial/lib:/usr/lib/x86_64-linux-gnu/gazebo-11/plugins:/opt/ros/humble/opt/rviz_ogre_vendor/lib:/opt/ros/humble/lib/x86_64-linux-gnu:/opt/ros/humble/lib /usr/bin/cmake --build /home/chemweno/Neural-Knights/build/gazebo_ros2_control_demos -- -j4 -l4
[3.342s] DEBUG:colcon.colcon_core.event_handler.log_command:Invoked command in '/home/chemweno/Neural-Knights/build/diffdrive_arduino' returned '0': CMAKE_PREFIX_PATH=/home/chemweno/Neural-Knights/install/serial:/home/chemweno/Neural-Knights/install/diffdrive_arduino:/home/chemweno/Neural-Knights/install/gazebo_ros2_control_demos:/home/chemweno/Neural-Knights/install/gazebo_ros2_control:/home/chemweno/Neural-Knights/install/articubot_one:/opt/ros/humble /usr/bin/cmake --build /home/chemweno/Neural-Knights/build/diffdrive_arduino -- -j4 -l4
[3.359s] DEBUG:colcon.colcon_core.event_handler.log_command:Invoking command in '/home/chemweno/Neural-Knights/build/diffdrive_arduino': CMAKE_PREFIX_PATH=/home/chemweno/Neural-Knights/install/serial:/home/chemweno/Neural-Knights/install/diffdrive_arduino:/home/chemweno/Neural-Knights/install/gazebo_ros2_control_demos:/home/chemweno/Neural-Knights/install/gazebo_ros2_control:/home/chemweno/Neural-Knights/install/articubot_one:/opt/ros/humble /usr/bin/cmake --install /home/chemweno/Neural-Knights/build/diffdrive_arduino
[3.552s] Level 1:colcon.colcon_core.environment:create_environment_scripts_only(diffdrive_arduino)
[3.554s] Level 1:colcon.colcon_core.environment:checking '/home/chemweno/Neural-Knights/install/diffdrive_arduino' for CMake module files
[3.557s] DEBUG:colcon.colcon_core.event_handler.log_command:Invoked command in '/home/chemweno/Neural-Knights/build/diffdrive_arduino' returned '0': CMAKE_PREFIX_PATH=/home/chemweno/Neural-Knights/install/serial:/home/chemweno/Neural-Knights/install/diffdrive_arduino:/home/chemweno/Neural-Knights/install/gazebo_ros2_control_demos:/home/chemweno/Neural-Knights/install/gazebo_ros2_control:/home/chemweno/Neural-Knights/install/articubot_one:/opt/ros/humble /usr/bin/cmake --install /home/chemweno/Neural-Knights/build/diffdrive_arduino
[3.559s] Level 1:colcon.colcon_core.environment:checking '/home/chemweno/Neural-Knights/install/diffdrive_arduino' for CMake config files
[3.561s] Level 1:colcon.colcon_core.shell:create_environment_hook('diffdrive_arduino', 'cmake_prefix_path')
[3.563s] INFO:colcon.colcon_core.shell:Creating environment hook '/home/chemweno/Neural-Knights/install/diffdrive_arduino/share/diffdrive_arduino/hook/cmake_prefix_path.ps1'
[3.566s] INFO:colcon.colcon_core.shell:Creating environment descriptor '/home/chemweno/Neural-Knights/install/diffdrive_arduino/share/diffdrive_arduino/hook/cmake_prefix_path.dsv'
[3.568s] INFO:colcon.colcon_core.shell:Creating environment hook '/home/chemweno/Neural-Knights/install/diffdrive_arduino/share/diffdrive_arduino/hook/cmake_prefix_path.sh'
[3.571s] Level 1:colcon.colcon_core.environment:checking '/home/chemweno/Neural-Knights/install/diffdrive_arduino/lib'
[3.571s] Level 1:colcon.colcon_core.shell:create_environment_hook('diffdrive_arduino', 'ld_library_path_lib')
[3.573s] INFO:colcon.colcon_core.shell:Creating environment hook '/home/chemweno/Neural-Knights/install/diffdrive_arduino/share/diffdrive_arduino/hook/ld_library_path_lib.ps1'
[3.575s] INFO:colcon.colcon_core.shell:Creating environment descriptor '/home/chemweno/Neural-Knights/install/diffdrive_arduino/share/diffdrive_arduino/hook/ld_library_path_lib.dsv'
[3.577s] INFO:colcon.colcon_core.shell:Creating environment hook '/home/chemweno/Neural-Knights/install/diffdrive_arduino/share/diffdrive_arduino/hook/ld_library_path_lib.sh'
[3.580s] Level 1:colcon.colcon_core.environment:checking '/home/chemweno/Neural-Knights/install/diffdrive_arduino/bin'
[3.580s] Level 1:colcon.colcon_core.environment:checking '/home/chemweno/Neural-Knights/install/diffdrive_arduino/lib/pkgconfig/diffdrive_arduino.pc'
[3.582s] Level 1:colcon.colcon_core.environment:checking '/home/chemweno/Neural-Knights/install/diffdrive_arduino/lib/python3.10/site-packages'
[3.583s] Level 1:colcon.colcon_core.environment:checking '/home/chemweno/Neural-Knights/install/diffdrive_arduino/bin'
[3.584s] INFO:colcon.colcon_core.shell:Creating package script '/home/chemweno/Neural-Knights/install/diffdrive_arduino/share/diffdrive_arduino/package.ps1'
[3.586s] INFO:colcon.colcon_core.shell:Creating package descriptor '/home/chemweno/Neural-Knights/install/diffdrive_arduino/share/diffdrive_arduino/package.dsv'
[3.588s] INFO:colcon.colcon_core.shell:Creating package script '/home/chemweno/Neural-Knights/install/diffdrive_arduino/share/diffdrive_arduino/package.sh'
[3.590s] INFO:colcon.colcon_core.shell:Creating package script '/home/chemweno/Neural-Knights/install/diffdrive_arduino/share/diffdrive_arduino/package.bash'
[3.592s] INFO:colcon.colcon_core.shell:Creating package script '/home/chemweno/Neural-Knights/install/diffdrive_arduino/share/diffdrive_arduino/package.zsh'
[3.594s] Level 1:colcon.colcon_core.environment:create_file_with_runtime_dependencies(/home/chemweno/Neural-Knights/install/diffdrive_arduino/share/colcon-core/packages/diffdrive_arduino)
[3.596s] Level 1:colcon.colcon_core.environment:create_environment_scripts_only(diffdrive_arduino)
[3.597s] Level 1:colcon.colcon_core.environment:checking '/home/chemweno/Neural-Knights/install/diffdrive_arduino' for CMake module files
[3.599s] Level 1:colcon.colcon_core.environment:checking '/home/chemweno/Neural-Knights/install/diffdrive_arduino' for CMake config files
[3.601s] Level 1:colcon.colcon_core.shell:create_environment_hook('diffdrive_arduino', 'cmake_prefix_path')
[3.602s] INFO:colcon.colcon_core.shell:Creating environment hook '/home/chemweno/Neural-Knights/install/diffdrive_arduino/share/diffdrive_arduino/hook/cmake_prefix_path.ps1'
[3.604s] INFO:colcon.colcon_core.shell:Creating environment descriptor '/home/chemweno/Neural-Knights/install/diffdrive_arduino/share/diffdrive_arduino/hook/cmake_prefix_path.dsv'
[3.605s] INFO:colcon.colcon_core.shell:Creating environment hook '/home/chemweno/Neural-Knights/install/diffdrive_arduino/share/diffdrive_arduino/hook/cmake_prefix_path.sh'
[3.607s] Level 1:colcon.colcon_core.environment:checking '/home/chemweno/Neural-Knights/install/diffdrive_arduino/lib'
[3.608s] Level 1:colcon.colcon_core.shell:create_environment_hook('diffdrive_arduino', 'ld_library_path_lib')
[3.609s] INFO:colcon.colcon_core.shell:Creating environment hook '/home/chemweno/Neural-Knights/install/diffdrive_arduino/share/diffdrive_arduino/hook/ld_library_path_lib.ps1'
[3.611s] INFO:colcon.colcon_core.shell:Creating environment descriptor '/home/chemweno/Neural-Knights/install/diffdrive_arduino/share/diffdrive_arduino/hook/ld_library_path_lib.dsv'
[3.612s] INFO:colcon.colcon_core.shell:Creating environment hook '/home/chemweno/Neural-Knights/install/diffdrive_arduino/share/diffdrive_arduino/hook/ld_library_path_lib.sh'
[3.614s] Level 1:colcon.colcon_core.environment:checking '/home/chemweno/Neural-Knights/install/diffdrive_arduino/bin'
[3.614s] Level 1:colcon.colcon_core.environment:checking '/home/chemweno/Neural-Knights/install/diffdrive_arduino/lib/pkgconfig/diffdrive_arduino.pc'
[3.615s] Level 1:colcon.colcon_core.environment:checking '/home/chemweno/Neural-Knights/install/diffdrive_arduino/lib/python3.10/site-packages'
[3.616s] Level 1:colcon.colcon_core.environment:checking '/home/chemweno/Neural-Knights/install/diffdrive_arduino/bin'
[3.617s] INFO:colcon.colcon_core.shell:Creating package script '/home/chemweno/Neural-Knights/install/diffdrive_arduino/share/diffdrive_arduino/package.ps1'
[3.620s] INFO:colcon.colcon_core.shell:Creating package descriptor '/home/chemweno/Neural-Knights/install/diffdrive_arduino/share/diffdrive_arduino/package.dsv'
[3.622s] INFO:colcon.colcon_core.shell:Creating package script '/home/chemweno/Neural-Knights/install/diffdrive_arduino/share/diffdrive_arduino/package.sh'
[3.624s] INFO:colcon.colcon_core.shell:Creating package script '/home/chemweno/Neural-Knights/install/diffdrive_arduino/share/diffdrive_arduino/package.bash'
[3.627s] INFO:colcon.colcon_core.shell:Creating package script '/home/chemweno/Neural-Knights/install/diffdrive_arduino/share/diffdrive_arduino/package.zsh'
[3.630s] Level 1:colcon.colcon_core.environment:create_file_with_runtime_dependencies(/home/chemweno/Neural-Knights/install/diffdrive_arduino/share/colcon-core/packages/diffdrive_arduino)
[3.638s] DEBUG:colcon.colcon_core.event_handler.log_command:Invoked command in '/home/chemweno/Neural-Knights/build/gazebo_ros2_control_demos' returned '0': CMAKE_PREFIX_PATH=/home/chemweno/Neural-Knights/install/gazebo_ros2_control:/home/chemweno/Neural-Knights/install/diffdrive_arduino:/home/chemweno/Neural-Knights/install/serial:/home/chemweno/Neural-Knights/install/gazebo_ros2_control_demos:/home/chemweno/Neural-Knights/install/articubot_one:/opt/ros/humble LD_LIBRARY_PATH=/home/chemweno/Neural-Knights/install/gazebo_ros2_control/lib:/home/chemweno/Neural-Knights/install/diffdrive_arduino/lib:/home/chemweno/Neural-Knights/install/serial/lib:/usr/lib/x86_64-linux-gnu/gazebo-11/plugins:/opt/ros/humble/opt/rviz_ogre_vendor/lib:/opt/ros/humble/lib/x86_64-linux-gnu:/opt/ros/humble/lib /usr/bin/cmake --build /home/chemweno/Neural-Knights/build/gazebo_ros2_control_demos -- -j4 -l4
[3.644s] DEBUG:colcon.colcon_core.event_handler.log_command:Invoking command in '/home/chemweno/Neural-Knights/build/gazebo_ros2_control_demos': CMAKE_PREFIX_PATH=/home/chemweno/Neural-Knights/install/gazebo_ros2_control:/home/chemweno/Neural-Knights/install/diffdrive_arduino:/home/chemweno/Neural-Knights/install/serial:/home/chemweno/Neural-Knights/install/gazebo_ros2_control_demos:/home/chemweno/Neural-Knights/install/articubot_one:/opt/ros/humble LD_LIBRARY_PATH=/home/chemweno/Neural-Knights/install/gazebo_ros2_control/lib:/home/chemweno/Neural-Knights/install/diffdrive_arduino/lib:/home/chemweno/Neural-Knights/install/serial/lib:/usr/lib/x86_64-linux-gnu/gazebo-11/plugins:/opt/ros/humble/opt/rviz_ogre_vendor/lib:/opt/ros/humble/lib/x86_64-linux-gnu:/opt/ros/humble/lib /usr/bin/cmake --install /home/chemweno/Neural-Knights/build/gazebo_ros2_control_demos
[3.775s] Level 1:colcon.colcon_core.environment:create_environment_scripts_only(gazebo_ros2_control_demos)
[3.777s] Level 1:colcon.colcon_core.environment:checking '/home/chemweno/Neural-Knights/install/gazebo_ros2_control_demos' for CMake module files
[3.781s] DEBUG:colcon.colcon_core.event_handler.log_command:Invoked command in '/home/chemweno/Neural-Knights/build/gazebo_ros2_control_demos' returned '0': CMAKE_PREFIX_PATH=/home/chemweno/Neural-Knights/install/gazebo_ros2_control:/home/chemweno/Neural-Knights/install/diffdrive_arduino:/home/chemweno/Neural-Knights/install/serial:/home/chemweno/Neural-Knights/install/gazebo_ros2_control_demos:/home/chemweno/Neural-Knights/install/articubot_one:/opt/ros/humble LD_LIBRARY_PATH=/home/chemweno/Neural-Knights/install/gazebo_ros2_control/lib:/home/chemweno/Neural-Knights/install/diffdrive_arduino/lib:/home/chemweno/Neural-Knights/install/serial/lib:/usr/lib/x86_64-linux-gnu/gazebo-11/plugins:/opt/ros/humble/opt/rviz_ogre_vendor/lib:/opt/ros/humble/lib/x86_64-linux-gnu:/opt/ros/humble/lib /usr/bin/cmake --install /home/chemweno/Neural-Knights/build/gazebo_ros2_control_demos
[3.783s] Level 1:colcon.colcon_core.environment:checking '/home/chemweno/Neural-Knights/install/gazebo_ros2_control_demos' for CMake config files
[3.785s] Level 1:colcon.colcon_core.shell:create_environment_hook('gazebo_ros2_control_demos', 'cmake_prefix_path')
[3.787s] INFO:colcon.colcon_core.shell:Creating environment hook '/home/chemweno/Neural-Knights/install/gazebo_ros2_control_demos/share/gazebo_ros2_control_demos/hook/cmake_prefix_path.ps1'
[3.789s] INFO:colcon.colcon_core.shell:Creating environment descriptor '/home/chemweno/Neural-Knights/install/gazebo_ros2_control_demos/share/gazebo_ros2_control_demos/hook/cmake_prefix_path.dsv'
[3.790s] INFO:colcon.colcon_core.shell:Creating environment hook '/home/chemweno/Neural-Knights/install/gazebo_ros2_control_demos/share/gazebo_ros2_control_demos/hook/cmake_prefix_path.sh'
[3.792s] Level 1:colcon.colcon_core.environment:checking '/home/chemweno/Neural-Knights/install/gazebo_ros2_control_demos/lib'
[3.793s] Level 1:colcon.colcon_core.environment:checking '/home/chemweno/Neural-Knights/install/gazebo_ros2_control_demos/bin'
[3.793s] Level 1:colcon.colcon_core.environment:checking '/home/chemweno/Neural-Knights/install/gazebo_ros2_control_demos/lib/pkgconfig/gazebo_ros2_control_demos.pc'
[3.794s] Level 1:colcon.colcon_core.environment:checking '/home/chemweno/Neural-Knights/install/gazebo_ros2_control_demos/lib/python3.10/site-packages'
[3.795s] Level 1:colcon.colcon_core.environment:checking '/home/chemweno/Neural-Knights/install/gazebo_ros2_control_demos/bin'
[3.796s] INFO:colcon.colcon_core.shell:Creating package script '/home/chemweno/Neural-Knights/install/gazebo_ros2_control_demos/share/gazebo_ros2_control_demos/package.ps1'
[3.798s] INFO:colcon.colcon_core.shell:Creating package descriptor '/home/chemweno/Neural-Knights/install/gazebo_ros2_control_demos/share/gazebo_ros2_control_demos/package.dsv'
[3.800s] INFO:colcon.colcon_core.shell:Creating package script '/home/chemweno/Neural-Knights/install/gazebo_ros2_control_demos/share/gazebo_ros2_control_demos/package.sh'
[3.802s] INFO:colcon.colcon_core.shell:Creating package script '/home/chemweno/Neural-Knights/install/gazebo_ros2_control_demos/share/gazebo_ros2_control_demos/package.bash'
[3.803s] INFO:colcon.colcon_core.shell:Creating package script '/home/chemweno/Neural-Knights/install/gazebo_ros2_control_demos/share/gazebo_ros2_control_demos/package.zsh'
[3.805s] Level 1:colcon.colcon_core.environment:create_file_with_runtime_dependencies(/home/chemweno/Neural-Knights/install/gazebo_ros2_control_demos/share/colcon-core/packages/gazebo_ros2_control_demos)
[3.807s] Level 1:colcon.colcon_core.environment:create_environment_scripts_only(gazebo_ros2_control_demos)
[3.808s] Level 1:colcon.colcon_core.environment:checking '/home/chemweno/Neural-Knights/install/gazebo_ros2_control_demos' for CMake module files
[3.810s] Level 1:colcon.colcon_core.environment:checking '/home/chemweno/Neural-Knights/install/gazebo_ros2_control_demos' for CMake config files
[3.812s] Level 1:colcon.colcon_core.shell:create_environment_hook('gazebo_ros2_control_demos', 'cmake_prefix_path')
[3.813s] INFO:colcon.colcon_core.shell:Creating environment hook '/home/chemweno/Neural-Knights/install/gazebo_ros2_control_demos/share/gazebo_ros2_control_demos/hook/cmake_prefix_path.ps1'
[3.814s] INFO:colcon.colcon_core.shell:Creating environment descriptor '/home/chemweno/Neural-Knights/install/gazebo_ros2_control_demos/share/gazebo_ros2_control_demos/hook/cmake_prefix_path.dsv'
[3.816s] INFO:colcon.colcon_core.shell:Creating environment hook '/home/chemweno/Neural-Knights/install/gazebo_ros2_control_demos/share/gazebo_ros2_control_demos/hook/cmake_prefix_path.sh'
[3.818s] Level 1:colcon.colcon_core.environment:checking '/home/chemweno/Neural-Knights/install/gazebo_ros2_control_demos/lib'
[3.818s] Level 1:colcon.colcon_core.environment:checking '/home/chemweno/Neural-Knights/install/gazebo_ros2_control_demos/bin'
[3.819s] Level 1:colcon.colcon_core.environment:checking '/home/chemweno/Neural-Knights/install/gazebo_ros2_control_demos/lib/pkgconfig/gazebo_ros2_control_demos.pc'
[3.820s] Level 1:colcon.colcon_core.environment:checking '/home/chemweno/Neural-Knights/install/gazebo_ros2_control_demos/lib/python3.10/site-packages'
[3.821s] Level 1:colcon.colcon_core.environment:checking '/home/chemweno/Neural-Knights/install/gazebo_ros2_control_demos/bin'
[3.822s] INFO:colcon.colcon_core.shell:Creating package script '/home/chemweno/Neural-Knights/install/gazebo_ros2_control_demos/share/gazebo_ros2_control_demos/package.ps1'
[3.824s] INFO:colcon.colcon_core.shell:Creating package descriptor '/home/chemweno/Neural-Knights/install/gazebo_ros2_control_demos/share/gazebo_ros2_control_demos/package.dsv'
[3.826s] INFO:colcon.colcon_core.shell:Creating package script '/home/chemweno/Neural-Knights/install/gazebo_ros2_control_demos/share/gazebo_ros2_control_demos/package.sh'
[3.828s] INFO:colcon.colcon_core.shell:Creating package script '/home/chemweno/Neural-Knights/install/gazebo_ros2_control_demos/share/gazebo_ros2_control_demos/package.bash'
[3.830s] INFO:colcon.colcon_core.shell:Creating package script '/home/chemweno/Neural-Knights/install/gazebo_ros2_control_demos/share/gazebo_ros2_control_demos/package.zsh'
[3.831s] Level 1:colcon.colcon_core.environment:create_file_with_runtime_dependencies(/home/chemweno/Neural-Knights/install/gazebo_ros2_control_demos/share/colcon-core/packages/gazebo_ros2_control_demos)
[3.832s] DEBUG:colcon.colcon_parallel_executor.executor.parallel:closing loop
[3.834s] DEBUG:colcon.colcon_parallel_executor.executor.parallel:loop closed
[3.835s] DEBUG:colcon.colcon_parallel_executor.executor.parallel:run_until_complete finished with '0'
[3.835s] DEBUG:colcon.colcon_core.event_reactor:joining thread
[3.863s] INFO:colcon.colcon_core.plugin_system:Skipping extension 'colcon_notification.desktop_notification.terminal_notifier': Not used on non-Darwin systems
[3.864s] INFO:colcon.colcon_core.plugin_system:Skipping extension 'colcon_notification.desktop_notification.win32': Not used on non-Windows systems
[3.864s] INFO:colcon.colcon_notification.desktop_notification:Sending desktop notification using 'notify2'
[3.912s] DEBUG:colcon.colcon_core.event_reactor:joined thread
[3.914s] INFO:colcon.colcon_core.shell:Creating prefix script '/home/chemweno/Neural-Knights/install/local_setup.ps1'
[3.920s] INFO:colcon.colcon_core.shell:Creating prefix util module '/home/chemweno/Neural-Knights/install/_local_setup_util_ps1.py'
[3.932s] INFO:colcon.colcon_core.shell:Creating prefix chain script '/home/chemweno/Neural-Knights/install/setup.ps1'
[3.941s] INFO:colcon.colcon_core.shell:Creating prefix script '/home/chemweno/Neural-Knights/install/local_setup.sh'
[3.944s] INFO:colcon.colcon_core.shell:Creating prefix util module '/home/chemweno/Neural-Knights/install/_local_setup_util_sh.py'
[3.948s] INFO:colcon.colcon_core.shell:Creating prefix chain script '/home/chemweno/Neural-Knights/install/setup.sh'
[3.956s] INFO:colcon.colcon_core.shell:Creating prefix script '/home/chemweno/Neural-Knights/install/local_setup.bash'
[3.958s] INFO:colcon.colcon_core.shell:Creating prefix chain script '/home/chemweno/Neural-Knights/install/setup.bash'
[3.963s] INFO:colcon.colcon_core.shell:Creating prefix script '/home/chemweno/Neural-Knights/install/local_setup.zsh'
[3.965s] INFO:colcon.colcon_core.shell:Creating prefix chain script '/home/chemweno/Neural-Knights/install/setup.zsh'
