[0.015s] Invoking command in '/home/neural/Neural-Knights/build/diffdrive_arduino': AMENT_PREFIX_PATH=/home/neural/Neural-Knights/install/serial:${AMENT_PREFIX_PATH} CMAKE_PREFIX_PATH=/home/neural/Neural-Knights/install/serial:/opt/ros/humble LD_LIBRARY_PATH=/home/neural/Neural-Knights/install/serial/lib:${LD_LIBRARY_PATH} /usr/bin/cmake --build /home/neural/Neural-Knights/build/diffdrive_arduino -- -j4 -l4
[0.100s] [ 42%] Built target fake_robot
[0.110s] [100%] Built target diffdrive_arduino
[0.121s] Invoked command in '/home/neural/Neural-Knights/build/diffdrive_arduino' returned '0': AMENT_PREFIX_PATH=/home/neural/Neural-Knights/install/serial:${AMENT_PREFIX_PATH} CMAKE_PREFIX_PATH=/home/neural/Neural-Knights/install/serial:/opt/ros/humble LD_LIBRARY_PATH=/home/neural/Neural-Knights/install/serial/lib:${LD_LIBRARY_PATH} /usr/bin/cmake --build /home/neural/Neural-Knights/build/diffdrive_arduino -- -j4 -l4
[0.123s] Invoking command in '/home/neural/Neural-Knights/build/diffdrive_arduino': AMENT_PREFIX_PATH=/home/neural/Neural-Knights/install/serial:${AMENT_PREFIX_PATH} CMAKE_PREFIX_PATH=/home/neural/Neural-Knights/install/serial:/opt/ros/humble LD_LIBRARY_PATH=/home/neural/Neural-Knights/install/serial/lib:${LD_LIBRARY_PATH} /usr/bin/cmake --install /home/neural/Neural-Knights/build/diffdrive_arduino
[0.131s] -- Install configuration: ""
[0.131s] -- Execute custom install script
[0.132s] -- Up-to-date symlink: /home/neural/Neural-Knights/install/diffdrive_arduino/share/diffdrive_arduino//robot_hardware.xml
[0.132s] -- Up-to-date symlink: /home/neural/Neural-Knights/install/diffdrive_arduino/share/diffdrive_arduino//fake_robot_hardware.xml
[0.132s] -- Up-to-date symlink: /home/neural/Neural-Knights/install/diffdrive_arduino/lib/libdiffdrive_arduino.so
[0.133s] -- Up-to-date symlink: /home/neural/Neural-Knights/install/diffdrive_arduino/lib/libfake_robot.so
[0.133s] -- Up-to-date symlink: /home/neural/Neural-Knights/install/diffdrive_arduino/share/diffdrive_arduino/controllers/robot_controller_example.yaml
[0.134s] -- Up-to-date symlink: /home/neural/Neural-Knights/install/diffdrive_arduino/share/diffdrive_arduino/__pycache__/test_robot.launch.cpython-310.pyc
[0.134s] -- Up-to-date symlink: /home/neural/Neural-Knights/install/diffdrive_arduino/share/diffdrive_arduino/fake_robot.launch.py
[0.134s] -- Up-to-date symlink: /home/neural/Neural-Knights/install/diffdrive_arduino/share/diffdrive_arduino/test_robot.launch.py
[0.134s] -- Up-to-date symlink: /home/neural/Neural-Knights/install/diffdrive_arduino/share/diffdrive_arduino/environment/library_path.sh
[0.137s] -- Up-to-date symlink: /home/neural/Neural-Knights/install/diffdrive_arduino/share/diffdrive_arduino/environment/library_path.dsv
[0.137s] -- Up-to-date symlink: /home/neural/Neural-Knights/install/diffdrive_arduino/share/ament_index/resource_index/package_run_dependencies/diffdrive_arduino
[0.138s] -- Up-to-date symlink: /home/neural/Neural-Knights/install/diffdrive_arduino/share/ament_index/resource_index/parent_prefix_path/diffdrive_arduino
[0.138s] -- Up-to-date symlink: /home/neural/Neural-Knights/install/diffdrive_arduino/share/diffdrive_arduino/environment/ament_prefix_path.sh
[0.138s] -- Up-to-date symlink: /home/neural/Neural-Knights/install/diffdrive_arduino/share/diffdrive_arduino/environment/ament_prefix_path.dsv
[0.138s] -- Up-to-date symlink: /home/neural/Neural-Knights/install/diffdrive_arduino/share/diffdrive_arduino/environment/path.sh
[0.138s] -- Up-to-date symlink: /home/neural/Neural-Knights/install/diffdrive_arduino/share/diffdrive_arduino/environment/path.dsv
[0.138s] -- Up-to-date symlink: /home/neural/Neural-Knights/install/diffdrive_arduino/share/diffdrive_arduino/local_setup.bash
[0.138s] -- Up-to-date symlink: /home/neural/Neural-Knights/install/diffdrive_arduino/share/diffdrive_arduino/local_setup.sh
[0.138s] -- Up-to-date symlink: /home/neural/Neural-Knights/install/diffdrive_arduino/share/diffdrive_arduino/local_setup.zsh
[0.138s] -- Up-to-date symlink: /home/neural/Neural-Knights/install/diffdrive_arduino/share/diffdrive_arduino/local_setup.dsv
[0.139s] -- Symlinking: /home/neural/Neural-Knights/install/diffdrive_arduino/share/diffdrive_arduino/package.dsv
[0.149s] -- Up-to-date symlink: /home/neural/Neural-Knights/install/diffdrive_arduino/share/ament_index/resource_index/packages/diffdrive_arduino
[0.149s] -- Up-to-date symlink: /home/neural/Neural-Knights/install/diffdrive_arduino/share/ament_index/resource_index/hardware_interface__pluginlib__plugin/diffdrive_arduino
[0.149s] -- Up-to-date symlink: /home/neural/Neural-Knights/install/diffdrive_arduino/share/diffdrive_arduino/cmake/ament_cmake_export_libraries-extras.cmake
[0.150s] -- Up-to-date symlink: /home/neural/Neural-Knights/install/diffdrive_arduino/share/diffdrive_arduino/cmake/ament_cmake_export_dependencies-extras.cmake
[0.150s] -- Up-to-date symlink: /home/neural/Neural-Knights/install/diffdrive_arduino/share/diffdrive_arduino/cmake/diffdrive_arduinoConfig.cmake
[0.150s] -- Up-to-date symlink: /home/neural/Neural-Knights/install/diffdrive_arduino/share/diffdrive_arduino/cmake/diffdrive_arduinoConfig-version.cmake
[0.150s] -- Up-to-date symlink: /home/neural/Neural-Knights/install/diffdrive_arduino/share/diffdrive_arduino/package.xml
[0.157s] Invoked command in '/home/neural/Neural-Knights/build/diffdrive_arduino' returned '0': AMENT_PREFIX_PATH=/home/neural/Neural-Knights/install/serial:${AMENT_PREFIX_PATH} CMAKE_PREFIX_PATH=/home/neural/Neural-Knights/install/serial:/opt/ros/humble LD_LIBRARY_PATH=/home/neural/Neural-Knights/install/serial/lib:${LD_LIBRARY_PATH} /usr/bin/cmake --install /home/neural/Neural-Knights/build/diffdrive_arduino
