[0.087s] Invoking command in '/home/chemweno/Neural-Knights/build/serial': CMAKE_PREFIX_PATH=/opt/ros/humble /usr/bin/cmake /home/chemweno/Neural-Knights/src/serial -DAMENT_CMAKE_SYMLINK_INSTALL=1 -DCMAKE_INSTALL_PREFIX=/home/chemweno/Neural-Knights/install/serial
[0.408s] -- The C compiler identification is GNU 11.4.0
[0.804s] -- The CXX compiler identification is GNU 11.4.0
[0.847s] -- Detecting C compiler ABI info
[1.306s] -- Detecting C compiler ABI info - done
[1.392s] -- Check for working C compiler: /usr/bin/cc - skipped
[1.395s] -- Detecting C compile features
[1.400s] -- Detecting C compile features - done
[1.435s] -- Detecting CXX compiler ABI info
[1.977s] -- Detecting CXX compiler ABI info - done
[2.062s] -- Check for working CXX compiler: /usr/bin/c++ - skipped
[2.063s] -- Detecting CXX compile features
[2.068s] -- Detecting CXX compile features - done
[2.088s] -- Found ament_cmake: 1.3.12 (/opt/ros/humble/share/ament_cmake/cmake)
[3.032s] -- Found Python3: /usr/bin/python3 (found version "3.10.12") found components: Interpreter 
[3.435s] -- Override CMake install command with custom implementation using symlinks instead of copying resources
[3.637s] -- Found ament_cmake_gtest: 1.3.12 (/opt/ros/humble/share/ament_cmake_gtest/cmake)
[3.707s] -- Found Boost: /usr/lib/x86_64-linux-gnu/cmake/Boost-1.74.0/BoostConfig.cmake (found version "1.74.0")  
[3.722s] -- Found gtest sources under '/opt/ros/humble/src/gtest_vendor': C++ tests using 'Google Test' will be built
[3.734s] -- Looking for pthread.h
[4.207s] -- Looking for pthread.h - found
[4.208s] -- Performing Test CMAKE_HAVE_LIBC_PTHREAD
[4.786s] -- Performing Test CMAKE_HAVE_LIBC_PTHREAD - Success
[4.795s] -- Found Threads: TRUE  
[5.416s] -- Configuring done
[5.553s] -- Generating done
[5.584s] -- Build files have been written to: /home/chemweno/Neural-Knights/build/serial
[5.628s] Invoked command in '/home/chemweno/Neural-Knights/build/serial' returned '0': CMAKE_PREFIX_PATH=/opt/ros/humble /usr/bin/cmake /home/chemweno/Neural-Knights/src/serial -DAMENT_CMAKE_SYMLINK_INSTALL=1 -DCMAKE_INSTALL_PREFIX=/home/chemweno/Neural-Knights/install/serial
[5.631s] Invoking command in '/home/chemweno/Neural-Knights/build/serial': CMAKE_PREFIX_PATH=/opt/ros/humble /usr/bin/cmake --build /home/chemweno/Neural-Knights/build/serial -- -j4 -l4
[5.962s] [  7%] [32mBuilding CXX object CMakeFiles/serial.dir/src/serial.cc.o[0m
[5.980s] [ 21%] [32mBuilding CXX object gtest/CMakeFiles/gtest.dir/src/gtest-all.cc.o[0m
[5.993s] [ 21%] [32mBuilding CXX object CMakeFiles/serial.dir/src/impl/unix.cc.o[0m
[6.022s] [ 28%] [32mBuilding CXX object gtest/CMakeFiles/gtest_main.dir/src/gtest_main.cc.o[0m
[10.998s] [ 35%] [32mBuilding CXX object CMakeFiles/serial.dir/src/impl/list_ports/list_ports_linux.cc.o[0m
[14.509s] [ 42%] [32m[1mLinking CXX static library libserial.a[0m
[14.569s] [ 50%] [32m[1mLinking CXX static library libgtest_main.a[0m
[14.678s] [ 50%] Built target serial
[14.733s] [ 50%] Built target gtest_main
[14.768s] [ 57%] [32mBuilding CXX object CMakeFiles/serial_example.dir/examples/serial_example.cc.o[0m
[16.964s] [ 64%] [32m[1mLinking CXX executable serial_example[0m
[17.447s] [ 64%] Built target serial_example
[30.969s] [ 71%] [32m[1mLinking CXX static library libgtest.a[0m
[31.381s] [ 71%] Built target gtest
[31.529s] [ 78%] [32mBuilding CXX object tests/CMakeFiles/serial-test-timer.dir/unit/unix_timer_tests.cc.o[0m
[31.701s] [ 85%] [32mBuilding CXX object tests/CMakeFiles/serial-test.dir/unix_serial_tests.cc.o[0m
[41.995s] [ 92%] [32m[1mLinking CXX executable serial-test-timer[0m
[42.980s] [ 92%] Built target serial-test-timer
[44.002s] [100%] [32m[1mLinking CXX executable serial-test[0m
[44.798s] [100%] Built target serial-test
[44.839s] Invoked command in '/home/chemweno/Neural-Knights/build/serial' returned '0': CMAKE_PREFIX_PATH=/opt/ros/humble /usr/bin/cmake --build /home/chemweno/Neural-Knights/build/serial -- -j4 -l4
[44.847s] Invoking command in '/home/chemweno/Neural-Knights/build/serial': CMAKE_PREFIX_PATH=/opt/ros/humble /usr/bin/cmake --install /home/chemweno/Neural-Knights/build/serial
[44.887s] -- Install configuration: ""
[44.889s] -- Execute custom install script
[44.892s] -- Symlinking: /home/chemweno/Neural-Knights/install/serial/lib/libserial.a
[44.923s] -- Symlinking: /home/chemweno/Neural-Knights/install/serial/include/serial/serial.h
[44.955s] -- Symlinking: /home/chemweno/Neural-Knights/install/serial/include/serial/v8stdint.h
[44.989s] -- Symlinking: /home/chemweno/Neural-Knights/install/serial/share/serial/environment/library_path.sh
[45.020s] -- Symlinking: /home/chemweno/Neural-Knights/install/serial/share/serial/environment/library_path.dsv
[45.054s] -- Symlinking: /home/chemweno/Neural-Knights/install/serial/share/ament_index/resource_index/package_run_dependencies/serial
[45.087s] -- Symlinking: /home/chemweno/Neural-Knights/install/serial/share/ament_index/resource_index/parent_prefix_path/serial
[45.119s] -- Symlinking: /home/chemweno/Neural-Knights/install/serial/share/serial/environment/ament_prefix_path.sh
[45.154s] -- Symlinking: /home/chemweno/Neural-Knights/install/serial/share/serial/environment/ament_prefix_path.dsv
[45.184s] -- Symlinking: /home/chemweno/Neural-Knights/install/serial/share/serial/environment/path.sh
[45.215s] -- Symlinking: /home/chemweno/Neural-Knights/install/serial/share/serial/environment/path.dsv
[45.245s] -- Symlinking: /home/chemweno/Neural-Knights/install/serial/share/serial/local_setup.bash
[45.280s] -- Symlinking: /home/chemweno/Neural-Knights/install/serial/share/serial/local_setup.sh
[45.311s] -- Symlinking: /home/chemweno/Neural-Knights/install/serial/share/serial/local_setup.zsh
[45.342s] -- Symlinking: /home/chemweno/Neural-Knights/install/serial/share/serial/local_setup.dsv
[45.376s] -- Symlinking: /home/chemweno/Neural-Knights/install/serial/share/serial/package.dsv
[45.409s] -- Symlinking: /home/chemweno/Neural-Knights/install/serial/share/ament_index/resource_index/packages/serial
[45.438s] -- Symlinking: /home/chemweno/Neural-Knights/install/serial/share/serial/cmake/ament_cmake_export_include_directories-extras.cmake
[45.477s] -- Symlinking: /home/chemweno/Neural-Knights/install/serial/share/serial/cmake/ament_cmake_export_libraries-extras.cmake
[45.511s] -- Symlinking: /home/chemweno/Neural-Knights/install/serial/share/serial/cmake/serialConfig.cmake
[45.540s] -- Symlinking: /home/chemweno/Neural-Knights/install/serial/share/serial/cmake/serialConfig-version.cmake
[45.577s] -- Symlinking: /home/chemweno/Neural-Knights/install/serial/share/serial/package.xml
[45.614s] Invoked command in '/home/chemweno/Neural-Knights/build/serial' returned '0': CMAKE_PREFIX_PATH=/opt/ros/humble /usr/bin/cmake --install /home/chemweno/Neural-Knights/build/serial
