[0.049s] Invoking command in '/home/neural/Neural-Knights/build/diffdrive_arduino': CMAKE_PREFIX_PATH=/home/neural/Neural-Knights/install/serial:/home/neural/Neural-Knights/install/diffdrive_arduino:/home/neural/Neural-Knights/install/gazebo_ros2_control_demos:/home/neural/Neural-Knights/install/gazebo_ros2_control:/home/neural/Neural-Knights/install/articubot_one:/opt/ros/humble /usr/bin/cmake /home/neural/Neural-Knights/src/diffdrive_arduino -DAMENT_CMAKE_SYMLINK_INSTALL=1 -DCMAKE_INSTALL_PREFIX=/home/neural/Neural-Knights/install/diffdrive_arduino
[0.247s] -- The C compiler identification is GNU 11.4.0
[0.459s] -- The CXX compiler identification is GNU 11.4.0
[0.487s] -- Detecting C compiler ABI info
[0.736s] -- Detecting C compiler ABI info - done
[0.767s] -- Check for working C compiler: /usr/bin/cc - skipped
[0.768s] -- Detecting C compile features
[0.769s] -- Detecting C compile features - done
[0.781s] -- Detecting CXX compiler ABI info
[1.080s] -- Detecting CXX compiler ABI info - done
[1.123s] -- Check for working CXX compiler: /usr/bin/c++ - skipped
[1.124s] -- Detecting CXX compile features
[1.126s] -- Detecting CXX compile features - done
[1.141s] -- Found ament_cmake: 1.3.12 (/opt/ros/humble/share/ament_cmake/cmake)
[1.764s] -- Found Python3: /usr/bin/python3 (found version "3.10.12") found components: Interpreter 
[2.015s] -- Override CMake install command with custom implementation using symlinks instead of copying resources
[2.162s] -- Found serial: 1.2.1 (/home/neural/Neural-Knights/install/serial/share/serial/cmake)
[2.177s] -- Found hardware_interface: 2.52.0 (/opt/ros/humble/share/hardware_interface/cmake)
[2.380s] -- Found rosidl_generator_c: 3.1.7 (/opt/ros/humble/share/rosidl_generator_c/cmake)
[2.406s] -- Found rosidl_adapter: 3.1.7 (/opt/ros/humble/share/rosidl_adapter/cmake)
[2.447s] -- Found rosidl_generator_cpp: 3.1.7 (/opt/ros/humble/share/rosidl_generator_cpp/cmake)
[2.505s] -- Using all available rosidl_typesupport_c: rosidl_typesupport_fastrtps_c;rosidl_typesupport_introspection_c
[2.586s] -- Using all available rosidl_typesupport_cpp: rosidl_typesupport_fastrtps_cpp;rosidl_typesupport_introspection_cpp
[3.588s] -- Found rmw_implementation_cmake: 6.1.2 (/opt/ros/humble/share/rmw_implementation_cmake/cmake)
[3.603s] -- Found rmw_fastrtps_cpp: 6.2.8 (/opt/ros/humble/share/rmw_fastrtps_cpp/cmake)
[3.741s] -- Found TinyXML2 via Config file: TinyXML2_DIR-NOTFOUND
[3.952s] -- Found OpenSSL: /usr/lib/x86_64-linux-gnu/libcrypto.so (found version "3.0.2")  
[3.965s] -- Found TinyXML2 via Config file: TinyXML2_DIR-NOTFOUND
[4.029s] -- Found FastRTPS: /opt/ros/humble/include  
[4.045s] -- Found TinyXML2 via Config file: TinyXML2_DIR-NOTFOUND
[4.081s] -- Found TinyXML2 via Config file: TinyXML2_DIR-NOTFOUND
[4.127s] -- Using RMW implementation 'rmw_fastrtps_cpp' as default
[4.178s] -- Looking for pthread.h
[4.482s] -- Looking for pthread.h - found
[4.484s] -- Performing Test CMAKE_HAVE_LIBC_PTHREAD
[4.798s] -- Performing Test CMAKE_HAVE_LIBC_PTHREAD - Success
[4.803s] -- Found Threads: TRUE  
[5.079s] -- Found controller_manager: 2.52.0 (/opt/ros/humble/share/controller_manager/cmake)
[5.614s] -- Configuring done
[5.734s] -- Generating done
[5.777s] -- Build files have been written to: /home/neural/Neural-Knights/build/diffdrive_arduino
[5.815s] Invoked command in '/home/neural/Neural-Knights/build/diffdrive_arduino' returned '0': CMAKE_PREFIX_PATH=/home/neural/Neural-Knights/install/serial:/home/neural/Neural-Knights/install/diffdrive_arduino:/home/neural/Neural-Knights/install/gazebo_ros2_control_demos:/home/neural/Neural-Knights/install/gazebo_ros2_control:/home/neural/Neural-Knights/install/articubot_one:/opt/ros/humble /usr/bin/cmake /home/neural/Neural-Knights/src/diffdrive_arduino -DAMENT_CMAKE_SYMLINK_INSTALL=1 -DCMAKE_INSTALL_PREFIX=/home/neural/Neural-Knights/install/diffdrive_arduino
[5.824s] Invoking command in '/home/neural/Neural-Knights/build/diffdrive_arduino': CMAKE_PREFIX_PATH=/home/neural/Neural-Knights/install/serial:/home/neural/Neural-Knights/install/diffdrive_arduino:/home/neural/Neural-Knights/install/gazebo_ros2_control_demos:/home/neural/Neural-Knights/install/gazebo_ros2_control:/home/neural/Neural-Knights/install/articubot_one:/opt/ros/humble /usr/bin/cmake --build /home/neural/Neural-Knights/build/diffdrive_arduino -- -j4 -l4
[6.056s] [ 14%] [32mBuilding CXX object CMakeFiles/diffdrive_arduino.dir/src/diffdrive_arduino.cpp.o[0m
[6.066s] [ 28%] [32mBuilding CXX object CMakeFiles/diffdrive_arduino.dir/src/wheel.cpp.o[0m
[6.071s] [ 42%] [32mBuilding CXX object CMakeFiles/fake_robot.dir/src/fake_robot.cpp.o[0m
[6.072s] [ 57%] [32mBuilding CXX object CMakeFiles/fake_robot.dir/src/wheel.cpp.o[0m
[8.672s] [ 71%] [32mBuilding CXX object CMakeFiles/diffdrive_arduino.dir/src/arduino_comms.cpp.o[0m
[27.551s] [ 85%] [32m[1mLinking CXX shared library libdiffdrive_arduino.so[0m
[27.784s] [100%] [32m[1mLinking CXX shared library libfake_robot.so[0m
[28.301s] [100%] Built target diffdrive_arduino
[28.407s] [100%] Built target fake_robot
[28.451s] Invoked command in '/home/neural/Neural-Knights/build/diffdrive_arduino' returned '0': CMAKE_PREFIX_PATH=/home/neural/Neural-Knights/install/serial:/home/neural/Neural-Knights/install/diffdrive_arduino:/home/neural/Neural-Knights/install/gazebo_ros2_control_demos:/home/neural/Neural-Knights/install/gazebo_ros2_control:/home/neural/Neural-Knights/install/articubot_one:/opt/ros/humble /usr/bin/cmake --build /home/neural/Neural-Knights/build/diffdrive_arduino -- -j4 -l4
[28.492s] Invoking command in '/home/neural/Neural-Knights/build/diffdrive_arduino': CMAKE_PREFIX_PATH=/home/neural/Neural-Knights/install/serial:/home/neural/Neural-Knights/install/diffdrive_arduino:/home/neural/Neural-Knights/install/gazebo_ros2_control_demos:/home/neural/Neural-Knights/install/gazebo_ros2_control:/home/neural/Neural-Knights/install/articubot_one:/opt/ros/humble /usr/bin/cmake --install /home/neural/Neural-Knights/build/diffdrive_arduino
[28.521s] -- Install configuration: ""
[28.524s] -- Execute custom install script
[28.525s] -- Symlinking: /home/neural/Neural-Knights/install/diffdrive_arduino/share/diffdrive_arduino//robot_hardware.xml
[28.560s] -- Symlinking: /home/neural/Neural-Knights/install/diffdrive_arduino/share/diffdrive_arduino//fake_robot_hardware.xml
[28.594s] -- Symlinking: /home/neural/Neural-Knights/install/diffdrive_arduino/lib/libdiffdrive_arduino.so
[28.629s] -- Symlinking: /home/neural/Neural-Knights/install/diffdrive_arduino/lib/libfake_robot.so
[28.666s] -- Symlinking: /home/neural/Neural-Knights/install/diffdrive_arduino/share/diffdrive_arduino/controllers/robot_controller_example.yaml
[28.699s] -- Symlinking: /home/neural/Neural-Knights/install/diffdrive_arduino/share/diffdrive_arduino/__pycache__/test_robot.launch.cpython-310.pyc
[28.731s] -- Symlinking: /home/neural/Neural-Knights/install/diffdrive_arduino/share/diffdrive_arduino/fake_robot.launch.py
[28.766s] -- Symlinking: /home/neural/Neural-Knights/install/diffdrive_arduino/share/diffdrive_arduino/test_robot.launch.py
[28.800s] -- Symlinking: /home/neural/Neural-Knights/install/diffdrive_arduino/share/diffdrive_arduino/environment/library_path.sh
[28.835s] -- Symlinking: /home/neural/Neural-Knights/install/diffdrive_arduino/share/diffdrive_arduino/environment/library_path.dsv
[28.871s] -- Symlinking: /home/neural/Neural-Knights/install/diffdrive_arduino/share/ament_index/resource_index/package_run_dependencies/diffdrive_arduino
[28.904s] -- Symlinking: /home/neural/Neural-Knights/install/diffdrive_arduino/share/ament_index/resource_index/parent_prefix_path/diffdrive_arduino
[28.936s] -- Symlinking: /home/neural/Neural-Knights/install/diffdrive_arduino/share/diffdrive_arduino/environment/ament_prefix_path.sh
[28.970s] -- Symlinking: /home/neural/Neural-Knights/install/diffdrive_arduino/share/diffdrive_arduino/environment/ament_prefix_path.dsv
[29.002s] -- Symlinking: /home/neural/Neural-Knights/install/diffdrive_arduino/share/diffdrive_arduino/environment/path.sh
[29.035s] -- Symlinking: /home/neural/Neural-Knights/install/diffdrive_arduino/share/diffdrive_arduino/environment/path.dsv
[29.069s] -- Symlinking: /home/neural/Neural-Knights/install/diffdrive_arduino/share/diffdrive_arduino/local_setup.bash
[29.106s] -- Symlinking: /home/neural/Neural-Knights/install/diffdrive_arduino/share/diffdrive_arduino/local_setup.sh
[29.140s] -- Symlinking: /home/neural/Neural-Knights/install/diffdrive_arduino/share/diffdrive_arduino/local_setup.zsh
[29.173s] -- Symlinking: /home/neural/Neural-Knights/install/diffdrive_arduino/share/diffdrive_arduino/local_setup.dsv
[29.205s] -- Symlinking: /home/neural/Neural-Knights/install/diffdrive_arduino/share/diffdrive_arduino/package.dsv
[29.239s] -- Symlinking: /home/neural/Neural-Knights/install/diffdrive_arduino/share/ament_index/resource_index/packages/diffdrive_arduino
[29.280s] -- Symlinking: /home/neural/Neural-Knights/install/diffdrive_arduino/share/ament_index/resource_index/hardware_interface__pluginlib__plugin/diffdrive_arduino
[29.314s] -- Symlinking: /home/neural/Neural-Knights/install/diffdrive_arduino/share/diffdrive_arduino/cmake/ament_cmake_export_libraries-extras.cmake
[29.348s] -- Symlinking: /home/neural/Neural-Knights/install/diffdrive_arduino/share/diffdrive_arduino/cmake/ament_cmake_export_dependencies-extras.cmake
[29.383s] -- Symlinking: /home/neural/Neural-Knights/install/diffdrive_arduino/share/diffdrive_arduino/cmake/diffdrive_arduinoConfig.cmake
[29.416s] -- Symlinking: /home/neural/Neural-Knights/install/diffdrive_arduino/share/diffdrive_arduino/cmake/diffdrive_arduinoConfig-version.cmake
[29.449s] -- Symlinking: /home/neural/Neural-Knights/install/diffdrive_arduino/share/diffdrive_arduino/package.xml
[29.490s] Invoked command in '/home/neural/Neural-Knights/build/diffdrive_arduino' returned '0': CMAKE_PREFIX_PATH=/home/neural/Neural-Knights/install/serial:/home/neural/Neural-Knights/install/diffdrive_arduino:/home/neural/Neural-Knights/install/gazebo_ros2_control_demos:/home/neural/Neural-Knights/install/gazebo_ros2_control:/home/neural/Neural-Knights/install/articubot_one:/opt/ros/humble /usr/bin/cmake --install /home/neural/Neural-Knights/build/diffdrive_arduino
