[0.055s] Invoking command in '/home/neural/Neural-Knights/build/diffdrive_arduino': CMAKE_PREFIX_PATH=/home/neural/Neural-Knights/install/serial:/home/neural/Neural-Knights/install/diffdrive_arduino:/home/neural/Neural-Knights/install/gazebo_ros2_control_demos:/home/neural/Neural-Knights/install/gazebo_ros2_control:/home/neural/Neural-Knights/install/articubot_one:/opt/ros/humble /usr/bin/cmake --build /home/neural/Neural-Knights/build/diffdrive_arduino -- -j4 -l4
[0.161s] [ 57%] Built target diffdrive_arduino
[0.164s] [100%] Built target fake_robot
[0.191s] Invoked command in '/home/neural/Neural-Knights/build/diffdrive_arduino' returned '0': CMAKE_PREFIX_PATH=/home/neural/Neural-Knights/install/serial:/home/neural/Neural-Knights/install/diffdrive_arduino:/home/neural/Neural-Knights/install/gazebo_ros2_control_demos:/home/neural/Neural-Knights/install/gazebo_ros2_control:/home/neural/Neural-Knights/install/articubot_one:/opt/ros/humble /usr/bin/cmake --build /home/neural/Neural-Knights/build/diffdrive_arduino -- -j4 -l4
[0.192s] Invoking command in '/home/neural/Neural-Knights/build/diffdrive_arduino': CMAKE_PREFIX_PATH=/home/neural/Neural-Knights/install/serial:/home/neural/Neural-Knights/install/diffdrive_arduino:/home/neural/Neural-Knights/install/gazebo_ros2_control_demos:/home/neural/Neural-Knights/install/gazebo_ros2_control:/home/neural/Neural-Knights/install/articubot_one:/opt/ros/humble /usr/bin/cmake --install /home/neural/Neural-Knights/build/diffdrive_arduino
[0.203s] -- Install configuration: ""
[0.204s] -- Execute custom install script
[0.205s] -- Up-to-date symlink: /home/neural/Neural-Knights/install/diffdrive_arduino/share/diffdrive_arduino//robot_hardware.xml
[0.205s] -- Up-to-date symlink: /home/neural/Neural-Knights/install/diffdrive_arduino/share/diffdrive_arduino//fake_robot_hardware.xml
[0.206s] -- Up-to-date symlink: /home/neural/Neural-Knights/install/diffdrive_arduino/lib/libdiffdrive_arduino.so
[0.207s] -- Up-to-date symlink: /home/neural/Neural-Knights/install/diffdrive_arduino/lib/libfake_robot.so
[0.208s] -- Up-to-date symlink: /home/neural/Neural-Knights/install/diffdrive_arduino/share/diffdrive_arduino/controllers/robot_controller_example.yaml
[0.209s] -- Up-to-date symlink: /home/neural/Neural-Knights/install/diffdrive_arduino/share/diffdrive_arduino/__pycache__/test_robot.launch.cpython-310.pyc
[0.210s] -- Up-to-date symlink: /home/neural/Neural-Knights/install/diffdrive_arduino/share/diffdrive_arduino/fake_robot.launch.py
[0.210s] -- Up-to-date symlink: /home/neural/Neural-Knights/install/diffdrive_arduino/share/diffdrive_arduino/test_robot.launch.py
[0.211s] -- Up-to-date symlink: /home/neural/Neural-Knights/install/diffdrive_arduino/share/diffdrive_arduino/environment/library_path.sh
[0.212s] -- Up-to-date symlink: /home/neural/Neural-Knights/install/diffdrive_arduino/share/diffdrive_arduino/environment/library_path.dsv
[0.212s] -- Up-to-date symlink: /home/neural/Neural-Knights/install/diffdrive_arduino/share/ament_index/resource_index/package_run_dependencies/diffdrive_arduino
[0.213s] -- Up-to-date symlink: /home/neural/Neural-Knights/install/diffdrive_arduino/share/ament_index/resource_index/parent_prefix_path/diffdrive_arduino
[0.214s] -- Up-to-date symlink: /home/neural/Neural-Knights/install/diffdrive_arduino/share/diffdrive_arduino/environment/ament_prefix_path.sh
[0.214s] -- Up-to-date symlink: /home/neural/Neural-Knights/install/diffdrive_arduino/share/diffdrive_arduino/environment/ament_prefix_path.dsv
[0.215s] -- Up-to-date symlink: /home/neural/Neural-Knights/install/diffdrive_arduino/share/diffdrive_arduino/environment/path.sh
[0.215s] -- Up-to-date symlink: /home/neural/Neural-Knights/install/diffdrive_arduino/share/diffdrive_arduino/environment/path.dsv
[0.216s] -- Up-to-date symlink: /home/neural/Neural-Knights/install/diffdrive_arduino/share/diffdrive_arduino/local_setup.bash
[0.216s] -- Up-to-date symlink: /home/neural/Neural-Knights/install/diffdrive_arduino/share/diffdrive_arduino/local_setup.sh
[0.217s] -- Up-to-date symlink: /home/neural/Neural-Knights/install/diffdrive_arduino/share/diffdrive_arduino/local_setup.zsh
[0.217s] -- Up-to-date symlink: /home/neural/Neural-Knights/install/diffdrive_arduino/share/diffdrive_arduino/local_setup.dsv
[0.218s] -- Symlinking: /home/neural/Neural-Knights/install/diffdrive_arduino/share/diffdrive_arduino/package.dsv
[0.228s] -- Up-to-date symlink: /home/neural/Neural-Knights/install/diffdrive_arduino/share/ament_index/resource_index/packages/diffdrive_arduino
[0.228s] -- Up-to-date symlink: /home/neural/Neural-Knights/install/diffdrive_arduino/share/ament_index/resource_index/hardware_interface__pluginlib__plugin/diffdrive_arduino
[0.229s] -- Up-to-date symlink: /home/neural/Neural-Knights/install/diffdrive_arduino/share/diffdrive_arduino/cmake/ament_cmake_export_libraries-extras.cmake
[0.229s] -- Up-to-date symlink: /home/neural/Neural-Knights/install/diffdrive_arduino/share/diffdrive_arduino/cmake/ament_cmake_export_dependencies-extras.cmake
[0.229s] -- Up-to-date symlink: /home/neural/Neural-Knights/install/diffdrive_arduino/share/diffdrive_arduino/cmake/diffdrive_arduinoConfig.cmake
[0.229s] -- Up-to-date symlink: /home/neural/Neural-Knights/install/diffdrive_arduino/share/diffdrive_arduino/cmake/diffdrive_arduinoConfig-version.cmake
[0.230s] -- Up-to-date symlink: /home/neural/Neural-Knights/install/diffdrive_arduino/share/diffdrive_arduino/package.xml
[0.233s] Invoked command in '/home/neural/Neural-Knights/build/diffdrive_arduino' returned '0': CMAKE_PREFIX_PATH=/home/neural/Neural-Knights/install/serial:/home/neural/Neural-Knights/install/diffdrive_arduino:/home/neural/Neural-Knights/install/gazebo_ros2_control_demos:/home/neural/Neural-Knights/install/gazebo_ros2_control:/home/neural/Neural-Knights/install/articubot_one:/opt/ros/humble /usr/bin/cmake --install /home/neural/Neural-Knights/build/diffdrive_arduino
