[0.079s] Invoking command in '/home/chemweno/Neural-Knights/build/serial': CMAKE_PREFIX_PATH=${CMAKE_PREFIX_PATH}:/opt/ros/humble /usr/bin/cmake --build /home/chemweno/Neural-Knights/build/serial -- -j4 -l4
[0.344s] [ 28%] Built target serial
[0.513s] [ 42%] Built target gtest
[0.569s] [ 57%] Built target serial_example
[0.689s] [ 71%] Built target gtest_main
[0.801s] [ 85%] Built target serial-test
[0.901s] [100%] Built target serial-test-timer
[1.022s] Invoked command in '/home/chemweno/Neural-Knights/build/serial' returned '0': CMAKE_PREFIX_PATH=${CMAKE_PREFIX_PATH}:/opt/ros/humble /usr/bin/cmake --build /home/chemweno/Neural-Knights/build/serial -- -j4 -l4
[1.029s] Invoking command in '/home/chemweno/Neural-Knights/build/serial': CMAKE_PREFIX_PATH=${CMAKE_PREFIX_PATH}:/opt/ros/humble /usr/bin/cmake --install /home/chemweno/Neural-Knights/build/serial
[1.058s] -- Install configuration: ""
[1.061s] -- Execute custom install script
[1.062s] -- Up-to-date symlink: /home/chemweno/Neural-Knights/install/serial/lib/libserial.a
[1.063s] -- Up-to-date symlink: /home/chemweno/Neural-Knights/install/serial/include/serial/serial.h
[1.064s] -- Up-to-date symlink: /home/chemweno/Neural-Knights/install/serial/include/serial/v8stdint.h
[1.065s] -- Up-to-date symlink: /home/chemweno/Neural-Knights/install/serial/share/serial/environment/library_path.sh
[1.066s] -- Up-to-date symlink: /home/chemweno/Neural-Knights/install/serial/share/serial/environment/library_path.dsv
[1.067s] -- Up-to-date symlink: /home/chemweno/Neural-Knights/install/serial/share/ament_index/resource_index/package_run_dependencies/serial
[1.068s] -- Up-to-date symlink: /home/chemweno/Neural-Knights/install/serial/share/ament_index/resource_index/parent_prefix_path/serial
[1.069s] -- Up-to-date symlink: /home/chemweno/Neural-Knights/install/serial/share/serial/environment/ament_prefix_path.sh
[1.070s] -- Up-to-date symlink: /home/chemweno/Neural-Knights/install/serial/share/serial/environment/ament_prefix_path.dsv
[1.071s] -- Up-to-date symlink: /home/chemweno/Neural-Knights/install/serial/share/serial/environment/path.sh
[1.072s] -- Up-to-date symlink: /home/chemweno/Neural-Knights/install/serial/share/serial/environment/path.dsv
[1.073s] -- Up-to-date symlink: /home/chemweno/Neural-Knights/install/serial/share/serial/local_setup.bash
[1.074s] -- Up-to-date symlink: /home/chemweno/Neural-Knights/install/serial/share/serial/local_setup.sh
[1.075s] -- Up-to-date symlink: /home/chemweno/Neural-Knights/install/serial/share/serial/local_setup.zsh
[1.076s] -- Up-to-date symlink: /home/chemweno/Neural-Knights/install/serial/share/serial/local_setup.dsv
[1.077s] -- Symlinking: /home/chemweno/Neural-Knights/install/serial/share/serial/package.dsv
[1.121s] -- Up-to-date symlink: /home/chemweno/Neural-Knights/install/serial/share/ament_index/resource_index/packages/serial
[1.125s] -- Up-to-date symlink: /home/chemweno/Neural-Knights/install/serial/share/serial/cmake/ament_cmake_export_include_directories-extras.cmake
[1.131s] -- Up-to-date symlink: /home/chemweno/Neural-Knights/install/serial/share/serial/cmake/ament_cmake_export_libraries-extras.cmake
[1.135s] -- Up-to-date symlink: /home/chemweno/Neural-Knights/install/serial/share/serial/cmake/serialConfig.cmake
[1.137s] -- Up-to-date symlink: /home/chemweno/Neural-Knights/install/serial/share/serial/cmake/serialConfig-version.cmake
[1.138s] -- Up-to-date symlink: /home/chemweno/Neural-Knights/install/serial/share/serial/package.xml
[1.140s] Invoked command in '/home/chemweno/Neural-Knights/build/serial' returned '0': CMAKE_PREFIX_PATH=${CMAKE_PREFIX_PATH}:/opt/ros/humble /usr/bin/cmake --install /home/chemweno/Neural-Knights/build/serial
