[0.549s] DEBUG:colcon:Command line arguments: ['/usr/bin/colcon', 'build', '--symlink-install']
[0.549s] DEBUG:colcon:Parsed command line arguments: Namespace(log_base=None, log_level=None, verb_name='build', build_base='build', install_base='install', merge_install=False, symlink_install=True, test_result_base=None, continue_on_error=False, executor='parallel', parallel_workers=4, event_handlers=None, ignore_user_meta=False, metas=['./colcon.meta'], base_paths=['.'], packages_ignore=None, packages_ignore_regex=None, paths=None, packages_up_to=None, packages_up_to_regex=None, packages_above=None, packages_above_and_dependencies=None, packages_above_depth=None, packages_select_by_dep=None, packages_skip_by_dep=None, packages_skip_up_to=None, packages_select_build_failed=False, packages_skip_build_finished=False, packages_select_test_failures=False, packages_skip_test_passed=False, packages_select=None, packages_skip=None, packages_select_regex=None, packages_skip_regex=None, packages_start=None, packages_end=None, allow_overriding=[], cmake_args=None, cmake_target=None, cmake_target_skip_unavailable=False, cmake_clean_cache=False, cmake_clean_first=False, cmake_force_configure=False, ament_cmake_args=None, catkin_cmake_args=None, catkin_skip_building_tests=False, mixin_files=None, mixin=None, verb_parser=<colcon_mixin.mixin.mixin_argument.MixinArgumentDecorator object at 0x7f97f3e7e980>, verb_extension=<colcon_core.verb.build.BuildVerb object at 0x7f97f3e7e200>, main=<bound method BuildVerb.main of <colcon_core.verb.build.BuildVerb object at 0x7f97f3e7e200>>, mixin_verb=('build',))
[1.512s] Level 1:colcon.colcon_core.package_discovery:discover_packages(colcon_meta) check parameters
[1.512s] Level 1:colcon.colcon_core.package_discovery:discover_packages(recursive) check parameters
[1.512s] Level 1:colcon.colcon_core.package_discovery:discover_packages(ignore) check parameters
[1.513s] Level 1:colcon.colcon_core.package_discovery:discover_packages(path) check parameters
[1.513s] Level 1:colcon.colcon_core.package_discovery:discover_packages(colcon_meta) discover
[1.513s] Level 1:colcon.colcon_core.package_discovery:discover_packages(recursive) discover
[1.513s] INFO:colcon.colcon_core.package_discovery:Crawling recursively for packages in '/home/chemweno/Neural-Knights'
[1.513s] Level 1:colcon.colcon_core.package_identification:_identify(.) by extensions ['ignore', 'ignore_ament_install']
[1.514s] Level 1:colcon.colcon_core.package_identification:_identify(.) by extension 'ignore'
[1.514s] Level 1:colcon.colcon_core.package_identification:_identify(.) by extension 'ignore_ament_install'
[1.514s] Level 1:colcon.colcon_core.package_identification:_identify(.) by extensions ['colcon_pkg']
[1.514s] Level 1:colcon.colcon_core.package_identification:_identify(.) by extension 'colcon_pkg'
[1.515s] Level 1:colcon.colcon_core.package_identification:_identify(.) by extensions ['colcon_meta']
[1.515s] Level 1:colcon.colcon_core.package_identification:_identify(.) by extension 'colcon_meta'
[1.515s] Level 1:colcon.colcon_core.package_identification:_identify(.) by extensions ['ros']
[1.515s] Level 1:colcon.colcon_core.package_identification:_identify(.) by extension 'ros'
[1.562s] Level 1:colcon.colcon_core.package_identification:_identify(.) by extensions ['cmake', 'python']
[1.562s] Level 1:colcon.colcon_core.package_identification:_identify(.) by extension 'cmake'
[1.562s] Level 1:colcon.colcon_core.package_identification:_identify(.) by extension 'python'
[1.563s] Level 1:colcon.colcon_core.package_identification:_identify(.) by extensions ['python_setup_py']
[1.563s] Level 1:colcon.colcon_core.package_identification:_identify(.) by extension 'python_setup_py'
[1.563s] Level 1:colcon.colcon_core.package_identification:_identify(build) by extensions ['ignore', 'ignore_ament_install']
[1.564s] Level 1:colcon.colcon_core.package_identification:_identify(build) by extension 'ignore'
[1.564s] Level 1:colcon.colcon_core.package_identification:_identify(build) ignored
[1.564s] Level 1:colcon.colcon_core.package_identification:_identify(install) by extensions ['ignore', 'ignore_ament_install']
[1.565s] Level 1:colcon.colcon_core.package_identification:_identify(install) by extension 'ignore'
[1.565s] Level 1:colcon.colcon_core.package_identification:_identify(install) ignored
[1.565s] Level 1:colcon.colcon_core.package_identification:_identify(log) by extensions ['ignore', 'ignore_ament_install']
[1.566s] Level 1:colcon.colcon_core.package_identification:_identify(log) by extension 'ignore'
[1.566s] Level 1:colcon.colcon_core.package_identification:_identify(log) ignored
[1.567s] Level 1:colcon.colcon_core.package_identification:_identify(src) by extensions ['ignore', 'ignore_ament_install']
[1.567s] Level 1:colcon.colcon_core.package_identification:_identify(src) by extension 'ignore'
[1.567s] Level 1:colcon.colcon_core.package_identification:_identify(src) by extension 'ignore_ament_install'
[1.567s] Level 1:colcon.colcon_core.package_identification:_identify(src) by extensions ['colcon_pkg']
[1.568s] Level 1:colcon.colcon_core.package_identification:_identify(src) by extension 'colcon_pkg'
[1.568s] Level 1:colcon.colcon_core.package_identification:_identify(src) by extensions ['colcon_meta']
[1.568s] Level 1:colcon.colcon_core.package_identification:_identify(src) by extension 'colcon_meta'
[1.568s] Level 1:colcon.colcon_core.package_identification:_identify(src) by extensions ['ros']
[1.568s] Level 1:colcon.colcon_core.package_identification:_identify(src) by extension 'ros'
[1.569s] Level 1:colcon.colcon_core.package_identification:_identify(src) by extensions ['cmake', 'python']
[1.569s] Level 1:colcon.colcon_core.package_identification:_identify(src) by extension 'cmake'
[1.569s] Level 1:colcon.colcon_core.package_identification:_identify(src) by extension 'python'
[1.569s] Level 1:colcon.colcon_core.package_identification:_identify(src) by extensions ['python_setup_py']
[1.569s] Level 1:colcon.colcon_core.package_identification:_identify(src) by extension 'python_setup_py'
[1.570s] Level 1:colcon.colcon_core.package_identification:_identify(src/articubot_one) by extensions ['ignore', 'ignore_ament_install']
[1.570s] Level 1:colcon.colcon_core.package_identification:_identify(src/articubot_one) by extension 'ignore'
[1.570s] Level 1:colcon.colcon_core.package_identification:_identify(src/articubot_one) by extension 'ignore_ament_install'
[1.571s] Level 1:colcon.colcon_core.package_identification:_identify(src/articubot_one) by extensions ['colcon_pkg']
[1.571s] Level 1:colcon.colcon_core.package_identification:_identify(src/articubot_one) by extension 'colcon_pkg'
[1.571s] Level 1:colcon.colcon_core.package_identification:_identify(src/articubot_one) by extensions ['colcon_meta']
[1.571s] Level 1:colcon.colcon_core.package_identification:_identify(src/articubot_one) by extension 'colcon_meta'
[1.571s] Level 1:colcon.colcon_core.package_identification:_identify(src/articubot_one) by extensions ['ros']
[1.571s] Level 1:colcon.colcon_core.package_identification:_identify(src/articubot_one) by extension 'ros'
[1.580s] DEBUG:colcon.colcon_core.package_identification:Package 'src/articubot_one' with type 'ros.ament_cmake' and name 'articubot_one'
[1.580s] Level 1:colcon.colcon_core.package_identification:_identify(src/diffdrive_arduino) by extensions ['ignore', 'ignore_ament_install']
[1.581s] Level 1:colcon.colcon_core.package_identification:_identify(src/diffdrive_arduino) by extension 'ignore'
[1.581s] Level 1:colcon.colcon_core.package_identification:_identify(src/diffdrive_arduino) by extension 'ignore_ament_install'
[1.581s] Level 1:colcon.colcon_core.package_identification:_identify(src/diffdrive_arduino) by extensions ['colcon_pkg']
[1.581s] Level 1:colcon.colcon_core.package_identification:_identify(src/diffdrive_arduino) by extension 'colcon_pkg'
[1.582s] Level 1:colcon.colcon_core.package_identification:_identify(src/diffdrive_arduino) by extensions ['colcon_meta']
[1.582s] Level 1:colcon.colcon_core.package_identification:_identify(src/diffdrive_arduino) by extension 'colcon_meta'
[1.582s] Level 1:colcon.colcon_core.package_identification:_identify(src/diffdrive_arduino) by extensions ['ros']
[1.582s] Level 1:colcon.colcon_core.package_identification:_identify(src/diffdrive_arduino) by extension 'ros'
[1.587s] DEBUG:colcon.colcon_core.package_identification:Package 'src/diffdrive_arduino' with type 'ros.ament_cmake' and name 'diffdrive_arduino'
[1.588s] Level 1:colcon.colcon_core.package_identification:_identify(src/gazebo_ros2_control) by extensions ['ignore', 'ignore_ament_install']
[1.588s] Level 1:colcon.colcon_core.package_identification:_identify(src/gazebo_ros2_control) by extension 'ignore'
[1.589s] Level 1:colcon.colcon_core.package_identification:_identify(src/gazebo_ros2_control) by extension 'ignore_ament_install'
[1.589s] Level 1:colcon.colcon_core.package_identification:_identify(src/gazebo_ros2_control) by extensions ['colcon_pkg']
[1.589s] Level 1:colcon.colcon_core.package_identification:_identify(src/gazebo_ros2_control) by extension 'colcon_pkg'
[1.589s] Level 1:colcon.colcon_core.package_identification:_identify(src/gazebo_ros2_control) by extensions ['colcon_meta']
[1.589s] Level 1:colcon.colcon_core.package_identification:_identify(src/gazebo_ros2_control) by extension 'colcon_meta'
[1.590s] Level 1:colcon.colcon_core.package_identification:_identify(src/gazebo_ros2_control) by extensions ['ros']
[1.590s] Level 1:colcon.colcon_core.package_identification:_identify(src/gazebo_ros2_control) by extension 'ros'
[1.590s] Level 1:colcon.colcon_core.package_identification:_identify(src/gazebo_ros2_control) by extensions ['cmake', 'python']
[1.590s] Level 1:colcon.colcon_core.package_identification:_identify(src/gazebo_ros2_control) by extension 'cmake'
[1.591s] Level 1:colcon.colcon_core.package_identification:_identify(src/gazebo_ros2_control) by extension 'python'
[1.591s] Level 1:colcon.colcon_core.package_identification:_identify(src/gazebo_ros2_control) by extensions ['python_setup_py']
[1.591s] Level 1:colcon.colcon_core.package_identification:_identify(src/gazebo_ros2_control) by extension 'python_setup_py'
[1.591s] Level 1:colcon.colcon_core.package_identification:_identify(src/gazebo_ros2_control/Docker) by extensions ['ignore', 'ignore_ament_install']
[1.592s] Level 1:colcon.colcon_core.package_identification:_identify(src/gazebo_ros2_control/Docker) by extension 'ignore'
[1.592s] Level 1:colcon.colcon_core.package_identification:_identify(src/gazebo_ros2_control/Docker) by extension 'ignore_ament_install'
[1.592s] Level 1:colcon.colcon_core.package_identification:_identify(src/gazebo_ros2_control/Docker) by extensions ['colcon_pkg']
[1.592s] Level 1:colcon.colcon_core.package_identification:_identify(src/gazebo_ros2_control/Docker) by extension 'colcon_pkg'
[1.593s] Level 1:colcon.colcon_core.package_identification:_identify(src/gazebo_ros2_control/Docker) by extensions ['colcon_meta']
[1.593s] Level 1:colcon.colcon_core.package_identification:_identify(src/gazebo_ros2_control/Docker) by extension 'colcon_meta'
[1.593s] Level 1:colcon.colcon_core.package_identification:_identify(src/gazebo_ros2_control/Docker) by extensions ['ros']
[1.593s] Level 1:colcon.colcon_core.package_identification:_identify(src/gazebo_ros2_control/Docker) by extension 'ros'
[1.594s] Level 1:colcon.colcon_core.package_identification:_identify(src/gazebo_ros2_control/Docker) by extensions ['cmake', 'python']
[1.594s] Level 1:colcon.colcon_core.package_identification:_identify(src/gazebo_ros2_control/Docker) by extension 'cmake'
[1.594s] Level 1:colcon.colcon_core.package_identification:_identify(src/gazebo_ros2_control/Docker) by extension 'python'
[1.594s] Level 1:colcon.colcon_core.package_identification:_identify(src/gazebo_ros2_control/Docker) by extensions ['python_setup_py']
[1.594s] Level 1:colcon.colcon_core.package_identification:_identify(src/gazebo_ros2_control/Docker) by extension 'python_setup_py'
[1.595s] Level 1:colcon.colcon_core.package_identification:_identify(src/gazebo_ros2_control/doc) by extensions ['ignore', 'ignore_ament_install']
[1.595s] Level 1:colcon.colcon_core.package_identification:_identify(src/gazebo_ros2_control/doc) by extension 'ignore'
[1.595s] Level 1:colcon.colcon_core.package_identification:_identify(src/gazebo_ros2_control/doc) by extension 'ignore_ament_install'
[1.596s] Level 1:colcon.colcon_core.package_identification:_identify(src/gazebo_ros2_control/doc) by extensions ['colcon_pkg']
[1.596s] Level 1:colcon.colcon_core.package_identification:_identify(src/gazebo_ros2_control/doc) by extension 'colcon_pkg'
[1.596s] Level 1:colcon.colcon_core.package_identification:_identify(src/gazebo_ros2_control/doc) by extensions ['colcon_meta']
[1.596s] Level 1:colcon.colcon_core.package_identification:_identify(src/gazebo_ros2_control/doc) by extension 'colcon_meta'
[1.597s] Level 1:colcon.colcon_core.package_identification:_identify(src/gazebo_ros2_control/doc) by extensions ['ros']
[1.597s] Level 1:colcon.colcon_core.package_identification:_identify(src/gazebo_ros2_control/doc) by extension 'ros'
[1.597s] Level 1:colcon.colcon_core.package_identification:_identify(src/gazebo_ros2_control/doc) by extensions ['cmake', 'python']
[1.598s] Level 1:colcon.colcon_core.package_identification:_identify(src/gazebo_ros2_control/doc) by extension 'cmake'
[1.598s] Level 1:colcon.colcon_core.package_identification:_identify(src/gazebo_ros2_control/doc) by extension 'python'
[1.598s] Level 1:colcon.colcon_core.package_identification:_identify(src/gazebo_ros2_control/doc) by extensions ['python_setup_py']
[1.598s] Level 1:colcon.colcon_core.package_identification:_identify(src/gazebo_ros2_control/doc) by extension 'python_setup_py'
[1.599s] Level 1:colcon.colcon_core.package_identification:_identify(src/gazebo_ros2_control/doc/img) by extensions ['ignore', 'ignore_ament_install']
[1.599s] Level 1:colcon.colcon_core.package_identification:_identify(src/gazebo_ros2_control/doc/img) by extension 'ignore'
[1.600s] Level 1:colcon.colcon_core.package_identification:_identify(src/gazebo_ros2_control/doc/img) by extension 'ignore_ament_install'
[1.600s] Level 1:colcon.colcon_core.package_identification:_identify(src/gazebo_ros2_control/doc/img) by extensions ['colcon_pkg']
[1.600s] Level 1:colcon.colcon_core.package_identification:_identify(src/gazebo_ros2_control/doc/img) by extension 'colcon_pkg'
[1.600s] Level 1:colcon.colcon_core.package_identification:_identify(src/gazebo_ros2_control/doc/img) by extensions ['colcon_meta']
[1.600s] Level 1:colcon.colcon_core.package_identification:_identify(src/gazebo_ros2_control/doc/img) by extension 'colcon_meta'
[1.601s] Level 1:colcon.colcon_core.package_identification:_identify(src/gazebo_ros2_control/doc/img) by extensions ['ros']
[1.601s] Level 1:colcon.colcon_core.package_identification:_identify(src/gazebo_ros2_control/doc/img) by extension 'ros'
[1.601s] Level 1:colcon.colcon_core.package_identification:_identify(src/gazebo_ros2_control/doc/img) by extensions ['cmake', 'python']
[1.601s] Level 1:colcon.colcon_core.package_identification:_identify(src/gazebo_ros2_control/doc/img) by extension 'cmake'
[1.601s] Level 1:colcon.colcon_core.package_identification:_identify(src/gazebo_ros2_control/doc/img) by extension 'python'
[1.602s] Level 1:colcon.colcon_core.package_identification:_identify(src/gazebo_ros2_control/doc/img) by extensions ['python_setup_py']
[1.602s] Level 1:colcon.colcon_core.package_identification:_identify(src/gazebo_ros2_control/doc/img) by extension 'python_setup_py'
[1.602s] Level 1:colcon.colcon_core.package_identification:_identify(src/gazebo_ros2_control/gazebo_ros2_control) by extensions ['ignore', 'ignore_ament_install']
[1.602s] Level 1:colcon.colcon_core.package_identification:_identify(src/gazebo_ros2_control/gazebo_ros2_control) by extension 'ignore'
[1.603s] Level 1:colcon.colcon_core.package_identification:_identify(src/gazebo_ros2_control/gazebo_ros2_control) by extension 'ignore_ament_install'
[1.603s] Level 1:colcon.colcon_core.package_identification:_identify(src/gazebo_ros2_control/gazebo_ros2_control) by extensions ['colcon_pkg']
[1.603s] Level 1:colcon.colcon_core.package_identification:_identify(src/gazebo_ros2_control/gazebo_ros2_control) by extension 'colcon_pkg'
[1.603s] Level 1:colcon.colcon_core.package_identification:_identify(src/gazebo_ros2_control/gazebo_ros2_control) by extensions ['colcon_meta']
[1.603s] Level 1:colcon.colcon_core.package_identification:_identify(src/gazebo_ros2_control/gazebo_ros2_control) by extension 'colcon_meta'
[1.604s] Level 1:colcon.colcon_core.package_identification:_identify(src/gazebo_ros2_control/gazebo_ros2_control) by extensions ['ros']
[1.604s] Level 1:colcon.colcon_core.package_identification:_identify(src/gazebo_ros2_control/gazebo_ros2_control) by extension 'ros'
[1.609s] DEBUG:colcon.colcon_core.package_identification:Package 'src/gazebo_ros2_control/gazebo_ros2_control' with type 'ros.ament_cmake' and name 'gazebo_ros2_control'
[1.609s] Level 1:colcon.colcon_core.package_identification:_identify(src/gazebo_ros2_control/gazebo_ros2_control_demos) by extensions ['ignore', 'ignore_ament_install']
[1.610s] Level 1:colcon.colcon_core.package_identification:_identify(src/gazebo_ros2_control/gazebo_ros2_control_demos) by extension 'ignore'
[1.610s] Level 1:colcon.colcon_core.package_identification:_identify(src/gazebo_ros2_control/gazebo_ros2_control_demos) by extension 'ignore_ament_install'
[1.610s] Level 1:colcon.colcon_core.package_identification:_identify(src/gazebo_ros2_control/gazebo_ros2_control_demos) by extensions ['colcon_pkg']
[1.610s] Level 1:colcon.colcon_core.package_identification:_identify(src/gazebo_ros2_control/gazebo_ros2_control_demos) by extension 'colcon_pkg'
[1.611s] Level 1:colcon.colcon_core.package_identification:_identify(src/gazebo_ros2_control/gazebo_ros2_control_demos) by extensions ['colcon_meta']
[1.611s] Level 1:colcon.colcon_core.package_identification:_identify(src/gazebo_ros2_control/gazebo_ros2_control_demos) by extension 'colcon_meta'
[1.611s] Level 1:colcon.colcon_core.package_identification:_identify(src/gazebo_ros2_control/gazebo_ros2_control_demos) by extensions ['ros']
[1.611s] Level 1:colcon.colcon_core.package_identification:_identify(src/gazebo_ros2_control/gazebo_ros2_control_demos) by extension 'ros'
[1.614s] DEBUG:colcon.colcon_core.package_identification:Package 'src/gazebo_ros2_control/gazebo_ros2_control_demos' with type 'ros.ament_cmake' and name 'gazebo_ros2_control_demos'
[1.615s] Level 1:colcon.colcon_core.package_identification:_identify(src/serial) by extensions ['ignore', 'ignore_ament_install']
[1.615s] Level 1:colcon.colcon_core.package_identification:_identify(src/serial) by extension 'ignore'
[1.616s] Level 1:colcon.colcon_core.package_identification:_identify(src/serial) by extension 'ignore_ament_install'
[1.616s] Level 1:colcon.colcon_core.package_identification:_identify(src/serial) by extensions ['colcon_pkg']
[1.616s] Level 1:colcon.colcon_core.package_identification:_identify(src/serial) by extension 'colcon_pkg'
[1.616s] Level 1:colcon.colcon_core.package_identification:_identify(src/serial) by extensions ['colcon_meta']
[1.616s] Level 1:colcon.colcon_core.package_identification:_identify(src/serial) by extension 'colcon_meta'
[1.616s] Level 1:colcon.colcon_core.package_identification:_identify(src/serial) by extensions ['ros']
[1.617s] Level 1:colcon.colcon_core.package_identification:_identify(src/serial) by extension 'ros'
[1.619s] DEBUG:colcon.colcon_core.package_identification:Package 'src/serial' with type 'ros.ament_cmake' and name 'serial'
[1.620s] Level 1:colcon.colcon_core.package_discovery:discover_packages(recursive) using defaults
[1.620s] Level 1:colcon.colcon_core.package_discovery:discover_packages(ignore) discover
[1.620s] Level 1:colcon.colcon_core.package_discovery:discover_packages(ignore) using defaults
[1.620s] Level 1:colcon.colcon_core.package_discovery:discover_packages(path) discover
[1.620s] Level 1:colcon.colcon_core.package_discovery:discover_packages(path) using defaults
[1.743s] Level 1:colcon.colcon_core.package_discovery:discover_packages(prefix_path) check parameters
[1.743s] Level 1:colcon.colcon_core.package_discovery:discover_packages(prefix_path) discover
[1.756s] DEBUG:colcon.colcon_installed_package_information.package_discovery:Found 437 installed packages in /opt/ros/humble
[1.764s] Level 1:colcon.colcon_core.package_discovery:discover_packages(prefix_path) using defaults
[1.998s] Level 5:colcon.colcon_core.verb:set package 'articubot_one' build argument 'cmake_args' from command line to 'None'
[1.998s] Level 5:colcon.colcon_core.verb:set package 'articubot_one' build argument 'cmake_target' from command line to 'None'
[1.999s] Level 5:colcon.colcon_core.verb:set package 'articubot_one' build argument 'cmake_target_skip_unavailable' from command line to 'False'
[1.999s] Level 5:colcon.colcon_core.verb:set package 'articubot_one' build argument 'cmake_clean_cache' from command line to 'False'
[1.999s] Level 5:colcon.colcon_core.verb:set package 'articubot_one' build argument 'cmake_clean_first' from command line to 'False'
[1.999s] Level 5:colcon.colcon_core.verb:set package 'articubot_one' build argument 'cmake_force_configure' from command line to 'False'
[1.999s] Level 5:colcon.colcon_core.verb:set package 'articubot_one' build argument 'ament_cmake_args' from command line to 'None'
[1.999s] Level 5:colcon.colcon_core.verb:set package 'articubot_one' build argument 'catkin_cmake_args' from command line to 'None'
[1.999s] Level 5:colcon.colcon_core.verb:set package 'articubot_one' build argument 'catkin_skip_building_tests' from command line to 'False'
[1.999s] DEBUG:colcon.colcon_core.verb:Building package 'articubot_one' with the following arguments: {'ament_cmake_args': None, 'build_base': '/home/chemweno/Neural-Knights/build/articubot_one', 'catkin_cmake_args': None, 'catkin_skip_building_tests': False, 'cmake_args': None, 'cmake_clean_cache': False, 'cmake_clean_first': False, 'cmake_force_configure': False, 'cmake_target': None, 'cmake_target_skip_unavailable': False, 'install_base': '/home/chemweno/Neural-Knights/install/articubot_one', 'merge_install': False, 'path': '/home/chemweno/Neural-Knights/src/articubot_one', 'symlink_install': True, 'test_result_base': None}
[2.001s] Level 5:colcon.colcon_core.verb:set package 'gazebo_ros2_control' build argument 'cmake_args' from command line to 'None'
[2.001s] Level 5:colcon.colcon_core.verb:set package 'gazebo_ros2_control' build argument 'cmake_target' from command line to 'None'
[2.001s] Level 5:colcon.colcon_core.verb:set package 'gazebo_ros2_control' build argument 'cmake_target_skip_unavailable' from command line to 'False'
[2.001s] Level 5:colcon.colcon_core.verb:set package 'gazebo_ros2_control' build argument 'cmake_clean_cache' from command line to 'False'
[2.002s] Level 5:colcon.colcon_core.verb:set package 'gazebo_ros2_control' build argument 'cmake_clean_first' from command line to 'False'
[2.002s] Level 5:colcon.colcon_core.verb:set package 'gazebo_ros2_control' build argument 'cmake_force_configure' from command line to 'False'
[2.002s] Level 5:colcon.colcon_core.verb:set package 'gazebo_ros2_control' build argument 'ament_cmake_args' from command line to 'None'
[2.002s] Level 5:colcon.colcon_core.verb:set package 'gazebo_ros2_control' build argument 'catkin_cmake_args' from command line to 'None'
[2.002s] Level 5:colcon.colcon_core.verb:set package 'gazebo_ros2_control' build argument 'catkin_skip_building_tests' from command line to 'False'
[2.002s] DEBUG:colcon.colcon_core.verb:Building package 'gazebo_ros2_control' with the following arguments: {'ament_cmake_args': None, 'build_base': '/home/chemweno/Neural-Knights/build/gazebo_ros2_control', 'catkin_cmake_args': None, 'catkin_skip_building_tests': False, 'cmake_args': None, 'cmake_clean_cache': False, 'cmake_clean_first': False, 'cmake_force_configure': False, 'cmake_target': None, 'cmake_target_skip_unavailable': False, 'install_base': '/home/chemweno/Neural-Knights/install/gazebo_ros2_control', 'merge_install': False, 'path': '/home/chemweno/Neural-Knights/src/gazebo_ros2_control/gazebo_ros2_control', 'symlink_install': True, 'test_result_base': None}
[2.005s] Level 5:colcon.colcon_core.verb:set package 'serial' build argument 'cmake_args' from command line to 'None'
[2.005s] Level 5:colcon.colcon_core.verb:set package 'serial' build argument 'cmake_target' from command line to 'None'
[2.005s] Level 5:colcon.colcon_core.verb:set package 'serial' build argument 'cmake_target_skip_unavailable' from command line to 'False'
[2.006s] Level 5:colcon.colcon_core.verb:set package 'serial' build argument 'cmake_clean_cache' from command line to 'False'
[2.006s] Level 5:colcon.colcon_core.verb:set package 'serial' build argument 'cmake_clean_first' from command line to 'False'
[2.006s] Level 5:colcon.colcon_core.verb:set package 'serial' build argument 'cmake_force_configure' from command line to 'False'
[2.006s] Level 5:colcon.colcon_core.verb:set package 'serial' build argument 'ament_cmake_args' from command line to 'None'
[2.006s] Level 5:colcon.colcon_core.verb:set package 'serial' build argument 'catkin_cmake_args' from command line to 'None'
[2.006s] Level 5:colcon.colcon_core.verb:set package 'serial' build argument 'catkin_skip_building_tests' from command line to 'False'
[2.007s] DEBUG:colcon.colcon_core.verb:Building package 'serial' with the following arguments: {'ament_cmake_args': None, 'build_base': '/home/chemweno/Neural-Knights/build/serial', 'catkin_cmake_args': None, 'catkin_skip_building_tests': False, 'cmake_args': None, 'cmake_clean_cache': False, 'cmake_clean_first': False, 'cmake_force_configure': False, 'cmake_target': None, 'cmake_target_skip_unavailable': False, 'install_base': '/home/chemweno/Neural-Knights/install/serial', 'merge_install': False, 'path': '/home/chemweno/Neural-Knights/src/serial', 'symlink_install': True, 'test_result_base': None}
[2.009s] Level 5:colcon.colcon_core.verb:set package 'diffdrive_arduino' build argument 'cmake_args' from command line to 'None'
[2.009s] Level 5:colcon.colcon_core.verb:set package 'diffdrive_arduino' build argument 'cmake_target' from command line to 'None'
[2.010s] Level 5:colcon.colcon_core.verb:set package 'diffdrive_arduino' build argument 'cmake_target_skip_unavailable' from command line to 'False'
[2.010s] Level 5:colcon.colcon_core.verb:set package 'diffdrive_arduino' build argument 'cmake_clean_cache' from command line to 'False'
[2.010s] Level 5:colcon.colcon_core.verb:set package 'diffdrive_arduino' build argument 'cmake_clean_first' from command line to 'False'
[2.010s] Level 5:colcon.colcon_core.verb:set package 'diffdrive_arduino' build argument 'cmake_force_configure' from command line to 'False'
[2.010s] Level 5:colcon.colcon_core.verb:set package 'diffdrive_arduino' build argument 'ament_cmake_args' from command line to 'None'
[2.010s] Level 5:colcon.colcon_core.verb:set package 'diffdrive_arduino' build argument 'catkin_cmake_args' from command line to 'None'
[2.010s] Level 5:colcon.colcon_core.verb:set package 'diffdrive_arduino' build argument 'catkin_skip_building_tests' from command line to 'False'
[2.010s] DEBUG:colcon.colcon_core.verb:Building package 'diffdrive_arduino' with the following arguments: {'ament_cmake_args': None, 'build_base': '/home/chemweno/Neural-Knights/build/diffdrive_arduino', 'catkin_cmake_args': None, 'catkin_skip_building_tests': False, 'cmake_args': None, 'cmake_clean_cache': False, 'cmake_clean_first': False, 'cmake_force_configure': False, 'cmake_target': None, 'cmake_target_skip_unavailable': False, 'install_base': '/home/chemweno/Neural-Knights/install/diffdrive_arduino', 'merge_install': False, 'path': '/home/chemweno/Neural-Knights/src/diffdrive_arduino', 'symlink_install': True, 'test_result_base': None}
[2.012s] Level 5:colcon.colcon_core.verb:set package 'gazebo_ros2_control_demos' build argument 'cmake_args' from command line to 'None'
[2.012s] Level 5:colcon.colcon_core.verb:set package 'gazebo_ros2_control_demos' build argument 'cmake_target' from command line to 'None'
[2.012s] Level 5:colcon.colcon_core.verb:set package 'gazebo_ros2_control_demos' build argument 'cmake_target_skip_unavailable' from command line to 'False'
[2.012s] Level 5:colcon.colcon_core.verb:set package 'gazebo_ros2_control_demos' build argument 'cmake_clean_cache' from command line to 'False'
[2.012s] Level 5:colcon.colcon_core.verb:set package 'gazebo_ros2_control_demos' build argument 'cmake_clean_first' from command line to 'False'
[2.012s] Level 5:colcon.colcon_core.verb:set package 'gazebo_ros2_control_demos' build argument 'cmake_force_configure' from command line to 'False'
[2.012s] Level 5:colcon.colcon_core.verb:set package 'gazebo_ros2_control_demos' build argument 'ament_cmake_args' from command line to 'None'
[2.012s] Level 5:colcon.colcon_core.verb:set package 'gazebo_ros2_control_demos' build argument 'catkin_cmake_args' from command line to 'None'
[2.012s] Level 5:colcon.colcon_core.verb:set package 'gazebo_ros2_control_demos' build argument 'catkin_skip_building_tests' from command line to 'False'
[2.013s] DEBUG:colcon.colcon_core.verb:Building package 'gazebo_ros2_control_demos' with the following arguments: {'ament_cmake_args': None, 'build_base': '/home/chemweno/Neural-Knights/build/gazebo_ros2_control_demos', 'catkin_cmake_args': None, 'catkin_skip_building_tests': False, 'cmake_args': None, 'cmake_clean_cache': False, 'cmake_clean_first': False, 'cmake_force_configure': False, 'cmake_target': None, 'cmake_target_skip_unavailable': False, 'install_base': '/home/chemweno/Neural-Knights/install/gazebo_ros2_control_demos', 'merge_install': False, 'path': '/home/chemweno/Neural-Knights/src/gazebo_ros2_control/gazebo_ros2_control_demos', 'symlink_install': True, 'test_result_base': None}
[2.013s] INFO:colcon.colcon_core.executor:Executing jobs using 'parallel' executor
[2.016s] DEBUG:colcon.colcon_parallel_executor.executor.parallel:run_until_complete
[2.017s] INFO:colcon.colcon_ros.task.ament_cmake.build:Building ROS package in '/home/chemweno/Neural-Knights/src/gazebo_ros2_control/gazebo_ros2_control' with build type 'ament_cmake'
[2.017s] INFO:colcon.colcon_cmake.task.cmake.build:Building CMake package in '/home/chemweno/Neural-Knights/src/gazebo_ros2_control/gazebo_ros2_control'
[2.026s] INFO:colcon.colcon_core.plugin_system:Skipping extension 'colcon_core.shell.bat': Not used on non-Windows systems
[2.026s] INFO:colcon.colcon_core.shell:Skip shell extension 'powershell' for command environment: Not usable outside of PowerShell
[2.027s] DEBUG:colcon.colcon_core.shell:Skip shell extension 'dsv' for command environment
[2.046s] INFO:colcon.colcon_ros.task.ament_cmake.build:Building ROS package in '/home/chemweno/Neural-Knights/src/serial' with build type 'ament_cmake'
[2.047s] INFO:colcon.colcon_cmake.task.cmake.build:Building CMake package in '/home/chemweno/Neural-Knights/src/serial'
[2.048s] INFO:colcon.colcon_core.shell:Skip shell extension 'powershell' for command environment: Not usable outside of PowerShell
[2.049s] DEBUG:colcon.colcon_core.shell:Skip shell extension 'dsv' for command environment
[2.065s] INFO:colcon.colcon_ros.task.ament_cmake.build:Building ROS package in '/home/chemweno/Neural-Knights/src/articubot_one' with build type 'ament_cmake'
[2.066s] INFO:colcon.colcon_cmake.task.cmake.build:Building CMake package in '/home/chemweno/Neural-Knights/src/articubot_one'
[2.067s] INFO:colcon.colcon_core.shell:Skip shell extension 'powershell' for command environment: Not usable outside of PowerShell
[2.068s] DEBUG:colcon.colcon_core.shell:Skip shell extension 'dsv' for command environment
[2.115s] DEBUG:colcon.colcon_core.event_handler.log_command:Invoking command in '/home/chemweno/Neural-Knights/build/gazebo_ros2_control': CMAKE_PREFIX_PATH=/opt/ros/humble /usr/bin/cmake /home/chemweno/Neural-Knights/src/gazebo_ros2_control/gazebo_ros2_control -DAMENT_CMAKE_SYMLINK_INSTALL=1 -DCMAKE_INSTALL_PREFIX=/home/chemweno/Neural-Knights/install/gazebo_ros2_control
[2.136s] DEBUG:colcon.colcon_core.event_handler.log_command:Invoking command in '/home/chemweno/Neural-Knights/build/serial': CMAKE_PREFIX_PATH=/opt/ros/humble /usr/bin/cmake /home/chemweno/Neural-Knights/src/serial -DAMENT_CMAKE_SYMLINK_INSTALL=1 -DCMAKE_INSTALL_PREFIX=/home/chemweno/Neural-Knights/install/serial
[2.192s] DEBUG:colcon.colcon_core.event_handler.log_command:Invoking command in '/home/chemweno/Neural-Knights/build/articubot_one': CMAKE_PREFIX_PATH=/opt/ros/humble /usr/bin/cmake /home/chemweno/Neural-Knights/src/articubot_one -DAMENT_CMAKE_SYMLINK_INSTALL=1 -DCMAKE_INSTALL_PREFIX=/home/chemweno/Neural-Knights/install/articubot_one
[6.205s] DEBUG:colcon.colcon_core.event_handler.log_command:Invoked command in '/home/chemweno/Neural-Knights/build/articubot_one' returned '0': CMAKE_PREFIX_PATH=/opt/ros/humble /usr/bin/cmake /home/chemweno/Neural-Knights/src/articubot_one -DAMENT_CMAKE_SYMLINK_INSTALL=1 -DCMAKE_INSTALL_PREFIX=/home/chemweno/Neural-Knights/install/articubot_one
[6.224s] DEBUG:colcon.colcon_core.event_handler.log_command:Invoking command in '/home/chemweno/Neural-Knights/build/articubot_one': CMAKE_PREFIX_PATH=/opt/ros/humble /usr/bin/cmake --build /home/chemweno/Neural-Knights/build/articubot_one -- -j4 -l4
[6.455s] DEBUG:colcon.colcon_core.event_handler.log_command:Invoked command in '/home/chemweno/Neural-Knights/build/articubot_one' returned '0': CMAKE_PREFIX_PATH=/opt/ros/humble /usr/bin/cmake --build /home/chemweno/Neural-Knights/build/articubot_one -- -j4 -l4
[6.498s] DEBUG:colcon.colcon_core.event_handler.log_command:Invoking command in '/home/chemweno/Neural-Knights/build/articubot_one': CMAKE_PREFIX_PATH=/opt/ros/humble /usr/bin/cmake --install /home/chemweno/Neural-Knights/build/articubot_one
[7.677s] DEBUG:colcon.colcon_core.event_handler.log_command:Invoked command in '/home/chemweno/Neural-Knights/build/serial' returned '0': CMAKE_PREFIX_PATH=/opt/ros/humble /usr/bin/cmake /home/chemweno/Neural-Knights/src/serial -DAMENT_CMAKE_SYMLINK_INSTALL=1 -DCMAKE_INSTALL_PREFIX=/home/chemweno/Neural-Knights/install/serial
[7.680s] DEBUG:colcon.colcon_core.event_handler.log_command:Invoking command in '/home/chemweno/Neural-Knights/build/serial': CMAKE_PREFIX_PATH=/opt/ros/humble /usr/bin/cmake --build /home/chemweno/Neural-Knights/build/serial -- -j4 -l4
[9.769s] Level 1:colcon.colcon_core.environment:create_environment_scripts_only(articubot_one)
[9.777s] DEBUG:colcon.colcon_core.event_handler.log_command:Invoked command in '/home/chemweno/Neural-Knights/build/articubot_one' returned '0': CMAKE_PREFIX_PATH=/opt/ros/humble /usr/bin/cmake --install /home/chemweno/Neural-Knights/build/articubot_one
[9.808s] Level 1:colcon.colcon_core.environment:checking '/home/chemweno/Neural-Knights/install/articubot_one' for CMake module files
[9.811s] Level 1:colcon.colcon_core.environment:checking '/home/chemweno/Neural-Knights/install/articubot_one' for CMake config files
[9.814s] Level 1:colcon.colcon_core.shell:create_environment_hook('articubot_one', 'cmake_prefix_path')
[9.815s] INFO:colcon.colcon_core.shell:Creating environment hook '/home/chemweno/Neural-Knights/install/articubot_one/share/articubot_one/hook/cmake_prefix_path.ps1'
[9.835s] INFO:colcon.colcon_core.shell:Creating environment descriptor '/home/chemweno/Neural-Knights/install/articubot_one/share/articubot_one/hook/cmake_prefix_path.dsv'
[9.848s] INFO:colcon.colcon_core.shell:Creating environment hook '/home/chemweno/Neural-Knights/install/articubot_one/share/articubot_one/hook/cmake_prefix_path.sh'
[9.870s] Level 1:colcon.colcon_core.environment:checking '/home/chemweno/Neural-Knights/install/articubot_one/bin'
[9.870s] Level 1:colcon.colcon_core.environment:checking '/home/chemweno/Neural-Knights/install/articubot_one/lib/pkgconfig/articubot_one.pc'
[9.872s] Level 1:colcon.colcon_core.environment:checking '/home/chemweno/Neural-Knights/install/articubot_one/lib/python3.10/site-packages'
[9.873s] Level 1:colcon.colcon_core.environment:checking '/home/chemweno/Neural-Knights/install/articubot_one/bin'
[9.875s] INFO:colcon.colcon_core.shell:Creating package script '/home/chemweno/Neural-Knights/install/articubot_one/share/articubot_one/package.ps1'
[9.899s] INFO:colcon.colcon_core.shell:Creating package descriptor '/home/chemweno/Neural-Knights/install/articubot_one/share/articubot_one/package.dsv'
[9.902s] INFO:colcon.colcon_core.shell:Creating package script '/home/chemweno/Neural-Knights/install/articubot_one/share/articubot_one/package.sh'
[9.907s] INFO:colcon.colcon_core.shell:Creating package script '/home/chemweno/Neural-Knights/install/articubot_one/share/articubot_one/package.bash'
[9.924s] INFO:colcon.colcon_core.shell:Creating package script '/home/chemweno/Neural-Knights/install/articubot_one/share/articubot_one/package.zsh'
[9.928s] Level 1:colcon.colcon_core.environment:create_file_with_runtime_dependencies(/home/chemweno/Neural-Knights/install/articubot_one/share/colcon-core/packages/articubot_one)
[9.932s] Level 1:colcon.colcon_core.environment:create_environment_scripts_only(articubot_one)
[9.933s] Level 1:colcon.colcon_core.environment:checking '/home/chemweno/Neural-Knights/install/articubot_one' for CMake module files
[9.946s] Level 1:colcon.colcon_core.environment:checking '/home/chemweno/Neural-Knights/install/articubot_one' for CMake config files
[9.948s] Level 1:colcon.colcon_core.shell:create_environment_hook('articubot_one', 'cmake_prefix_path')
[9.950s] INFO:colcon.colcon_core.shell:Creating environment hook '/home/chemweno/Neural-Knights/install/articubot_one/share/articubot_one/hook/cmake_prefix_path.ps1'
[9.952s] INFO:colcon.colcon_core.shell:Creating environment descriptor '/home/chemweno/Neural-Knights/install/articubot_one/share/articubot_one/hook/cmake_prefix_path.dsv'
[9.954s] INFO:colcon.colcon_core.shell:Creating environment hook '/home/chemweno/Neural-Knights/install/articubot_one/share/articubot_one/hook/cmake_prefix_path.sh'
[9.972s] Level 1:colcon.colcon_core.environment:checking '/home/chemweno/Neural-Knights/install/articubot_one/bin'
[9.972s] Level 1:colcon.colcon_core.environment:checking '/home/chemweno/Neural-Knights/install/articubot_one/lib/pkgconfig/articubot_one.pc'
[9.986s] Level 1:colcon.colcon_core.environment:checking '/home/chemweno/Neural-Knights/install/articubot_one/lib/python3.10/site-packages'
[9.987s] Level 1:colcon.colcon_core.environment:checking '/home/chemweno/Neural-Knights/install/articubot_one/bin'
[9.990s] INFO:colcon.colcon_core.shell:Creating package script '/home/chemweno/Neural-Knights/install/articubot_one/share/articubot_one/package.ps1'
[9.994s] INFO:colcon.colcon_core.shell:Creating package descriptor '/home/chemweno/Neural-Knights/install/articubot_one/share/articubot_one/package.dsv'
[10.008s] INFO:colcon.colcon_core.shell:Creating package script '/home/chemweno/Neural-Knights/install/articubot_one/share/articubot_one/package.sh'
[10.011s] INFO:colcon.colcon_core.shell:Creating package script '/home/chemweno/Neural-Knights/install/articubot_one/share/articubot_one/package.bash'
[10.014s] INFO:colcon.colcon_core.shell:Creating package script '/home/chemweno/Neural-Knights/install/articubot_one/share/articubot_one/package.zsh'
[10.027s] Level 1:colcon.colcon_core.environment:create_file_with_runtime_dependencies(/home/chemweno/Neural-Knights/install/articubot_one/share/colcon-core/packages/articubot_one)
[21.134s] DEBUG:colcon.colcon_core.event_handler.log_command:Invoked command in '/home/chemweno/Neural-Knights/build/gazebo_ros2_control' returned '0': CMAKE_PREFIX_PATH=/opt/ros/humble /usr/bin/cmake /home/chemweno/Neural-Knights/src/gazebo_ros2_control/gazebo_ros2_control -DAMENT_CMAKE_SYMLINK_INSTALL=1 -DCMAKE_INSTALL_PREFIX=/home/chemweno/Neural-Knights/install/gazebo_ros2_control
[21.137s] DEBUG:colcon.colcon_core.event_handler.log_command:Invoking command in '/home/chemweno/Neural-Knights/build/gazebo_ros2_control': CMAKE_PREFIX_PATH=/opt/ros/humble /usr/bin/cmake --build /home/chemweno/Neural-Knights/build/gazebo_ros2_control -- -j4 -l4
[46.888s] DEBUG:colcon.colcon_core.event_handler.log_command:Invoked command in '/home/chemweno/Neural-Knights/build/serial' returned '0': CMAKE_PREFIX_PATH=/opt/ros/humble /usr/bin/cmake --build /home/chemweno/Neural-Knights/build/serial -- -j4 -l4
[46.896s] DEBUG:colcon.colcon_core.event_handler.log_command:Invoking command in '/home/chemweno/Neural-Knights/build/serial': CMAKE_PREFIX_PATH=/opt/ros/humble /usr/bin/cmake --install /home/chemweno/Neural-Knights/build/serial
[47.660s] Level 1:colcon.colcon_core.environment:create_environment_scripts_only(serial)
[47.661s] Level 1:colcon.colcon_core.environment:checking '/home/chemweno/Neural-Knights/install/serial' for CMake module files
[47.663s] DEBUG:colcon.colcon_core.event_handler.log_command:Invoked command in '/home/chemweno/Neural-Knights/build/serial' returned '0': CMAKE_PREFIX_PATH=/opt/ros/humble /usr/bin/cmake --install /home/chemweno/Neural-Knights/build/serial
[47.665s] Level 1:colcon.colcon_core.environment:checking '/home/chemweno/Neural-Knights/install/serial' for CMake config files
[47.667s] Level 1:colcon.colcon_core.shell:create_environment_hook('serial', 'cmake_prefix_path')
[47.668s] INFO:colcon.colcon_core.shell:Creating environment hook '/home/chemweno/Neural-Knights/install/serial/share/serial/hook/cmake_prefix_path.ps1'
[47.670s] INFO:colcon.colcon_core.shell:Creating environment descriptor '/home/chemweno/Neural-Knights/install/serial/share/serial/hook/cmake_prefix_path.dsv'
[47.671s] INFO:colcon.colcon_core.shell:Creating environment hook '/home/chemweno/Neural-Knights/install/serial/share/serial/hook/cmake_prefix_path.sh'
[47.673s] Level 1:colcon.colcon_core.environment:checking '/home/chemweno/Neural-Knights/install/serial/lib'
[47.674s] Level 1:colcon.colcon_core.environment:checking '/home/chemweno/Neural-Knights/install/serial/bin'
[47.675s] Level 1:colcon.colcon_core.environment:checking '/home/chemweno/Neural-Knights/install/serial/lib/pkgconfig/serial.pc'
[47.675s] Level 1:colcon.colcon_core.environment:checking '/home/chemweno/Neural-Knights/install/serial/lib/python3.10/site-packages'
[47.676s] Level 1:colcon.colcon_core.environment:checking '/home/chemweno/Neural-Knights/install/serial/bin'
[47.677s] INFO:colcon.colcon_core.shell:Creating package script '/home/chemweno/Neural-Knights/install/serial/share/serial/package.ps1'
[47.679s] INFO:colcon.colcon_core.shell:Creating package descriptor '/home/chemweno/Neural-Knights/install/serial/share/serial/package.dsv'
[47.681s] INFO:colcon.colcon_core.shell:Creating package script '/home/chemweno/Neural-Knights/install/serial/share/serial/package.sh'
[47.682s] INFO:colcon.colcon_core.shell:Creating package script '/home/chemweno/Neural-Knights/install/serial/share/serial/package.bash'
[47.684s] INFO:colcon.colcon_core.shell:Creating package script '/home/chemweno/Neural-Knights/install/serial/share/serial/package.zsh'
[47.685s] Level 1:colcon.colcon_core.environment:create_file_with_runtime_dependencies(/home/chemweno/Neural-Knights/install/serial/share/colcon-core/packages/serial)
[47.688s] Level 1:colcon.colcon_core.environment:create_environment_scripts_only(serial)
[47.689s] Level 1:colcon.colcon_core.environment:checking '/home/chemweno/Neural-Knights/install/serial' for CMake module files
[47.690s] Level 1:colcon.colcon_core.environment:checking '/home/chemweno/Neural-Knights/install/serial' for CMake config files
[47.693s] Level 1:colcon.colcon_core.shell:create_environment_hook('serial', 'cmake_prefix_path')
[47.694s] INFO:colcon.colcon_core.shell:Creating environment hook '/home/chemweno/Neural-Knights/install/serial/share/serial/hook/cmake_prefix_path.ps1'
[47.696s] INFO:colcon.colcon_core.shell:Creating environment descriptor '/home/chemweno/Neural-Knights/install/serial/share/serial/hook/cmake_prefix_path.dsv'
[47.698s] INFO:colcon.colcon_core.shell:Creating environment hook '/home/chemweno/Neural-Knights/install/serial/share/serial/hook/cmake_prefix_path.sh'
[47.701s] Level 1:colcon.colcon_core.environment:checking '/home/chemweno/Neural-Knights/install/serial/lib'
[47.703s] Level 1:colcon.colcon_core.environment:checking '/home/chemweno/Neural-Knights/install/serial/bin'
[47.703s] Level 1:colcon.colcon_core.environment:checking '/home/chemweno/Neural-Knights/install/serial/lib/pkgconfig/serial.pc'
[47.704s] Level 1:colcon.colcon_core.environment:checking '/home/chemweno/Neural-Knights/install/serial/lib/python3.10/site-packages'
[47.705s] Level 1:colcon.colcon_core.environment:checking '/home/chemweno/Neural-Knights/install/serial/bin'
[47.706s] INFO:colcon.colcon_core.shell:Creating package script '/home/chemweno/Neural-Knights/install/serial/share/serial/package.ps1'
[47.708s] INFO:colcon.colcon_core.shell:Creating package descriptor '/home/chemweno/Neural-Knights/install/serial/share/serial/package.dsv'
[47.710s] INFO:colcon.colcon_core.shell:Creating package script '/home/chemweno/Neural-Knights/install/serial/share/serial/package.sh'
[47.712s] INFO:colcon.colcon_core.shell:Creating package script '/home/chemweno/Neural-Knights/install/serial/share/serial/package.bash'
[47.714s] INFO:colcon.colcon_core.shell:Creating package script '/home/chemweno/Neural-Knights/install/serial/share/serial/package.zsh'
[47.715s] Level 1:colcon.colcon_core.environment:create_file_with_runtime_dependencies(/home/chemweno/Neural-Knights/install/serial/share/colcon-core/packages/serial)
[47.716s] INFO:colcon.colcon_ros.task.ament_cmake.build:Building ROS package in '/home/chemweno/Neural-Knights/src/diffdrive_arduino' with build type 'ament_cmake'
[47.717s] INFO:colcon.colcon_cmake.task.cmake.build:Building CMake package in '/home/chemweno/Neural-Knights/src/diffdrive_arduino'
[47.719s] INFO:colcon.colcon_core.shell:Skip shell extension 'powershell' for command environment: Not usable outside of PowerShell
[47.722s] DEBUG:colcon.colcon_core.shell:Skip shell extension 'dsv' for command environment
[47.776s] DEBUG:colcon.colcon_core.event_handler.log_command:Invoking command in '/home/chemweno/Neural-Knights/build/diffdrive_arduino': AMENT_PREFIX_PATH=/home/chemweno/Neural-Knights/install/serial:${AMENT_PREFIX_PATH} CMAKE_PREFIX_PATH=/home/chemweno/Neural-Knights/install/serial:/opt/ros/humble LD_LIBRARY_PATH=/home/chemweno/Neural-Knights/install/serial/lib:${LD_LIBRARY_PATH} /usr/bin/cmake /home/chemweno/Neural-Knights/src/diffdrive_arduino -DAMENT_CMAKE_SYMLINK_INSTALL=1 -DCMAKE_INSTALL_PREFIX=/home/chemweno/Neural-Knights/install/diffdrive_arduino
[56.493s] DEBUG:colcon.colcon_core.event_handler.log_command:Invoked command in '/home/chemweno/Neural-Knights/build/diffdrive_arduino' returned '0': AMENT_PREFIX_PATH=/home/chemweno/Neural-Knights/install/serial:${AMENT_PREFIX_PATH} CMAKE_PREFIX_PATH=/home/chemweno/Neural-Knights/install/serial:/opt/ros/humble LD_LIBRARY_PATH=/home/chemweno/Neural-Knights/install/serial/lib:${LD_LIBRARY_PATH} /usr/bin/cmake /home/chemweno/Neural-Knights/src/diffdrive_arduino -DAMENT_CMAKE_SYMLINK_INSTALL=1 -DCMAKE_INSTALL_PREFIX=/home/chemweno/Neural-Knights/install/diffdrive_arduino
[56.504s] DEBUG:colcon.colcon_core.event_handler.log_command:Invoking command in '/home/chemweno/Neural-Knights/build/diffdrive_arduino': AMENT_PREFIX_PATH=/home/chemweno/Neural-Knights/install/serial:${AMENT_PREFIX_PATH} CMAKE_PREFIX_PATH=/home/chemweno/Neural-Knights/install/serial:/opt/ros/humble LD_LIBRARY_PATH=/home/chemweno/Neural-Knights/install/serial/lib:${LD_LIBRARY_PATH} /usr/bin/cmake --build /home/chemweno/Neural-Knights/build/diffdrive_arduino -- -j4 -l4
[115.552s] DEBUG:colcon.colcon_core.event_handler.log_command:Invoked command in '/home/chemweno/Neural-Knights/build/gazebo_ros2_control' returned '0': CMAKE_PREFIX_PATH=/opt/ros/humble /usr/bin/cmake --build /home/chemweno/Neural-Knights/build/gazebo_ros2_control -- -j4 -l4
[115.560s] DEBUG:colcon.colcon_core.event_handler.log_command:Invoking command in '/home/chemweno/Neural-Knights/build/gazebo_ros2_control': CMAKE_PREFIX_PATH=/opt/ros/humble /usr/bin/cmake --install /home/chemweno/Neural-Knights/build/gazebo_ros2_control
[116.456s] Level 1:colcon.colcon_core.environment:create_environment_scripts_only(gazebo_ros2_control)
[116.458s] Level 1:colcon.colcon_core.environment:checking '/home/chemweno/Neural-Knights/install/gazebo_ros2_control' for CMake module files
[116.470s] DEBUG:colcon.colcon_core.event_handler.log_command:Invoked command in '/home/chemweno/Neural-Knights/build/gazebo_ros2_control' returned '0': CMAKE_PREFIX_PATH=/opt/ros/humble /usr/bin/cmake --install /home/chemweno/Neural-Knights/build/gazebo_ros2_control
[116.474s] Level 1:colcon.colcon_core.environment:checking '/home/chemweno/Neural-Knights/install/gazebo_ros2_control' for CMake config files
[116.477s] Level 1:colcon.colcon_core.shell:create_environment_hook('gazebo_ros2_control', 'cmake_prefix_path')
[116.478s] INFO:colcon.colcon_core.shell:Creating environment hook '/home/chemweno/Neural-Knights/install/gazebo_ros2_control/share/gazebo_ros2_control/hook/cmake_prefix_path.ps1'
[116.482s] INFO:colcon.colcon_core.shell:Creating environment descriptor '/home/chemweno/Neural-Knights/install/gazebo_ros2_control/share/gazebo_ros2_control/hook/cmake_prefix_path.dsv'
[116.484s] INFO:colcon.colcon_core.shell:Creating environment hook '/home/chemweno/Neural-Knights/install/gazebo_ros2_control/share/gazebo_ros2_control/hook/cmake_prefix_path.sh'
[116.487s] Level 1:colcon.colcon_core.environment:checking '/home/chemweno/Neural-Knights/install/gazebo_ros2_control/lib'
[116.488s] Level 1:colcon.colcon_core.shell:create_environment_hook('gazebo_ros2_control', 'ld_library_path_lib')
[116.490s] INFO:colcon.colcon_core.shell:Creating environment hook '/home/chemweno/Neural-Knights/install/gazebo_ros2_control/share/gazebo_ros2_control/hook/ld_library_path_lib.ps1'
[116.494s] INFO:colcon.colcon_core.shell:Creating environment descriptor '/home/chemweno/Neural-Knights/install/gazebo_ros2_control/share/gazebo_ros2_control/hook/ld_library_path_lib.dsv'
[116.496s] INFO:colcon.colcon_core.shell:Creating environment hook '/home/chemweno/Neural-Knights/install/gazebo_ros2_control/share/gazebo_ros2_control/hook/ld_library_path_lib.sh'
[116.499s] Level 1:colcon.colcon_core.environment:checking '/home/chemweno/Neural-Knights/install/gazebo_ros2_control/bin'
[116.499s] Level 1:colcon.colcon_core.environment:checking '/home/chemweno/Neural-Knights/install/gazebo_ros2_control/lib/pkgconfig/gazebo_ros2_control.pc'
[116.502s] Level 1:colcon.colcon_core.environment:checking '/home/chemweno/Neural-Knights/install/gazebo_ros2_control/lib/python3.10/site-packages'
[116.504s] Level 1:colcon.colcon_core.environment:checking '/home/chemweno/Neural-Knights/install/gazebo_ros2_control/bin'
[116.507s] INFO:colcon.colcon_core.shell:Creating package script '/home/chemweno/Neural-Knights/install/gazebo_ros2_control/share/gazebo_ros2_control/package.ps1'
[116.512s] INFO:colcon.colcon_core.shell:Creating package descriptor '/home/chemweno/Neural-Knights/install/gazebo_ros2_control/share/gazebo_ros2_control/package.dsv'
[116.515s] INFO:colcon.colcon_core.shell:Creating package script '/home/chemweno/Neural-Knights/install/gazebo_ros2_control/share/gazebo_ros2_control/package.sh'
[116.518s] INFO:colcon.colcon_core.shell:Creating package script '/home/chemweno/Neural-Knights/install/gazebo_ros2_control/share/gazebo_ros2_control/package.bash'
[116.520s] INFO:colcon.colcon_core.shell:Creating package script '/home/chemweno/Neural-Knights/install/gazebo_ros2_control/share/gazebo_ros2_control/package.zsh'
[116.521s] Level 1:colcon.colcon_core.environment:create_file_with_runtime_dependencies(/home/chemweno/Neural-Knights/install/gazebo_ros2_control/share/colcon-core/packages/gazebo_ros2_control)
[116.525s] Level 1:colcon.colcon_core.environment:create_environment_scripts_only(gazebo_ros2_control)
[116.527s] Level 1:colcon.colcon_core.environment:checking '/home/chemweno/Neural-Knights/install/gazebo_ros2_control' for CMake module files
[116.530s] Level 1:colcon.colcon_core.environment:checking '/home/chemweno/Neural-Knights/install/gazebo_ros2_control' for CMake config files
[116.533s] Level 1:colcon.colcon_core.shell:create_environment_hook('gazebo_ros2_control', 'cmake_prefix_path')
[116.534s] INFO:colcon.colcon_core.shell:Creating environment hook '/home/chemweno/Neural-Knights/install/gazebo_ros2_control/share/gazebo_ros2_control/hook/cmake_prefix_path.ps1'
[116.536s] INFO:colcon.colcon_core.shell:Creating environment descriptor '/home/chemweno/Neural-Knights/install/gazebo_ros2_control/share/gazebo_ros2_control/hook/cmake_prefix_path.dsv'
[116.538s] INFO:colcon.colcon_core.shell:Creating environment hook '/home/chemweno/Neural-Knights/install/gazebo_ros2_control/share/gazebo_ros2_control/hook/cmake_prefix_path.sh'
[116.542s] Level 1:colcon.colcon_core.environment:checking '/home/chemweno/Neural-Knights/install/gazebo_ros2_control/lib'
[116.543s] Level 1:colcon.colcon_core.shell:create_environment_hook('gazebo_ros2_control', 'ld_library_path_lib')
[116.544s] INFO:colcon.colcon_core.shell:Creating environment hook '/home/chemweno/Neural-Knights/install/gazebo_ros2_control/share/gazebo_ros2_control/hook/ld_library_path_lib.ps1'
[116.547s] INFO:colcon.colcon_core.shell:Creating environment descriptor '/home/chemweno/Neural-Knights/install/gazebo_ros2_control/share/gazebo_ros2_control/hook/ld_library_path_lib.dsv'
[116.549s] INFO:colcon.colcon_core.shell:Creating environment hook '/home/chemweno/Neural-Knights/install/gazebo_ros2_control/share/gazebo_ros2_control/hook/ld_library_path_lib.sh'
[116.551s] Level 1:colcon.colcon_core.environment:checking '/home/chemweno/Neural-Knights/install/gazebo_ros2_control/bin'
[116.552s] Level 1:colcon.colcon_core.environment:checking '/home/chemweno/Neural-Knights/install/gazebo_ros2_control/lib/pkgconfig/gazebo_ros2_control.pc'
[116.554s] Level 1:colcon.colcon_core.environment:checking '/home/chemweno/Neural-Knights/install/gazebo_ros2_control/lib/python3.10/site-packages'
[116.556s] Level 1:colcon.colcon_core.environment:checking '/home/chemweno/Neural-Knights/install/gazebo_ros2_control/bin'
[116.558s] INFO:colcon.colcon_core.shell:Creating package script '/home/chemweno/Neural-Knights/install/gazebo_ros2_control/share/gazebo_ros2_control/package.ps1'
[116.562s] INFO:colcon.colcon_core.shell:Creating package descriptor '/home/chemweno/Neural-Knights/install/gazebo_ros2_control/share/gazebo_ros2_control/package.dsv'
[116.567s] INFO:colcon.colcon_core.shell:Creating package script '/home/chemweno/Neural-Knights/install/gazebo_ros2_control/share/gazebo_ros2_control/package.sh'
[116.569s] INFO:colcon.colcon_core.shell:Creating package script '/home/chemweno/Neural-Knights/install/gazebo_ros2_control/share/gazebo_ros2_control/package.bash'
[116.573s] INFO:colcon.colcon_core.shell:Creating package script '/home/chemweno/Neural-Knights/install/gazebo_ros2_control/share/gazebo_ros2_control/package.zsh'
[116.576s] Level 1:colcon.colcon_core.environment:create_file_with_runtime_dependencies(/home/chemweno/Neural-Knights/install/gazebo_ros2_control/share/colcon-core/packages/gazebo_ros2_control)
[116.579s] INFO:colcon.colcon_ros.task.ament_cmake.build:Building ROS package in '/home/chemweno/Neural-Knights/src/gazebo_ros2_control/gazebo_ros2_control_demos' with build type 'ament_cmake'
[116.580s] INFO:colcon.colcon_cmake.task.cmake.build:Building CMake package in '/home/chemweno/Neural-Knights/src/gazebo_ros2_control/gazebo_ros2_control_demos'
[116.582s] INFO:colcon.colcon_core.shell:Skip shell extension 'powershell' for command environment: Not usable outside of PowerShell
[116.582s] DEBUG:colcon.colcon_core.shell:Skip shell extension 'dsv' for command environment
[116.635s] DEBUG:colcon.colcon_core.event_handler.log_command:Invoking command in '/home/chemweno/Neural-Knights/build/gazebo_ros2_control_demos': AMENT_PREFIX_PATH=/home/chemweno/Neural-Knights/install/gazebo_ros2_control:${AMENT_PREFIX_PATH} CMAKE_PREFIX_PATH=/home/chemweno/Neural-Knights/install/gazebo_ros2_control:/opt/ros/humble LD_LIBRARY_PATH=/home/chemweno/Neural-Knights/install/gazebo_ros2_control/lib:${LD_LIBRARY_PATH} /usr/bin/cmake /home/chemweno/Neural-Knights/src/gazebo_ros2_control/gazebo_ros2_control_demos -DAMENT_CMAKE_SYMLINK_INSTALL=1 -DCMAKE_INSTALL_PREFIX=/home/chemweno/Neural-Knights/install/gazebo_ros2_control_demos
[118.443s] DEBUG:colcon.colcon_core.event_handler.log_command:Invoked command in '/home/chemweno/Neural-Knights/build/diffdrive_arduino' returned '0': AMENT_PREFIX_PATH=/home/chemweno/Neural-Knights/install/serial:${AMENT_PREFIX_PATH} CMAKE_PREFIX_PATH=/home/chemweno/Neural-Knights/install/serial:/opt/ros/humble LD_LIBRARY_PATH=/home/chemweno/Neural-Knights/install/serial/lib:${LD_LIBRARY_PATH} /usr/bin/cmake --build /home/chemweno/Neural-Knights/build/diffdrive_arduino -- -j4 -l4
[118.450s] DEBUG:colcon.colcon_core.event_handler.log_command:Invoking command in '/home/chemweno/Neural-Knights/build/diffdrive_arduino': AMENT_PREFIX_PATH=/home/chemweno/Neural-Knights/install/serial:${AMENT_PREFIX_PATH} CMAKE_PREFIX_PATH=/home/chemweno/Neural-Knights/install/serial:/opt/ros/humble LD_LIBRARY_PATH=/home/chemweno/Neural-Knights/install/serial/lib:${LD_LIBRARY_PATH} /usr/bin/cmake --install /home/chemweno/Neural-Knights/build/diffdrive_arduino
[119.480s] Level 1:colcon.colcon_core.environment:create_environment_scripts_only(diffdrive_arduino)
[119.482s] Level 1:colcon.colcon_core.environment:checking '/home/chemweno/Neural-Knights/install/diffdrive_arduino' for CMake module files
[119.483s] DEBUG:colcon.colcon_core.event_handler.log_command:Invoked command in '/home/chemweno/Neural-Knights/build/diffdrive_arduino' returned '0': AMENT_PREFIX_PATH=/home/chemweno/Neural-Knights/install/serial:${AMENT_PREFIX_PATH} CMAKE_PREFIX_PATH=/home/chemweno/Neural-Knights/install/serial:/opt/ros/humble LD_LIBRARY_PATH=/home/chemweno/Neural-Knights/install/serial/lib:${LD_LIBRARY_PATH} /usr/bin/cmake --install /home/chemweno/Neural-Knights/build/diffdrive_arduino
[119.487s] Level 1:colcon.colcon_core.environment:checking '/home/chemweno/Neural-Knights/install/diffdrive_arduino' for CMake config files
[119.489s] Level 1:colcon.colcon_core.shell:create_environment_hook('diffdrive_arduino', 'cmake_prefix_path')
[119.491s] INFO:colcon.colcon_core.shell:Creating environment hook '/home/chemweno/Neural-Knights/install/diffdrive_arduino/share/diffdrive_arduino/hook/cmake_prefix_path.ps1'
[119.494s] INFO:colcon.colcon_core.shell:Creating environment descriptor '/home/chemweno/Neural-Knights/install/diffdrive_arduino/share/diffdrive_arduino/hook/cmake_prefix_path.dsv'
[119.496s] INFO:colcon.colcon_core.shell:Creating environment hook '/home/chemweno/Neural-Knights/install/diffdrive_arduino/share/diffdrive_arduino/hook/cmake_prefix_path.sh'
[119.499s] Level 1:colcon.colcon_core.environment:checking '/home/chemweno/Neural-Knights/install/diffdrive_arduino/lib'
[119.499s] Level 1:colcon.colcon_core.shell:create_environment_hook('diffdrive_arduino', 'ld_library_path_lib')
[119.501s] INFO:colcon.colcon_core.shell:Creating environment hook '/home/chemweno/Neural-Knights/install/diffdrive_arduino/share/diffdrive_arduino/hook/ld_library_path_lib.ps1'
[119.503s] INFO:colcon.colcon_core.shell:Creating environment descriptor '/home/chemweno/Neural-Knights/install/diffdrive_arduino/share/diffdrive_arduino/hook/ld_library_path_lib.dsv'
[119.505s] INFO:colcon.colcon_core.shell:Creating environment hook '/home/chemweno/Neural-Knights/install/diffdrive_arduino/share/diffdrive_arduino/hook/ld_library_path_lib.sh'
[119.508s] Level 1:colcon.colcon_core.environment:checking '/home/chemweno/Neural-Knights/install/diffdrive_arduino/bin'
[119.508s] Level 1:colcon.colcon_core.environment:checking '/home/chemweno/Neural-Knights/install/diffdrive_arduino/lib/pkgconfig/diffdrive_arduino.pc'
[119.510s] Level 1:colcon.colcon_core.environment:checking '/home/chemweno/Neural-Knights/install/diffdrive_arduino/lib/python3.10/site-packages'
[119.512s] Level 1:colcon.colcon_core.environment:checking '/home/chemweno/Neural-Knights/install/diffdrive_arduino/bin'
[119.515s] INFO:colcon.colcon_core.shell:Creating package script '/home/chemweno/Neural-Knights/install/diffdrive_arduino/share/diffdrive_arduino/package.ps1'
[119.519s] INFO:colcon.colcon_core.shell:Creating package descriptor '/home/chemweno/Neural-Knights/install/diffdrive_arduino/share/diffdrive_arduino/package.dsv'
[119.522s] INFO:colcon.colcon_core.shell:Creating package script '/home/chemweno/Neural-Knights/install/diffdrive_arduino/share/diffdrive_arduino/package.sh'
[119.525s] INFO:colcon.colcon_core.shell:Creating package script '/home/chemweno/Neural-Knights/install/diffdrive_arduino/share/diffdrive_arduino/package.bash'
[119.527s] INFO:colcon.colcon_core.shell:Creating package script '/home/chemweno/Neural-Knights/install/diffdrive_arduino/share/diffdrive_arduino/package.zsh'
[119.529s] Level 1:colcon.colcon_core.environment:create_file_with_runtime_dependencies(/home/chemweno/Neural-Knights/install/diffdrive_arduino/share/colcon-core/packages/diffdrive_arduino)
[119.532s] Level 1:colcon.colcon_core.environment:create_environment_scripts_only(diffdrive_arduino)
[119.534s] Level 1:colcon.colcon_core.environment:checking '/home/chemweno/Neural-Knights/install/diffdrive_arduino' for CMake module files
[119.537s] Level 1:colcon.colcon_core.environment:checking '/home/chemweno/Neural-Knights/install/diffdrive_arduino' for CMake config files
[119.539s] Level 1:colcon.colcon_core.shell:create_environment_hook('diffdrive_arduino', 'cmake_prefix_path')
[119.541s] INFO:colcon.colcon_core.shell:Creating environment hook '/home/chemweno/Neural-Knights/install/diffdrive_arduino/share/diffdrive_arduino/hook/cmake_prefix_path.ps1'
[119.543s] INFO:colcon.colcon_core.shell:Creating environment descriptor '/home/chemweno/Neural-Knights/install/diffdrive_arduino/share/diffdrive_arduino/hook/cmake_prefix_path.dsv'
[119.545s] INFO:colcon.colcon_core.shell:Creating environment hook '/home/chemweno/Neural-Knights/install/diffdrive_arduino/share/diffdrive_arduino/hook/cmake_prefix_path.sh'
[119.549s] Level 1:colcon.colcon_core.environment:checking '/home/chemweno/Neural-Knights/install/diffdrive_arduino/lib'
[119.550s] Level 1:colcon.colcon_core.shell:create_environment_hook('diffdrive_arduino', 'ld_library_path_lib')
[119.553s] INFO:colcon.colcon_core.shell:Creating environment hook '/home/chemweno/Neural-Knights/install/diffdrive_arduino/share/diffdrive_arduino/hook/ld_library_path_lib.ps1'
[119.555s] INFO:colcon.colcon_core.shell:Creating environment descriptor '/home/chemweno/Neural-Knights/install/diffdrive_arduino/share/diffdrive_arduino/hook/ld_library_path_lib.dsv'
[119.557s] INFO:colcon.colcon_core.shell:Creating environment hook '/home/chemweno/Neural-Knights/install/diffdrive_arduino/share/diffdrive_arduino/hook/ld_library_path_lib.sh'
[119.559s] Level 1:colcon.colcon_core.environment:checking '/home/chemweno/Neural-Knights/install/diffdrive_arduino/bin'
[119.560s] Level 1:colcon.colcon_core.environment:checking '/home/chemweno/Neural-Knights/install/diffdrive_arduino/lib/pkgconfig/diffdrive_arduino.pc'
[119.561s] Level 1:colcon.colcon_core.environment:checking '/home/chemweno/Neural-Knights/install/diffdrive_arduino/lib/python3.10/site-packages'
[119.563s] Level 1:colcon.colcon_core.environment:checking '/home/chemweno/Neural-Knights/install/diffdrive_arduino/bin'
[119.565s] INFO:colcon.colcon_core.shell:Creating package script '/home/chemweno/Neural-Knights/install/diffdrive_arduino/share/diffdrive_arduino/package.ps1'
[119.568s] INFO:colcon.colcon_core.shell:Creating package descriptor '/home/chemweno/Neural-Knights/install/diffdrive_arduino/share/diffdrive_arduino/package.dsv'
[119.571s] INFO:colcon.colcon_core.shell:Creating package script '/home/chemweno/Neural-Knights/install/diffdrive_arduino/share/diffdrive_arduino/package.sh'
[119.575s] INFO:colcon.colcon_core.shell:Creating package script '/home/chemweno/Neural-Knights/install/diffdrive_arduino/share/diffdrive_arduino/package.bash'
[119.578s] INFO:colcon.colcon_core.shell:Creating package script '/home/chemweno/Neural-Knights/install/diffdrive_arduino/share/diffdrive_arduino/package.zsh'
[119.580s] Level 1:colcon.colcon_core.environment:create_file_with_runtime_dependencies(/home/chemweno/Neural-Knights/install/diffdrive_arduino/share/colcon-core/packages/diffdrive_arduino)
[122.399s] DEBUG:colcon.colcon_core.event_handler.log_command:Invoked command in '/home/chemweno/Neural-Knights/build/gazebo_ros2_control_demos' returned '0': AMENT_PREFIX_PATH=/home/chemweno/Neural-Knights/install/gazebo_ros2_control:${AMENT_PREFIX_PATH} CMAKE_PREFIX_PATH=/home/chemweno/Neural-Knights/install/gazebo_ros2_control:/opt/ros/humble LD_LIBRARY_PATH=/home/chemweno/Neural-Knights/install/gazebo_ros2_control/lib:${LD_LIBRARY_PATH} /usr/bin/cmake /home/chemweno/Neural-Knights/src/gazebo_ros2_control/gazebo_ros2_control_demos -DAMENT_CMAKE_SYMLINK_INSTALL=1 -DCMAKE_INSTALL_PREFIX=/home/chemweno/Neural-Knights/install/gazebo_ros2_control_demos
[122.402s] DEBUG:colcon.colcon_core.event_handler.log_command:Invoking command in '/home/chemweno/Neural-Knights/build/gazebo_ros2_control_demos': AMENT_PREFIX_PATH=/home/chemweno/Neural-Knights/install/gazebo_ros2_control:${AMENT_PREFIX_PATH} CMAKE_PREFIX_PATH=/home/chemweno/Neural-Knights/install/gazebo_ros2_control:/opt/ros/humble LD_LIBRARY_PATH=/home/chemweno/Neural-Knights/install/gazebo_ros2_control/lib:${LD_LIBRARY_PATH} /usr/bin/cmake --build /home/chemweno/Neural-Knights/build/gazebo_ros2_control_demos -- -j4 -l4
[208.318s] DEBUG:colcon.colcon_core.event_handler.log_command:Invoked command in '/home/chemweno/Neural-Knights/build/gazebo_ros2_control_demos' returned '0': AMENT_PREFIX_PATH=/home/chemweno/Neural-Knights/install/gazebo_ros2_control:${AMENT_PREFIX_PATH} CMAKE_PREFIX_PATH=/home/chemweno/Neural-Knights/install/gazebo_ros2_control:/opt/ros/humble LD_LIBRARY_PATH=/home/chemweno/Neural-Knights/install/gazebo_ros2_control/lib:${LD_LIBRARY_PATH} /usr/bin/cmake --build /home/chemweno/Neural-Knights/build/gazebo_ros2_control_demos -- -j4 -l4
[208.325s] DEBUG:colcon.colcon_core.event_handler.log_command:Invoking command in '/home/chemweno/Neural-Knights/build/gazebo_ros2_control_demos': AMENT_PREFIX_PATH=/home/chemweno/Neural-Knights/install/gazebo_ros2_control:${AMENT_PREFIX_PATH} CMAKE_PREFIX_PATH=/home/chemweno/Neural-Knights/install/gazebo_ros2_control:/opt/ros/humble LD_LIBRARY_PATH=/home/chemweno/Neural-Knights/install/gazebo_ros2_control/lib:${LD_LIBRARY_PATH} /usr/bin/cmake --install /home/chemweno/Neural-Knights/build/gazebo_ros2_control_demos
[210.105s] Level 1:colcon.colcon_core.environment:create_environment_scripts_only(gazebo_ros2_control_demos)
[210.107s] Level 1:colcon.colcon_core.environment:checking '/home/chemweno/Neural-Knights/install/gazebo_ros2_control_demos' for CMake module files
[210.109s] DEBUG:colcon.colcon_core.event_handler.log_command:Invoked command in '/home/chemweno/Neural-Knights/build/gazebo_ros2_control_demos' returned '0': AMENT_PREFIX_PATH=/home/chemweno/Neural-Knights/install/gazebo_ros2_control:${AMENT_PREFIX_PATH} CMAKE_PREFIX_PATH=/home/chemweno/Neural-Knights/install/gazebo_ros2_control:/opt/ros/humble LD_LIBRARY_PATH=/home/chemweno/Neural-Knights/install/gazebo_ros2_control/lib:${LD_LIBRARY_PATH} /usr/bin/cmake --install /home/chemweno/Neural-Knights/build/gazebo_ros2_control_demos
[210.112s] Level 1:colcon.colcon_core.environment:checking '/home/chemweno/Neural-Knights/install/gazebo_ros2_control_demos' for CMake config files
[210.115s] Level 1:colcon.colcon_core.shell:create_environment_hook('gazebo_ros2_control_demos', 'cmake_prefix_path')
[210.117s] INFO:colcon.colcon_core.shell:Creating environment hook '/home/chemweno/Neural-Knights/install/gazebo_ros2_control_demos/share/gazebo_ros2_control_demos/hook/cmake_prefix_path.ps1'
[210.120s] INFO:colcon.colcon_core.shell:Creating environment descriptor '/home/chemweno/Neural-Knights/install/gazebo_ros2_control_demos/share/gazebo_ros2_control_demos/hook/cmake_prefix_path.dsv'
[210.122s] INFO:colcon.colcon_core.shell:Creating environment hook '/home/chemweno/Neural-Knights/install/gazebo_ros2_control_demos/share/gazebo_ros2_control_demos/hook/cmake_prefix_path.sh'
[210.126s] Level 1:colcon.colcon_core.environment:checking '/home/chemweno/Neural-Knights/install/gazebo_ros2_control_demos/lib'
[210.126s] Level 1:colcon.colcon_core.environment:checking '/home/chemweno/Neural-Knights/install/gazebo_ros2_control_demos/bin'
[210.127s] Level 1:colcon.colcon_core.environment:checking '/home/chemweno/Neural-Knights/install/gazebo_ros2_control_demos/lib/pkgconfig/gazebo_ros2_control_demos.pc'
[210.129s] Level 1:colcon.colcon_core.environment:checking '/home/chemweno/Neural-Knights/install/gazebo_ros2_control_demos/lib/python3.10/site-packages'
[210.130s] Level 1:colcon.colcon_core.environment:checking '/home/chemweno/Neural-Knights/install/gazebo_ros2_control_demos/bin'
[210.132s] INFO:colcon.colcon_core.shell:Creating package script '/home/chemweno/Neural-Knights/install/gazebo_ros2_control_demos/share/gazebo_ros2_control_demos/package.ps1'
[210.135s] INFO:colcon.colcon_core.shell:Creating package descriptor '/home/chemweno/Neural-Knights/install/gazebo_ros2_control_demos/share/gazebo_ros2_control_demos/package.dsv'
[210.136s] INFO:colcon.colcon_core.shell:Creating package script '/home/chemweno/Neural-Knights/install/gazebo_ros2_control_demos/share/gazebo_ros2_control_demos/package.sh'
[210.138s] INFO:colcon.colcon_core.shell:Creating package script '/home/chemweno/Neural-Knights/install/gazebo_ros2_control_demos/share/gazebo_ros2_control_demos/package.bash'
[210.139s] INFO:colcon.colcon_core.shell:Creating package script '/home/chemweno/Neural-Knights/install/gazebo_ros2_control_demos/share/gazebo_ros2_control_demos/package.zsh'
[210.141s] Level 1:colcon.colcon_core.environment:create_file_with_runtime_dependencies(/home/chemweno/Neural-Knights/install/gazebo_ros2_control_demos/share/colcon-core/packages/gazebo_ros2_control_demos)
[210.144s] Level 1:colcon.colcon_core.environment:create_environment_scripts_only(gazebo_ros2_control_demos)
[210.146s] Level 1:colcon.colcon_core.environment:checking '/home/chemweno/Neural-Knights/install/gazebo_ros2_control_demos' for CMake module files
[210.148s] Level 1:colcon.colcon_core.environment:checking '/home/chemweno/Neural-Knights/install/gazebo_ros2_control_demos' for CMake config files
[210.149s] Level 1:colcon.colcon_core.shell:create_environment_hook('gazebo_ros2_control_demos', 'cmake_prefix_path')
[210.150s] INFO:colcon.colcon_core.shell:Creating environment hook '/home/chemweno/Neural-Knights/install/gazebo_ros2_control_demos/share/gazebo_ros2_control_demos/hook/cmake_prefix_path.ps1'
[210.152s] INFO:colcon.colcon_core.shell:Creating environment descriptor '/home/chemweno/Neural-Knights/install/gazebo_ros2_control_demos/share/gazebo_ros2_control_demos/hook/cmake_prefix_path.dsv'
[210.153s] INFO:colcon.colcon_core.shell:Creating environment hook '/home/chemweno/Neural-Knights/install/gazebo_ros2_control_demos/share/gazebo_ros2_control_demos/hook/cmake_prefix_path.sh'
[210.155s] Level 1:colcon.colcon_core.environment:checking '/home/chemweno/Neural-Knights/install/gazebo_ros2_control_demos/lib'
[210.156s] Level 1:colcon.colcon_core.environment:checking '/home/chemweno/Neural-Knights/install/gazebo_ros2_control_demos/bin'
[210.156s] Level 1:colcon.colcon_core.environment:checking '/home/chemweno/Neural-Knights/install/gazebo_ros2_control_demos/lib/pkgconfig/gazebo_ros2_control_demos.pc'
[210.157s] Level 1:colcon.colcon_core.environment:checking '/home/chemweno/Neural-Knights/install/gazebo_ros2_control_demos/lib/python3.10/site-packages'
[210.157s] Level 1:colcon.colcon_core.environment:checking '/home/chemweno/Neural-Knights/install/gazebo_ros2_control_demos/bin'
[210.159s] INFO:colcon.colcon_core.shell:Creating package script '/home/chemweno/Neural-Knights/install/gazebo_ros2_control_demos/share/gazebo_ros2_control_demos/package.ps1'
[210.160s] INFO:colcon.colcon_core.shell:Creating package descriptor '/home/chemweno/Neural-Knights/install/gazebo_ros2_control_demos/share/gazebo_ros2_control_demos/package.dsv'
[210.163s] INFO:colcon.colcon_core.shell:Creating package script '/home/chemweno/Neural-Knights/install/gazebo_ros2_control_demos/share/gazebo_ros2_control_demos/package.sh'
[210.164s] INFO:colcon.colcon_core.shell:Creating package script '/home/chemweno/Neural-Knights/install/gazebo_ros2_control_demos/share/gazebo_ros2_control_demos/package.bash'
[210.166s] INFO:colcon.colcon_core.shell:Creating package script '/home/chemweno/Neural-Knights/install/gazebo_ros2_control_demos/share/gazebo_ros2_control_demos/package.zsh'
[210.167s] Level 1:colcon.colcon_core.environment:create_file_with_runtime_dependencies(/home/chemweno/Neural-Knights/install/gazebo_ros2_control_demos/share/colcon-core/packages/gazebo_ros2_control_demos)
[210.168s] DEBUG:colcon.colcon_parallel_executor.executor.parallel:closing loop
[210.169s] DEBUG:colcon.colcon_parallel_executor.executor.parallel:loop closed
[210.170s] DEBUG:colcon.colcon_parallel_executor.executor.parallel:run_until_complete finished with '0'
[210.170s] DEBUG:colcon.colcon_core.event_reactor:joining thread
[210.193s] INFO:colcon.colcon_core.plugin_system:Skipping extension 'colcon_notification.desktop_notification.terminal_notifier': Not used on non-Darwin systems
[210.193s] INFO:colcon.colcon_core.plugin_system:Skipping extension 'colcon_notification.desktop_notification.win32': Not used on non-Windows systems
[210.194s] INFO:colcon.colcon_notification.desktop_notification:Sending desktop notification using 'notify2'
[210.253s] DEBUG:colcon.colcon_core.event_reactor:joined thread
[210.254s] INFO:colcon.colcon_core.shell:Creating prefix script '/home/chemweno/Neural-Knights/install/local_setup.ps1'
[210.260s] INFO:colcon.colcon_core.shell:Creating prefix util module '/home/chemweno/Neural-Knights/install/_local_setup_util_ps1.py'
[210.270s] INFO:colcon.colcon_core.shell:Creating prefix chain script '/home/chemweno/Neural-Knights/install/setup.ps1'
[210.276s] INFO:colcon.colcon_core.shell:Creating prefix script '/home/chemweno/Neural-Knights/install/local_setup.sh'
[210.280s] INFO:colcon.colcon_core.shell:Creating prefix util module '/home/chemweno/Neural-Knights/install/_local_setup_util_sh.py'
[210.284s] INFO:colcon.colcon_core.shell:Creating prefix chain script '/home/chemweno/Neural-Knights/install/setup.sh'
[210.291s] INFO:colcon.colcon_core.shell:Creating prefix script '/home/chemweno/Neural-Knights/install/local_setup.bash'
[210.295s] INFO:colcon.colcon_core.shell:Creating prefix chain script '/home/chemweno/Neural-Knights/install/setup.bash'
[210.300s] INFO:colcon.colcon_core.shell:Creating prefix script '/home/chemweno/Neural-Knights/install/local_setup.zsh'
[210.304s] INFO:colcon.colcon_core.shell:Creating prefix chain script '/home/chemweno/Neural-Knights/install/setup.zsh'
