[0.077s] Invoking command in '/home/chemweno/Neural-Knights/build/articubot_one': CMAKE_PREFIX_PATH=${CMAKE_PREFIX_PATH}:/opt/ros/humble /usr/bin/cmake --build /home/chemweno/Neural-Knights/build/articubot_one -- -j4 -l4
[0.340s] Invoked command in '/home/chemweno/Neural-Knights/build/articubot_one' returned '0': CMAKE_PREFIX_PATH=${CMAKE_PREFIX_PATH}:/opt/ros/humble /usr/bin/cmake --build /home/chemweno/Neural-Knights/build/articubot_one -- -j4 -l4
[0.402s] Invoking command in '/home/chemweno/Neural-Knights/build/articubot_one': CMAKE_PREFIX_PATH=${CMAKE_PREFIX_PATH}:/opt/ros/humble /usr/bin/cmake --install /home/chemweno/Neural-Knights/build/articubot_one
[0.480s] -- Install configuration: ""
[0.481s] -- Execute custom install script
[0.492s] -- Up-to-date symlink: /home/chemweno/Neural-Knights/install/articubot_one/share/articubot_one/config/empty.yaml
[0.494s] -- Up-to-date symlink: /home/chemweno/Neural-Knights/install/articubot_one/share/articubot_one/config/gaz_ros2_ctl_use_sim.yaml
[0.495s] -- Up-to-date symlink: /home/chemweno/Neural-Knights/install/articubot_one/share/articubot_one/config/gazebo_params.yaml
[0.497s] -- Up-to-date symlink: /home/chemweno/Neural-Knights/install/articubot_one/share/articubot_one/config/joystick.yaml
[0.498s] -- Up-to-date symlink: /home/chemweno/Neural-Knights/install/articubot_one/share/articubot_one/config/map_navigation.rviz
[0.500s] -- Up-to-date symlink: /home/chemweno/Neural-Knights/install/articubot_one/share/articubot_one/config/mapper_params_online_async.yaml
[0.502s] -- Up-to-date symlink: /home/chemweno/Neural-Knights/install/articubot_one/share/articubot_one/config/my_controllers.yaml
[0.504s] -- Up-to-date symlink: /home/chemweno/Neural-Knights/install/articubot_one/share/articubot_one/config/nav2_params.yaml
[0.504s] -- Up-to-date symlink: /home/chemweno/Neural-Knights/install/articubot_one/share/articubot_one/config/twist_mux.yaml
[0.508s] -- Up-to-date symlink: /home/chemweno/Neural-Knights/install/articubot_one/share/articubot_one/config/view_bot.rviz
[0.528s] -- Up-to-date symlink: /home/chemweno/Neural-Knights/install/articubot_one/share/articubot_one/description/gazebo_control.xacro
[0.529s] -- Up-to-date symlink: /home/chemweno/Neural-Knights/install/articubot_one/share/articubot_one/description/inertial_macros.xacro
[0.529s] -- Up-to-date symlink: /home/chemweno/Neural-Knights/install/articubot_one/share/articubot_one/description/robot.urdf.xacro
[0.531s] -- Up-to-date symlink: /home/chemweno/Neural-Knights/install/articubot_one/share/articubot_one/description/robot_all.xacro
[0.532s] -- Up-to-date symlink: /home/chemweno/Neural-Knights/install/articubot_one/share/articubot_one/description/ros2_control.xacro
[0.534s] -- Up-to-date symlink: /home/chemweno/Neural-Knights/install/articubot_one/share/articubot_one/launch/joystick.launch.py
[0.535s] -- Up-to-date symlink: /home/chemweno/Neural-Knights/install/articubot_one/share/articubot_one/launch/launch_robot.launch.py
[0.548s] -- Up-to-date symlink: /home/chemweno/Neural-Knights/install/articubot_one/share/articubot_one/launch/launch_sim.launch.py
[0.549s] -- Up-to-date symlink: /home/chemweno/Neural-Knights/install/articubot_one/share/articubot_one/launch/localization_launch.py
[0.550s] -- Up-to-date symlink: /home/chemweno/Neural-Knights/install/articubot_one/share/articubot_one/launch/navigation_launch.py
[0.551s] -- Up-to-date symlink: /home/chemweno/Neural-Knights/install/articubot_one/share/articubot_one/launch/online_async_launch.py
[0.552s] -- Up-to-date symlink: /home/chemweno/Neural-Knights/install/articubot_one/share/articubot_one/launch/rplidar.launch.py
[0.553s] -- Up-to-date symlink: /home/chemweno/Neural-Knights/install/articubot_one/share/articubot_one/launch/rsp.launch.py
[0.554s] -- Up-to-date symlink: /home/chemweno/Neural-Knights/install/articubot_one/share/articubot_one/worlds/empty.world
[0.555s] -- Up-to-date symlink: /home/chemweno/Neural-Knights/install/articubot_one/share/articubot_one/worlds/world1.world
[0.556s] -- Up-to-date symlink: /home/chemweno/Neural-Knights/install/articubot_one/share/ament_index/resource_index/package_run_dependencies/articubot_one
[0.557s] -- Up-to-date symlink: /home/chemweno/Neural-Knights/install/articubot_one/share/ament_index/resource_index/parent_prefix_path/articubot_one
[0.559s] -- Up-to-date symlink: /home/chemweno/Neural-Knights/install/articubot_one/share/articubot_one/environment/ament_prefix_path.sh
[0.560s] -- Up-to-date symlink: /home/chemweno/Neural-Knights/install/articubot_one/share/articubot_one/environment/ament_prefix_path.dsv
[0.561s] -- Up-to-date symlink: /home/chemweno/Neural-Knights/install/articubot_one/share/articubot_one/environment/path.sh
[0.563s] -- Up-to-date symlink: /home/chemweno/Neural-Knights/install/articubot_one/share/articubot_one/environment/path.dsv
[0.564s] -- Up-to-date symlink: /home/chemweno/Neural-Knights/install/articubot_one/share/articubot_one/local_setup.bash
[0.565s] -- Up-to-date symlink: /home/chemweno/Neural-Knights/install/articubot_one/share/articubot_one/local_setup.sh
[0.567s] -- Up-to-date symlink: /home/chemweno/Neural-Knights/install/articubot_one/share/articubot_one/local_setup.zsh
[0.586s] -- Up-to-date symlink: /home/chemweno/Neural-Knights/install/articubot_one/share/articubot_one/local_setup.dsv
[0.586s] -- Symlinking: /home/chemweno/Neural-Knights/install/articubot_one/share/articubot_one/package.dsv
[0.686s] -- Up-to-date symlink: /home/chemweno/Neural-Knights/install/articubot_one/share/ament_index/resource_index/packages/articubot_one
[0.694s] -- Up-to-date symlink: /home/chemweno/Neural-Knights/install/articubot_one/share/articubot_one/cmake/articubot_oneConfig.cmake
[0.694s] -- Up-to-date symlink: /home/chemweno/Neural-Knights/install/articubot_one/share/articubot_one/cmake/articubot_oneConfig-version.cmake
[0.695s] -- Up-to-date symlink: /home/chemweno/Neural-Knights/install/articubot_one/share/articubot_one/package.xml
[0.699s] Invoked command in '/home/chemweno/Neural-Knights/build/articubot_one' returned '0': CMAKE_PREFIX_PATH=${CMAKE_PREFIX_PATH}:/opt/ros/humble /usr/bin/cmake --install /home/chemweno/Neural-Knights/build/articubot_one
