[0.201s] Invoking command in '/home/chemweno/Neural-Knights/build/gazebo_ros2_control': CMAKE_PREFIX_PATH=${CMAKE_PREFIX_PATH}:/opt/ros/humble /usr/bin/cmake --build /home/chemweno/Neural-Knights/build/gazebo_ros2_control -- -j4 -l4
[1.318s] [ 50%] Built target gazebo_hardware_plugins
[1.405s] [100%] Built target gazebo_ros2_control
[1.577s] Invoked command in '/home/chemweno/Neural-Knights/build/gazebo_ros2_control' returned '0': CMAKE_PREFIX_PATH=${CMAKE_PREFIX_PATH}:/opt/ros/humble /usr/bin/cmake --build /home/chemweno/Neural-Knights/build/gazebo_ros2_control -- -j4 -l4
[1.588s] Invoking command in '/home/chemweno/Neural-Knights/build/gazebo_ros2_control': CMAKE_PREFIX_PATH=${CMAKE_PREFIX_PATH}:/opt/ros/humble /usr/bin/cmake --install /home/chemweno/Neural-Knights/build/gazebo_ros2_control
[1.669s] -- Install configuration: ""
[1.675s] -- Execute custom install script
[1.676s] -- Up-to-date symlink: /home/chemweno/Neural-Knights/install/gazebo_ros2_control/lib/libgazebo_ros2_control.so
[1.676s] -- Up-to-date symlink: /home/chemweno/Neural-Knights/install/gazebo_ros2_control/lib/libgazebo_hardware_plugins.so
[1.679s] -- Up-to-date symlink: /home/chemweno/Neural-Knights/install/gazebo_ros2_control/share/gazebo_ros2_control/environment/library_path.sh
[1.681s] -- Up-to-date symlink: /home/chemweno/Neural-Knights/install/gazebo_ros2_control/share/gazebo_ros2_control/environment/library_path.dsv
[1.685s] -- Up-to-date symlink: /home/chemweno/Neural-Knights/install/gazebo_ros2_control/include/gazebo_ros2_control/gazebo_ros2_control_plugin.hpp
[1.685s] -- Up-to-date symlink: /home/chemweno/Neural-Knights/install/gazebo_ros2_control/include/gazebo_ros2_control/gazebo_system.hpp
[1.686s] -- Up-to-date symlink: /home/chemweno/Neural-Knights/install/gazebo_ros2_control/include/gazebo_ros2_control/gazebo_system_interface.hpp
[1.688s] -- Up-to-date symlink: /home/chemweno/Neural-Knights/install/gazebo_ros2_control/share/gazebo_ros2_control//gazebo_hardware_plugins.xml
[1.689s] -- Up-to-date symlink: /home/chemweno/Neural-Knights/install/gazebo_ros2_control/share/ament_index/resource_index/package_run_dependencies/gazebo_ros2_control
[1.699s] -- Up-to-date symlink: /home/chemweno/Neural-Knights/install/gazebo_ros2_control/share/ament_index/resource_index/parent_prefix_path/gazebo_ros2_control
[1.714s] -- Up-to-date symlink: /home/chemweno/Neural-Knights/install/gazebo_ros2_control/share/gazebo_ros2_control/environment/ament_prefix_path.sh
[1.715s] -- Up-to-date symlink: /home/chemweno/Neural-Knights/install/gazebo_ros2_control/share/gazebo_ros2_control/environment/ament_prefix_path.dsv
[1.716s] -- Up-to-date symlink: /home/chemweno/Neural-Knights/install/gazebo_ros2_control/share/gazebo_ros2_control/environment/path.sh
[1.716s] -- Up-to-date symlink: /home/chemweno/Neural-Knights/install/gazebo_ros2_control/share/gazebo_ros2_control/environment/path.dsv
[1.718s] -- Up-to-date symlink: /home/chemweno/Neural-Knights/install/gazebo_ros2_control/share/gazebo_ros2_control/local_setup.bash
[1.730s] -- Up-to-date symlink: /home/chemweno/Neural-Knights/install/gazebo_ros2_control/share/gazebo_ros2_control/local_setup.sh
[1.731s] -- Up-to-date symlink: /home/chemweno/Neural-Knights/install/gazebo_ros2_control/share/gazebo_ros2_control/local_setup.zsh
[1.731s] -- Up-to-date symlink: /home/chemweno/Neural-Knights/install/gazebo_ros2_control/share/gazebo_ros2_control/local_setup.dsv
[1.732s] -- Symlinking: /home/chemweno/Neural-Knights/install/gazebo_ros2_control/share/gazebo_ros2_control/package.dsv
[1.777s] -- Up-to-date symlink: /home/chemweno/Neural-Knights/install/gazebo_ros2_control/share/ament_index/resource_index/packages/gazebo_ros2_control
[1.778s] -- Up-to-date symlink: /home/chemweno/Neural-Knights/install/gazebo_ros2_control/share/ament_index/resource_index/gazebo_ros2_control__pluginlib__plugin/gazebo_ros2_control
[1.784s] -- Up-to-date symlink: /home/chemweno/Neural-Knights/install/gazebo_ros2_control/share/gazebo_ros2_control/cmake/ament_cmake_export_include_directories-extras.cmake
[1.812s] -- Up-to-date symlink: /home/chemweno/Neural-Knights/install/gazebo_ros2_control/share/gazebo_ros2_control/cmake/ament_cmake_export_dependencies-extras.cmake
[1.813s] -- Up-to-date symlink: /home/chemweno/Neural-Knights/install/gazebo_ros2_control/share/gazebo_ros2_control/cmake/ament_cmake_export_libraries-extras.cmake
[1.813s] -- Up-to-date symlink: /home/chemweno/Neural-Knights/install/gazebo_ros2_control/share/gazebo_ros2_control/cmake/gazebo_ros2_controlConfig.cmake
[1.814s] -- Up-to-date symlink: /home/chemweno/Neural-Knights/install/gazebo_ros2_control/share/gazebo_ros2_control/cmake/gazebo_ros2_controlConfig-version.cmake
[1.815s] -- Up-to-date symlink: /home/chemweno/Neural-Knights/install/gazebo_ros2_control/share/gazebo_ros2_control/package.xml
[2.004s] Invoked command in '/home/chemweno/Neural-Knights/build/gazebo_ros2_control' returned '0': CMAKE_PREFIX_PATH=${CMAKE_PREFIX_PATH}:/opt/ros/humble /usr/bin/cmake --install /home/chemweno/Neural-Knights/build/gazebo_ros2_control
