[0.021s] Invoking command in '/home/neural/Neural-Knights/build/serial': CMAKE_PREFIX_PATH=/opt/ros/humble /usr/bin/cmake --build /home/neural/Neural-Knights/build/serial -- -j4 -l4
[0.121s] [ 14%] Built target gtest_main
[0.127s] [ 42%] Built target serial
[0.134s] [ 57%] Built target gtest
[0.182s] [ 71%] Built target serial-test
[0.188s] [ 85%] Built target serial_example
[0.197s] [100%] Built target serial-test-timer
[0.222s] Invoked command in '/home/neural/Neural-Knights/build/serial' returned '0': CMAKE_PREFIX_PATH=/opt/ros/humble /usr/bin/cmake --build /home/neural/Neural-Knights/build/serial -- -j4 -l4
[0.226s] Invoking command in '/home/neural/Neural-Knights/build/serial': CMAKE_PREFIX_PATH=/opt/ros/humble /usr/bin/cmake --install /home/neural/Neural-Knights/build/serial
[0.236s] -- Install configuration: ""
[0.237s] -- Execute custom install script
[0.237s] -- Up-to-date symlink: /home/neural/Neural-Knights/install/serial/lib/libserial.a
[0.238s] -- Up-to-date symlink: /home/neural/Neural-Knights/install/serial/include/serial/serial.h
[0.238s] -- Up-to-date symlink: /home/neural/Neural-Knights/install/serial/include/serial/v8stdint.h
[0.238s] -- Up-to-date symlink: /home/neural/Neural-Knights/install/serial/share/serial/environment/library_path.sh
[0.238s] -- Up-to-date symlink: /home/neural/Neural-Knights/install/serial/share/serial/environment/library_path.dsv
[0.241s] -- Up-to-date symlink: /home/neural/Neural-Knights/install/serial/share/ament_index/resource_index/package_run_dependencies/serial
[0.241s] -- Up-to-date symlink: /home/neural/Neural-Knights/install/serial/share/ament_index/resource_index/parent_prefix_path/serial
[0.241s] -- Up-to-date symlink: /home/neural/Neural-Knights/install/serial/share/serial/environment/ament_prefix_path.sh
[0.241s] -- Up-to-date symlink: /home/neural/Neural-Knights/install/serial/share/serial/environment/ament_prefix_path.dsv
[0.241s] -- Up-to-date symlink: /home/neural/Neural-Knights/install/serial/share/serial/environment/path.sh
[0.241s] -- Up-to-date symlink: /home/neural/Neural-Knights/install/serial/share/serial/environment/path.dsv
[0.241s] -- Up-to-date symlink: /home/neural/Neural-Knights/install/serial/share/serial/local_setup.bash
[0.242s] -- Up-to-date symlink: /home/neural/Neural-Knights/install/serial/share/serial/local_setup.sh
[0.247s] -- Up-to-date symlink: /home/neural/Neural-Knights/install/serial/share/serial/local_setup.zsh
[0.247s] -- Up-to-date symlink: /home/neural/Neural-Knights/install/serial/share/serial/local_setup.dsv
[0.247s] -- Symlinking: /home/neural/Neural-Knights/install/serial/share/serial/package.dsv
[0.263s] -- Up-to-date symlink: /home/neural/Neural-Knights/install/serial/share/ament_index/resource_index/packages/serial
[0.263s] -- Up-to-date symlink: /home/neural/Neural-Knights/install/serial/share/serial/cmake/ament_cmake_export_include_directories-extras.cmake
[0.263s] -- Up-to-date symlink: /home/neural/Neural-Knights/install/serial/share/serial/cmake/ament_cmake_export_libraries-extras.cmake
[0.264s] -- Up-to-date symlink: /home/neural/Neural-Knights/install/serial/share/serial/cmake/serialConfig.cmake
[0.264s] -- Up-to-date symlink: /home/neural/Neural-Knights/install/serial/share/serial/cmake/serialConfig-version.cmake
[0.264s] -- Up-to-date symlink: /home/neural/Neural-Knights/install/serial/share/serial/package.xml
[0.282s] Invoked command in '/home/neural/Neural-Knights/build/serial' returned '0': CMAKE_PREFIX_PATH=/opt/ros/humble /usr/bin/cmake --install /home/neural/Neural-Knights/build/serial
